2024-11-01 10:06:08,750 [INFO] Activator:176 - 


2024-11-01 10:06:08,762 [INFO] Activator:177 - !SESSION log4j initialized
2024-11-01 10:06:21,426 [INFO] LogOutputStream:77 - [STDOUT_REDIRECT] 
2024-11-01 10:06:23,787 [INFO] ApplicationProperties:184 - Using Application install path: C:\ST\STM32CubeIDE_1.11.0\STM32CubeIDE\plugins\com.st.stm32cube.common.mx_6.11.1.202404110753
2024-11-01 10:06:23,811 [INFO] DbMcusXml:78 - Set database path to: C:\ST\STM32CubeIDE_1.11.0\STM32CubeIDE\plugins\com.st.stm32cube.common.mx_6.11.1.202404110753\\db\/mcu/
2024-11-01 10:06:23,812 [INFO] ApiDb:274 - Set plugin database path to: C:\ST\STM32CubeIDE_1.11.0\STM32CubeIDE\plugins\com.st.stm32cube.common.mx_6.11.1.202404110753\\db\/plugins/boardmanager/
2024-11-01 10:06:23,812 [WARN] ApiDb:259 - Overriding images path with different value:  => C:\ST\STM32CubeIDE_1.11.0\STM32CubeIDE\plugins\com.st.stm32cube.common.mx_6.11.1.202404110753\\db\/plugins/mcufinder/images/
2024-11-01 10:06:23,830 [INFO] ApiDb:250 - Set database path to: C:\Users\julio\.stmcufinder\plugins\mcufinder//mcu/
2024-11-01 10:06:23,832 [INFO] DbMcusAds:125 - Set database path to: C:\Users\julio\.stmcufinder\plugins\mcufinder//mcu/
2024-11-01 10:06:23,835 [INFO] CrossReferenceDbSqlite:203 - Set database path to: C:\Users\julio\.stmcufinder\plugins\mcufinder//mcu/cs/
2024-11-01 10:06:24,024 [INFO] RulesReader:64 - Compatibility file has been processed (297 Rules)
2024-11-01 10:06:24,219 [INFO] DbMcusXml:78 - Set database path to: C:\ST\STM32CubeIDE_1.11.0\STM32CubeIDE\plugins\com.st.stm32cube.common.mx_6.11.1.202404110753\\db\/mcu/
2024-11-01 10:06:24,219 [INFO] ApiDb:274 - Set plugin database path to: C:\ST\STM32CubeIDE_1.11.0\STM32CubeIDE\plugins\com.st.stm32cube.common.mx_6.11.1.202404110753\\db\/plugins/boardmanager/
2024-11-01 10:06:24,220 [INFO] ApiDb:261 - Set plugin images path to: C:\ST\STM32CubeIDE_1.11.0\STM32CubeIDE\plugins\com.st.stm32cube.common.mx_6.11.1.202404110753\\db\/plugins/mcufinder/images/
2024-11-01 10:06:24,220 [WARN] DbFile:41 - Overriding database path with different value: C:\Users\julio\.stmcufinder\plugins\mcufinder/ => C:\Users\julio\.stmcufinder\plugins\mcufinder
2024-11-01 10:06:24,221 [INFO] ApiDb:250 - Set database path to: C:\Users\julio\.stmcufinder\plugins\mcufinder//mcu/
2024-11-01 10:06:24,221 [WARN] DbFile:41 - Overriding database path with different value: C:\Users\julio\.stmcufinder\plugins\mcufinder/ => C:\Users\julio\.stmcufinder\plugins\mcufinder
2024-11-01 10:06:24,221 [INFO] DbMcusAds:125 - Set database path to: C:\Users\julio\.stmcufinder\plugins\mcufinder//mcu/
2024-11-01 10:06:24,221 [WARN] DbFile:41 - Overriding database path with different value: C:\Users\julio\.stmcufinder\plugins\mcufinder/ => C:\Users\julio\.stmcufinder\plugins\mcufinder
2024-11-01 10:06:24,221 [WARN] DbFile:41 - Overriding database path with different value: C:\Users\julio\.stmcufinder\plugins\mcufinder/ => C:\Users\julio\.stmcufinder\plugins\mcufinder
2024-11-01 10:06:24,222 [INFO] CrossReferenceDbSqlite:203 - Set database path to: C:\Users\julio\.stmcufinder\plugins\mcufinder//mcu/cs/
2024-11-01 10:06:24,368 [INFO] MainPanel:264 - HeapMemory: 268435456
2024-11-01 10:06:24,504 [INFO] DbMcusXml:78 - Set database path to: C:\ST\STM32CubeIDE_1.11.0\STM32CubeIDE\plugins\com.st.stm32cube.common.mx_6.11.1.202404110753\\db\/mcu/
2024-11-01 10:06:24,504 [INFO] ApiDb:274 - Set plugin database path to: C:\ST\STM32CubeIDE_1.11.0\STM32CubeIDE\plugins\com.st.stm32cube.common.mx_6.11.1.202404110753\\db\/plugins/boardmanager/
2024-11-01 10:06:24,504 [INFO] ApiDb:261 - Set plugin images path to: C:\ST\STM32CubeIDE_1.11.0\STM32CubeIDE\plugins\com.st.stm32cube.common.mx_6.11.1.202404110753\\db\/plugins/mcufinder/images/
2024-11-01 10:06:24,506 [WARN] DbFile:41 - Overriding database path with different value: C:\Users\julio\.stmcufinder\plugins\mcufinder/ => C:\Users\julio\.stmcufinder\plugins\mcufinder
2024-11-01 10:06:24,506 [INFO] ApiDb:250 - Set database path to: C:\Users\julio\.stmcufinder\plugins\mcufinder//mcu/
2024-11-01 10:06:24,506 [WARN] DbFile:41 - Overriding database path with different value: C:\Users\julio\.stmcufinder\plugins\mcufinder/ => C:\Users\julio\.stmcufinder\plugins\mcufinder
2024-11-01 10:06:24,506 [INFO] DbMcusAds:125 - Set database path to: C:\Users\julio\.stmcufinder\plugins\mcufinder//mcu/
2024-11-01 10:06:24,506 [WARN] DbFile:41 - Overriding database path with different value: C:\Users\julio\.stmcufinder\plugins\mcufinder/ => C:\Users\julio\.stmcufinder\plugins\mcufinder
2024-11-01 10:06:24,507 [WARN] DbFile:41 - Overriding database path with different value: C:\Users\julio\.stmcufinder\plugins\mcufinder/ => C:\Users\julio\.stmcufinder\plugins\mcufinder
2024-11-01 10:06:24,507 [INFO] CrossReferenceDbSqlite:203 - Set database path to: C:\Users\julio\.stmcufinder\plugins\mcufinder//mcu/cs/
2024-11-01 10:06:24,535 [INFO] ApplicationProperties:184 - Using Application install path: C:\ST\STM32CubeIDE_1.11.0\STM32CubeIDE\plugins\com.st.stm32cube.common.mx_6.11.1.202404110753
2024-11-01 10:06:24,537 [INFO] PluginManage:196 - Search for loadable plugins [exclusion list=, ]
2024-11-01 10:06:24,540 [INFO] PluginManage:310 - Check plugin analytics
2024-11-01 10:06:24,847 [INFO] AnalyticsPlugin:253 - Accepted Software Licenses: STM32CubeMX.6.11.1
2024-11-01 10:06:24,847 [INFO] AnalyticsPlugin:255 - Accepted CMSIS Pack Licenses: 
2024-11-01 10:06:24,848 [INFO] AnalyticsPlugin:257 - Accepted Firmware Licenses: FW.F4.1.28.0
2024-11-01 10:06:24,853 [INFO] PluginManage:359 - Loaded plugin analytics (category:tool,tabindex:-1)
2024-11-01 10:06:24,853 [INFO] PluginManage:310 - Check plugin cadmodel
2024-11-01 10:06:24,877 [INFO] CADModel:105 - Init CAD model plugin
2024-11-01 10:06:24,877 [INFO] PluginManage:359 - Loaded plugin cadmodel (category:power,tabindex:5)
2024-11-01 10:06:24,877 [INFO] PluginManage:310 - Check plugin clock
2024-11-01 10:06:24,908 [INFO] PluginManage:359 - Loaded plugin clock (category:base,tabindex:2)
2024-11-01 10:06:24,908 [INFO] PluginManage:310 - Check plugin ddr
2024-11-01 10:06:24,914 [INFO] PluginManage:359 - Loaded plugin ddr (category:tool,tabindex:6)
2024-11-01 10:06:24,914 [INFO] PluginManage:310 - Check plugin filemanager
2024-11-01 10:06:25,194 [INFO] PluginManage:359 - Loaded plugin filemanager (category:base,tabindex:10)
2024-11-01 10:06:25,194 [INFO] PluginManage:310 - Check plugin ipmanager
2024-11-01 10:06:25,209 [INFO] PluginManage:359 - Loaded plugin ipmanager (category:base,tabindex:5)
2024-11-01 10:06:25,209 [INFO] PluginManage:310 - Check plugin lpbam
2024-11-01 10:06:25,247 [INFO] PluginManage:359 - Loaded plugin lpbam (category:base,tabindex:0)
2024-11-01 10:06:25,247 [INFO] PluginManage:310 - Check plugin memorymap
2024-11-01 10:06:25,301 [INFO] PluginManage:359 - Loaded plugin memorymap (category:base,tabindex:4)
2024-11-01 10:06:25,301 [INFO] PluginManage:310 - Check plugin pinoutandconfiguration
2024-11-01 10:06:25,332 [INFO] PluginManage:359 - Loaded plugin pinoutandconfiguration (category:base,tabindex:1)
2024-11-01 10:06:25,332 [INFO] PluginManage:310 - Check plugin pinoutconfig
2024-11-01 10:06:25,561 [WARN] SupportedApi:132 - Cannot load RTOS API schema: s4s-elt-must-match.1: The content of 'definitions' must match (annotation?, (simpleType | complexType)?, (unique | key | keyref)*)). A problem was found starting at: attribute.
2024-11-01 10:06:25,819 [INFO] PluginManage:359 - Loaded plugin pinoutconfig (category:base,tabindex:0)
2024-11-01 10:06:25,819 [INFO] PluginManage:310 - Check plugin power
2024-11-01 10:06:25,855 [INFO] PluginManage:359 - Loaded plugin power (category:power,tabindex:4)
2024-11-01 10:06:25,855 [INFO] PluginManage:310 - Check plugin projectmanager
2024-11-01 10:06:25,885 [INFO] PluginManage:359 - Loaded plugin projectmanager (category:projectmanager,tabindex:3)
2024-11-01 10:06:25,886 [INFO] PluginManage:310 - Check plugin thirdparty
2024-11-01 10:06:26,373 [INFO] PluginManage:359 - Loaded plugin thirdparty (category:base,tabindex:-1)
2024-11-01 10:06:26,373 [WARN] IntegrityCheckThread:84 - waiting for thirdparty lock release [integrity check]
2024-11-01 10:06:26,373 [INFO] PluginManage:310 - Check plugin tools
2024-11-01 10:06:26,373 [INFO] IntegrityCheckThread:86 - entering critical section [integrity check]
2024-11-01 10:06:26,374 [INFO] ThirdPartyUpdaterWithRetryManager:70 - Updater plugin not ready yet. [1/15]
2024-11-01 10:06:26,422 [INFO] PluginManage:359 - Loaded plugin tools (category:base,tabindex:7)
2024-11-01 10:06:26,422 [INFO] PluginManage:310 - Check plugin tutovideos
2024-11-01 10:06:26,705 [INFO] PluginManage:359 - Loaded plugin tutovideos (category:base,tabindex:-1)
2024-11-01 10:06:26,705 [INFO] PluginManage:310 - Check plugin updater
2024-11-01 10:06:26,723 [INFO] PluginManage:359 - Loaded plugin updater (category:base,tabindex:12)
2024-11-01 10:06:26,724 [INFO] PluginManage:310 - Check plugin userauth
2024-11-01 10:06:26,731 [INFO] UserAuth:114 - Init User Auth plugin
2024-11-01 10:06:26,731 [INFO] PluginManage:359 - Loaded plugin userauth (category:base,tabindex:14)
2024-11-01 10:06:26,732 [INFO] PluginManage:283 - PluginManage : Loaded plugins [17]
2024-11-01 10:06:27,111 [INFO] PinOutPanel:1561 - setPackage(No Configuration,No Configuration)
2024-11-01 10:06:27,269 [INFO] CADModel:165 - CPN selected for project level
2024-11-01 10:06:27,270 [INFO] CADModel:114 - Register for checkConnection events
2024-11-01 10:06:27,320 [INFO] IPUIPlugin:80 - create IPUIPlugin
2024-11-01 10:06:27,320 [INFO] PluginManager:220 - loadIPPluginJar : add adc
2024-11-01 10:06:27,394 [INFO] IPUIPlugin:80 - create IPUIPlugin
2024-11-01 10:06:27,395 [INFO] PluginManager:220 - loadIPPluginJar : add aes
2024-11-01 10:06:27,469 [INFO] IPUIPlugin:80 - create IPUIPlugin
2024-11-01 10:06:27,469 [INFO] PluginManager:220 - loadIPPluginJar : add can
2024-11-01 10:06:27,508 [INFO] IPUIPlugin:80 - create IPUIPlugin
2024-11-01 10:06:27,508 [INFO] PluginManager:220 - loadIPPluginJar : add comp
2024-11-01 10:06:27,565 [INFO] IPUIPlugin:80 - create IPUIPlugin
2024-11-01 10:06:27,566 [INFO] PluginManager:220 - loadIPPluginJar : add cryp
2024-11-01 10:06:27,620 [INFO] IPUIPlugin:80 - create IPUIPlugin
2024-11-01 10:06:27,621 [INFO] PluginManager:220 - loadIPPluginJar : add dfsdm
2024-11-01 10:06:27,649 [INFO] IPUIPlugin:80 - create IPUIPlugin
2024-11-01 10:06:27,650 [INFO] PluginManager:220 - loadIPPluginJar : add dma
2024-11-01 10:06:27,726 [INFO] IPUIPlugin:80 - create IPUIPlugin
2024-11-01 10:06:27,726 [INFO] PluginManager:220 - loadIPPluginJar : add dma3
2024-11-01 10:06:27,804 [INFO] IPUIPlugin:80 - create IPUIPlugin
2024-11-01 10:06:27,804 [INFO] PluginManager:220 - loadIPPluginJar : add extmemmanager
2024-11-01 10:06:27,843 [INFO] IPUIPlugin:80 - create IPUIPlugin
2024-11-01 10:06:27,843 [INFO] PluginManager:220 - loadIPPluginJar : add fatfs
2024-11-01 10:06:27,938 [INFO] IPUIPlugin:80 - create IPUIPlugin
2024-11-01 10:06:27,938 [INFO] PluginManager:220 - loadIPPluginJar : add fmc
2024-11-01 10:06:27,970 [INFO] IPUIPlugin:80 - create IPUIPlugin
2024-11-01 10:06:27,971 [INFO] PluginManager:220 - loadIPPluginJar : add freertos
2024-11-01 10:06:28,016 [INFO] IPUIPlugin:80 - create IPUIPlugin
2024-11-01 10:06:28,016 [INFO] PluginManager:220 - loadIPPluginJar : add genericplugin
2024-11-01 10:06:28,213 [INFO] IPUIPlugin:80 - create IPUIPlugin
2024-11-01 10:06:28,213 [INFO] PluginManager:220 - loadIPPluginJar : add gfxmmu
2024-11-01 10:06:28,490 [INFO] IPUIPlugin:80 - create IPUIPlugin
2024-11-01 10:06:28,490 [INFO] PluginManager:220 - loadIPPluginJar : add gic
2024-11-01 10:06:28,516 [INFO] IPUIPlugin:80 - create IPUIPlugin
2024-11-01 10:06:28,517 [INFO] PluginManager:220 - loadIPPluginJar : add gpio
2024-11-01 10:06:28,721 [INFO] IPUIPlugin:80 - create IPUIPlugin
2024-11-01 10:06:28,721 [INFO] PluginManager:220 - loadIPPluginJar : add gtzc
2024-11-01 10:06:28,786 [INFO] IPUIPlugin:80 - create IPUIPlugin
2024-11-01 10:06:28,786 [INFO] PluginManager:220 - loadIPPluginJar : add hash
2024-11-01 10:06:28,915 [INFO] IPUIPlugin:80 - create IPUIPlugin
2024-11-01 10:06:28,916 [INFO] PluginManager:220 - loadIPPluginJar : add i2c
2024-11-01 10:06:28,995 [INFO] IPUIPlugin:80 - create IPUIPlugin
2024-11-01 10:06:28,996 [INFO] PluginManager:220 - loadIPPluginJar : add i2s
2024-11-01 10:06:29,056 [INFO] IPUIPlugin:80 - create IPUIPlugin
2024-11-01 10:06:29,056 [INFO] PluginManager:220 - loadIPPluginJar : add i3c
2024-11-01 10:06:29,203 [INFO] IPUIPlugin:80 - create IPUIPlugin
2024-11-01 10:06:29,204 [INFO] PluginManager:220 - loadIPPluginJar : add ipddr
2024-11-01 10:06:29,370 [INFO] IPUIPlugin:80 - create IPUIPlugin
2024-11-01 10:06:29,370 [INFO] PluginManager:220 - loadIPPluginJar : add linkedlist
2024-11-01 10:06:29,376 [INFO] ThirdPartyUpdaterWithRetryManager:70 - Updater plugin not ready yet. [2/15]
2024-11-01 10:06:29,469 [INFO] IPUIPlugin:80 - create IPUIPlugin
2024-11-01 10:06:29,470 [INFO] PluginManager:220 - loadIPPluginJar : add lorawan
2024-11-01 10:06:29,545 [INFO] IPUIPlugin:80 - create IPUIPlugin
2024-11-01 10:06:29,546 [INFO] PluginManager:220 - loadIPPluginJar : add ltdc
2024-11-01 10:06:29,573 [INFO] IPUIPlugin:80 - create IPUIPlugin
2024-11-01 10:06:29,574 [INFO] PluginManager:220 - loadIPPluginJar : add mdma
2024-11-01 10:06:29,599 [INFO] IPUIPlugin:80 - create IPUIPlugin
2024-11-01 10:06:29,600 [INFO] PluginManager:220 - loadIPPluginJar : add nvic
2024-11-01 10:06:29,672 [INFO] IPUIPlugin:80 - create IPUIPlugin
2024-11-01 10:06:29,672 [INFO] PluginManager:220 - loadIPPluginJar : add opamp
2024-11-01 10:06:29,765 [INFO] IPUIPlugin:80 - create IPUIPlugin
2024-11-01 10:06:29,765 [INFO] PluginManager:220 - loadIPPluginJar : add openamp
2024-11-01 10:06:29,816 [INFO] IPUIPlugin:80 - create IPUIPlugin
2024-11-01 10:06:29,817 [INFO] PluginManager:220 - loadIPPluginJar : add pdm2pcm
2024-11-01 10:06:29,834 [INFO] IPUIPlugin:80 - create IPUIPlugin
2024-11-01 10:06:29,837 [INFO] PluginManager:220 - loadIPPluginJar : add plateformsettings
2024-11-01 10:06:29,862 [INFO] IPUIPlugin:80 - create IPUIPlugin
2024-11-01 10:06:29,862 [INFO] PluginManager:220 - loadIPPluginJar : add quadspi
2024-11-01 10:06:29,877 [INFO] IPUIPlugin:80 - create IPUIPlugin
2024-11-01 10:06:29,877 [INFO] PluginManager:220 - loadIPPluginJar : add resmgrutility
2024-11-01 10:06:29,936 [INFO] IPUIPlugin:80 - create IPUIPlugin
2024-11-01 10:06:29,937 [INFO] PluginManager:220 - loadIPPluginJar : add sai
2024-11-01 10:06:29,979 [INFO] IPUIPlugin:80 - create IPUIPlugin
2024-11-01 10:06:29,979 [INFO] PluginManager:220 - loadIPPluginJar : add spi
2024-11-01 10:06:30,068 [INFO] IPUIPlugin:80 - create IPUIPlugin
2024-11-01 10:06:30,068 [INFO] PluginManager:220 - loadIPPluginJar : add stm32_wpan
2024-11-01 10:06:30,106 [INFO] IPUIPlugin:80 - create IPUIPlugin
2024-11-01 10:06:30,106 [INFO] PluginManager:220 - loadIPPluginJar : add tim
2024-11-01 10:06:30,180 [INFO] IPUIPlugin:80 - create IPUIPlugin
2024-11-01 10:06:30,180 [INFO] PluginManager:220 - loadIPPluginJar : add touchsensing
2024-11-01 10:06:30,206 [INFO] IPUIPlugin:80 - create IPUIPlugin
2024-11-01 10:06:30,206 [INFO] PluginManager:220 - loadIPPluginJar : add tracer_emb
2024-11-01 10:06:30,233 [INFO] IPUIPlugin:80 - create IPUIPlugin
2024-11-01 10:06:30,233 [INFO] PluginManager:220 - loadIPPluginJar : add ts
2024-11-01 10:06:30,260 [INFO] IPUIPlugin:80 - create IPUIPlugin
2024-11-01 10:06:30,260 [INFO] PluginManager:220 - loadIPPluginJar : add tsc
2024-11-01 10:06:30,288 [INFO] IPUIPlugin:80 - create IPUIPlugin
2024-11-01 10:06:30,288 [INFO] PluginManager:220 - loadIPPluginJar : add ucpd
2024-11-01 10:06:30,345 [INFO] IPUIPlugin:80 - create IPUIPlugin
2024-11-01 10:06:30,345 [INFO] PluginManager:220 - loadIPPluginJar : add usart
2024-11-01 10:06:30,404 [INFO] IPUIPlugin:80 - create IPUIPlugin
2024-11-01 10:06:30,404 [INFO] PluginManager:220 - loadIPPluginJar : add usbx
2024-11-01 10:06:30,562 [INFO] CADModel:165 - CPN selected for project level
2024-11-01 10:06:30,562 [INFO] CADModel:114 - Register for checkConnection events
2024-11-01 10:06:30,562 [FATAL] Updater:308 - Updater called before beeing initialized
2024-11-01 10:06:30,562 [ERROR] CADModel:125 - Updater not yet initialized, retry later 
2024-11-01 10:06:30,786 [INFO] CADModel:165 - CPN selected for project level
2024-11-01 10:06:30,786 [INFO] CADModel:114 - Register for checkConnection events
2024-11-01 10:06:30,786 [FATAL] Updater:308 - Updater called before beeing initialized
2024-11-01 10:06:30,786 [ERROR] CADModel:125 - Updater not yet initialized, retry later 
2024-11-01 10:06:30,790 [FATAL] Updater:308 - Updater called before beeing initialized
2024-11-01 10:06:30,963 [FATAL] Updater:308 - Updater called before beeing initialized
2024-11-01 10:06:30,981 [INFO] DbMcusAds:53 - JSON generation date=Thu May 16 03:22:00 CST 2024 (1715851320667)
2024-11-01 10:06:30,981 [FATAL] Updater:308 - Updater called before beeing initialized
2024-11-01 10:06:31,047 [WARN] DetailPanel:346 - Failed to get advertising image, set to default
2024-11-01 10:06:31,204 [FATAL] Updater:308 - Updater called before beeing initialized
2024-11-01 10:06:31,207 [FATAL] Updater:308 - Updater called before beeing initialized
2024-11-01 10:06:31,207 [FATAL] Updater:308 - Updater called before beeing initialized
2024-11-01 10:06:31,207 [WARN] DetailPanel:346 - Failed to get advertising image, set to default
2024-11-01 10:06:31,208 [FATAL] Updater:308 - Updater called before beeing initialized
2024-11-01 10:06:31,373 [ERROR] Updater:1120 - MainUpdater not yet initialized. External WinMGr cannot be set.
2024-11-01 10:06:31,392 [INFO] Updater:1056 - Updater Version found : 6.11.1
2024-11-01 10:06:31,417 [INFO] ApplicationProperties:184 - Using Application install path: C:\ST\STM32CubeIDE_1.11.0\STM32CubeIDE\plugins\com.st.stm32cube.common.mx_6.11.1.202404110753
2024-11-01 10:06:32,379 [INFO] ThirdPartyUpdaterWithRetryManager:70 - Updater plugin not ready yet. [3/15]
2024-11-01 10:06:33,020 [ERROR] LogOutputStream:75 - [STDERR_REDIRECT] Nov 01, 2024 10:06:33 AM java.util.prefs.WindowsPreferences <init>
2024-11-01 10:06:33,023 [ERROR] LogOutputStream:75 - [STDERR_REDIRECT] WARNING: Could not open/create prefs root node Software\JavaSoft\Prefs at root 0xffffffff80000002. Windows RegCreateKeyEx(...) returned error code 5.
2024-11-01 10:06:33,023 [ERROR] LogOutputStream:75 - [STDERR_REDIRECT] 
2024-11-01 10:06:33,592 [INFO] MainUpdater:2873 - connection check result : 10
2024-11-01 10:06:33,592 [INFO] MainUpdater:290 - Updater Check For Update Now.
2024-11-01 10:06:33,593 [INFO] MicroXplorer:498 - Change Database Version : DB.6.0.111
2024-11-01 10:06:33,619 [INFO] McuFinderGlobals:63 - Set McuFinder mode to 2 (CubeIDE integrated)
2024-11-01 10:06:33,643 [INFO] UserAuth:415 - Internet connection configuration mode: 1
2024-11-01 10:06:33,691 [INFO] JxBrowserEngine:152 - Initiate JxBrowser Engine with user profile folder
2024-11-01 10:06:34,000 [INFO] CheckServerUpdateThread:120 - End of CheckServer Thread
2024-11-01 10:06:35,744 [WARN] PackLoader:240 - Cannot read IP mode file for STMicroelectronics.FP-SNS-MOTENVWB1.1.4.0
2024-11-01 10:06:35,773 [WARN] PackLoader:240 - Cannot read IP mode file for STMicroelectronics.X-CUBE-SMBUS.2.1.0
2024-11-01 10:06:35,802 [WARN] PackLoader:240 - Cannot read IP mode file for STMicroelectronics.X-CUBE-WB05N.1.1.0
2024-11-01 10:06:35,828 [WARN] PackLoader:240 - Cannot read IP mode file for STMicroelectronics.X-CUBE-TOUCHGFX.4.23.2
2024-11-01 10:06:35,916 [WARN] PackLoader:240 - Cannot read IP mode file for STMicroelectronics.X-CUBE-AZRTOS-F7.1.1.0
2024-11-01 10:06:35,958 [WARN] PackLoader:240 - Cannot read IP mode file for STMicroelectronics.FP-SNS-MOTENV1.4.3.2
2024-11-01 10:06:36,125 [WARN] PackLoader:240 - Cannot read IP mode file for STMicroelectronics.X-CUBE-MEMS1.11.0.0
2024-11-01 10:06:36,508 [WARN] PackLoader:240 - Cannot read IP mode file for STMicroelectronics.X-CUBE-BLE1.6.2.4
2024-11-01 10:06:36,532 [WARN] PackLoader:240 - Cannot read IP mode file for STMicroelectronics.FP-SNS-FLIGHT1.5.0.2
2024-11-01 10:06:36,562 [WARN] PackLoader:240 - Cannot read IP mode file for STMicroelectronics.X-CUBE-DISPLAY.3.0.0
2024-11-01 10:06:36,589 [WARN] PackLoader:240 - Cannot read IP mode file for STMicroelectronics.X-CUBE-BLE1.7.0.0
2024-11-01 10:06:36,614 [WARN] PackLoader:240 - Cannot read IP mode file for STMicroelectronics.X-CUBE-NFC10.1.0.0
2024-11-01 10:06:36,645 [WARN] PackLoader:240 - Cannot read IP mode file for STMicroelectronics.X-CUBE-TOUCHGFX.4.22.0
2024-11-01 10:06:36,671 [WARN] PackLoader:240 - Cannot read IP mode file for STMicroelectronics.X-CUBE-TOUCHGFX.4.22.1
2024-11-01 10:06:36,711 [WARN] PackLoader:240 - Cannot read IP mode file for STMicroelectronics.X-CUBE-BLEMGR.3.1.0
2024-11-01 10:06:36,745 [WARN] PackLoader:240 - Cannot read IP mode file for STMicroelectronics.FP-SNS-SMARTAG2.1.2.0
2024-11-01 10:06:36,788 [INFO] LogOutputStream:77 - [STDOUT_REDIRECT] 1 : Invalid condition id : UX_CORESTACK_Condition cause : null
2024-11-01 10:06:36,789 [INFO] LogOutputStream:77 - [STDOUT_REDIRECT] 1 : Invalid condition id : UX_CORESTACK_Condition cause : null
2024-11-01 10:06:36,792 [INFO] LogOutputStream:77 - [STDOUT_REDIRECT] 1 : Invalid condition id : UX_CORESTACK_Condition cause : null
2024-11-01 10:06:36,794 [INFO] LogOutputStream:77 - [STDOUT_REDIRECT] 1 : Invalid condition id : UX_CORESTACK_Condition cause : null
2024-11-01 10:06:36,797 [INFO] LogOutputStream:77 - [STDOUT_REDIRECT] 1 : Invalid condition id : UX_CORESTACK_Condition cause : null
2024-11-01 10:06:36,805 [WARN] PackLoader:240 - Cannot read IP mode file for STMicroelectronics.X-CUBE-AZRTOS-WL.2.0.0
2024-11-01 10:06:36,832 [WARN] PackLoader:240 - Cannot read IP mode file for STMicroelectronics.FP-SNS-MOTENV1.5.0.0
2024-11-01 10:06:36,871 [WARN] PackLoader:240 - Cannot read IP mode file for wolfSSL.I-CUBE-wolfMQTT.1.19.0
2024-11-01 10:06:36,905 [WARN] PackLoader:240 - Cannot read IP mode file for WES.I-CUBE-Cesium.1.3.0
2024-11-01 10:06:36,936 [WARN] PackLoader:240 - Cannot read IP mode file for STMicroelectronics.X-CUBE-BLE2.3.3.0
2024-11-01 10:06:36,966 [WARN] PackLoader:240 - Cannot read IP mode file for STMicroelectronics.X-CUBE-DISPLAY.2.2.0
2024-11-01 10:06:37,019 [WARN] PackLoader:240 - Cannot read IP mode file for STMicroelectronics.X-CUBE-TOF1.3.2.0
2024-11-01 10:06:37,071 [WARN] PackLoader:240 - Cannot read IP mode file for STMicroelectronics.X-CUBE-NFC9.1.0.0
2024-11-01 10:06:37,119 [WARN] PackLoader:240 - Cannot read IP mode file for STMicroelectronics.X-CUBE-TCPP.4.1.0
2024-11-01 10:06:37,153 [WARN] PackLoader:240 - Cannot read IP mode file for STMicroelectronics.X-CUBE-TOUCHGFX.4.21.1
2024-11-01 10:06:37,180 [WARN] PackLoader:240 - Cannot read IP mode file for STMicroelectronics.X-CUBE-TOUCHGFX.4.21.3
2024-11-01 10:06:37,302 [WARN] PackLoader:240 - Cannot read IP mode file for STMicroelectronics.X-CUBE-MEMS1.9.4.0
2024-11-01 10:06:37,565 [WARN] PackLoader:240 - Cannot read IP mode file for STMicroelectronics.X-CUBE-AI.7.3.0
2024-11-01 10:06:37,593 [WARN] PackLoader:240 - Cannot read IP mode file for STMicroelectronics.X-CUBE-ALGOBUILD.1.3.0
2024-11-01 10:06:37,644 [WARN] PackLoader:240 - Cannot read IP mode file for STMicroelectronics.X-CUBE-AZRTOS-G0.1.1.0
2024-11-01 10:06:37,674 [WARN] PackLoader:240 - Cannot read IP mode file for STMicroelectronics.X-CUBE-SAFEA1.1.2.2
2024-11-01 10:06:37,703 [WARN] PackLoader:240 - Cannot read IP mode file for STMicroelectronics.X-CUBE-NFC4.3.0.0
2024-11-01 10:06:37,733 [WARN] PackLoader:240 - Cannot read IP mode file for EmbeddedOffice.I-CUBE-FS-RTOS.1.0.1
2024-11-01 10:06:37,734 [ERROR] ConditionMgr:805 - Attr not supported : Dmpu
2024-11-01 10:06:37,734 [ERROR] ConditionMgr:805 - Attr not supported : Dmpu
2024-11-01 10:06:37,734 [ERROR] ConditionMgr:805 - Attr not supported : Dmpu
2024-11-01 10:06:37,734 [ERROR] ConditionMgr:805 - Attr not supported : Dmpu
2024-11-01 10:06:37,734 [ERROR] ConditionMgr:805 - Attr not supported : Dmpu
2024-11-01 10:06:37,734 [ERROR] ConditionMgr:805 - Attr not supported : Dmpu
2024-11-01 10:06:37,735 [ERROR] ConditionMgr:805 - Attr not supported : Dmpu
2024-11-01 10:06:37,735 [ERROR] ConditionMgr:805 - Attr not supported : Dmpu
2024-11-01 10:06:37,735 [ERROR] ConditionMgr:805 - Attr not supported : Dmpu
2024-11-01 10:06:37,735 [ERROR] ConditionMgr:805 - Attr not supported : Dmpu
2024-11-01 10:06:37,735 [ERROR] ConditionMgr:805 - Attr not supported : Dmpu
2024-11-01 10:06:37,735 [ERROR] ConditionMgr:805 - Attr not supported : Dmpu
2024-11-01 10:06:37,736 [ERROR] ConditionMgr:805 - Attr not supported : Dmpu
2024-11-01 10:06:37,736 [ERROR] ConditionMgr:805 - Attr not supported : Dmpu
2024-11-01 10:06:37,736 [ERROR] ConditionMgr:805 - Attr not supported : Dmpu
2024-11-01 10:06:37,736 [ERROR] ConditionMgr:805 - Attr not supported : Dmpu
2024-11-01 10:06:37,736 [ERROR] ConditionMgr:805 - Attr not supported : Dmpu
2024-11-01 10:06:37,736 [ERROR] ConditionMgr:805 - Attr not supported : Dmpu
2024-11-01 10:06:37,736 [ERROR] ConditionMgr:805 - Attr not supported : Dmpu
2024-11-01 10:06:37,737 [ERROR] ConditionMgr:805 - Attr not supported : Dmpu
2024-11-01 10:06:37,737 [ERROR] ConditionMgr:805 - Attr not supported : Dmpu
2024-11-01 10:06:37,737 [ERROR] ConditionMgr:805 - Attr not supported : Dmpu
2024-11-01 10:06:37,737 [ERROR] ConditionMgr:805 - Attr not supported : Dmpu
2024-11-01 10:06:37,737 [ERROR] ConditionMgr:805 - Attr not supported : Dmpu
2024-11-01 10:06:37,737 [ERROR] ConditionMgr:805 - Attr not supported : Dmpu
2024-11-01 10:06:37,737 [ERROR] ConditionMgr:805 - Attr not supported : Dmpu
2024-11-01 10:06:37,738 [ERROR] ConditionMgr:805 - Attr not supported : Dmpu
2024-11-01 10:06:37,738 [ERROR] ConditionMgr:805 - Attr not supported : Dmpu
2024-11-01 10:06:37,738 [ERROR] ConditionMgr:805 - Attr not supported : Dmpu
2024-11-01 10:06:37,738 [ERROR] ConditionMgr:805 - Attr not supported : Dmpu
2024-11-01 10:06:37,738 [ERROR] ConditionMgr:805 - Attr not supported : Dmpu
2024-11-01 10:06:37,738 [ERROR] ConditionMgr:805 - Attr not supported : Dmpu
2024-11-01 10:06:37,738 [ERROR] ConditionMgr:805 - Attr not supported : Dmpu
2024-11-01 10:06:37,739 [ERROR] ConditionMgr:805 - Attr not supported : Dmpu
2024-11-01 10:06:37,739 [ERROR] ConditionMgr:805 - Attr not supported : Dmpu
2024-11-01 10:06:37,739 [ERROR] ConditionMgr:805 - Attr not supported : Dmpu
2024-11-01 10:06:37,739 [ERROR] ConditionMgr:805 - Attr not supported : Dmpu
2024-11-01 10:06:37,739 [ERROR] ConditionMgr:805 - Attr not supported : Dmpu
2024-11-01 10:06:37,739 [ERROR] ConditionMgr:805 - Attr not supported : Dmpu
2024-11-01 10:06:37,739 [ERROR] ConditionMgr:805 - Attr not supported : Dmpu
2024-11-01 10:06:37,740 [ERROR] ConditionMgr:805 - Attr not supported : Dmpu
2024-11-01 10:06:37,740 [ERROR] ConditionMgr:805 - Attr not supported : Dmpu
2024-11-01 10:06:37,740 [ERROR] ConditionMgr:805 - Attr not supported : Dmpu
2024-11-01 10:06:37,740 [ERROR] ConditionMgr:805 - Attr not supported : Dmpu
2024-11-01 10:06:37,740 [ERROR] ConditionMgr:805 - Attr not supported : Dmpu
2024-11-01 10:06:37,740 [ERROR] ConditionMgr:805 - Attr not supported : Dmpu
2024-11-01 10:06:37,741 [ERROR] ConditionMgr:805 - Attr not supported : Dmpu
2024-11-01 10:06:37,741 [ERROR] ConditionMgr:805 - Attr not supported : Dmpu
2024-11-01 10:06:37,741 [ERROR] ConditionMgr:805 - Attr not supported : Dmpu
2024-11-01 10:06:37,741 [ERROR] ConditionMgr:805 - Attr not supported : Dmpu
2024-11-01 10:06:37,741 [ERROR] ConditionMgr:805 - Attr not supported : Dmpu
2024-11-01 10:06:37,741 [ERROR] ConditionMgr:805 - Attr not supported : Dmpu
2024-11-01 10:06:37,741 [ERROR] ConditionMgr:805 - Attr not supported : Dmpu
2024-11-01 10:06:37,741 [ERROR] ConditionMgr:805 - Attr not supported : Dmpu
2024-11-01 10:06:37,741 [ERROR] ConditionMgr:805 - Attr not supported : Dmpu
2024-11-01 10:06:37,742 [ERROR] ConditionMgr:805 - Attr not supported : Dmpu
2024-11-01 10:06:37,742 [ERROR] ConditionMgr:805 - Attr not supported : Dmpu
2024-11-01 10:06:37,742 [ERROR] ConditionMgr:805 - Attr not supported : Dmpu
2024-11-01 10:06:37,742 [ERROR] ConditionMgr:805 - Attr not supported : Dmpu
2024-11-01 10:06:37,742 [ERROR] ConditionMgr:805 - Attr not supported : Dmpu
2024-11-01 10:06:37,742 [ERROR] ConditionMgr:805 - Attr not supported : Dmpu
2024-11-01 10:06:37,742 [ERROR] ConditionMgr:805 - Attr not supported : Dmpu
2024-11-01 10:06:37,742 [ERROR] ConditionMgr:805 - Attr not supported : Dmpu
2024-11-01 10:06:37,742 [ERROR] ConditionMgr:805 - Attr not supported : Dmpu
2024-11-01 10:06:37,763 [WARN] PackLoader:240 - Cannot read IP mode file for STMicroelectronics.X-CUBE-BLEMGR.1.3.0
2024-11-01 10:06:37,792 [WARN] PackLoader:240 - Cannot read IP mode file for RealThread.X-CUBE-RT-Thread_Nano.4.1.1
2024-11-01 10:06:37,810 [WARN] PackLoader:240 - Cannot read IP mode file for STMicroelectronics.FP-ATR-SIGFOX1.3.2.0
2024-11-01 10:06:37,833 [WARN] PackLoader:240 - Cannot read IP mode file for STMicroelectronics.X-CUBE-EEPRMA1.5.1.0
2024-11-01 10:06:37,957 [WARN] PackLoader:240 - Cannot read IP mode file for STMicroelectronics.X-CUBE-MEMS1.9.5.0
2024-11-01 10:06:38,389 [WARN] PackLoader:240 - Cannot read IP mode file for SEGGER.I-CUBE-embOS.1.3.1
2024-11-01 10:06:38,492 [WARN] PackLoader:240 - Cannot read IP mode file for STMicroelectronics.X-CUBE-ALGOBUILD.1.4.0
2024-11-01 10:06:38,584 [WARN] PackLoader:240 - Cannot read IP mode file for SEGGER.I-CUBE-embOS.1.3.0
2024-11-01 10:06:38,686 [WARN] PackLoader:240 - Cannot read IP mode file for STMicroelectronics.X-CUBE-AI.9.1.0
2024-11-01 10:06:38,717 [WARN] PackLoader:240 - Cannot read IP mode file for STMicroelectronics.X-CUBE-GNSS1.6.0.0
2024-11-01 10:06:38,774 [WARN] PackLoader:240 - Cannot read IP mode file for STMicroelectronics.X-CUBE-AZRTOS-F4.1.1.0
2024-11-01 10:06:38,803 [WARN] PackLoader:240 - Cannot read IP mode file for STMicroelectronics.X-CUBE-ISPU.2.1.0
2024-11-01 10:06:38,825 [WARN] PackLoader:240 - Cannot read IP mode file for STMicroelectronics.X-CUBE-FREERTOS.1.2.0
2024-11-01 10:06:38,883 [WARN] PackLoader:240 - Cannot read IP mode file for STMicroelectronics.X-CUBE-AZRTOS-L5.2.0.0
2024-11-01 10:06:39,033 [WARN] PackLoader:240 - Cannot read IP mode file for STMicroelectronics.X-CUBE-MEMS1.9.6.0
2024-11-01 10:06:39,362 [WARN] PackLoader:240 - Cannot read IP mode file for STMicroelectronics.X-CUBE-EEPRMA1.4.2.0
2024-11-01 10:06:39,399 [WARN] PackLoader:240 - Cannot read IP mode file for STMicroelectronics.X-CUBE-NFC6.3.1.0
2024-11-01 10:06:39,431 [WARN] PackLoader:240 - Cannot read IP mode file for ITTIA_DB.I-CUBE-ITTIADB.8.8.0
2024-11-01 10:06:39,456 [WARN] PackLoader:240 - Cannot read IP mode file for emotas.I-CUBE-CANOPEN.1.1.3
2024-11-01 10:06:39,484 [WARN] PackLoader:240 - Cannot read IP mode file for STMicroelectronics.X-CUBE-BLEMGR.2.0.0
2024-11-01 10:06:39,511 [WARN] PackLoader:240 - Cannot read IP mode file for STMicroelectronics.X-CUBE-DPower.1.2.0
2024-11-01 10:06:39,535 [WARN] PackLoader:240 - Cannot read IP mode file for STMicroelectronics.X-CUBE-AI.9.0.0
2024-11-01 10:06:39,594 [WARN] ConditionMgr:438 - getConditionDescription Invalid condition id : UX DEVICE CLASS RTOS Condition cause : null
2024-11-01 10:06:39,594 [WARN] ConditionMgr:438 - getConditionDescription Invalid condition id : UX DEVICE CLASS RTOS Condition cause : null
2024-11-01 10:06:39,603 [WARN] PackLoader:240 - Cannot read IP mode file for STMicroelectronics.X-CUBE-AZRTOS-H7.3.1.0
2024-11-01 10:06:39,605 [WARN] ConditionMgr:1039 - genDependencies : Invalid condition id : UX DEVICE CLASS RTOS Condition cause : null
2024-11-01 10:06:39,605 [WARN] ConditionMgr:1039 - genDependencies : Invalid condition id : UX DEVICE CLASS RTOS Condition cause : null
2024-11-01 10:06:39,606 [WARN] ConditionMgr:1039 - genDependencies : Invalid condition id : UX DEVICE CLASS RTOS Condition cause : null
2024-11-01 10:06:39,607 [WARN] ConditionMgr:1039 - genDependencies : Invalid condition id : UX DEVICE CLASS RTOS Condition cause : null
2024-11-01 10:06:39,607 [WARN] ConditionMgr:1039 - genDependencies : Invalid condition id : UX DEVICE CLASS RTOS Condition cause : null
2024-11-01 10:06:39,628 [WARN] PackLoader:240 - Cannot read IP mode file for wolfSSL.I-CUBE-wolfSSL.5.5.4
2024-11-01 10:06:39,656 [WARN] PackLoader:240 - Cannot read IP mode file for STMicroelectronics.X-CUBE-NFC7.1.0.1
2024-11-01 10:06:39,685 [WARN] PackLoader:240 - Cannot read IP mode file for STMicroelectronics.X-CUBE-NFC7.1.0.0
2024-11-01 10:06:39,716 [WARN] PackLoader:240 - Cannot read IP mode file for wolfSSL.I-CUBE-wolfTPM.3.2.0
2024-11-01 10:06:39,751 [WARN] PackLoader:240 - Cannot read IP mode file for STMicroelectronics.X-CUBE-NFC6.3.0.0
2024-11-01 10:06:39,787 [WARN] PackLoader:240 - Cannot read IP mode file for STMicroelectronics.X-CUBE-EEPRMA1.4.1.0
2024-11-01 10:06:39,814 [WARN] PackLoader:240 - Cannot read IP mode file for STMicroelectronics.X-CUBE-AI.8.1.0
2024-11-01 10:06:39,890 [WARN] ConditionMgr:438 - getConditionDescription Invalid condition id : LAN8742 Phy interface Condition cause : null
2024-11-01 10:06:39,892 [WARN] PackLoader:240 - Cannot read IP mode file for STMicroelectronics.X-CUBE-AZRTOS-L4.2.0.0
2024-11-01 10:06:39,894 [WARN] ConditionMgr:1039 - genDependencies : Invalid condition id : LAN8742 Phy interface Condition cause : null
2024-11-01 10:06:39,894 [WARN] ConditionMgr:1039 - genDependencies : Invalid condition id : LAN8742 Phy interface Condition cause : null
2024-11-01 10:06:39,895 [WARN] ConditionMgr:1039 - genDependencies : Invalid condition id : LAN8742 Phy interface Condition cause : null
2024-11-01 10:06:39,925 [WARN] PackLoader:240 - Cannot read IP mode file for STMicroelectronics.X-CUBE-SFXS2LP1.4.0.0
2024-11-01 10:06:39,983 [WARN] PackLoader:240 - Cannot read IP mode file for STMicroelectronics.X-CUBE-AZRTOS-H7.3.0.0
2024-11-01 10:06:40,008 [WARN] PackLoader:240 - Cannot read IP mode file for STMicroelectronics.X-CUBE-ISPU.1.1.0
2024-11-01 10:06:40,076 [WARN] PackLoader:240 - Cannot read IP mode file for STMicroelectronics.X-CUBE-AZRTOS-H7.3.3.0
2024-11-01 10:06:40,113 [WARN] PackLoader:240 - Cannot read IP mode file for RoweBots.I-CUBE-UNISONRTOS.5.5.0-4
2024-11-01 10:06:40,132 [WARN] PackLoader:240 - Cannot read IP mode file for STMicroelectronics.X-CUBE-AI.8.0.0
2024-11-01 10:06:40,157 [WARN] PackLoader:240 - Cannot read IP mode file for STMicroelectronics.X-CUBE-IPS.3.0.0
2024-11-01 10:06:40,198 [WARN] ConditionMgr:438 - getConditionDescription Invalid condition id : UX DEVICE CLASS RTOS Condition cause : null
2024-11-01 10:06:40,199 [WARN] ConditionMgr:438 - getConditionDescription Invalid condition id : UX DEVICE CLASS RTOS Condition cause : null
2024-11-01 10:06:40,203 [WARN] PackLoader:240 - Cannot read IP mode file for STMicroelectronics.X-CUBE-AZRTOS-WB.2.0.0
2024-11-01 10:06:40,204 [WARN] ConditionMgr:1039 - genDependencies : Invalid condition id : UX DEVICE CLASS RTOS Condition cause : null
2024-11-01 10:06:40,204 [WARN] ConditionMgr:1039 - genDependencies : Invalid condition id : UX DEVICE CLASS RTOS Condition cause : null
2024-11-01 10:06:40,205 [WARN] ConditionMgr:1039 - genDependencies : Invalid condition id : UX DEVICE CLASS RTOS Condition cause : null
2024-11-01 10:06:40,205 [WARN] ConditionMgr:1039 - genDependencies : Invalid condition id : UX DEVICE CLASS RTOS Condition cause : null
2024-11-01 10:06:40,206 [WARN] ConditionMgr:1039 - genDependencies : Invalid condition id : UX DEVICE CLASS RTOS Condition cause : null
2024-11-01 10:06:40,224 [WARN] PackLoader:240 - Cannot read IP mode file for STMicroelectronics.X-CUBE-FREERTOS.1.0.1
2024-11-01 10:06:40,251 [WARN] PackLoader:240 - Cannot read IP mode file for STMicroelectronics.X-CUBE-GNSS1.7.0.0
2024-11-01 10:06:40,276 [WARN] PackLoader:240 - Cannot read IP mode file for STMicroelectronics.FP-SNS-STBOX1.2.0.0
2024-11-01 10:06:40,312 [WARN] PackLoader:240 - Cannot read IP mode file for STMicroelectronics.X-CUBE-AZRTOS-L5.1.1.0
2024-11-01 10:06:40,346 [WARN] PackLoader:240 - Cannot read IP mode file for STMicroelectronics.X-CUBE-SUBG2.5.0.0
2024-11-01 10:06:40,378 [WARN] PackLoader:240 - Cannot read IP mode file for Cesanta.I-CUBE-Mongoose.7.13.0
2024-11-01 10:06:40,413 [WARN] PackLoader:240 - Cannot read IP mode file for STMicroelectronics.X-CUBE-TOF1.3.3.1
2024-11-01 10:06:40,476 [WARN] PackLoader:240 - Cannot read IP mode file for STMicroelectronics.X-CUBE-AZRTOS-G4.2.0.0
2024-11-01 10:06:40,512 [WARN] PackLoader:240 - Cannot read IP mode file for STMicroelectronics.X-CUBE-TOF1.3.3.0
2024-11-01 10:06:40,542 [WARN] PackLoader:240 - Cannot read IP mode file for STMicroelectronics.FP-ATR-ASTRA1.1.1.1
2024-11-01 10:06:40,597 [WARN] PackLoader:240 - Cannot read IP mode file for Infineon.AIROC-Wi-Fi-Bluetooth-STM32.1.5.1
2024-11-01 10:06:40,640 [WARN] PackLoader:240 - Cannot read IP mode file for STMicroelectronics.X-CUBE-AZRTOS-G4.1.0.0
2024-11-01 10:06:40,688 [WARN] PackLoader:240 - Cannot read IP mode file for STMicroelectronics.X-CUBE-AZRTOS-L4.1.0.0
2024-11-01 10:06:40,712 [WARN] PackLoader:240 - Cannot read IP mode file for STMicroelectronics.X-CUBE-ISPU.2.0.0
2024-11-01 10:06:40,748 [WARN] PackLoader:240 - Cannot read IP mode file for STMicroelectronics.X-CUBE-ALS.1.0.2
2024-11-01 10:06:40,856 [WARN] PackLoader:240 - Cannot read IP mode file for STMicroelectronics.X-CUBE-MEMS1.10.0.0
2024-11-01 10:06:41,074 [WARN] PackLoader:240 - Cannot read IP mode file for STMicroelectronics.X-CUBE-FREERTOS.1.1.0
2024-11-01 10:06:41,090 [WARN] PackLoader:240 - Cannot read IP mode file for STMicroelectronics.X-CUBE-TOUCHGFX.4.24.0
2024-11-01 10:06:41,116 [WARN] PackLoader:240 - Cannot read IP mode file for STMicroelectronics.X-CUBE-AZRTOS-WL.1.0.0
2024-11-01 10:06:41,131 [WARN] PackLoader:240 - Cannot read IP mode file for STMicroelectronics.X-CUBE-TOUCHGFX.4.24.1
2024-11-01 10:06:41,149 [WARN] PackLoader:240 - Cannot read IP mode file for portGmbH.I-Cube-SoM-uGOAL.1.1.0
2024-11-01 10:06:41,163 [WARN] PackLoader:240 - Cannot read IP mode file for STMicroelectronics.X-CUBE-ALS.1.0.1
2024-11-01 10:06:41,190 [WARN] PackLoader:240 - Cannot read IP mode file for STMicroelectronics.X-CUBE-AZRTOS-WB.1.1.0
2024-11-01 10:06:41,230 [WARN] PackLoader:240 - Cannot read IP mode file for STMicroelectronics.X-CUBE-AZRTOS-H7RS.1.0.0
2024-11-01 10:06:41,246 [WARN] PackLoader:240 - Cannot read IP mode file for STMicroelectronics.FP-ATR-ASTRA1.2.0.0
2024-11-01 10:06:41,266 [WARN] PackLoader:240 - Cannot read IP mode file for STMicroelectronics.X-CUBE-TOF1.3.4.2
2024-11-01 10:06:41,296 [WARN] PackLoader:240 - Cannot read IP mode file for STMicroelectronics.X-CUBE-TOF1.3.4.1
2024-11-01 10:06:41,339 [WARN] PackLoader:240 - Cannot read IP mode file for STMicroelectronics.X-CUBE-AZRTOS-H7.3.2.0
2024-11-01 10:06:41,359 [WARN] PackLoader:240 - Cannot read IP mode file for wolfSSL.I-CUBE-wolfSSH.1.4.17
2024-11-01 10:06:41,359 [INFO] ThirdParty:978 - Integrity check success = true
2024-11-01 10:06:41,360 [INFO] IntegrityCheckThread:100 - exiting critical section [integrity check]
2024-11-01 10:06:41,360 [INFO] IntegrityCheckThread:103 - End integrity checks thread
2024-11-01 10:06:47,469 [INFO] WebApp:161 - Instantiating new browser for Auth
2024-11-01 10:06:48,657 [INFO] WebApp:779 - Register for checkConnection events
2024-11-01 10:06:48,658 [INFO] WebApp:414 - Apply proxy settings
2024-11-01 10:06:48,658 [INFO] WebApp:499 - Chromium requires no authentication
2024-11-01 10:06:48,674 [INFO] WebApp:442 - Direct internet connection detected
2024-11-01 10:06:49,005 [INFO] WebApp:192 - Starting web application
2024-11-01 10:06:49,005 [INFO] WebApp:544 - Web application path used C:\ST\STM32CubeIDE_1.11.0\STM32CubeIDE\plugins\com.st.stm32cube.common.mx_6.11.1.202404110753\db\plugins\mcufinder\reactClient1\index.html
2024-11-01 10:11:10,146 [ERROR] LogOutputStream:75 - [STDERR_REDIRECT] 
2024-11-01 10:11:10,148 [ERROR] LogOutputStream:75 - [STDERR_REDIRECT] 
2024-11-01 10:11:25,231 [INFO] Activator:176 - 


2024-11-01 10:11:25,235 [INFO] Activator:177 - !SESSION log4j initialized
2024-11-01 10:11:36,537 [INFO] LogOutputStream:77 - [STDOUT_REDIRECT] 
2024-11-01 10:11:38,671 [INFO] ApplicationProperties:184 - Using Application install path: C:\ST\STM32CubeIDE_1.11.0\STM32CubeIDE\plugins\com.st.stm32cube.common.mx_6.11.1.202404110753
2024-11-01 10:11:38,713 [INFO] DbMcusXml:78 - Set database path to: C:\ST\STM32CubeIDE_1.11.0\STM32CubeIDE\plugins\com.st.stm32cube.common.mx_6.11.1.202404110753\\db\/mcu/
2024-11-01 10:11:38,714 [INFO] ApiDb:274 - Set plugin database path to: C:\ST\STM32CubeIDE_1.11.0\STM32CubeIDE\plugins\com.st.stm32cube.common.mx_6.11.1.202404110753\\db\/plugins/boardmanager/
2024-11-01 10:11:38,715 [WARN] ApiDb:259 - Overriding images path with different value:  => C:\ST\STM32CubeIDE_1.11.0\STM32CubeIDE\plugins\com.st.stm32cube.common.mx_6.11.1.202404110753\\db\/plugins/mcufinder/images/
2024-11-01 10:11:38,725 [INFO] ApiDb:250 - Set database path to: C:\Users\julio\.stmcufinder\plugins\mcufinder//mcu/
2024-11-01 10:11:38,727 [INFO] DbMcusAds:125 - Set database path to: C:\Users\julio\.stmcufinder\plugins\mcufinder//mcu/
2024-11-01 10:11:38,730 [INFO] CrossReferenceDbSqlite:203 - Set database path to: C:\Users\julio\.stmcufinder\plugins\mcufinder//mcu/cs/
2024-11-01 10:11:38,999 [INFO] RulesReader:64 - Compatibility file has been processed (297 Rules)
2024-11-01 10:11:39,163 [INFO] DbMcusXml:78 - Set database path to: C:\ST\STM32CubeIDE_1.11.0\STM32CubeIDE\plugins\com.st.stm32cube.common.mx_6.11.1.202404110753\\db\/mcu/
2024-11-01 10:11:39,164 [INFO] ApiDb:274 - Set plugin database path to: C:\ST\STM32CubeIDE_1.11.0\STM32CubeIDE\plugins\com.st.stm32cube.common.mx_6.11.1.202404110753\\db\/plugins/boardmanager/
2024-11-01 10:11:39,164 [INFO] ApiDb:261 - Set plugin images path to: C:\ST\STM32CubeIDE_1.11.0\STM32CubeIDE\plugins\com.st.stm32cube.common.mx_6.11.1.202404110753\\db\/plugins/mcufinder/images/
2024-11-01 10:11:39,165 [WARN] DbFile:41 - Overriding database path with different value: C:\Users\julio\.stmcufinder\plugins\mcufinder/ => C:\Users\julio\.stmcufinder\plugins\mcufinder
2024-11-01 10:11:39,165 [INFO] ApiDb:250 - Set database path to: C:\Users\julio\.stmcufinder\plugins\mcufinder//mcu/
2024-11-01 10:11:39,165 [WARN] DbFile:41 - Overriding database path with different value: C:\Users\julio\.stmcufinder\plugins\mcufinder/ => C:\Users\julio\.stmcufinder\plugins\mcufinder
2024-11-01 10:11:39,165 [INFO] DbMcusAds:125 - Set database path to: C:\Users\julio\.stmcufinder\plugins\mcufinder//mcu/
2024-11-01 10:11:39,166 [WARN] DbFile:41 - Overriding database path with different value: C:\Users\julio\.stmcufinder\plugins\mcufinder/ => C:\Users\julio\.stmcufinder\plugins\mcufinder
2024-11-01 10:11:39,166 [WARN] DbFile:41 - Overriding database path with different value: C:\Users\julio\.stmcufinder\plugins\mcufinder/ => C:\Users\julio\.stmcufinder\plugins\mcufinder
2024-11-01 10:11:39,166 [INFO] CrossReferenceDbSqlite:203 - Set database path to: C:\Users\julio\.stmcufinder\plugins\mcufinder//mcu/cs/
2024-11-01 10:11:39,297 [INFO] MainPanel:264 - HeapMemory: 268435456
2024-11-01 10:11:39,432 [INFO] DbMcusXml:78 - Set database path to: C:\ST\STM32CubeIDE_1.11.0\STM32CubeIDE\plugins\com.st.stm32cube.common.mx_6.11.1.202404110753\\db\/mcu/
2024-11-01 10:11:39,433 [INFO] ApiDb:274 - Set plugin database path to: C:\ST\STM32CubeIDE_1.11.0\STM32CubeIDE\plugins\com.st.stm32cube.common.mx_6.11.1.202404110753\\db\/plugins/boardmanager/
2024-11-01 10:11:39,433 [INFO] ApiDb:261 - Set plugin images path to: C:\ST\STM32CubeIDE_1.11.0\STM32CubeIDE\plugins\com.st.stm32cube.common.mx_6.11.1.202404110753\\db\/plugins/mcufinder/images/
2024-11-01 10:11:39,433 [WARN] DbFile:41 - Overriding database path with different value: C:\Users\julio\.stmcufinder\plugins\mcufinder/ => C:\Users\julio\.stmcufinder\plugins\mcufinder
2024-11-01 10:11:39,433 [INFO] ApiDb:250 - Set database path to: C:\Users\julio\.stmcufinder\plugins\mcufinder//mcu/
2024-11-01 10:11:39,434 [WARN] DbFile:41 - Overriding database path with different value: C:\Users\julio\.stmcufinder\plugins\mcufinder/ => C:\Users\julio\.stmcufinder\plugins\mcufinder
2024-11-01 10:11:39,434 [INFO] DbMcusAds:125 - Set database path to: C:\Users\julio\.stmcufinder\plugins\mcufinder//mcu/
2024-11-01 10:11:39,434 [WARN] DbFile:41 - Overriding database path with different value: C:\Users\julio\.stmcufinder\plugins\mcufinder/ => C:\Users\julio\.stmcufinder\plugins\mcufinder
2024-11-01 10:11:39,434 [WARN] DbFile:41 - Overriding database path with different value: C:\Users\julio\.stmcufinder\plugins\mcufinder/ => C:\Users\julio\.stmcufinder\plugins\mcufinder
2024-11-01 10:11:39,434 [INFO] CrossReferenceDbSqlite:203 - Set database path to: C:\Users\julio\.stmcufinder\plugins\mcufinder//mcu/cs/
2024-11-01 10:11:39,470 [INFO] ApplicationProperties:184 - Using Application install path: C:\ST\STM32CubeIDE_1.11.0\STM32CubeIDE\plugins\com.st.stm32cube.common.mx_6.11.1.202404110753
2024-11-01 10:11:39,472 [INFO] PluginManage:196 - Search for loadable plugins [exclusion list=, ]
2024-11-01 10:11:39,474 [INFO] PluginManage:310 - Check plugin analytics
2024-11-01 10:11:39,781 [INFO] AnalyticsPlugin:253 - Accepted Software Licenses: STM32CubeMX.6.11.1
2024-11-01 10:11:39,782 [INFO] AnalyticsPlugin:255 - Accepted CMSIS Pack Licenses: 
2024-11-01 10:11:39,782 [INFO] AnalyticsPlugin:257 - Accepted Firmware Licenses: FW.F4.1.28.0
2024-11-01 10:11:39,787 [INFO] PluginManage:359 - Loaded plugin analytics (category:tool,tabindex:-1)
2024-11-01 10:11:39,788 [INFO] PluginManage:310 - Check plugin cadmodel
2024-11-01 10:11:39,800 [INFO] CADModel:105 - Init CAD model plugin
2024-11-01 10:11:39,801 [INFO] PluginManage:359 - Loaded plugin cadmodel (category:power,tabindex:5)
2024-11-01 10:11:39,802 [INFO] PluginManage:310 - Check plugin clock
2024-11-01 10:11:39,826 [INFO] PluginManage:359 - Loaded plugin clock (category:base,tabindex:2)
2024-11-01 10:11:39,826 [INFO] PluginManage:310 - Check plugin ddr
2024-11-01 10:11:39,832 [INFO] PluginManage:359 - Loaded plugin ddr (category:tool,tabindex:6)
2024-11-01 10:11:39,832 [INFO] PluginManage:310 - Check plugin filemanager
2024-11-01 10:11:40,115 [INFO] PluginManage:359 - Loaded plugin filemanager (category:base,tabindex:10)
2024-11-01 10:11:40,115 [INFO] PluginManage:310 - Check plugin ipmanager
2024-11-01 10:11:40,127 [INFO] PluginManage:359 - Loaded plugin ipmanager (category:base,tabindex:5)
2024-11-01 10:11:40,127 [INFO] PluginManage:310 - Check plugin lpbam
2024-11-01 10:11:40,141 [INFO] PluginManage:359 - Loaded plugin lpbam (category:base,tabindex:0)
2024-11-01 10:11:40,142 [INFO] PluginManage:310 - Check plugin memorymap
2024-11-01 10:11:40,156 [INFO] PluginManage:359 - Loaded plugin memorymap (category:base,tabindex:4)
2024-11-01 10:11:40,157 [INFO] PluginManage:310 - Check plugin pinoutandconfiguration
2024-11-01 10:11:40,165 [INFO] PluginManage:359 - Loaded plugin pinoutandconfiguration (category:base,tabindex:1)
2024-11-01 10:11:40,165 [INFO] PluginManage:310 - Check plugin pinoutconfig
2024-11-01 10:11:40,318 [WARN] SupportedApi:132 - Cannot load RTOS API schema: s4s-elt-must-match.1: The content of 'definitions' must match (annotation?, (simpleType | complexType)?, (unique | key | keyref)*)). A problem was found starting at: attribute.
2024-11-01 10:11:40,555 [INFO] PluginManage:359 - Loaded plugin pinoutconfig (category:base,tabindex:0)
2024-11-01 10:11:40,556 [INFO] PluginManage:310 - Check plugin power
2024-11-01 10:11:40,574 [INFO] PluginManage:359 - Loaded plugin power (category:power,tabindex:4)
2024-11-01 10:11:40,574 [INFO] PluginManage:310 - Check plugin projectmanager
2024-11-01 10:11:40,610 [INFO] PluginManage:359 - Loaded plugin projectmanager (category:projectmanager,tabindex:3)
2024-11-01 10:11:40,610 [INFO] PluginManage:310 - Check plugin thirdparty
2024-11-01 10:11:41,166 [WARN] IntegrityCheckThread:84 - waiting for thirdparty lock release [integrity check]
2024-11-01 10:11:41,167 [INFO] IntegrityCheckThread:86 - entering critical section [integrity check]
2024-11-01 10:11:41,167 [INFO] PluginManage:359 - Loaded plugin thirdparty (category:base,tabindex:-1)
2024-11-01 10:11:41,167 [INFO] PluginManage:310 - Check plugin tools
2024-11-01 10:11:41,167 [INFO] ThirdPartyUpdaterWithRetryManager:70 - Updater plugin not ready yet. [1/15]
2024-11-01 10:11:41,172 [INFO] PluginManage:359 - Loaded plugin tools (category:base,tabindex:7)
2024-11-01 10:11:41,172 [INFO] PluginManage:310 - Check plugin tutovideos
2024-11-01 10:11:41,451 [INFO] PluginManage:359 - Loaded plugin tutovideos (category:base,tabindex:-1)
2024-11-01 10:11:41,451 [INFO] PluginManage:310 - Check plugin updater
2024-11-01 10:11:41,469 [INFO] PluginManage:359 - Loaded plugin updater (category:base,tabindex:12)
2024-11-01 10:11:41,469 [INFO] PluginManage:310 - Check plugin userauth
2024-11-01 10:11:41,478 [INFO] UserAuth:114 - Init User Auth plugin
2024-11-01 10:11:41,478 [INFO] PluginManage:359 - Loaded plugin userauth (category:base,tabindex:14)
2024-11-01 10:11:41,479 [INFO] PluginManage:283 - PluginManage : Loaded plugins [17]
2024-11-01 10:11:41,928 [INFO] PinOutPanel:1561 - setPackage(No Configuration,No Configuration)
2024-11-01 10:11:42,118 [INFO] CADModel:165 - CPN selected for project level
2024-11-01 10:11:42,118 [INFO] CADModel:114 - Register for checkConnection events
2024-11-01 10:11:42,150 [INFO] IPUIPlugin:80 - create IPUIPlugin
2024-11-01 10:11:42,150 [INFO] PluginManager:220 - loadIPPluginJar : add adc
2024-11-01 10:11:42,154 [INFO] IPUIPlugin:80 - create IPUIPlugin
2024-11-01 10:11:42,154 [INFO] PluginManager:220 - loadIPPluginJar : add aes
2024-11-01 10:11:42,160 [INFO] IPUIPlugin:80 - create IPUIPlugin
2024-11-01 10:11:42,160 [INFO] PluginManager:220 - loadIPPluginJar : add can
2024-11-01 10:11:42,163 [INFO] IPUIPlugin:80 - create IPUIPlugin
2024-11-01 10:11:42,163 [INFO] PluginManager:220 - loadIPPluginJar : add comp
2024-11-01 10:11:42,168 [INFO] IPUIPlugin:80 - create IPUIPlugin
2024-11-01 10:11:42,168 [INFO] PluginManager:220 - loadIPPluginJar : add cryp
2024-11-01 10:11:42,173 [INFO] IPUIPlugin:80 - create IPUIPlugin
2024-11-01 10:11:42,173 [INFO] PluginManager:220 - loadIPPluginJar : add dfsdm
2024-11-01 10:11:42,183 [INFO] IPUIPlugin:80 - create IPUIPlugin
2024-11-01 10:11:42,184 [INFO] PluginManager:220 - loadIPPluginJar : add dma
2024-11-01 10:11:42,188 [INFO] IPUIPlugin:80 - create IPUIPlugin
2024-11-01 10:11:42,189 [INFO] PluginManager:220 - loadIPPluginJar : add dma3
2024-11-01 10:11:42,194 [INFO] IPUIPlugin:80 - create IPUIPlugin
2024-11-01 10:11:42,194 [INFO] PluginManager:220 - loadIPPluginJar : add extmemmanager
2024-11-01 10:11:42,196 [INFO] IPUIPlugin:80 - create IPUIPlugin
2024-11-01 10:11:42,197 [INFO] PluginManager:220 - loadIPPluginJar : add fatfs
2024-11-01 10:11:42,205 [INFO] IPUIPlugin:80 - create IPUIPlugin
2024-11-01 10:11:42,205 [INFO] PluginManager:220 - loadIPPluginJar : add fmc
2024-11-01 10:11:42,213 [INFO] IPUIPlugin:80 - create IPUIPlugin
2024-11-01 10:11:42,214 [INFO] PluginManager:220 - loadIPPluginJar : add freertos
2024-11-01 10:11:42,217 [INFO] IPUIPlugin:80 - create IPUIPlugin
2024-11-01 10:11:42,217 [INFO] PluginManager:220 - loadIPPluginJar : add genericplugin
2024-11-01 10:11:42,221 [INFO] IPUIPlugin:80 - create IPUIPlugin
2024-11-01 10:11:42,221 [INFO] PluginManager:220 - loadIPPluginJar : add gfxmmu
2024-11-01 10:11:42,229 [INFO] IPUIPlugin:80 - create IPUIPlugin
2024-11-01 10:11:42,230 [INFO] PluginManager:220 - loadIPPluginJar : add gic
2024-11-01 10:11:42,234 [INFO] IPUIPlugin:80 - create IPUIPlugin
2024-11-01 10:11:42,235 [INFO] PluginManager:220 - loadIPPluginJar : add gpio
2024-11-01 10:11:42,238 [INFO] IPUIPlugin:80 - create IPUIPlugin
2024-11-01 10:11:42,238 [INFO] PluginManager:220 - loadIPPluginJar : add gtzc
2024-11-01 10:11:42,242 [INFO] IPUIPlugin:80 - create IPUIPlugin
2024-11-01 10:11:42,243 [INFO] PluginManager:220 - loadIPPluginJar : add hash
2024-11-01 10:11:42,248 [INFO] IPUIPlugin:80 - create IPUIPlugin
2024-11-01 10:11:42,248 [INFO] PluginManager:220 - loadIPPluginJar : add i2c
2024-11-01 10:11:42,251 [INFO] IPUIPlugin:80 - create IPUIPlugin
2024-11-01 10:11:42,252 [INFO] PluginManager:220 - loadIPPluginJar : add i2s
2024-11-01 10:11:42,256 [INFO] IPUIPlugin:80 - create IPUIPlugin
2024-11-01 10:11:42,256 [INFO] PluginManager:220 - loadIPPluginJar : add i3c
2024-11-01 10:11:42,260 [INFO] IPUIPlugin:80 - create IPUIPlugin
2024-11-01 10:11:42,261 [INFO] PluginManager:220 - loadIPPluginJar : add ipddr
2024-11-01 10:11:42,270 [INFO] IPUIPlugin:80 - create IPUIPlugin
2024-11-01 10:11:42,271 [INFO] PluginManager:220 - loadIPPluginJar : add linkedlist
2024-11-01 10:11:42,276 [INFO] IPUIPlugin:80 - create IPUIPlugin
2024-11-01 10:11:42,276 [INFO] PluginManager:220 - loadIPPluginJar : add lorawan
2024-11-01 10:11:42,278 [INFO] IPUIPlugin:80 - create IPUIPlugin
2024-11-01 10:11:42,279 [INFO] PluginManager:220 - loadIPPluginJar : add ltdc
2024-11-01 10:11:42,287 [INFO] IPUIPlugin:80 - create IPUIPlugin
2024-11-01 10:11:42,288 [INFO] PluginManager:220 - loadIPPluginJar : add mdma
2024-11-01 10:11:42,293 [INFO] IPUIPlugin:80 - create IPUIPlugin
2024-11-01 10:11:42,293 [INFO] PluginManager:220 - loadIPPluginJar : add nvic
2024-11-01 10:11:42,297 [INFO] IPUIPlugin:80 - create IPUIPlugin
2024-11-01 10:11:42,297 [INFO] PluginManager:220 - loadIPPluginJar : add opamp
2024-11-01 10:11:42,301 [INFO] IPUIPlugin:80 - create IPUIPlugin
2024-11-01 10:11:42,302 [INFO] PluginManager:220 - loadIPPluginJar : add openamp
2024-11-01 10:11:42,307 [INFO] IPUIPlugin:80 - create IPUIPlugin
2024-11-01 10:11:42,307 [INFO] PluginManager:220 - loadIPPluginJar : add pdm2pcm
2024-11-01 10:11:42,317 [INFO] IPUIPlugin:80 - create IPUIPlugin
2024-11-01 10:11:42,320 [INFO] PluginManager:220 - loadIPPluginJar : add plateformsettings
2024-11-01 10:11:42,324 [INFO] IPUIPlugin:80 - create IPUIPlugin
2024-11-01 10:11:42,324 [INFO] PluginManager:220 - loadIPPluginJar : add quadspi
2024-11-01 10:11:42,331 [INFO] IPUIPlugin:80 - create IPUIPlugin
2024-11-01 10:11:42,331 [INFO] PluginManager:220 - loadIPPluginJar : add resmgrutility
2024-11-01 10:11:42,337 [INFO] IPUIPlugin:80 - create IPUIPlugin
2024-11-01 10:11:42,337 [INFO] PluginManager:220 - loadIPPluginJar : add sai
2024-11-01 10:11:42,343 [INFO] IPUIPlugin:80 - create IPUIPlugin
2024-11-01 10:11:42,344 [INFO] PluginManager:220 - loadIPPluginJar : add spi
2024-11-01 10:11:42,354 [INFO] IPUIPlugin:80 - create IPUIPlugin
2024-11-01 10:11:42,354 [INFO] PluginManager:220 - loadIPPluginJar : add stm32_wpan
2024-11-01 10:11:42,358 [INFO] IPUIPlugin:80 - create IPUIPlugin
2024-11-01 10:11:42,359 [INFO] PluginManager:220 - loadIPPluginJar : add tim
2024-11-01 10:11:42,365 [INFO] IPUIPlugin:80 - create IPUIPlugin
2024-11-01 10:11:42,365 [INFO] PluginManager:220 - loadIPPluginJar : add touchsensing
2024-11-01 10:11:42,367 [INFO] IPUIPlugin:80 - create IPUIPlugin
2024-11-01 10:11:42,367 [INFO] PluginManager:220 - loadIPPluginJar : add tracer_emb
2024-11-01 10:11:42,370 [INFO] IPUIPlugin:80 - create IPUIPlugin
2024-11-01 10:11:42,370 [INFO] PluginManager:220 - loadIPPluginJar : add ts
2024-11-01 10:11:42,373 [INFO] IPUIPlugin:80 - create IPUIPlugin
2024-11-01 10:11:42,373 [INFO] PluginManager:220 - loadIPPluginJar : add tsc
2024-11-01 10:11:42,376 [INFO] IPUIPlugin:80 - create IPUIPlugin
2024-11-01 10:11:42,376 [INFO] PluginManager:220 - loadIPPluginJar : add ucpd
2024-11-01 10:11:42,380 [INFO] IPUIPlugin:80 - create IPUIPlugin
2024-11-01 10:11:42,380 [INFO] PluginManager:220 - loadIPPluginJar : add usart
2024-11-01 10:11:42,383 [INFO] IPUIPlugin:80 - create IPUIPlugin
2024-11-01 10:11:42,384 [INFO] PluginManager:220 - loadIPPluginJar : add usbx
2024-11-01 10:11:42,547 [INFO] CADModel:165 - CPN selected for project level
2024-11-01 10:11:42,547 [INFO] CADModel:114 - Register for checkConnection events
2024-11-01 10:11:42,548 [FATAL] Updater:308 - Updater called before beeing initialized
2024-11-01 10:11:42,548 [ERROR] CADModel:125 - Updater not yet initialized, retry later 
2024-11-01 10:11:42,769 [INFO] CADModel:165 - CPN selected for project level
2024-11-01 10:11:42,769 [INFO] CADModel:114 - Register for checkConnection events
2024-11-01 10:11:42,769 [FATAL] Updater:308 - Updater called before beeing initialized
2024-11-01 10:11:42,770 [ERROR] CADModel:125 - Updater not yet initialized, retry later 
2024-11-01 10:11:42,776 [FATAL] Updater:308 - Updater called before beeing initialized
2024-11-01 10:11:42,979 [FATAL] Updater:308 - Updater called before beeing initialized
2024-11-01 10:11:42,989 [INFO] DbMcusAds:53 - JSON generation date=Thu May 16 03:22:00 CST 2024 (1715851320667)
2024-11-01 10:11:42,990 [FATAL] Updater:308 - Updater called before beeing initialized
2024-11-01 10:11:43,067 [WARN] DetailPanel:346 - Failed to get advertising image, set to default
2024-11-01 10:11:43,265 [FATAL] Updater:308 - Updater called before beeing initialized
2024-11-01 10:11:43,267 [FATAL] Updater:308 - Updater called before beeing initialized
2024-11-01 10:11:43,268 [FATAL] Updater:308 - Updater called before beeing initialized
2024-11-01 10:11:43,268 [WARN] DetailPanel:346 - Failed to get advertising image, set to default
2024-11-01 10:11:43,269 [FATAL] Updater:308 - Updater called before beeing initialized
2024-11-01 10:11:43,380 [ERROR] Updater:1120 - MainUpdater not yet initialized. External WinMGr cannot be set.
2024-11-01 10:11:43,384 [INFO] Updater:1056 - Updater Version found : 6.11.1
2024-11-01 10:11:43,416 [INFO] ApplicationProperties:184 - Using Application install path: C:\ST\STM32CubeIDE_1.11.0\STM32CubeIDE\plugins\com.st.stm32cube.common.mx_6.11.1.202404110753
2024-11-01 10:11:44,168 [INFO] ThirdPartyUpdaterWithRetryManager:70 - Updater plugin not ready yet. [2/15]
2024-11-01 10:11:45,010 [ERROR] LogOutputStream:75 - [STDERR_REDIRECT] Nov 01, 2024 10:11:45 AM java.util.prefs.WindowsPreferences <init>
2024-11-01 10:11:45,014 [ERROR] LogOutputStream:75 - [STDERR_REDIRECT] WARNING: Could not open/create prefs root node Software\JavaSoft\Prefs at root 0xffffffff80000002. Windows RegCreateKeyEx(...) returned error code 5.
2024-11-01 10:11:45,015 [ERROR] LogOutputStream:75 - [STDERR_REDIRECT] 
2024-11-01 10:11:45,543 [INFO] MainUpdater:2873 - connection check result : 10
2024-11-01 10:11:45,546 [INFO] MainUpdater:290 - Updater Check For Update Now.
2024-11-01 10:11:45,547 [INFO] MicroXplorer:498 - Change Database Version : DB.6.0.111
2024-11-01 10:11:45,559 [INFO] McuFinderGlobals:63 - Set McuFinder mode to 2 (CubeIDE integrated)
2024-11-01 10:11:45,573 [INFO] UserAuth:415 - Internet connection configuration mode: 1
2024-11-01 10:11:45,601 [INFO] JxBrowserEngine:152 - Initiate JxBrowser Engine with user profile folder
2024-11-01 10:11:45,856 [INFO] CheckServerUpdateThread:120 - End of CheckServer Thread
2024-11-01 10:11:46,634 [INFO] WebApp:161 - Instantiating new browser for Auth
2024-11-01 10:11:47,601 [WARN] PackLoader:240 - Cannot read IP mode file for STMicroelectronics.FP-SNS-MOTENVWB1.1.4.0
2024-11-01 10:11:47,623 [WARN] PackLoader:240 - Cannot read IP mode file for STMicroelectronics.X-CUBE-SMBUS.2.1.0
2024-11-01 10:11:47,640 [WARN] PackLoader:240 - Cannot read IP mode file for STMicroelectronics.X-CUBE-WB05N.1.1.0
2024-11-01 10:11:47,653 [WARN] PackLoader:240 - Cannot read IP mode file for STMicroelectronics.X-CUBE-TOUCHGFX.4.23.2
2024-11-01 10:11:47,760 [WARN] PackLoader:240 - Cannot read IP mode file for STMicroelectronics.X-CUBE-AZRTOS-F7.1.1.0
2024-11-01 10:11:47,789 [WARN] PackLoader:240 - Cannot read IP mode file for STMicroelectronics.FP-SNS-MOTENV1.4.3.2
2024-11-01 10:11:47,945 [WARN] PackLoader:240 - Cannot read IP mode file for STMicroelectronics.X-CUBE-MEMS1.11.0.0
2024-11-01 10:11:47,951 [INFO] WebApp:779 - Register for checkConnection events
2024-11-01 10:11:47,951 [INFO] WebApp:414 - Apply proxy settings
2024-11-01 10:11:47,952 [INFO] WebApp:499 - Chromium requires no authentication
2024-11-01 10:11:47,967 [INFO] WebApp:442 - Direct internet connection detected
2024-11-01 10:11:48,389 [WARN] PackLoader:240 - Cannot read IP mode file for STMicroelectronics.X-CUBE-BLE1.6.2.4
2024-11-01 10:11:48,402 [WARN] PackLoader:240 - Cannot read IP mode file for STMicroelectronics.FP-SNS-FLIGHT1.5.0.2
2024-11-01 10:11:48,422 [WARN] PackLoader:240 - Cannot read IP mode file for STMicroelectronics.X-CUBE-DISPLAY.3.0.0
2024-11-01 10:11:48,472 [WARN] PackLoader:240 - Cannot read IP mode file for STMicroelectronics.X-CUBE-BLE1.7.0.0
2024-11-01 10:11:48,507 [INFO] WebApp:192 - Starting web application
2024-11-01 10:11:48,508 [INFO] WebApp:544 - Web application path used C:\ST\STM32CubeIDE_1.11.0\STM32CubeIDE\plugins\com.st.stm32cube.common.mx_6.11.1.202404110753\db\plugins\mcufinder\reactClient1\index.html
2024-11-01 10:11:48,542 [WARN] PackLoader:240 - Cannot read IP mode file for STMicroelectronics.X-CUBE-NFC10.1.0.0
2024-11-01 10:11:48,586 [WARN] PackLoader:240 - Cannot read IP mode file for STMicroelectronics.X-CUBE-TOUCHGFX.4.22.0
2024-11-01 10:11:48,618 [WARN] PackLoader:240 - Cannot read IP mode file for STMicroelectronics.X-CUBE-TOUCHGFX.4.22.1
2024-11-01 10:11:48,665 [WARN] PackLoader:240 - Cannot read IP mode file for STMicroelectronics.X-CUBE-BLEMGR.3.1.0
2024-11-01 10:11:48,688 [WARN] PackLoader:240 - Cannot read IP mode file for STMicroelectronics.FP-SNS-SMARTAG2.1.2.0
2024-11-01 10:11:48,714 [INFO] LogOutputStream:77 - [STDOUT_REDIRECT] 1 : Invalid condition id : UX_CORESTACK_Condition cause : null
2024-11-01 10:11:48,716 [INFO] LogOutputStream:77 - [STDOUT_REDIRECT] 1 : Invalid condition id : UX_CORESTACK_Condition cause : null
2024-11-01 10:11:48,719 [INFO] LogOutputStream:77 - [STDOUT_REDIRECT] 1 : Invalid condition id : UX_CORESTACK_Condition cause : null
2024-11-01 10:11:48,722 [INFO] LogOutputStream:77 - [STDOUT_REDIRECT] 1 : Invalid condition id : UX_CORESTACK_Condition cause : null
2024-11-01 10:11:48,726 [INFO] LogOutputStream:77 - [STDOUT_REDIRECT] 1 : Invalid condition id : UX_CORESTACK_Condition cause : null
2024-11-01 10:11:48,735 [WARN] PackLoader:240 - Cannot read IP mode file for STMicroelectronics.X-CUBE-AZRTOS-WL.2.0.0
2024-11-01 10:11:48,747 [WARN] PackLoader:240 - Cannot read IP mode file for STMicroelectronics.FP-SNS-MOTENV1.5.0.0
2024-11-01 10:11:48,757 [WARN] PackLoader:240 - Cannot read IP mode file for wolfSSL.I-CUBE-wolfMQTT.1.19.0
2024-11-01 10:11:48,774 [WARN] PackLoader:240 - Cannot read IP mode file for WES.I-CUBE-Cesium.1.3.0
2024-11-01 10:11:48,783 [WARN] PackLoader:240 - Cannot read IP mode file for STMicroelectronics.X-CUBE-BLE2.3.3.0
2024-11-01 10:11:48,801 [WARN] PackLoader:240 - Cannot read IP mode file for STMicroelectronics.X-CUBE-DISPLAY.2.2.0
2024-11-01 10:11:48,843 [WARN] PackLoader:240 - Cannot read IP mode file for STMicroelectronics.X-CUBE-TOF1.3.2.0
2024-11-01 10:11:48,884 [WARN] PackLoader:240 - Cannot read IP mode file for STMicroelectronics.X-CUBE-NFC9.1.0.0
2024-11-01 10:11:48,901 [WARN] PackLoader:240 - Cannot read IP mode file for STMicroelectronics.X-CUBE-TCPP.4.1.0
2024-11-01 10:11:48,926 [WARN] PackLoader:240 - Cannot read IP mode file for STMicroelectronics.X-CUBE-TOUCHGFX.4.21.1
2024-11-01 10:11:48,947 [WARN] PackLoader:240 - Cannot read IP mode file for STMicroelectronics.X-CUBE-TOUCHGFX.4.21.3
2024-11-01 10:11:49,177 [WARN] PackLoader:240 - Cannot read IP mode file for STMicroelectronics.X-CUBE-MEMS1.9.4.0
2024-11-01 10:11:49,521 [WARN] PackLoader:240 - Cannot read IP mode file for STMicroelectronics.X-CUBE-AI.7.3.0
2024-11-01 10:11:49,528 [WARN] PackLoader:240 - Cannot read IP mode file for STMicroelectronics.X-CUBE-ALGOBUILD.1.3.0
2024-11-01 10:11:49,562 [WARN] PackLoader:240 - Cannot read IP mode file for STMicroelectronics.X-CUBE-AZRTOS-G0.1.1.0
2024-11-01 10:11:49,574 [WARN] PackLoader:240 - Cannot read IP mode file for STMicroelectronics.X-CUBE-SAFEA1.1.2.2
2024-11-01 10:11:49,586 [WARN] PackLoader:240 - Cannot read IP mode file for STMicroelectronics.X-CUBE-NFC4.3.0.0
2024-11-01 10:11:49,606 [WARN] PackLoader:240 - Cannot read IP mode file for EmbeddedOffice.I-CUBE-FS-RTOS.1.0.1
2024-11-01 10:11:49,607 [ERROR] ConditionMgr:805 - Attr not supported : Dmpu
2024-11-01 10:11:49,607 [ERROR] ConditionMgr:805 - Attr not supported : Dmpu
2024-11-01 10:11:49,607 [ERROR] ConditionMgr:805 - Attr not supported : Dmpu
2024-11-01 10:11:49,607 [ERROR] ConditionMgr:805 - Attr not supported : Dmpu
2024-11-01 10:11:49,608 [ERROR] ConditionMgr:805 - Attr not supported : Dmpu
2024-11-01 10:11:49,608 [ERROR] ConditionMgr:805 - Attr not supported : Dmpu
2024-11-01 10:11:49,608 [ERROR] ConditionMgr:805 - Attr not supported : Dmpu
2024-11-01 10:11:49,608 [ERROR] ConditionMgr:805 - Attr not supported : Dmpu
2024-11-01 10:11:49,608 [ERROR] ConditionMgr:805 - Attr not supported : Dmpu
2024-11-01 10:11:49,608 [ERROR] ConditionMgr:805 - Attr not supported : Dmpu
2024-11-01 10:11:49,608 [ERROR] ConditionMgr:805 - Attr not supported : Dmpu
2024-11-01 10:11:49,609 [ERROR] ConditionMgr:805 - Attr not supported : Dmpu
2024-11-01 10:11:49,609 [ERROR] ConditionMgr:805 - Attr not supported : Dmpu
2024-11-01 10:11:49,609 [ERROR] ConditionMgr:805 - Attr not supported : Dmpu
2024-11-01 10:11:49,609 [ERROR] ConditionMgr:805 - Attr not supported : Dmpu
2024-11-01 10:11:49,609 [ERROR] ConditionMgr:805 - Attr not supported : Dmpu
2024-11-01 10:11:49,609 [ERROR] ConditionMgr:805 - Attr not supported : Dmpu
2024-11-01 10:11:49,609 [ERROR] ConditionMgr:805 - Attr not supported : Dmpu
2024-11-01 10:11:49,610 [ERROR] ConditionMgr:805 - Attr not supported : Dmpu
2024-11-01 10:11:49,610 [ERROR] ConditionMgr:805 - Attr not supported : Dmpu
2024-11-01 10:11:49,610 [ERROR] ConditionMgr:805 - Attr not supported : Dmpu
2024-11-01 10:11:49,610 [ERROR] ConditionMgr:805 - Attr not supported : Dmpu
2024-11-01 10:11:49,610 [ERROR] ConditionMgr:805 - Attr not supported : Dmpu
2024-11-01 10:11:49,610 [ERROR] ConditionMgr:805 - Attr not supported : Dmpu
2024-11-01 10:11:49,610 [ERROR] ConditionMgr:805 - Attr not supported : Dmpu
2024-11-01 10:11:49,610 [ERROR] ConditionMgr:805 - Attr not supported : Dmpu
2024-11-01 10:11:49,610 [ERROR] ConditionMgr:805 - Attr not supported : Dmpu
2024-11-01 10:11:49,610 [ERROR] ConditionMgr:805 - Attr not supported : Dmpu
2024-11-01 10:11:49,610 [ERROR] ConditionMgr:805 - Attr not supported : Dmpu
2024-11-01 10:11:49,610 [ERROR] ConditionMgr:805 - Attr not supported : Dmpu
2024-11-01 10:11:49,610 [ERROR] ConditionMgr:805 - Attr not supported : Dmpu
2024-11-01 10:11:49,610 [ERROR] ConditionMgr:805 - Attr not supported : Dmpu
2024-11-01 10:11:49,610 [ERROR] ConditionMgr:805 - Attr not supported : Dmpu
2024-11-01 10:11:49,610 [ERROR] ConditionMgr:805 - Attr not supported : Dmpu
2024-11-01 10:11:49,611 [ERROR] ConditionMgr:805 - Attr not supported : Dmpu
2024-11-01 10:11:49,611 [ERROR] ConditionMgr:805 - Attr not supported : Dmpu
2024-11-01 10:11:49,611 [ERROR] ConditionMgr:805 - Attr not supported : Dmpu
2024-11-01 10:11:49,611 [ERROR] ConditionMgr:805 - Attr not supported : Dmpu
2024-11-01 10:11:49,611 [ERROR] ConditionMgr:805 - Attr not supported : Dmpu
2024-11-01 10:11:49,612 [ERROR] ConditionMgr:805 - Attr not supported : Dmpu
2024-11-01 10:11:49,614 [ERROR] ConditionMgr:805 - Attr not supported : Dmpu
2024-11-01 10:11:49,614 [ERROR] ConditionMgr:805 - Attr not supported : Dmpu
2024-11-01 10:11:49,615 [ERROR] ConditionMgr:805 - Attr not supported : Dmpu
2024-11-01 10:11:49,615 [ERROR] ConditionMgr:805 - Attr not supported : Dmpu
2024-11-01 10:11:49,615 [ERROR] ConditionMgr:805 - Attr not supported : Dmpu
2024-11-01 10:11:49,615 [ERROR] ConditionMgr:805 - Attr not supported : Dmpu
2024-11-01 10:11:49,615 [ERROR] ConditionMgr:805 - Attr not supported : Dmpu
2024-11-01 10:11:49,615 [ERROR] ConditionMgr:805 - Attr not supported : Dmpu
2024-11-01 10:11:49,616 [ERROR] ConditionMgr:805 - Attr not supported : Dmpu
2024-11-01 10:11:49,616 [ERROR] ConditionMgr:805 - Attr not supported : Dmpu
2024-11-01 10:11:49,616 [ERROR] ConditionMgr:805 - Attr not supported : Dmpu
2024-11-01 10:11:49,616 [ERROR] ConditionMgr:805 - Attr not supported : Dmpu
2024-11-01 10:11:49,616 [ERROR] ConditionMgr:805 - Attr not supported : Dmpu
2024-11-01 10:11:49,616 [ERROR] ConditionMgr:805 - Attr not supported : Dmpu
2024-11-01 10:11:49,616 [ERROR] ConditionMgr:805 - Attr not supported : Dmpu
2024-11-01 10:11:49,616 [ERROR] ConditionMgr:805 - Attr not supported : Dmpu
2024-11-01 10:11:49,616 [ERROR] ConditionMgr:805 - Attr not supported : Dmpu
2024-11-01 10:11:49,617 [ERROR] ConditionMgr:805 - Attr not supported : Dmpu
2024-11-01 10:11:49,617 [ERROR] ConditionMgr:805 - Attr not supported : Dmpu
2024-11-01 10:11:49,617 [ERROR] ConditionMgr:805 - Attr not supported : Dmpu
2024-11-01 10:11:49,617 [ERROR] ConditionMgr:805 - Attr not supported : Dmpu
2024-11-01 10:11:49,617 [ERROR] ConditionMgr:805 - Attr not supported : Dmpu
2024-11-01 10:11:49,617 [ERROR] ConditionMgr:805 - Attr not supported : Dmpu
2024-11-01 10:11:49,617 [ERROR] ConditionMgr:805 - Attr not supported : Dmpu
2024-11-01 10:11:49,632 [WARN] PackLoader:240 - Cannot read IP mode file for STMicroelectronics.X-CUBE-BLEMGR.1.3.0
2024-11-01 10:11:49,642 [WARN] PackLoader:240 - Cannot read IP mode file for RealThread.X-CUBE-RT-Thread_Nano.4.1.1
2024-11-01 10:11:49,652 [WARN] PackLoader:240 - Cannot read IP mode file for STMicroelectronics.FP-ATR-SIGFOX1.3.2.0
2024-11-01 10:11:49,665 [WARN] PackLoader:240 - Cannot read IP mode file for STMicroelectronics.X-CUBE-EEPRMA1.5.1.0
2024-11-01 10:11:49,785 [WARN] PackLoader:240 - Cannot read IP mode file for STMicroelectronics.X-CUBE-MEMS1.9.5.0
2024-11-01 10:11:50,173 [WARN] PackLoader:240 - Cannot read IP mode file for SEGGER.I-CUBE-embOS.1.3.1
2024-11-01 10:11:50,281 [WARN] PackLoader:240 - Cannot read IP mode file for STMicroelectronics.X-CUBE-ALGOBUILD.1.4.0
2024-11-01 10:11:50,328 [WARN] PackLoader:240 - Cannot read IP mode file for SEGGER.I-CUBE-embOS.1.3.0
2024-11-01 10:11:50,410 [WARN] PackLoader:240 - Cannot read IP mode file for STMicroelectronics.X-CUBE-AI.9.1.0
2024-11-01 10:11:50,426 [WARN] PackLoader:240 - Cannot read IP mode file for STMicroelectronics.X-CUBE-GNSS1.6.0.0
2024-11-01 10:11:50,471 [WARN] PackLoader:240 - Cannot read IP mode file for STMicroelectronics.X-CUBE-AZRTOS-F4.1.1.0
2024-11-01 10:11:50,484 [WARN] PackLoader:240 - Cannot read IP mode file for STMicroelectronics.X-CUBE-ISPU.2.1.0
2024-11-01 10:11:50,492 [WARN] PackLoader:240 - Cannot read IP mode file for STMicroelectronics.X-CUBE-FREERTOS.1.2.0
2024-11-01 10:11:50,532 [WARN] PackLoader:240 - Cannot read IP mode file for STMicroelectronics.X-CUBE-AZRTOS-L5.2.0.0
2024-11-01 10:11:50,636 [WARN] PackLoader:240 - Cannot read IP mode file for STMicroelectronics.X-CUBE-MEMS1.9.6.0
2024-11-01 10:11:51,020 [WARN] PackLoader:240 - Cannot read IP mode file for STMicroelectronics.X-CUBE-EEPRMA1.4.2.0
2024-11-01 10:11:51,041 [WARN] PackLoader:240 - Cannot read IP mode file for STMicroelectronics.X-CUBE-NFC6.3.1.0
2024-11-01 10:11:51,059 [WARN] PackLoader:240 - Cannot read IP mode file for ITTIA_DB.I-CUBE-ITTIADB.8.8.0
2024-11-01 10:11:51,078 [WARN] PackLoader:240 - Cannot read IP mode file for emotas.I-CUBE-CANOPEN.1.1.3
2024-11-01 10:11:51,111 [WARN] PackLoader:240 - Cannot read IP mode file for STMicroelectronics.X-CUBE-BLEMGR.2.0.0
2024-11-01 10:11:51,125 [WARN] PackLoader:240 - Cannot read IP mode file for STMicroelectronics.X-CUBE-DPower.1.2.0
2024-11-01 10:11:51,137 [WARN] PackLoader:240 - Cannot read IP mode file for STMicroelectronics.X-CUBE-AI.9.0.0
2024-11-01 10:11:51,184 [WARN] ConditionMgr:438 - getConditionDescription Invalid condition id : UX DEVICE CLASS RTOS Condition cause : null
2024-11-01 10:11:51,185 [WARN] ConditionMgr:438 - getConditionDescription Invalid condition id : UX DEVICE CLASS RTOS Condition cause : null
2024-11-01 10:11:51,194 [WARN] PackLoader:240 - Cannot read IP mode file for STMicroelectronics.X-CUBE-AZRTOS-H7.3.1.0
2024-11-01 10:11:51,199 [WARN] ConditionMgr:1039 - genDependencies : Invalid condition id : UX DEVICE CLASS RTOS Condition cause : null
2024-11-01 10:11:51,200 [WARN] ConditionMgr:1039 - genDependencies : Invalid condition id : UX DEVICE CLASS RTOS Condition cause : null
2024-11-01 10:11:51,202 [WARN] ConditionMgr:1039 - genDependencies : Invalid condition id : UX DEVICE CLASS RTOS Condition cause : null
2024-11-01 10:11:51,203 [WARN] ConditionMgr:1039 - genDependencies : Invalid condition id : UX DEVICE CLASS RTOS Condition cause : null
2024-11-01 10:11:51,204 [WARN] ConditionMgr:1039 - genDependencies : Invalid condition id : UX DEVICE CLASS RTOS Condition cause : null
2024-11-01 10:11:51,220 [WARN] PackLoader:240 - Cannot read IP mode file for wolfSSL.I-CUBE-wolfSSL.5.5.4
2024-11-01 10:11:51,229 [WARN] PackLoader:240 - Cannot read IP mode file for STMicroelectronics.X-CUBE-NFC7.1.0.1
2024-11-01 10:11:51,242 [WARN] PackLoader:240 - Cannot read IP mode file for STMicroelectronics.X-CUBE-NFC7.1.0.0
2024-11-01 10:11:51,253 [WARN] PackLoader:240 - Cannot read IP mode file for wolfSSL.I-CUBE-wolfTPM.3.2.0
2024-11-01 10:11:51,267 [WARN] PackLoader:240 - Cannot read IP mode file for STMicroelectronics.X-CUBE-NFC6.3.0.0
2024-11-01 10:11:51,279 [WARN] PackLoader:240 - Cannot read IP mode file for STMicroelectronics.X-CUBE-EEPRMA1.4.1.0
2024-11-01 10:11:51,288 [WARN] PackLoader:240 - Cannot read IP mode file for STMicroelectronics.X-CUBE-AI.8.1.0
2024-11-01 10:11:51,339 [WARN] ConditionMgr:438 - getConditionDescription Invalid condition id : LAN8742 Phy interface Condition cause : null
2024-11-01 10:11:51,340 [WARN] PackLoader:240 - Cannot read IP mode file for STMicroelectronics.X-CUBE-AZRTOS-L4.2.0.0
2024-11-01 10:11:51,342 [WARN] ConditionMgr:1039 - genDependencies : Invalid condition id : LAN8742 Phy interface Condition cause : null
2024-11-01 10:11:51,343 [WARN] ConditionMgr:1039 - genDependencies : Invalid condition id : LAN8742 Phy interface Condition cause : null
2024-11-01 10:11:51,343 [WARN] ConditionMgr:1039 - genDependencies : Invalid condition id : LAN8742 Phy interface Condition cause : null
2024-11-01 10:11:51,364 [WARN] PackLoader:240 - Cannot read IP mode file for STMicroelectronics.X-CUBE-SFXS2LP1.4.0.0
2024-11-01 10:11:51,438 [WARN] PackLoader:240 - Cannot read IP mode file for STMicroelectronics.X-CUBE-AZRTOS-H7.3.0.0
2024-11-01 10:11:51,454 [WARN] PackLoader:240 - Cannot read IP mode file for STMicroelectronics.X-CUBE-ISPU.1.1.0
2024-11-01 10:11:51,518 [WARN] PackLoader:240 - Cannot read IP mode file for STMicroelectronics.X-CUBE-AZRTOS-H7.3.3.0
2024-11-01 10:11:51,536 [WARN] PackLoader:240 - Cannot read IP mode file for RoweBots.I-CUBE-UNISONRTOS.5.5.0-4
2024-11-01 10:11:51,541 [WARN] PackLoader:240 - Cannot read IP mode file for STMicroelectronics.X-CUBE-AI.8.0.0
2024-11-01 10:11:51,563 [WARN] PackLoader:240 - Cannot read IP mode file for STMicroelectronics.X-CUBE-IPS.3.0.0
2024-11-01 10:11:51,605 [WARN] ConditionMgr:438 - getConditionDescription Invalid condition id : UX DEVICE CLASS RTOS Condition cause : null
2024-11-01 10:11:51,606 [WARN] ConditionMgr:438 - getConditionDescription Invalid condition id : UX DEVICE CLASS RTOS Condition cause : null
2024-11-01 10:11:51,612 [WARN] PackLoader:240 - Cannot read IP mode file for STMicroelectronics.X-CUBE-AZRTOS-WB.2.0.0
2024-11-01 10:11:51,614 [WARN] ConditionMgr:1039 - genDependencies : Invalid condition id : UX DEVICE CLASS RTOS Condition cause : null
2024-11-01 10:11:51,614 [WARN] ConditionMgr:1039 - genDependencies : Invalid condition id : UX DEVICE CLASS RTOS Condition cause : null
2024-11-01 10:11:51,617 [WARN] ConditionMgr:1039 - genDependencies : Invalid condition id : UX DEVICE CLASS RTOS Condition cause : null
2024-11-01 10:11:51,618 [WARN] ConditionMgr:1039 - genDependencies : Invalid condition id : UX DEVICE CLASS RTOS Condition cause : null
2024-11-01 10:11:51,618 [WARN] ConditionMgr:1039 - genDependencies : Invalid condition id : UX DEVICE CLASS RTOS Condition cause : null
2024-11-01 10:11:51,628 [WARN] PackLoader:240 - Cannot read IP mode file for STMicroelectronics.X-CUBE-FREERTOS.1.0.1
2024-11-01 10:11:51,639 [WARN] PackLoader:240 - Cannot read IP mode file for STMicroelectronics.X-CUBE-GNSS1.7.0.0
2024-11-01 10:11:51,654 [WARN] PackLoader:240 - Cannot read IP mode file for STMicroelectronics.FP-SNS-STBOX1.2.0.0
2024-11-01 10:11:51,693 [WARN] PackLoader:240 - Cannot read IP mode file for STMicroelectronics.X-CUBE-AZRTOS-L5.1.1.0
2024-11-01 10:11:51,724 [WARN] PackLoader:240 - Cannot read IP mode file for STMicroelectronics.X-CUBE-SUBG2.5.0.0
2024-11-01 10:11:51,742 [WARN] PackLoader:240 - Cannot read IP mode file for Cesanta.I-CUBE-Mongoose.7.13.0
2024-11-01 10:11:51,762 [WARN] PackLoader:240 - Cannot read IP mode file for STMicroelectronics.X-CUBE-TOF1.3.3.1
2024-11-01 10:11:51,824 [WARN] PackLoader:240 - Cannot read IP mode file for STMicroelectronics.X-CUBE-AZRTOS-G4.2.0.0
2024-11-01 10:11:51,859 [WARN] PackLoader:240 - Cannot read IP mode file for STMicroelectronics.X-CUBE-TOF1.3.3.0
2024-11-01 10:11:51,891 [WARN] PackLoader:240 - Cannot read IP mode file for STMicroelectronics.FP-ATR-ASTRA1.1.1.1
2024-11-01 10:11:51,923 [WARN] PackLoader:240 - Cannot read IP mode file for Infineon.AIROC-Wi-Fi-Bluetooth-STM32.1.5.1
2024-11-01 10:11:51,969 [WARN] PackLoader:240 - Cannot read IP mode file for STMicroelectronics.X-CUBE-AZRTOS-G4.1.0.0
2024-11-01 10:11:52,014 [WARN] PackLoader:240 - Cannot read IP mode file for STMicroelectronics.X-CUBE-AZRTOS-L4.1.0.0
2024-11-01 10:11:52,030 [WARN] PackLoader:240 - Cannot read IP mode file for STMicroelectronics.X-CUBE-ISPU.2.0.0
2024-11-01 10:11:52,040 [WARN] PackLoader:240 - Cannot read IP mode file for STMicroelectronics.X-CUBE-ALS.1.0.2
2024-11-01 10:11:52,141 [WARN] PackLoader:240 - Cannot read IP mode file for STMicroelectronics.X-CUBE-MEMS1.10.0.0
2024-11-01 10:11:52,427 [WARN] PackLoader:240 - Cannot read IP mode file for STMicroelectronics.X-CUBE-FREERTOS.1.1.0
2024-11-01 10:11:52,433 [WARN] PackLoader:240 - Cannot read IP mode file for STMicroelectronics.X-CUBE-TOUCHGFX.4.24.0
2024-11-01 10:11:52,456 [WARN] PackLoader:240 - Cannot read IP mode file for STMicroelectronics.X-CUBE-AZRTOS-WL.1.0.0
2024-11-01 10:11:52,475 [WARN] PackLoader:240 - Cannot read IP mode file for STMicroelectronics.X-CUBE-TOUCHGFX.4.24.1
2024-11-01 10:11:52,485 [WARN] PackLoader:240 - Cannot read IP mode file for portGmbH.I-Cube-SoM-uGOAL.1.1.0
2024-11-01 10:11:52,489 [WARN] PackLoader:240 - Cannot read IP mode file for STMicroelectronics.X-CUBE-ALS.1.0.1
2024-11-01 10:11:52,512 [WARN] PackLoader:240 - Cannot read IP mode file for STMicroelectronics.X-CUBE-AZRTOS-WB.1.1.0
2024-11-01 10:11:52,557 [WARN] PackLoader:240 - Cannot read IP mode file for STMicroelectronics.X-CUBE-AZRTOS-H7RS.1.0.0
2024-11-01 10:11:52,574 [WARN] PackLoader:240 - Cannot read IP mode file for STMicroelectronics.FP-ATR-ASTRA1.2.0.0
2024-11-01 10:11:52,592 [WARN] PackLoader:240 - Cannot read IP mode file for STMicroelectronics.X-CUBE-TOF1.3.4.2
2024-11-01 10:11:52,637 [WARN] PackLoader:240 - Cannot read IP mode file for STMicroelectronics.X-CUBE-TOF1.3.4.1
2024-11-01 10:11:52,710 [WARN] PackLoader:240 - Cannot read IP mode file for STMicroelectronics.X-CUBE-AZRTOS-H7.3.2.0
2024-11-01 10:11:52,747 [WARN] PackLoader:240 - Cannot read IP mode file for wolfSSL.I-CUBE-wolfSSH.1.4.17
2024-11-01 10:11:52,752 [INFO] ThirdParty:978 - Integrity check success = true
2024-11-01 10:11:52,753 [INFO] IntegrityCheckThread:100 - exiting critical section [integrity check]
2024-11-01 10:11:52,753 [INFO] IntegrityCheckThread:103 - End integrity checks thread
2024-11-01 13:10:53,153 [ERROR] LogOutputStream:75 - [STDERR_REDIRECT] 
2024-11-01 13:10:53,155 [ERROR] LogOutputStream:75 - [STDERR_REDIRECT] 
