2024-10-14 13:18:06,513 [INFO] Activator:176 - 


2024-10-14 13:18:06,531 [INFO] Activator:177 - !SESSION log4j initialized
2024-10-14 13:18:18,250 [INFO] LogOutputStream:77 - [STDOUT_REDIRECT] 
2024-10-14 13:18:24,902 [INFO] ApplicationProperties:184 - Using Application install path: C:\ST\STM32CubeIDE_1.11.0\STM32CubeIDE\plugins\com.st.stm32cube.common.mx_6.11.1.202404110753
2024-10-14 13:18:24,936 [INFO] DbMcusXml:78 - Set database path to: C:\ST\STM32CubeIDE_1.11.0\STM32CubeIDE\plugins\com.st.stm32cube.common.mx_6.11.1.202404110753\\db\/mcu/
2024-10-14 13:18:24,937 [INFO] ApiDb:274 - Set plugin database path to: C:\ST\STM32CubeIDE_1.11.0\STM32CubeIDE\plugins\com.st.stm32cube.common.mx_6.11.1.202404110753\\db\/plugins/boardmanager/
2024-10-14 13:18:24,937 [WARN] ApiDb:259 - Overriding images path with different value:  => C:\ST\STM32CubeIDE_1.11.0\STM32CubeIDE\plugins\com.st.stm32cube.common.mx_6.11.1.202404110753\\db\/plugins/mcufinder/images/
2024-10-14 13:18:24,956 [INFO] ApiDb:250 - Set database path to: C:\Users\julio\.stmcufinder\plugins\mcufinder//mcu/
2024-10-14 13:18:24,958 [INFO] DbMcusAds:125 - Set database path to: C:\Users\julio\.stmcufinder\plugins\mcufinder//mcu/
2024-10-14 13:18:24,961 [INFO] CrossReferenceDbSqlite:203 - Set database path to: C:\Users\julio\.stmcufinder\plugins\mcufinder//mcu/cs/
2024-10-14 13:18:25,192 [INFO] RulesReader:64 - Compatibility file has been processed (297 Rules)
2024-10-14 13:18:25,336 [INFO] DbMcusXml:78 - Set database path to: C:\ST\STM32CubeIDE_1.11.0\STM32CubeIDE\plugins\com.st.stm32cube.common.mx_6.11.1.202404110753\\db\/mcu/
2024-10-14 13:18:25,337 [INFO] ApiDb:274 - Set plugin database path to: C:\ST\STM32CubeIDE_1.11.0\STM32CubeIDE\plugins\com.st.stm32cube.common.mx_6.11.1.202404110753\\db\/plugins/boardmanager/
2024-10-14 13:18:25,337 [INFO] ApiDb:261 - Set plugin images path to: C:\ST\STM32CubeIDE_1.11.0\STM32CubeIDE\plugins\com.st.stm32cube.common.mx_6.11.1.202404110753\\db\/plugins/mcufinder/images/
2024-10-14 13:18:25,337 [WARN] DbFile:41 - Overriding database path with different value: C:\Users\julio\.stmcufinder\plugins\mcufinder/ => C:\Users\julio\.stmcufinder\plugins\mcufinder
2024-10-14 13:18:25,337 [INFO] ApiDb:250 - Set database path to: C:\Users\julio\.stmcufinder\plugins\mcufinder//mcu/
2024-10-14 13:18:25,338 [WARN] DbFile:41 - Overriding database path with different value: C:\Users\julio\.stmcufinder\plugins\mcufinder/ => C:\Users\julio\.stmcufinder\plugins\mcufinder
2024-10-14 13:18:25,338 [INFO] DbMcusAds:125 - Set database path to: C:\Users\julio\.stmcufinder\plugins\mcufinder//mcu/
2024-10-14 13:18:25,338 [WARN] DbFile:41 - Overriding database path with different value: C:\Users\julio\.stmcufinder\plugins\mcufinder/ => C:\Users\julio\.stmcufinder\plugins\mcufinder
2024-10-14 13:18:25,338 [WARN] DbFile:41 - Overriding database path with different value: C:\Users\julio\.stmcufinder\plugins\mcufinder/ => C:\Users\julio\.stmcufinder\plugins\mcufinder
2024-10-14 13:18:25,338 [INFO] CrossReferenceDbSqlite:203 - Set database path to: C:\Users\julio\.stmcufinder\plugins\mcufinder//mcu/cs/
2024-10-14 13:18:25,467 [INFO] MainPanel:264 - HeapMemory: 268435456
2024-10-14 13:18:25,638 [INFO] DbMcusXml:78 - Set database path to: C:\ST\STM32CubeIDE_1.11.0\STM32CubeIDE\plugins\com.st.stm32cube.common.mx_6.11.1.202404110753\\db\/mcu/
2024-10-14 13:18:25,639 [INFO] ApiDb:274 - Set plugin database path to: C:\ST\STM32CubeIDE_1.11.0\STM32CubeIDE\plugins\com.st.stm32cube.common.mx_6.11.1.202404110753\\db\/plugins/boardmanager/
2024-10-14 13:18:25,639 [INFO] ApiDb:261 - Set plugin images path to: C:\ST\STM32CubeIDE_1.11.0\STM32CubeIDE\plugins\com.st.stm32cube.common.mx_6.11.1.202404110753\\db\/plugins/mcufinder/images/
2024-10-14 13:18:25,640 [WARN] DbFile:41 - Overriding database path with different value: C:\Users\julio\.stmcufinder\plugins\mcufinder/ => C:\Users\julio\.stmcufinder\plugins\mcufinder
2024-10-14 13:18:25,640 [INFO] ApiDb:250 - Set database path to: C:\Users\julio\.stmcufinder\plugins\mcufinder//mcu/
2024-10-14 13:18:25,640 [WARN] DbFile:41 - Overriding database path with different value: C:\Users\julio\.stmcufinder\plugins\mcufinder/ => C:\Users\julio\.stmcufinder\plugins\mcufinder
2024-10-14 13:18:25,641 [INFO] DbMcusAds:125 - Set database path to: C:\Users\julio\.stmcufinder\plugins\mcufinder//mcu/
2024-10-14 13:18:25,641 [WARN] DbFile:41 - Overriding database path with different value: C:\Users\julio\.stmcufinder\plugins\mcufinder/ => C:\Users\julio\.stmcufinder\plugins\mcufinder
2024-10-14 13:18:25,641 [WARN] DbFile:41 - Overriding database path with different value: C:\Users\julio\.stmcufinder\plugins\mcufinder/ => C:\Users\julio\.stmcufinder\plugins\mcufinder
2024-10-14 13:18:25,641 [INFO] CrossReferenceDbSqlite:203 - Set database path to: C:\Users\julio\.stmcufinder\plugins\mcufinder//mcu/cs/
2024-10-14 13:18:25,674 [INFO] ApplicationProperties:184 - Using Application install path: C:\ST\STM32CubeIDE_1.11.0\STM32CubeIDE\plugins\com.st.stm32cube.common.mx_6.11.1.202404110753
2024-10-14 13:18:25,678 [INFO] PluginManage:196 - Search for loadable plugins [exclusion list=, ]
2024-10-14 13:18:25,680 [INFO] PluginManage:310 - Check plugin analytics
2024-10-14 13:18:26,015 [INFO] AnalyticsPlugin:253 - Accepted Software Licenses: STM32CubeMX.6.11.1
2024-10-14 13:18:26,015 [INFO] AnalyticsPlugin:255 - Accepted CMSIS Pack Licenses: 
2024-10-14 13:18:26,016 [INFO] AnalyticsPlugin:257 - Accepted Firmware Licenses: FW.F4.1.28.0
2024-10-14 13:18:26,021 [INFO] PluginManage:359 - Loaded plugin analytics (category:tool,tabindex:-1)
2024-10-14 13:18:26,021 [INFO] PluginManage:310 - Check plugin cadmodel
2024-10-14 13:18:26,047 [INFO] CADModel:105 - Init CAD model plugin
2024-10-14 13:18:26,048 [INFO] PluginManage:359 - Loaded plugin cadmodel (category:power,tabindex:5)
2024-10-14 13:18:26,048 [INFO] PluginManage:310 - Check plugin clock
2024-10-14 13:18:26,083 [INFO] PluginManage:359 - Loaded plugin clock (category:base,tabindex:2)
2024-10-14 13:18:26,084 [INFO] PluginManage:310 - Check plugin ddr
2024-10-14 13:18:26,087 [INFO] PluginManage:359 - Loaded plugin ddr (category:tool,tabindex:6)
2024-10-14 13:18:26,087 [INFO] PluginManage:310 - Check plugin filemanager
2024-10-14 13:18:26,364 [INFO] PluginManage:359 - Loaded plugin filemanager (category:base,tabindex:10)
2024-10-14 13:18:26,364 [INFO] PluginManage:310 - Check plugin ipmanager
2024-10-14 13:18:26,377 [INFO] PluginManage:359 - Loaded plugin ipmanager (category:base,tabindex:5)
2024-10-14 13:18:26,377 [INFO] PluginManage:310 - Check plugin lpbam
2024-10-14 13:18:26,417 [INFO] PluginManage:359 - Loaded plugin lpbam (category:base,tabindex:0)
2024-10-14 13:18:26,418 [INFO] PluginManage:310 - Check plugin memorymap
2024-10-14 13:18:26,484 [INFO] PluginManage:359 - Loaded plugin memorymap (category:base,tabindex:4)
2024-10-14 13:18:26,484 [INFO] PluginManage:310 - Check plugin pinoutandconfiguration
2024-10-14 13:18:26,527 [INFO] PluginManage:359 - Loaded plugin pinoutandconfiguration (category:base,tabindex:1)
2024-10-14 13:18:26,528 [INFO] PluginManage:310 - Check plugin pinoutconfig
2024-10-14 13:18:26,727 [WARN] SupportedApi:132 - Cannot load RTOS API schema: s4s-elt-must-match.1: The content of 'definitions' must match (annotation?, (simpleType | complexType)?, (unique | key | keyref)*)). A problem was found starting at: attribute.
2024-10-14 13:18:26,998 [INFO] PluginManage:359 - Loaded plugin pinoutconfig (category:base,tabindex:0)
2024-10-14 13:18:26,999 [INFO] PluginManage:310 - Check plugin power
2024-10-14 13:18:27,042 [INFO] PluginManage:359 - Loaded plugin power (category:power,tabindex:4)
2024-10-14 13:18:27,042 [INFO] PluginManage:310 - Check plugin projectmanager
2024-10-14 13:18:27,070 [INFO] PluginManage:359 - Loaded plugin projectmanager (category:projectmanager,tabindex:3)
2024-10-14 13:18:27,070 [INFO] PluginManage:310 - Check plugin thirdparty
2024-10-14 13:18:27,560 [INFO] PluginManage:359 - Loaded plugin thirdparty (category:base,tabindex:-1)
2024-10-14 13:18:27,560 [WARN] IntegrityCheckThread:84 - waiting for thirdparty lock release [integrity check]
2024-10-14 13:18:27,561 [INFO] PluginManage:310 - Check plugin tools
2024-10-14 13:18:27,561 [INFO] IntegrityCheckThread:86 - entering critical section [integrity check]
2024-10-14 13:18:27,562 [INFO] ThirdPartyUpdaterWithRetryManager:70 - Updater plugin not ready yet. [1/15]
2024-10-14 13:18:27,616 [INFO] PluginManage:359 - Loaded plugin tools (category:base,tabindex:7)
2024-10-14 13:18:27,616 [INFO] PluginManage:310 - Check plugin tutovideos
2024-10-14 13:18:27,960 [INFO] PluginManage:359 - Loaded plugin tutovideos (category:base,tabindex:-1)
2024-10-14 13:18:27,960 [INFO] PluginManage:310 - Check plugin updater
2024-10-14 13:18:27,980 [INFO] PluginManage:359 - Loaded plugin updater (category:base,tabindex:12)
2024-10-14 13:18:27,980 [INFO] PluginManage:310 - Check plugin userauth
2024-10-14 13:18:27,988 [INFO] UserAuth:114 - Init User Auth plugin
2024-10-14 13:18:27,988 [INFO] PluginManage:359 - Loaded plugin userauth (category:base,tabindex:14)
2024-10-14 13:18:27,988 [INFO] PluginManage:283 - PluginManage : Loaded plugins [17]
2024-10-14 13:18:28,313 [INFO] PinOutPanel:1561 - setPackage(No Configuration,No Configuration)
2024-10-14 13:18:28,435 [INFO] CADModel:165 - CPN selected for project level
2024-10-14 13:18:28,436 [INFO] CADModel:114 - Register for checkConnection events
2024-10-14 13:18:28,471 [INFO] IPUIPlugin:80 - create IPUIPlugin
2024-10-14 13:18:28,471 [INFO] PluginManager:220 - loadIPPluginJar : add adc
2024-10-14 13:18:28,524 [INFO] IPUIPlugin:80 - create IPUIPlugin
2024-10-14 13:18:28,525 [INFO] PluginManager:220 - loadIPPluginJar : add aes
2024-10-14 13:18:28,574 [INFO] IPUIPlugin:80 - create IPUIPlugin
2024-10-14 13:18:28,575 [INFO] PluginManager:220 - loadIPPluginJar : add can
2024-10-14 13:18:28,601 [INFO] IPUIPlugin:80 - create IPUIPlugin
2024-10-14 13:18:28,601 [INFO] PluginManager:220 - loadIPPluginJar : add comp
2024-10-14 13:18:28,641 [INFO] IPUIPlugin:80 - create IPUIPlugin
2024-10-14 13:18:28,642 [INFO] PluginManager:220 - loadIPPluginJar : add cryp
2024-10-14 13:18:28,690 [INFO] IPUIPlugin:80 - create IPUIPlugin
2024-10-14 13:18:28,690 [INFO] PluginManager:220 - loadIPPluginJar : add dfsdm
2024-10-14 13:18:28,715 [INFO] IPUIPlugin:80 - create IPUIPlugin
2024-10-14 13:18:28,715 [INFO] PluginManager:220 - loadIPPluginJar : add dma
2024-10-14 13:18:28,789 [INFO] IPUIPlugin:80 - create IPUIPlugin
2024-10-14 13:18:28,789 [INFO] PluginManager:220 - loadIPPluginJar : add dma3
2024-10-14 13:18:28,849 [INFO] IPUIPlugin:80 - create IPUIPlugin
2024-10-14 13:18:28,849 [INFO] PluginManager:220 - loadIPPluginJar : add extmemmanager
2024-10-14 13:18:28,878 [INFO] IPUIPlugin:80 - create IPUIPlugin
2024-10-14 13:18:28,878 [INFO] PluginManager:220 - loadIPPluginJar : add fatfs
2024-10-14 13:18:28,938 [INFO] IPUIPlugin:80 - create IPUIPlugin
2024-10-14 13:18:28,938 [INFO] PluginManager:220 - loadIPPluginJar : add fmc
2024-10-14 13:18:28,957 [INFO] IPUIPlugin:80 - create IPUIPlugin
2024-10-14 13:18:28,958 [INFO] PluginManager:220 - loadIPPluginJar : add freertos
2024-10-14 13:18:28,983 [INFO] IPUIPlugin:80 - create IPUIPlugin
2024-10-14 13:18:28,983 [INFO] PluginManager:220 - loadIPPluginJar : add genericplugin
2024-10-14 13:18:29,118 [INFO] IPUIPlugin:80 - create IPUIPlugin
2024-10-14 13:18:29,118 [INFO] PluginManager:220 - loadIPPluginJar : add gfxmmu
2024-10-14 13:18:29,342 [INFO] IPUIPlugin:80 - create IPUIPlugin
2024-10-14 13:18:29,342 [INFO] PluginManager:220 - loadIPPluginJar : add gic
2024-10-14 13:18:29,372 [INFO] IPUIPlugin:80 - create IPUIPlugin
2024-10-14 13:18:29,372 [INFO] PluginManager:220 - loadIPPluginJar : add gpio
2024-10-14 13:18:29,486 [INFO] IPUIPlugin:80 - create IPUIPlugin
2024-10-14 13:18:29,486 [INFO] PluginManager:220 - loadIPPluginJar : add gtzc
2024-10-14 13:18:29,534 [INFO] IPUIPlugin:80 - create IPUIPlugin
2024-10-14 13:18:29,534 [INFO] PluginManager:220 - loadIPPluginJar : add hash
2024-10-14 13:18:29,600 [INFO] IPUIPlugin:80 - create IPUIPlugin
2024-10-14 13:18:29,600 [INFO] PluginManager:220 - loadIPPluginJar : add i2c
2024-10-14 13:18:29,649 [INFO] IPUIPlugin:80 - create IPUIPlugin
2024-10-14 13:18:29,649 [INFO] PluginManager:220 - loadIPPluginJar : add i2s
2024-10-14 13:18:29,699 [INFO] IPUIPlugin:80 - create IPUIPlugin
2024-10-14 13:18:29,700 [INFO] PluginManager:220 - loadIPPluginJar : add i3c
2024-10-14 13:18:29,861 [INFO] IPUIPlugin:80 - create IPUIPlugin
2024-10-14 13:18:29,861 [INFO] PluginManager:220 - loadIPPluginJar : add ipddr
2024-10-14 13:18:29,982 [INFO] IPUIPlugin:80 - create IPUIPlugin
2024-10-14 13:18:29,982 [INFO] PluginManager:220 - loadIPPluginJar : add linkedlist
2024-10-14 13:18:30,025 [INFO] IPUIPlugin:80 - create IPUIPlugin
2024-10-14 13:18:30,025 [INFO] PluginManager:220 - loadIPPluginJar : add lorawan
2024-10-14 13:18:30,069 [INFO] IPUIPlugin:80 - create IPUIPlugin
2024-10-14 13:18:30,070 [INFO] PluginManager:220 - loadIPPluginJar : add ltdc
2024-10-14 13:18:30,089 [INFO] IPUIPlugin:80 - create IPUIPlugin
2024-10-14 13:18:30,089 [INFO] PluginManager:220 - loadIPPluginJar : add mdma
2024-10-14 13:18:30,104 [INFO] IPUIPlugin:80 - create IPUIPlugin
2024-10-14 13:18:30,104 [INFO] PluginManager:220 - loadIPPluginJar : add nvic
2024-10-14 13:18:30,148 [INFO] IPUIPlugin:80 - create IPUIPlugin
2024-10-14 13:18:30,148 [INFO] PluginManager:220 - loadIPPluginJar : add opamp
2024-10-14 13:18:30,222 [INFO] IPUIPlugin:80 - create IPUIPlugin
2024-10-14 13:18:30,222 [INFO] PluginManager:220 - loadIPPluginJar : add openamp
2024-10-14 13:18:30,291 [INFO] IPUIPlugin:80 - create IPUIPlugin
2024-10-14 13:18:30,291 [INFO] PluginManager:220 - loadIPPluginJar : add pdm2pcm
2024-10-14 13:18:30,310 [INFO] IPUIPlugin:80 - create IPUIPlugin
2024-10-14 13:18:30,312 [INFO] PluginManager:220 - loadIPPluginJar : add plateformsettings
2024-10-14 13:18:30,344 [INFO] IPUIPlugin:80 - create IPUIPlugin
2024-10-14 13:18:30,344 [INFO] PluginManager:220 - loadIPPluginJar : add quadspi
2024-10-14 13:18:30,359 [INFO] IPUIPlugin:80 - create IPUIPlugin
2024-10-14 13:18:30,359 [INFO] PluginManager:220 - loadIPPluginJar : add resmgrutility
2024-10-14 13:18:30,419 [INFO] IPUIPlugin:80 - create IPUIPlugin
2024-10-14 13:18:30,419 [INFO] PluginManager:220 - loadIPPluginJar : add sai
2024-10-14 13:18:30,463 [INFO] IPUIPlugin:80 - create IPUIPlugin
2024-10-14 13:18:30,464 [INFO] PluginManager:220 - loadIPPluginJar : add spi
2024-10-14 13:18:30,564 [INFO] ThirdPartyUpdaterWithRetryManager:70 - Updater plugin not ready yet. [2/15]
2024-10-14 13:18:30,596 [INFO] IPUIPlugin:80 - create IPUIPlugin
2024-10-14 13:18:30,596 [INFO] PluginManager:220 - loadIPPluginJar : add stm32_wpan
2024-10-14 13:18:30,653 [INFO] IPUIPlugin:80 - create IPUIPlugin
2024-10-14 13:18:30,653 [INFO] PluginManager:220 - loadIPPluginJar : add tim
2024-10-14 13:18:30,821 [INFO] IPUIPlugin:80 - create IPUIPlugin
2024-10-14 13:18:30,822 [INFO] PluginManager:220 - loadIPPluginJar : add touchsensing
2024-10-14 13:18:30,882 [INFO] IPUIPlugin:80 - create IPUIPlugin
2024-10-14 13:18:30,882 [INFO] PluginManager:220 - loadIPPluginJar : add tracer_emb
2024-10-14 13:18:30,934 [INFO] IPUIPlugin:80 - create IPUIPlugin
2024-10-14 13:18:30,935 [INFO] PluginManager:220 - loadIPPluginJar : add ts
2024-10-14 13:18:30,999 [INFO] IPUIPlugin:80 - create IPUIPlugin
2024-10-14 13:18:30,999 [INFO] PluginManager:220 - loadIPPluginJar : add tsc
2024-10-14 13:18:31,067 [INFO] IPUIPlugin:80 - create IPUIPlugin
2024-10-14 13:18:31,068 [INFO] PluginManager:220 - loadIPPluginJar : add ucpd
2024-10-14 13:18:31,215 [INFO] IPUIPlugin:80 - create IPUIPlugin
2024-10-14 13:18:31,215 [INFO] PluginManager:220 - loadIPPluginJar : add usart
2024-10-14 13:18:31,345 [INFO] IPUIPlugin:80 - create IPUIPlugin
2024-10-14 13:18:31,346 [INFO] PluginManager:220 - loadIPPluginJar : add usbx
2024-10-14 13:18:31,571 [INFO] CADModel:165 - CPN selected for project level
2024-10-14 13:18:31,571 [INFO] CADModel:114 - Register for checkConnection events
2024-10-14 13:18:31,572 [FATAL] Updater:308 - Updater called before beeing initialized
2024-10-14 13:18:31,572 [ERROR] CADModel:125 - Updater not yet initialized, retry later 
2024-10-14 13:18:31,978 [INFO] CADModel:165 - CPN selected for project level
2024-10-14 13:18:31,978 [INFO] CADModel:114 - Register for checkConnection events
2024-10-14 13:18:31,978 [FATAL] Updater:308 - Updater called before beeing initialized
2024-10-14 13:18:31,979 [ERROR] CADModel:125 - Updater not yet initialized, retry later 
2024-10-14 13:18:31,984 [FATAL] Updater:308 - Updater called before beeing initialized
2024-10-14 13:18:32,171 [FATAL] Updater:308 - Updater called before beeing initialized
2024-10-14 13:18:32,187 [INFO] DbMcusAds:53 - JSON generation date=Thu May 16 03:22:00 CST 2024 (1715851320667)
2024-10-14 13:18:32,188 [FATAL] Updater:308 - Updater called before beeing initialized
2024-10-14 13:18:32,247 [WARN] DetailPanel:346 - Failed to get advertising image, set to default
2024-10-14 13:18:32,372 [FATAL] Updater:308 - Updater called before beeing initialized
2024-10-14 13:18:32,375 [FATAL] Updater:308 - Updater called before beeing initialized
2024-10-14 13:18:32,375 [FATAL] Updater:308 - Updater called before beeing initialized
2024-10-14 13:18:32,375 [WARN] DetailPanel:346 - Failed to get advertising image, set to default
2024-10-14 13:18:32,377 [FATAL] Updater:308 - Updater called before beeing initialized
2024-10-14 13:18:32,509 [ERROR] Updater:1120 - MainUpdater not yet initialized. External WinMGr cannot be set.
2024-10-14 13:18:32,531 [INFO] Updater:1056 - Updater Version found : 6.11.1
2024-10-14 13:18:32,579 [INFO] ApplicationProperties:184 - Using Application install path: C:\ST\STM32CubeIDE_1.11.0\STM32CubeIDE\plugins\com.st.stm32cube.common.mx_6.11.1.202404110753
2024-10-14 13:18:33,565 [INFO] ThirdPartyUpdaterWithRetryManager:70 - Updater plugin not ready yet. [3/15]
2024-10-14 13:18:34,183 [ERROR] LogOutputStream:75 - [STDERR_REDIRECT] Oct 14, 2024 1:18:34 PM java.util.prefs.WindowsPreferences <init>
2024-10-14 13:18:34,185 [ERROR] LogOutputStream:75 - [STDERR_REDIRECT] WARNING: Could not open/create prefs root node Software\JavaSoft\Prefs at root 0xffffffff80000002. Windows RegCreateKeyEx(...) returned error code 5.
2024-10-14 13:18:34,186 [ERROR] LogOutputStream:75 - [STDERR_REDIRECT] 
2024-10-14 13:18:34,734 [INFO] MainUpdater:2873 - connection check result : 10
2024-10-14 13:18:34,736 [INFO] MainUpdater:290 - Updater Check For Update Now.
2024-10-14 13:18:34,736 [INFO] MicroXplorer:498 - Change Database Version : DB.6.0.111
2024-10-14 13:18:34,764 [INFO] McuFinderGlobals:63 - Set McuFinder mode to 2 (CubeIDE integrated)
2024-10-14 13:18:34,788 [INFO] UserAuth:415 - Internet connection configuration mode: 1
2024-10-14 13:18:34,837 [INFO] JxBrowserEngine:152 - Initiate JxBrowser Engine with user profile folder
2024-10-14 13:18:35,155 [INFO] CheckServerUpdateThread:120 - End of CheckServer Thread
2024-10-14 13:18:36,884 [WARN] PackLoader:240 - Cannot read IP mode file for STMicroelectronics.FP-SNS-MOTENVWB1.1.4.0
2024-10-14 13:18:36,910 [WARN] PackLoader:240 - Cannot read IP mode file for STMicroelectronics.X-CUBE-SMBUS.2.1.0
2024-10-14 13:18:36,940 [WARN] PackLoader:240 - Cannot read IP mode file for STMicroelectronics.X-CUBE-WB05N.1.1.0
2024-10-14 13:18:36,963 [WARN] PackLoader:240 - Cannot read IP mode file for STMicroelectronics.X-CUBE-TOUCHGFX.4.23.2
2024-10-14 13:18:37,063 [WARN] PackLoader:240 - Cannot read IP mode file for STMicroelectronics.X-CUBE-AZRTOS-F7.1.1.0
2024-10-14 13:18:37,104 [WARN] PackLoader:240 - Cannot read IP mode file for STMicroelectronics.FP-SNS-MOTENV1.4.3.2
2024-10-14 13:18:37,284 [WARN] PackLoader:240 - Cannot read IP mode file for STMicroelectronics.X-CUBE-MEMS1.11.0.0
2024-10-14 13:18:37,676 [WARN] PackLoader:240 - Cannot read IP mode file for STMicroelectronics.X-CUBE-BLE1.6.2.4
2024-10-14 13:18:37,717 [WARN] PackLoader:240 - Cannot read IP mode file for STMicroelectronics.FP-SNS-FLIGHT1.5.0.2
2024-10-14 13:18:37,751 [WARN] PackLoader:240 - Cannot read IP mode file for STMicroelectronics.X-CUBE-DISPLAY.3.0.0
2024-10-14 13:18:37,795 [WARN] PackLoader:240 - Cannot read IP mode file for STMicroelectronics.X-CUBE-BLE1.7.0.0
2024-10-14 13:18:37,831 [WARN] PackLoader:240 - Cannot read IP mode file for STMicroelectronics.X-CUBE-NFC10.1.0.0
2024-10-14 13:18:37,853 [WARN] PackLoader:240 - Cannot read IP mode file for STMicroelectronics.X-CUBE-TOUCHGFX.4.22.0
2024-10-14 13:18:37,871 [WARN] PackLoader:240 - Cannot read IP mode file for STMicroelectronics.X-CUBE-TOUCHGFX.4.22.1
2024-10-14 13:18:37,903 [WARN] PackLoader:240 - Cannot read IP mode file for STMicroelectronics.X-CUBE-BLEMGR.3.1.0
2024-10-14 13:18:37,938 [WARN] PackLoader:240 - Cannot read IP mode file for STMicroelectronics.FP-SNS-SMARTAG2.1.2.0
2024-10-14 13:18:37,979 [INFO] LogOutputStream:77 - [STDOUT_REDIRECT] 1 : Invalid condition id : UX_CORESTACK_Condition cause : null
2024-10-14 13:18:37,980 [INFO] LogOutputStream:77 - [STDOUT_REDIRECT] 1 : Invalid condition id : UX_CORESTACK_Condition cause : null
2024-10-14 13:18:37,981 [INFO] LogOutputStream:77 - [STDOUT_REDIRECT] 1 : Invalid condition id : UX_CORESTACK_Condition cause : null
2024-10-14 13:18:37,984 [INFO] LogOutputStream:77 - [STDOUT_REDIRECT] 1 : Invalid condition id : UX_CORESTACK_Condition cause : null
2024-10-14 13:18:37,987 [INFO] LogOutputStream:77 - [STDOUT_REDIRECT] 1 : Invalid condition id : UX_CORESTACK_Condition cause : null
2024-10-14 13:18:37,993 [WARN] PackLoader:240 - Cannot read IP mode file for STMicroelectronics.X-CUBE-AZRTOS-WL.2.0.0
2024-10-14 13:18:38,020 [WARN] PackLoader:240 - Cannot read IP mode file for STMicroelectronics.FP-SNS-MOTENV1.5.0.0
2024-10-14 13:18:38,044 [WARN] PackLoader:240 - Cannot read IP mode file for wolfSSL.I-CUBE-wolfMQTT.1.19.0
2024-10-14 13:18:38,075 [WARN] PackLoader:240 - Cannot read IP mode file for WES.I-CUBE-Cesium.1.3.0
2024-10-14 13:18:38,105 [WARN] PackLoader:240 - Cannot read IP mode file for STMicroelectronics.X-CUBE-BLE2.3.3.0
2024-10-14 13:18:38,137 [WARN] PackLoader:240 - Cannot read IP mode file for STMicroelectronics.X-CUBE-DISPLAY.2.2.0
2024-10-14 13:18:38,193 [WARN] PackLoader:240 - Cannot read IP mode file for STMicroelectronics.X-CUBE-TOF1.3.2.0
2024-10-14 13:18:38,237 [WARN] PackLoader:240 - Cannot read IP mode file for STMicroelectronics.X-CUBE-NFC9.1.0.0
2024-10-14 13:18:38,269 [WARN] PackLoader:240 - Cannot read IP mode file for STMicroelectronics.X-CUBE-TCPP.4.1.0
2024-10-14 13:18:38,295 [WARN] PackLoader:240 - Cannot read IP mode file for STMicroelectronics.X-CUBE-TOUCHGFX.4.21.1
2024-10-14 13:18:38,320 [WARN] PackLoader:240 - Cannot read IP mode file for STMicroelectronics.X-CUBE-TOUCHGFX.4.21.3
2024-10-14 13:18:38,435 [WARN] PackLoader:240 - Cannot read IP mode file for STMicroelectronics.X-CUBE-MEMS1.9.4.0
2024-10-14 13:18:38,606 [WARN] PackLoader:240 - Cannot read IP mode file for STMicroelectronics.X-CUBE-AI.7.3.0
2024-10-14 13:18:38,637 [WARN] PackLoader:240 - Cannot read IP mode file for STMicroelectronics.X-CUBE-ALGOBUILD.1.3.0
2024-10-14 13:18:38,692 [WARN] PackLoader:240 - Cannot read IP mode file for STMicroelectronics.X-CUBE-AZRTOS-G0.1.1.0
2024-10-14 13:18:38,718 [WARN] PackLoader:240 - Cannot read IP mode file for STMicroelectronics.X-CUBE-SAFEA1.1.2.2
2024-10-14 13:18:38,740 [WARN] PackLoader:240 - Cannot read IP mode file for STMicroelectronics.X-CUBE-NFC4.3.0.0
2024-10-14 13:18:38,775 [WARN] PackLoader:240 - Cannot read IP mode file for EmbeddedOffice.I-CUBE-FS-RTOS.1.0.1
2024-10-14 13:18:38,775 [ERROR] ConditionMgr:805 - Attr not supported : Dmpu
2024-10-14 13:18:38,775 [ERROR] ConditionMgr:805 - Attr not supported : Dmpu
2024-10-14 13:18:38,775 [ERROR] ConditionMgr:805 - Attr not supported : Dmpu
2024-10-14 13:18:38,775 [ERROR] ConditionMgr:805 - Attr not supported : Dmpu
2024-10-14 13:18:38,776 [ERROR] ConditionMgr:805 - Attr not supported : Dmpu
2024-10-14 13:18:38,776 [ERROR] ConditionMgr:805 - Attr not supported : Dmpu
2024-10-14 13:18:38,776 [ERROR] ConditionMgr:805 - Attr not supported : Dmpu
2024-10-14 13:18:38,776 [ERROR] ConditionMgr:805 - Attr not supported : Dmpu
2024-10-14 13:18:38,776 [ERROR] ConditionMgr:805 - Attr not supported : Dmpu
2024-10-14 13:18:38,776 [ERROR] ConditionMgr:805 - Attr not supported : Dmpu
2024-10-14 13:18:38,777 [ERROR] ConditionMgr:805 - Attr not supported : Dmpu
2024-10-14 13:18:38,777 [ERROR] ConditionMgr:805 - Attr not supported : Dmpu
2024-10-14 13:18:38,777 [ERROR] ConditionMgr:805 - Attr not supported : Dmpu
2024-10-14 13:18:38,777 [ERROR] ConditionMgr:805 - Attr not supported : Dmpu
2024-10-14 13:18:38,777 [ERROR] ConditionMgr:805 - Attr not supported : Dmpu
2024-10-14 13:18:38,777 [ERROR] ConditionMgr:805 - Attr not supported : Dmpu
2024-10-14 13:18:38,777 [ERROR] ConditionMgr:805 - Attr not supported : Dmpu
2024-10-14 13:18:38,778 [ERROR] ConditionMgr:805 - Attr not supported : Dmpu
2024-10-14 13:18:38,778 [ERROR] ConditionMgr:805 - Attr not supported : Dmpu
2024-10-14 13:18:38,778 [ERROR] ConditionMgr:805 - Attr not supported : Dmpu
2024-10-14 13:18:38,778 [ERROR] ConditionMgr:805 - Attr not supported : Dmpu
2024-10-14 13:18:38,778 [ERROR] ConditionMgr:805 - Attr not supported : Dmpu
2024-10-14 13:18:38,778 [ERROR] ConditionMgr:805 - Attr not supported : Dmpu
2024-10-14 13:18:38,778 [ERROR] ConditionMgr:805 - Attr not supported : Dmpu
2024-10-14 13:18:38,778 [ERROR] ConditionMgr:805 - Attr not supported : Dmpu
2024-10-14 13:18:38,778 [ERROR] ConditionMgr:805 - Attr not supported : Dmpu
2024-10-14 13:18:38,779 [ERROR] ConditionMgr:805 - Attr not supported : Dmpu
2024-10-14 13:18:38,779 [ERROR] ConditionMgr:805 - Attr not supported : Dmpu
2024-10-14 13:18:38,779 [ERROR] ConditionMgr:805 - Attr not supported : Dmpu
2024-10-14 13:18:38,779 [ERROR] ConditionMgr:805 - Attr not supported : Dmpu
2024-10-14 13:18:38,779 [ERROR] ConditionMgr:805 - Attr not supported : Dmpu
2024-10-14 13:18:38,779 [ERROR] ConditionMgr:805 - Attr not supported : Dmpu
2024-10-14 13:18:38,779 [ERROR] ConditionMgr:805 - Attr not supported : Dmpu
2024-10-14 13:18:38,779 [ERROR] ConditionMgr:805 - Attr not supported : Dmpu
2024-10-14 13:18:38,779 [ERROR] ConditionMgr:805 - Attr not supported : Dmpu
2024-10-14 13:18:38,780 [ERROR] ConditionMgr:805 - Attr not supported : Dmpu
2024-10-14 13:18:38,780 [ERROR] ConditionMgr:805 - Attr not supported : Dmpu
2024-10-14 13:18:38,780 [ERROR] ConditionMgr:805 - Attr not supported : Dmpu
2024-10-14 13:18:38,780 [ERROR] ConditionMgr:805 - Attr not supported : Dmpu
2024-10-14 13:18:38,780 [ERROR] ConditionMgr:805 - Attr not supported : Dmpu
2024-10-14 13:18:38,780 [ERROR] ConditionMgr:805 - Attr not supported : Dmpu
2024-10-14 13:18:38,780 [ERROR] ConditionMgr:805 - Attr not supported : Dmpu
2024-10-14 13:18:38,780 [ERROR] ConditionMgr:805 - Attr not supported : Dmpu
2024-10-14 13:18:38,781 [ERROR] ConditionMgr:805 - Attr not supported : Dmpu
2024-10-14 13:18:38,781 [ERROR] ConditionMgr:805 - Attr not supported : Dmpu
2024-10-14 13:18:38,781 [ERROR] ConditionMgr:805 - Attr not supported : Dmpu
2024-10-14 13:18:38,781 [ERROR] ConditionMgr:805 - Attr not supported : Dmpu
2024-10-14 13:18:38,781 [ERROR] ConditionMgr:805 - Attr not supported : Dmpu
2024-10-14 13:18:38,781 [ERROR] ConditionMgr:805 - Attr not supported : Dmpu
2024-10-14 13:18:38,781 [ERROR] ConditionMgr:805 - Attr not supported : Dmpu
2024-10-14 13:18:38,781 [ERROR] ConditionMgr:805 - Attr not supported : Dmpu
2024-10-14 13:18:38,782 [ERROR] ConditionMgr:805 - Attr not supported : Dmpu
2024-10-14 13:18:38,782 [ERROR] ConditionMgr:805 - Attr not supported : Dmpu
2024-10-14 13:18:38,782 [ERROR] ConditionMgr:805 - Attr not supported : Dmpu
2024-10-14 13:18:38,782 [ERROR] ConditionMgr:805 - Attr not supported : Dmpu
2024-10-14 13:18:38,782 [ERROR] ConditionMgr:805 - Attr not supported : Dmpu
2024-10-14 13:18:38,782 [ERROR] ConditionMgr:805 - Attr not supported : Dmpu
2024-10-14 13:18:38,782 [ERROR] ConditionMgr:805 - Attr not supported : Dmpu
2024-10-14 13:18:38,782 [ERROR] ConditionMgr:805 - Attr not supported : Dmpu
2024-10-14 13:18:38,782 [ERROR] ConditionMgr:805 - Attr not supported : Dmpu
2024-10-14 13:18:38,783 [ERROR] ConditionMgr:805 - Attr not supported : Dmpu
2024-10-14 13:18:38,783 [ERROR] ConditionMgr:805 - Attr not supported : Dmpu
2024-10-14 13:18:38,783 [ERROR] ConditionMgr:805 - Attr not supported : Dmpu
2024-10-14 13:18:38,783 [ERROR] ConditionMgr:805 - Attr not supported : Dmpu
2024-10-14 13:18:38,812 [WARN] PackLoader:240 - Cannot read IP mode file for STMicroelectronics.X-CUBE-BLEMGR.1.3.0
2024-10-14 13:18:38,839 [WARN] PackLoader:240 - Cannot read IP mode file for RealThread.X-CUBE-RT-Thread_Nano.4.1.1
2024-10-14 13:18:38,857 [WARN] PackLoader:240 - Cannot read IP mode file for STMicroelectronics.FP-ATR-SIGFOX1.3.2.0
2024-10-14 13:18:38,883 [WARN] PackLoader:240 - Cannot read IP mode file for STMicroelectronics.X-CUBE-EEPRMA1.5.1.0
2024-10-14 13:18:39,007 [WARN] PackLoader:240 - Cannot read IP mode file for STMicroelectronics.X-CUBE-MEMS1.9.5.0
2024-10-14 13:18:39,246 [WARN] PackLoader:240 - Cannot read IP mode file for SEGGER.I-CUBE-embOS.1.3.1
2024-10-14 13:18:39,325 [WARN] PackLoader:240 - Cannot read IP mode file for STMicroelectronics.X-CUBE-ALGOBUILD.1.4.0
2024-10-14 13:18:39,404 [WARN] PackLoader:240 - Cannot read IP mode file for SEGGER.I-CUBE-embOS.1.3.0
2024-10-14 13:18:39,483 [WARN] PackLoader:240 - Cannot read IP mode file for STMicroelectronics.X-CUBE-AI.9.1.0
2024-10-14 13:18:39,513 [WARN] PackLoader:240 - Cannot read IP mode file for STMicroelectronics.X-CUBE-GNSS1.6.0.0
2024-10-14 13:18:39,565 [WARN] PackLoader:240 - Cannot read IP mode file for STMicroelectronics.X-CUBE-AZRTOS-F4.1.1.0
2024-10-14 13:18:39,589 [WARN] PackLoader:240 - Cannot read IP mode file for STMicroelectronics.X-CUBE-ISPU.2.1.0
2024-10-14 13:18:39,610 [WARN] PackLoader:240 - Cannot read IP mode file for STMicroelectronics.X-CUBE-FREERTOS.1.2.0
2024-10-14 13:18:39,660 [WARN] PackLoader:240 - Cannot read IP mode file for STMicroelectronics.X-CUBE-AZRTOS-L5.2.0.0
2024-10-14 13:18:39,780 [WARN] PackLoader:240 - Cannot read IP mode file for STMicroelectronics.X-CUBE-MEMS1.9.6.0
2024-10-14 13:18:40,116 [WARN] PackLoader:240 - Cannot read IP mode file for STMicroelectronics.X-CUBE-EEPRMA1.4.2.0
2024-10-14 13:18:40,153 [WARN] PackLoader:240 - Cannot read IP mode file for STMicroelectronics.X-CUBE-NFC6.3.1.0
2024-10-14 13:18:40,179 [WARN] PackLoader:240 - Cannot read IP mode file for ITTIA_DB.I-CUBE-ITTIADB.8.8.0
2024-10-14 13:18:40,204 [WARN] PackLoader:240 - Cannot read IP mode file for emotas.I-CUBE-CANOPEN.1.1.3
2024-10-14 13:18:40,231 [WARN] PackLoader:240 - Cannot read IP mode file for STMicroelectronics.X-CUBE-BLEMGR.2.0.0
2024-10-14 13:18:40,255 [WARN] PackLoader:240 - Cannot read IP mode file for STMicroelectronics.X-CUBE-DPower.1.2.0
2024-10-14 13:18:40,275 [WARN] PackLoader:240 - Cannot read IP mode file for STMicroelectronics.X-CUBE-AI.9.0.0
2024-10-14 13:18:40,326 [WARN] ConditionMgr:438 - getConditionDescription Invalid condition id : UX DEVICE CLASS RTOS Condition cause : null
2024-10-14 13:18:40,326 [WARN] ConditionMgr:438 - getConditionDescription Invalid condition id : UX DEVICE CLASS RTOS Condition cause : null
2024-10-14 13:18:40,329 [WARN] PackLoader:240 - Cannot read IP mode file for STMicroelectronics.X-CUBE-AZRTOS-H7.3.1.0
2024-10-14 13:18:40,331 [WARN] ConditionMgr:1039 - genDependencies : Invalid condition id : UX DEVICE CLASS RTOS Condition cause : null
2024-10-14 13:18:40,331 [WARN] ConditionMgr:1039 - genDependencies : Invalid condition id : UX DEVICE CLASS RTOS Condition cause : null
2024-10-14 13:18:40,332 [WARN] ConditionMgr:1039 - genDependencies : Invalid condition id : UX DEVICE CLASS RTOS Condition cause : null
2024-10-14 13:18:40,332 [WARN] ConditionMgr:1039 - genDependencies : Invalid condition id : UX DEVICE CLASS RTOS Condition cause : null
2024-10-14 13:18:40,332 [WARN] ConditionMgr:1039 - genDependencies : Invalid condition id : UX DEVICE CLASS RTOS Condition cause : null
2024-10-14 13:18:40,353 [WARN] PackLoader:240 - Cannot read IP mode file for wolfSSL.I-CUBE-wolfSSL.5.5.4
2024-10-14 13:18:40,381 [WARN] PackLoader:240 - Cannot read IP mode file for STMicroelectronics.X-CUBE-NFC7.1.0.1
2024-10-14 13:18:40,403 [WARN] PackLoader:240 - Cannot read IP mode file for STMicroelectronics.X-CUBE-NFC7.1.0.0
2024-10-14 13:18:40,425 [WARN] PackLoader:240 - Cannot read IP mode file for wolfSSL.I-CUBE-wolfTPM.3.2.0
2024-10-14 13:18:40,452 [WARN] PackLoader:240 - Cannot read IP mode file for STMicroelectronics.X-CUBE-NFC6.3.0.0
2024-10-14 13:18:40,476 [WARN] PackLoader:240 - Cannot read IP mode file for STMicroelectronics.X-CUBE-EEPRMA1.4.1.0
2024-10-14 13:18:40,497 [WARN] PackLoader:240 - Cannot read IP mode file for STMicroelectronics.X-CUBE-AI.8.1.0
2024-10-14 13:18:40,545 [WARN] ConditionMgr:438 - getConditionDescription Invalid condition id : LAN8742 Phy interface Condition cause : null
2024-10-14 13:18:40,546 [WARN] PackLoader:240 - Cannot read IP mode file for STMicroelectronics.X-CUBE-AZRTOS-L4.2.0.0
2024-10-14 13:18:40,549 [WARN] ConditionMgr:1039 - genDependencies : Invalid condition id : LAN8742 Phy interface Condition cause : null
2024-10-14 13:18:40,549 [WARN] ConditionMgr:1039 - genDependencies : Invalid condition id : LAN8742 Phy interface Condition cause : null
2024-10-14 13:18:40,550 [WARN] ConditionMgr:1039 - genDependencies : Invalid condition id : LAN8742 Phy interface Condition cause : null
2024-10-14 13:18:40,577 [WARN] PackLoader:240 - Cannot read IP mode file for STMicroelectronics.X-CUBE-SFXS2LP1.4.0.0
2024-10-14 13:18:40,641 [WARN] PackLoader:240 - Cannot read IP mode file for STMicroelectronics.X-CUBE-AZRTOS-H7.3.0.0
2024-10-14 13:18:40,668 [WARN] PackLoader:240 - Cannot read IP mode file for STMicroelectronics.X-CUBE-ISPU.1.1.0
2024-10-14 13:18:40,739 [WARN] PackLoader:240 - Cannot read IP mode file for STMicroelectronics.X-CUBE-AZRTOS-H7.3.3.0
2024-10-14 13:18:40,773 [WARN] PackLoader:240 - Cannot read IP mode file for RoweBots.I-CUBE-UNISONRTOS.5.5.0-4
2024-10-14 13:18:40,796 [WARN] PackLoader:240 - Cannot read IP mode file for STMicroelectronics.X-CUBE-AI.8.0.0
2024-10-14 13:18:40,829 [WARN] PackLoader:240 - Cannot read IP mode file for STMicroelectronics.X-CUBE-IPS.3.0.0
2024-10-14 13:18:40,878 [WARN] ConditionMgr:438 - getConditionDescription Invalid condition id : UX DEVICE CLASS RTOS Condition cause : null
2024-10-14 13:18:40,878 [WARN] ConditionMgr:438 - getConditionDescription Invalid condition id : UX DEVICE CLASS RTOS Condition cause : null
2024-10-14 13:18:40,882 [WARN] PackLoader:240 - Cannot read IP mode file for STMicroelectronics.X-CUBE-AZRTOS-WB.2.0.0
2024-10-14 13:18:40,883 [WARN] ConditionMgr:1039 - genDependencies : Invalid condition id : UX DEVICE CLASS RTOS Condition cause : null
2024-10-14 13:18:40,883 [WARN] ConditionMgr:1039 - genDependencies : Invalid condition id : UX DEVICE CLASS RTOS Condition cause : null
2024-10-14 13:18:40,884 [WARN] ConditionMgr:1039 - genDependencies : Invalid condition id : UX DEVICE CLASS RTOS Condition cause : null
2024-10-14 13:18:40,885 [WARN] ConditionMgr:1039 - genDependencies : Invalid condition id : UX DEVICE CLASS RTOS Condition cause : null
2024-10-14 13:18:40,885 [WARN] ConditionMgr:1039 - genDependencies : Invalid condition id : UX DEVICE CLASS RTOS Condition cause : null
2024-10-14 13:18:40,909 [WARN] PackLoader:240 - Cannot read IP mode file for STMicroelectronics.X-CUBE-FREERTOS.1.0.1
2024-10-14 13:18:40,937 [WARN] PackLoader:240 - Cannot read IP mode file for STMicroelectronics.X-CUBE-GNSS1.7.0.0
2024-10-14 13:18:40,966 [WARN] PackLoader:240 - Cannot read IP mode file for STMicroelectronics.FP-SNS-STBOX1.2.0.0
2024-10-14 13:18:41,013 [WARN] PackLoader:240 - Cannot read IP mode file for STMicroelectronics.X-CUBE-AZRTOS-L5.1.1.0
2024-10-14 13:18:41,045 [WARN] PackLoader:240 - Cannot read IP mode file for STMicroelectronics.X-CUBE-SUBG2.5.0.0
2024-10-14 13:18:41,069 [WARN] PackLoader:240 - Cannot read IP mode file for Cesanta.I-CUBE-Mongoose.7.13.0
2024-10-14 13:18:41,099 [WARN] PackLoader:240 - Cannot read IP mode file for STMicroelectronics.X-CUBE-TOF1.3.3.1
2024-10-14 13:18:41,149 [WARN] PackLoader:240 - Cannot read IP mode file for STMicroelectronics.X-CUBE-AZRTOS-G4.2.0.0
2024-10-14 13:18:41,178 [WARN] PackLoader:240 - Cannot read IP mode file for STMicroelectronics.X-CUBE-TOF1.3.3.0
2024-10-14 13:18:41,203 [WARN] PackLoader:240 - Cannot read IP mode file for STMicroelectronics.FP-ATR-ASTRA1.1.1.1
2024-10-14 13:18:41,247 [WARN] PackLoader:240 - Cannot read IP mode file for Infineon.AIROC-Wi-Fi-Bluetooth-STM32.1.5.1
2024-10-14 13:18:41,291 [WARN] PackLoader:240 - Cannot read IP mode file for STMicroelectronics.X-CUBE-AZRTOS-G4.1.0.0
2024-10-14 13:18:41,345 [WARN] PackLoader:240 - Cannot read IP mode file for STMicroelectronics.X-CUBE-AZRTOS-L4.1.0.0
2024-10-14 13:18:41,373 [WARN] PackLoader:240 - Cannot read IP mode file for STMicroelectronics.X-CUBE-ISPU.2.0.0
2024-10-14 13:18:41,390 [WARN] PackLoader:240 - Cannot read IP mode file for STMicroelectronics.X-CUBE-ALS.1.0.2
2024-10-14 13:18:41,475 [WARN] PackLoader:240 - Cannot read IP mode file for STMicroelectronics.X-CUBE-MEMS1.10.0.0
2024-10-14 13:18:41,641 [WARN] PackLoader:240 - Cannot read IP mode file for STMicroelectronics.X-CUBE-FREERTOS.1.1.0
2024-10-14 13:18:41,663 [WARN] PackLoader:240 - Cannot read IP mode file for STMicroelectronics.X-CUBE-TOUCHGFX.4.24.0
2024-10-14 13:18:41,693 [WARN] PackLoader:240 - Cannot read IP mode file for STMicroelectronics.X-CUBE-AZRTOS-WL.1.0.0
2024-10-14 13:18:41,715 [WARN] PackLoader:240 - Cannot read IP mode file for STMicroelectronics.X-CUBE-TOUCHGFX.4.24.1
2024-10-14 13:18:41,744 [WARN] PackLoader:240 - Cannot read IP mode file for portGmbH.I-Cube-SoM-uGOAL.1.1.0
2024-10-14 13:18:41,766 [WARN] PackLoader:240 - Cannot read IP mode file for STMicroelectronics.X-CUBE-ALS.1.0.1
2024-10-14 13:18:41,806 [WARN] PackLoader:240 - Cannot read IP mode file for STMicroelectronics.X-CUBE-AZRTOS-WB.1.1.0
2024-10-14 13:18:41,852 [WARN] PackLoader:240 - Cannot read IP mode file for STMicroelectronics.X-CUBE-AZRTOS-H7RS.1.0.0
2024-10-14 13:18:41,870 [WARN] PackLoader:240 - Cannot read IP mode file for STMicroelectronics.FP-ATR-ASTRA1.2.0.0
2024-10-14 13:18:41,898 [WARN] PackLoader:240 - Cannot read IP mode file for STMicroelectronics.X-CUBE-TOF1.3.4.2
2024-10-14 13:18:41,932 [WARN] PackLoader:240 - Cannot read IP mode file for STMicroelectronics.X-CUBE-TOF1.3.4.1
2024-10-14 13:18:41,986 [WARN] PackLoader:240 - Cannot read IP mode file for STMicroelectronics.X-CUBE-AZRTOS-H7.3.2.0
2024-10-14 13:18:42,007 [WARN] PackLoader:240 - Cannot read IP mode file for wolfSSL.I-CUBE-wolfSSH.1.4.17
2024-10-14 13:18:42,008 [INFO] ThirdParty:978 - Integrity check success = true
2024-10-14 13:18:42,008 [INFO] IntegrityCheckThread:100 - exiting critical section [integrity check]
2024-10-14 13:18:42,008 [INFO] IntegrityCheckThread:103 - End integrity checks thread
2024-10-14 13:18:47,393 [INFO] WebApp:161 - Instantiating new browser for Auth
2024-10-14 13:18:48,498 [INFO] WebApp:779 - Register for checkConnection events
2024-10-14 13:18:48,498 [INFO] WebApp:414 - Apply proxy settings
2024-10-14 13:18:48,499 [INFO] WebApp:499 - Chromium requires no authentication
2024-10-14 13:18:48,514 [INFO] WebApp:442 - Direct internet connection detected
2024-10-14 13:18:48,822 [INFO] WebApp:192 - Starting web application
2024-10-14 13:18:48,822 [INFO] WebApp:544 - Web application path used C:\ST\STM32CubeIDE_1.11.0\STM32CubeIDE\plugins\com.st.stm32cube.common.mx_6.11.1.202404110753\db\plugins\mcufinder\reactClient1\index.html
