2024-12-20 22:06:24,155 [INFO] Activator:176 - 


2024-12-20 22:06:24,169 [INFO] Activator:177 - !SESSION log4j initialized
2024-12-20 22:06:39,557 [INFO] LogOutputStream:77 - [STDOUT_REDIRECT] 
2024-12-20 22:06:42,699 [INFO] ApplicationProperties:184 - Using Application install path: C:\ST\STM32CubeIDE_1.11.0\STM32CubeIDE\plugins\com.st.stm32cube.common.mx_6.11.1.202404110753
2024-12-20 22:06:42,728 [INFO] DbMcusXml:78 - Set database path to: C:\ST\STM32CubeIDE_1.11.0\STM32CubeIDE\plugins\com.st.stm32cube.common.mx_6.11.1.202404110753\\db\/mcu/
2024-12-20 22:06:42,728 [INFO] ApiDb:274 - Set plugin database path to: C:\ST\STM32CubeIDE_1.11.0\STM32CubeIDE\plugins\com.st.stm32cube.common.mx_6.11.1.202404110753\\db\/plugins/boardmanager/
2024-12-20 22:06:42,729 [WARN] ApiDb:259 - Overriding images path with different value:  => C:\ST\STM32CubeIDE_1.11.0\STM32CubeIDE\plugins\com.st.stm32cube.common.mx_6.11.1.202404110753\\db\/plugins/mcufinder/images/
2024-12-20 22:06:42,755 [INFO] ApiDb:250 - Set database path to: C:\Users\julio\.stmcufinder\plugins\mcufinder//mcu/
2024-12-20 22:06:42,757 [INFO] DbMcusAds:125 - Set database path to: C:\Users\julio\.stmcufinder\plugins\mcufinder//mcu/
2024-12-20 22:06:42,764 [INFO] CrossReferenceDbSqlite:203 - Set database path to: C:\Users\julio\.stmcufinder\plugins\mcufinder//mcu/cs/
2024-12-20 22:06:43,007 [INFO] RulesReader:64 - Compatibility file has been processed (297 Rules)
2024-12-20 22:06:43,155 [INFO] DbMcusXml:78 - Set database path to: C:\ST\STM32CubeIDE_1.11.0\STM32CubeIDE\plugins\com.st.stm32cube.common.mx_6.11.1.202404110753\\db\/mcu/
2024-12-20 22:06:43,155 [INFO] ApiDb:274 - Set plugin database path to: C:\ST\STM32CubeIDE_1.11.0\STM32CubeIDE\plugins\com.st.stm32cube.common.mx_6.11.1.202404110753\\db\/plugins/boardmanager/
2024-12-20 22:06:43,156 [INFO] ApiDb:261 - Set plugin images path to: C:\ST\STM32CubeIDE_1.11.0\STM32CubeIDE\plugins\com.st.stm32cube.common.mx_6.11.1.202404110753\\db\/plugins/mcufinder/images/
2024-12-20 22:06:43,156 [WARN] DbFile:41 - Overriding database path with different value: C:\Users\julio\.stmcufinder\plugins\mcufinder/ => C:\Users\julio\.stmcufinder\plugins\mcufinder
2024-12-20 22:06:43,156 [INFO] ApiDb:250 - Set database path to: C:\Users\julio\.stmcufinder\plugins\mcufinder//mcu/
2024-12-20 22:06:43,156 [WARN] DbFile:41 - Overriding database path with different value: C:\Users\julio\.stmcufinder\plugins\mcufinder/ => C:\Users\julio\.stmcufinder\plugins\mcufinder
2024-12-20 22:06:43,157 [INFO] DbMcusAds:125 - Set database path to: C:\Users\julio\.stmcufinder\plugins\mcufinder//mcu/
2024-12-20 22:06:43,157 [WARN] DbFile:41 - Overriding database path with different value: C:\Users\julio\.stmcufinder\plugins\mcufinder/ => C:\Users\julio\.stmcufinder\plugins\mcufinder
2024-12-20 22:06:43,157 [WARN] DbFile:41 - Overriding database path with different value: C:\Users\julio\.stmcufinder\plugins\mcufinder/ => C:\Users\julio\.stmcufinder\plugins\mcufinder
2024-12-20 22:06:43,157 [INFO] CrossReferenceDbSqlite:203 - Set database path to: C:\Users\julio\.stmcufinder\plugins\mcufinder//mcu/cs/
2024-12-20 22:06:43,285 [INFO] MainPanel:264 - HeapMemory: 268435456
2024-12-20 22:06:43,425 [INFO] DbMcusXml:78 - Set database path to: C:\ST\STM32CubeIDE_1.11.0\STM32CubeIDE\plugins\com.st.stm32cube.common.mx_6.11.1.202404110753\\db\/mcu/
2024-12-20 22:06:43,426 [INFO] ApiDb:274 - Set plugin database path to: C:\ST\STM32CubeIDE_1.11.0\STM32CubeIDE\plugins\com.st.stm32cube.common.mx_6.11.1.202404110753\\db\/plugins/boardmanager/
2024-12-20 22:06:43,426 [INFO] ApiDb:261 - Set plugin images path to: C:\ST\STM32CubeIDE_1.11.0\STM32CubeIDE\plugins\com.st.stm32cube.common.mx_6.11.1.202404110753\\db\/plugins/mcufinder/images/
2024-12-20 22:06:43,427 [WARN] DbFile:41 - Overriding database path with different value: C:\Users\julio\.stmcufinder\plugins\mcufinder/ => C:\Users\julio\.stmcufinder\plugins\mcufinder
2024-12-20 22:06:43,427 [INFO] ApiDb:250 - Set database path to: C:\Users\julio\.stmcufinder\plugins\mcufinder//mcu/
2024-12-20 22:06:43,427 [WARN] DbFile:41 - Overriding database path with different value: C:\Users\julio\.stmcufinder\plugins\mcufinder/ => C:\Users\julio\.stmcufinder\plugins\mcufinder
2024-12-20 22:06:43,427 [INFO] DbMcusAds:125 - Set database path to: C:\Users\julio\.stmcufinder\plugins\mcufinder//mcu/
2024-12-20 22:06:43,427 [WARN] DbFile:41 - Overriding database path with different value: C:\Users\julio\.stmcufinder\plugins\mcufinder/ => C:\Users\julio\.stmcufinder\plugins\mcufinder
2024-12-20 22:06:43,427 [WARN] DbFile:41 - Overriding database path with different value: C:\Users\julio\.stmcufinder\plugins\mcufinder/ => C:\Users\julio\.stmcufinder\plugins\mcufinder
2024-12-20 22:06:43,428 [INFO] CrossReferenceDbSqlite:203 - Set database path to: C:\Users\julio\.stmcufinder\plugins\mcufinder//mcu/cs/
2024-12-20 22:06:43,451 [INFO] ApplicationProperties:184 - Using Application install path: C:\ST\STM32CubeIDE_1.11.0\STM32CubeIDE\plugins\com.st.stm32cube.common.mx_6.11.1.202404110753
2024-12-20 22:06:43,453 [INFO] PluginManage:196 - Search for loadable plugins [exclusion list=, ]
2024-12-20 22:06:43,455 [INFO] PluginManage:310 - Check plugin analytics
2024-12-20 22:06:43,769 [INFO] AnalyticsPlugin:253 - Accepted Software Licenses: STM32CubeMX.6.11.1
2024-12-20 22:06:43,770 [INFO] AnalyticsPlugin:255 - Accepted CMSIS Pack Licenses: 
2024-12-20 22:06:43,770 [INFO] AnalyticsPlugin:257 - Accepted Firmware Licenses: FW.F4.1.28.0
2024-12-20 22:06:43,776 [INFO] PluginManage:359 - Loaded plugin analytics (category:tool,tabindex:-1)
2024-12-20 22:06:43,777 [INFO] PluginManage:310 - Check plugin cadmodel
2024-12-20 22:06:43,806 [INFO] CADModel:105 - Init CAD model plugin
2024-12-20 22:06:43,806 [INFO] PluginManage:359 - Loaded plugin cadmodel (category:power,tabindex:5)
2024-12-20 22:06:43,806 [INFO] PluginManage:310 - Check plugin clock
2024-12-20 22:06:43,832 [INFO] PluginManage:359 - Loaded plugin clock (category:base,tabindex:2)
2024-12-20 22:06:43,833 [INFO] PluginManage:310 - Check plugin ddr
2024-12-20 22:06:43,834 [INFO] PluginManage:359 - Loaded plugin ddr (category:tool,tabindex:6)
2024-12-20 22:06:43,834 [INFO] PluginManage:310 - Check plugin filemanager
2024-12-20 22:06:44,038 [INFO] PluginManage:359 - Loaded plugin filemanager (category:base,tabindex:10)
2024-12-20 22:06:44,038 [INFO] PluginManage:310 - Check plugin ipmanager
2024-12-20 22:06:44,049 [INFO] PluginManage:359 - Loaded plugin ipmanager (category:base,tabindex:5)
2024-12-20 22:06:44,049 [INFO] PluginManage:310 - Check plugin lpbam
2024-12-20 22:06:44,070 [INFO] PluginManage:359 - Loaded plugin lpbam (category:base,tabindex:0)
2024-12-20 22:06:44,070 [INFO] PluginManage:310 - Check plugin memorymap
2024-12-20 22:06:44,105 [INFO] PluginManage:359 - Loaded plugin memorymap (category:base,tabindex:4)
2024-12-20 22:06:44,106 [INFO] PluginManage:310 - Check plugin pinoutandconfiguration
2024-12-20 22:06:44,133 [INFO] PluginManage:359 - Loaded plugin pinoutandconfiguration (category:base,tabindex:1)
2024-12-20 22:06:44,133 [INFO] PluginManage:310 - Check plugin pinoutconfig
2024-12-20 22:06:44,289 [WARN] SupportedApi:132 - Cannot load RTOS API schema: s4s-elt-must-match.1: The content of 'definitions' must match (annotation?, (simpleType | complexType)?, (unique | key | keyref)*)). A problem was found starting at: attribute.
2024-12-20 22:06:44,520 [INFO] PluginManage:359 - Loaded plugin pinoutconfig (category:base,tabindex:0)
2024-12-20 22:06:44,520 [INFO] PluginManage:310 - Check plugin power
2024-12-20 22:06:44,554 [INFO] PluginManage:359 - Loaded plugin power (category:power,tabindex:4)
2024-12-20 22:06:44,554 [INFO] PluginManage:310 - Check plugin projectmanager
2024-12-20 22:06:44,592 [INFO] PluginManage:359 - Loaded plugin projectmanager (category:projectmanager,tabindex:3)
2024-12-20 22:06:44,592 [INFO] PluginManage:310 - Check plugin thirdparty
2024-12-20 22:06:45,245 [INFO] PluginManage:359 - Loaded plugin thirdparty (category:base,tabindex:-1)
2024-12-20 22:06:45,245 [WARN] IntegrityCheckThread:84 - waiting for thirdparty lock release [integrity check]
2024-12-20 22:06:45,245 [INFO] IntegrityCheckThread:86 - entering critical section [integrity check]
2024-12-20 22:06:45,245 [INFO] PluginManage:310 - Check plugin tools
2024-12-20 22:06:45,246 [INFO] ThirdPartyUpdaterWithRetryManager:70 - Updater plugin not ready yet. [1/15]
2024-12-20 22:06:45,315 [INFO] PluginManage:359 - Loaded plugin tools (category:base,tabindex:7)
2024-12-20 22:06:45,315 [INFO] PluginManage:310 - Check plugin tutovideos
2024-12-20 22:06:45,860 [INFO] PluginManage:359 - Loaded plugin tutovideos (category:base,tabindex:-1)
2024-12-20 22:06:45,861 [INFO] PluginManage:310 - Check plugin updater
2024-12-20 22:06:45,885 [INFO] PluginManage:359 - Loaded plugin updater (category:base,tabindex:12)
2024-12-20 22:06:45,885 [INFO] PluginManage:310 - Check plugin userauth
2024-12-20 22:06:45,896 [INFO] UserAuth:114 - Init User Auth plugin
2024-12-20 22:06:45,897 [INFO] PluginManage:359 - Loaded plugin userauth (category:base,tabindex:14)
2024-12-20 22:06:45,898 [INFO] PluginManage:283 - PluginManage : Loaded plugins [17]
2024-12-20 22:06:46,305 [INFO] PinOutPanel:1561 - setPackage(No Configuration,No Configuration)
2024-12-20 22:06:46,439 [INFO] CADModel:165 - CPN selected for project level
2024-12-20 22:06:46,440 [INFO] CADModel:114 - Register for checkConnection events
2024-12-20 22:06:46,485 [INFO] IPUIPlugin:80 - create IPUIPlugin
2024-12-20 22:06:46,485 [INFO] PluginManager:220 - loadIPPluginJar : add adc
2024-12-20 22:06:46,571 [INFO] IPUIPlugin:80 - create IPUIPlugin
2024-12-20 22:06:46,571 [INFO] PluginManager:220 - loadIPPluginJar : add aes
2024-12-20 22:06:46,677 [INFO] IPUIPlugin:80 - create IPUIPlugin
2024-12-20 22:06:46,678 [INFO] PluginManager:220 - loadIPPluginJar : add can
2024-12-20 22:06:46,729 [INFO] IPUIPlugin:80 - create IPUIPlugin
2024-12-20 22:06:46,729 [INFO] PluginManager:220 - loadIPPluginJar : add comp
2024-12-20 22:06:46,817 [INFO] IPUIPlugin:80 - create IPUIPlugin
2024-12-20 22:06:46,818 [INFO] PluginManager:220 - loadIPPluginJar : add cryp
2024-12-20 22:06:46,936 [INFO] IPUIPlugin:80 - create IPUIPlugin
2024-12-20 22:06:46,937 [INFO] PluginManager:220 - loadIPPluginJar : add dfsdm
2024-12-20 22:06:46,972 [INFO] IPUIPlugin:80 - create IPUIPlugin
2024-12-20 22:06:46,973 [INFO] PluginManager:220 - loadIPPluginJar : add dma
2024-12-20 22:06:47,088 [INFO] IPUIPlugin:80 - create IPUIPlugin
2024-12-20 22:06:47,088 [INFO] PluginManager:220 - loadIPPluginJar : add dma3
2024-12-20 22:06:47,170 [INFO] IPUIPlugin:80 - create IPUIPlugin
2024-12-20 22:06:47,170 [INFO] PluginManager:220 - loadIPPluginJar : add extmemmanager
2024-12-20 22:06:47,209 [INFO] IPUIPlugin:80 - create IPUIPlugin
2024-12-20 22:06:47,209 [INFO] PluginManager:220 - loadIPPluginJar : add fatfs
2024-12-20 22:06:47,300 [INFO] IPUIPlugin:80 - create IPUIPlugin
2024-12-20 22:06:47,300 [INFO] PluginManager:220 - loadIPPluginJar : add fmc
2024-12-20 22:06:47,320 [INFO] IPUIPlugin:80 - create IPUIPlugin
2024-12-20 22:06:47,320 [INFO] PluginManager:220 - loadIPPluginJar : add freertos
2024-12-20 22:06:47,349 [INFO] IPUIPlugin:80 - create IPUIPlugin
2024-12-20 22:06:47,349 [INFO] PluginManager:220 - loadIPPluginJar : add genericplugin
2024-12-20 22:06:47,510 [INFO] IPUIPlugin:80 - create IPUIPlugin
2024-12-20 22:06:47,510 [INFO] PluginManager:220 - loadIPPluginJar : add gfxmmu
2024-12-20 22:06:47,758 [INFO] IPUIPlugin:80 - create IPUIPlugin
2024-12-20 22:06:47,758 [INFO] PluginManager:220 - loadIPPluginJar : add gic
2024-12-20 22:06:47,788 [INFO] IPUIPlugin:80 - create IPUIPlugin
2024-12-20 22:06:47,788 [INFO] PluginManager:220 - loadIPPluginJar : add gpio
2024-12-20 22:06:47,941 [INFO] IPUIPlugin:80 - create IPUIPlugin
2024-12-20 22:06:47,941 [INFO] PluginManager:220 - loadIPPluginJar : add gtzc
2024-12-20 22:06:47,998 [INFO] IPUIPlugin:80 - create IPUIPlugin
2024-12-20 22:06:47,998 [INFO] PluginManager:220 - loadIPPluginJar : add hash
2024-12-20 22:06:48,068 [INFO] IPUIPlugin:80 - create IPUIPlugin
2024-12-20 22:06:48,068 [INFO] PluginManager:220 - loadIPPluginJar : add i2c
2024-12-20 22:06:48,123 [INFO] IPUIPlugin:80 - create IPUIPlugin
2024-12-20 22:06:48,124 [INFO] PluginManager:220 - loadIPPluginJar : add i2s
2024-12-20 22:06:48,195 [INFO] IPUIPlugin:80 - create IPUIPlugin
2024-12-20 22:06:48,195 [INFO] PluginManager:220 - loadIPPluginJar : add i3c
2024-12-20 22:06:48,248 [INFO] ThirdPartyUpdaterWithRetryManager:70 - Updater plugin not ready yet. [2/15]
2024-12-20 22:06:48,365 [INFO] IPUIPlugin:80 - create IPUIPlugin
2024-12-20 22:06:48,365 [INFO] PluginManager:220 - loadIPPluginJar : add ipddr
2024-12-20 22:06:48,547 [INFO] IPUIPlugin:80 - create IPUIPlugin
2024-12-20 22:06:48,548 [INFO] PluginManager:220 - loadIPPluginJar : add linkedlist
2024-12-20 22:06:48,612 [INFO] IPUIPlugin:80 - create IPUIPlugin
2024-12-20 22:06:48,612 [INFO] PluginManager:220 - loadIPPluginJar : add lorawan
2024-12-20 22:06:48,713 [INFO] IPUIPlugin:80 - create IPUIPlugin
2024-12-20 22:06:48,714 [INFO] PluginManager:220 - loadIPPluginJar : add ltdc
2024-12-20 22:06:48,743 [INFO] IPUIPlugin:80 - create IPUIPlugin
2024-12-20 22:06:48,743 [INFO] PluginManager:220 - loadIPPluginJar : add mdma
2024-12-20 22:06:48,772 [INFO] IPUIPlugin:80 - create IPUIPlugin
2024-12-20 22:06:48,772 [INFO] PluginManager:220 - loadIPPluginJar : add nvic
2024-12-20 22:06:48,856 [INFO] IPUIPlugin:80 - create IPUIPlugin
2024-12-20 22:06:48,856 [INFO] PluginManager:220 - loadIPPluginJar : add opamp
2024-12-20 22:06:48,996 [INFO] IPUIPlugin:80 - create IPUIPlugin
2024-12-20 22:06:48,996 [INFO] PluginManager:220 - loadIPPluginJar : add openamp
2024-12-20 22:06:49,070 [INFO] IPUIPlugin:80 - create IPUIPlugin
2024-12-20 22:06:49,070 [INFO] PluginManager:220 - loadIPPluginJar : add pdm2pcm
2024-12-20 22:06:49,091 [INFO] IPUIPlugin:80 - create IPUIPlugin
2024-12-20 22:06:49,094 [INFO] PluginManager:220 - loadIPPluginJar : add plateformsettings
2024-12-20 22:06:49,127 [INFO] IPUIPlugin:80 - create IPUIPlugin
2024-12-20 22:06:49,128 [INFO] PluginManager:220 - loadIPPluginJar : add quadspi
2024-12-20 22:06:49,146 [INFO] IPUIPlugin:80 - create IPUIPlugin
2024-12-20 22:06:49,146 [INFO] PluginManager:220 - loadIPPluginJar : add resmgrutility
2024-12-20 22:06:49,232 [INFO] IPUIPlugin:80 - create IPUIPlugin
2024-12-20 22:06:49,232 [INFO] PluginManager:220 - loadIPPluginJar : add sai
2024-12-20 22:06:49,285 [INFO] IPUIPlugin:80 - create IPUIPlugin
2024-12-20 22:06:49,285 [INFO] PluginManager:220 - loadIPPluginJar : add spi
2024-12-20 22:06:49,400 [INFO] IPUIPlugin:80 - create IPUIPlugin
2024-12-20 22:06:49,400 [INFO] PluginManager:220 - loadIPPluginJar : add stm32_wpan
2024-12-20 22:06:49,438 [INFO] IPUIPlugin:80 - create IPUIPlugin
2024-12-20 22:06:49,439 [INFO] PluginManager:220 - loadIPPluginJar : add tim
2024-12-20 22:06:49,536 [INFO] IPUIPlugin:80 - create IPUIPlugin
2024-12-20 22:06:49,537 [INFO] PluginManager:220 - loadIPPluginJar : add touchsensing
2024-12-20 22:06:49,573 [INFO] IPUIPlugin:80 - create IPUIPlugin
2024-12-20 22:06:49,574 [INFO] PluginManager:220 - loadIPPluginJar : add tracer_emb
2024-12-20 22:06:49,605 [INFO] IPUIPlugin:80 - create IPUIPlugin
2024-12-20 22:06:49,606 [INFO] PluginManager:220 - loadIPPluginJar : add ts
2024-12-20 22:06:49,644 [INFO] IPUIPlugin:80 - create IPUIPlugin
2024-12-20 22:06:49,645 [INFO] PluginManager:220 - loadIPPluginJar : add tsc
2024-12-20 22:06:49,676 [INFO] IPUIPlugin:80 - create IPUIPlugin
2024-12-20 22:06:49,676 [INFO] PluginManager:220 - loadIPPluginJar : add ucpd
2024-12-20 22:06:49,747 [INFO] IPUIPlugin:80 - create IPUIPlugin
2024-12-20 22:06:49,747 [INFO] PluginManager:220 - loadIPPluginJar : add usart
2024-12-20 22:06:49,809 [INFO] IPUIPlugin:80 - create IPUIPlugin
2024-12-20 22:06:49,809 [INFO] PluginManager:220 - loadIPPluginJar : add usbx
2024-12-20 22:06:49,983 [INFO] CADModel:165 - CPN selected for project level
2024-12-20 22:06:49,983 [INFO] CADModel:114 - Register for checkConnection events
2024-12-20 22:06:49,984 [FATAL] Updater:308 - Updater called before beeing initialized
2024-12-20 22:06:49,984 [ERROR] CADModel:125 - Updater not yet initialized, retry later 
2024-12-20 22:06:50,275 [INFO] CADModel:165 - CPN selected for project level
2024-12-20 22:06:50,276 [INFO] CADModel:114 - Register for checkConnection events
2024-12-20 22:06:50,276 [FATAL] Updater:308 - Updater called before beeing initialized
2024-12-20 22:06:50,276 [ERROR] CADModel:125 - Updater not yet initialized, retry later 
2024-12-20 22:06:50,283 [FATAL] Updater:308 - Updater called before beeing initialized
2024-12-20 22:06:50,540 [FATAL] Updater:308 - Updater called before beeing initialized
2024-12-20 22:06:50,562 [INFO] DbMcusAds:53 - JSON generation date=Fri Sep 20 07:04:23 CST 2024 (1726837463113)
2024-12-20 22:06:50,563 [FATAL] Updater:308 - Updater called before beeing initialized
2024-12-20 22:06:50,630 [WARN] DetailPanel:346 - Failed to get advertising image, set to default
2024-12-20 22:06:50,755 [FATAL] Updater:308 - Updater called before beeing initialized
2024-12-20 22:06:50,757 [FATAL] Updater:308 - Updater called before beeing initialized
2024-12-20 22:06:50,757 [FATAL] Updater:308 - Updater called before beeing initialized
2024-12-20 22:06:50,757 [WARN] DetailPanel:346 - Failed to get advertising image, set to default
2024-12-20 22:06:50,758 [FATAL] Updater:308 - Updater called before beeing initialized
2024-12-20 22:06:50,892 [ERROR] Updater:1120 - MainUpdater not yet initialized. External WinMGr cannot be set.
2024-12-20 22:06:50,911 [INFO] Updater:1056 - Updater Version found : 6.11.1
2024-12-20 22:06:50,947 [INFO] ApplicationProperties:184 - Using Application install path: C:\ST\STM32CubeIDE_1.11.0\STM32CubeIDE\plugins\com.st.stm32cube.common.mx_6.11.1.202404110753
2024-12-20 22:06:51,252 [INFO] ThirdPartyUpdaterWithRetryManager:70 - Updater plugin not ready yet. [3/15]
2024-12-20 22:06:52,564 [ERROR] LogOutputStream:75 - [STDERR_REDIRECT] Dec 20, 2024 10:06:52 PM java.util.prefs.WindowsPreferences <init>
2024-12-20 22:06:52,571 [ERROR] LogOutputStream:75 - [STDERR_REDIRECT] WARNING: Could not open/create prefs root node Software\JavaSoft\Prefs at root 0xffffffff80000002. Windows RegCreateKeyEx(...) returned error code 5.
2024-12-20 22:06:52,571 [ERROR] LogOutputStream:75 - [STDERR_REDIRECT] 
2024-12-20 22:06:53,229 [INFO] MainUpdater:2873 - connection check result : 10
2024-12-20 22:06:53,231 [INFO] MainUpdater:290 - Updater Check For Update Now.
2024-12-20 22:06:53,231 [INFO] MicroXplorer:498 - Change Database Version : DB.6.0.111
2024-12-20 22:06:53,271 [INFO] McuFinderGlobals:63 - Set McuFinder mode to 2 (CubeIDE integrated)
2024-12-20 22:06:53,297 [INFO] UserAuth:415 - Internet connection configuration mode: 1
2024-12-20 22:06:53,342 [INFO] JxBrowserEngine:152 - Initiate JxBrowser Engine with user profile folder
2024-12-20 22:06:53,722 [INFO] CheckServerUpdateThread:120 - End of CheckServer Thread
2024-12-20 22:06:54,756 [WARN] PackLoader:240 - Cannot read IP mode file for STMicroelectronics.FP-SNS-MOTENVWB1.1.4.0
2024-12-20 22:06:54,791 [WARN] PackLoader:240 - Cannot read IP mode file for STMicroelectronics.FP-ATR-ASTRA1.2.0.1
2024-12-20 22:06:54,847 [WARN] PackLoader:240 - Cannot read IP mode file for STMicroelectronics.X-CUBE-SMBUS.2.1.0
2024-12-20 22:06:54,882 [WARN] PackLoader:240 - Cannot read IP mode file for STMicroelectronics.X-CUBE-WB05N.1.1.0
2024-12-20 22:06:54,912 [WARN] PackLoader:240 - Cannot read IP mode file for STMicroelectronics.X-CUBE-TOUCHGFX.4.23.2
2024-12-20 22:06:55,053 [WARN] PackLoader:240 - Cannot read IP mode file for STMicroelectronics.X-CUBE-AZRTOS-F7.1.1.0
2024-12-20 22:06:55,146 [WARN] PackLoader:240 - Cannot read IP mode file for STMicroelectronics.FP-SNS-MOTENV1.4.3.2
2024-12-20 22:06:55,366 [WARN] PackLoader:240 - Cannot read IP mode file for STMicroelectronics.X-CUBE-MEMS1.11.0.0
2024-12-20 22:06:55,836 [WARN] PackLoader:240 - Cannot read IP mode file for STMicroelectronics.X-CUBE-BLE1.6.2.4
2024-12-20 22:06:55,866 [WARN] PackLoader:240 - Cannot read IP mode file for STMicroelectronics.FP-SNS-FLIGHT1.5.0.2
2024-12-20 22:06:55,903 [WARN] PackLoader:240 - Cannot read IP mode file for STMicroelectronics.X-CUBE-DISPLAY.3.0.0
2024-12-20 22:06:55,971 [WARN] PackLoader:240 - Cannot read IP mode file for STMicroelectronics.X-CUBE-BLE1.7.0.0
2024-12-20 22:06:56,031 [WARN] PackLoader:240 - Cannot read IP mode file for STMicroelectronics.X-CUBE-NFC10.1.0.0
2024-12-20 22:06:56,092 [WARN] PackLoader:240 - Cannot read IP mode file for STMicroelectronics.X-CUBE-BLEMGR.4.0.0
2024-12-20 22:06:56,130 [WARN] PackLoader:240 - Cannot read IP mode file for STMicroelectronics.X-CUBE-TOUCHGFX.4.22.0
2024-12-20 22:06:56,161 [WARN] PackLoader:240 - Cannot read IP mode file for STMicroelectronics.X-CUBE-TOUCHGFX.4.22.1
2024-12-20 22:06:56,204 [WARN] PackLoader:240 - Cannot read IP mode file for STMicroelectronics.X-CUBE-BLEMGR.3.1.0
2024-12-20 22:06:56,273 [WARN] PackLoader:240 - Cannot read IP mode file for STMicroelectronics.FP-SNS-SMARTAG2.1.2.0
2024-12-20 22:06:56,451 [WARN] PackLoader:240 - Cannot read IP mode file for STMicroelectronics.X-CUBE-MEMS1.11.1.0
2024-12-20 22:06:56,713 [INFO] LogOutputStream:77 - [STDOUT_REDIRECT] 1 : Invalid condition id : UX_CORESTACK_Condition cause : null
2024-12-20 22:06:56,714 [INFO] LogOutputStream:77 - [STDOUT_REDIRECT] 1 : Invalid condition id : UX_CORESTACK_Condition cause : null
2024-12-20 22:06:56,717 [INFO] LogOutputStream:77 - [STDOUT_REDIRECT] 1 : Invalid condition id : UX_CORESTACK_Condition cause : null
2024-12-20 22:06:56,719 [INFO] LogOutputStream:77 - [STDOUT_REDIRECT] 1 : Invalid condition id : UX_CORESTACK_Condition cause : null
2024-12-20 22:06:56,721 [INFO] LogOutputStream:77 - [STDOUT_REDIRECT] 1 : Invalid condition id : UX_CORESTACK_Condition cause : null
2024-12-20 22:06:56,728 [WARN] PackLoader:240 - Cannot read IP mode file for STMicroelectronics.X-CUBE-AZRTOS-WL.2.0.0
2024-12-20 22:06:56,774 [WARN] PackLoader:240 - Cannot read IP mode file for STMicroelectronics.FP-SNS-MOTENV1.5.0.0
2024-12-20 22:06:56,818 [WARN] PackLoader:240 - Cannot read IP mode file for wolfSSL.I-CUBE-wolfMQTT.1.19.0
2024-12-20 22:06:56,864 [WARN] PackLoader:240 - Cannot read IP mode file for WES.I-CUBE-Cesium.1.3.0
2024-12-20 22:06:56,910 [WARN] PackLoader:240 - Cannot read IP mode file for STMicroelectronics.X-CUBE-BLE2.3.3.0
2024-12-20 22:06:56,935 [WARN] PackLoader:240 - Cannot read IP mode file for STMicroelectronics.X-CUBE-DISPLAY.2.2.0
2024-12-20 22:06:56,978 [WARN] PackLoader:240 - Cannot read IP mode file for STMicroelectronics.X-CUBE-TOF1.3.2.0
2024-12-20 22:06:57,027 [WARN] PackLoader:240 - Cannot read IP mode file for STMicroelectronics.X-CUBE-NFC9.1.0.0
2024-12-20 22:06:57,056 [WARN] PackLoader:240 - Cannot read IP mode file for STMicroelectronics.X-CUBE-TCPP.4.1.0
2024-12-20 22:06:57,091 [WARN] PackLoader:240 - Cannot read IP mode file for STMicroelectronics.X-CUBE-TOUCHGFX.4.21.1
2024-12-20 22:06:57,128 [WARN] PackLoader:240 - Cannot read IP mode file for STMicroelectronics.X-CUBE-TOUCHGFX.4.21.3
2024-12-20 22:06:57,258 [WARN] PackLoader:240 - Cannot read IP mode file for STMicroelectronics.X-CUBE-MEMS1.9.4.0
2024-12-20 22:06:57,660 [WARN] PackLoader:240 - Cannot read IP mode file for STMicroelectronics.X-CUBE-AI.7.3.0
2024-12-20 22:06:57,693 [WARN] PackLoader:240 - Cannot read IP mode file for STMicroelectronics.X-CUBE-ALGOBUILD.1.3.0
2024-12-20 22:06:57,750 [WARN] PackLoader:240 - Cannot read IP mode file for STMicroelectronics.X-CUBE-AZRTOS-G0.1.1.0
2024-12-20 22:06:57,784 [WARN] PackLoader:240 - Cannot read IP mode file for STMicroelectronics.X-CUBE-SAFEA1.1.2.2
2024-12-20 22:06:57,818 [WARN] PackLoader:240 - Cannot read IP mode file for STMicroelectronics.X-CUBE-NFC4.3.0.0
2024-12-20 22:06:57,860 [WARN] PackLoader:240 - Cannot read IP mode file for EmbeddedOffice.I-CUBE-FS-RTOS.1.0.1
2024-12-20 22:06:57,861 [ERROR] ConditionMgr:805 - Attr not supported : Dmpu
2024-12-20 22:06:57,861 [ERROR] ConditionMgr:805 - Attr not supported : Dmpu
2024-12-20 22:06:57,862 [ERROR] ConditionMgr:805 - Attr not supported : Dmpu
2024-12-20 22:06:57,862 [ERROR] ConditionMgr:805 - Attr not supported : Dmpu
2024-12-20 22:06:57,862 [ERROR] ConditionMgr:805 - Attr not supported : Dmpu
2024-12-20 22:06:57,862 [ERROR] ConditionMgr:805 - Attr not supported : Dmpu
2024-12-20 22:06:57,862 [ERROR] ConditionMgr:805 - Attr not supported : Dmpu
2024-12-20 22:06:57,862 [ERROR] ConditionMgr:805 - Attr not supported : Dmpu
2024-12-20 22:06:57,863 [ERROR] ConditionMgr:805 - Attr not supported : Dmpu
2024-12-20 22:06:57,863 [ERROR] ConditionMgr:805 - Attr not supported : Dmpu
2024-12-20 22:06:57,863 [ERROR] ConditionMgr:805 - Attr not supported : Dmpu
2024-12-20 22:06:57,863 [ERROR] ConditionMgr:805 - Attr not supported : Dmpu
2024-12-20 22:06:57,863 [ERROR] ConditionMgr:805 - Attr not supported : Dmpu
2024-12-20 22:06:57,863 [ERROR] ConditionMgr:805 - Attr not supported : Dmpu
2024-12-20 22:06:57,864 [ERROR] ConditionMgr:805 - Attr not supported : Dmpu
2024-12-20 22:06:57,864 [ERROR] ConditionMgr:805 - Attr not supported : Dmpu
2024-12-20 22:06:57,864 [ERROR] ConditionMgr:805 - Attr not supported : Dmpu
2024-12-20 22:06:57,865 [ERROR] ConditionMgr:805 - Attr not supported : Dmpu
2024-12-20 22:06:57,865 [ERROR] ConditionMgr:805 - Attr not supported : Dmpu
2024-12-20 22:06:57,865 [ERROR] ConditionMgr:805 - Attr not supported : Dmpu
2024-12-20 22:06:57,865 [ERROR] ConditionMgr:805 - Attr not supported : Dmpu
2024-12-20 22:06:57,865 [ERROR] ConditionMgr:805 - Attr not supported : Dmpu
2024-12-20 22:06:57,865 [ERROR] ConditionMgr:805 - Attr not supported : Dmpu
2024-12-20 22:06:57,866 [ERROR] ConditionMgr:805 - Attr not supported : Dmpu
2024-12-20 22:06:57,866 [ERROR] ConditionMgr:805 - Attr not supported : Dmpu
2024-12-20 22:06:57,866 [ERROR] ConditionMgr:805 - Attr not supported : Dmpu
2024-12-20 22:06:57,867 [ERROR] ConditionMgr:805 - Attr not supported : Dmpu
2024-12-20 22:06:57,867 [ERROR] ConditionMgr:805 - Attr not supported : Dmpu
2024-12-20 22:06:57,867 [ERROR] ConditionMgr:805 - Attr not supported : Dmpu
2024-12-20 22:06:57,867 [ERROR] ConditionMgr:805 - Attr not supported : Dmpu
2024-12-20 22:06:57,867 [ERROR] ConditionMgr:805 - Attr not supported : Dmpu
2024-12-20 22:06:57,867 [ERROR] ConditionMgr:805 - Attr not supported : Dmpu
2024-12-20 22:06:57,868 [ERROR] ConditionMgr:805 - Attr not supported : Dmpu
2024-12-20 22:06:57,868 [ERROR] ConditionMgr:805 - Attr not supported : Dmpu
2024-12-20 22:06:57,868 [ERROR] ConditionMgr:805 - Attr not supported : Dmpu
2024-12-20 22:06:57,868 [ERROR] ConditionMgr:805 - Attr not supported : Dmpu
2024-12-20 22:06:57,868 [ERROR] ConditionMgr:805 - Attr not supported : Dmpu
2024-12-20 22:06:57,869 [ERROR] ConditionMgr:805 - Attr not supported : Dmpu
2024-12-20 22:06:57,869 [ERROR] ConditionMgr:805 - Attr not supported : Dmpu
2024-12-20 22:06:57,869 [ERROR] ConditionMgr:805 - Attr not supported : Dmpu
2024-12-20 22:06:57,869 [ERROR] ConditionMgr:805 - Attr not supported : Dmpu
2024-12-20 22:06:57,869 [ERROR] ConditionMgr:805 - Attr not supported : Dmpu
2024-12-20 22:06:57,870 [ERROR] ConditionMgr:805 - Attr not supported : Dmpu
2024-12-20 22:06:57,870 [ERROR] ConditionMgr:805 - Attr not supported : Dmpu
2024-12-20 22:06:57,870 [ERROR] ConditionMgr:805 - Attr not supported : Dmpu
2024-12-20 22:06:57,870 [ERROR] ConditionMgr:805 - Attr not supported : Dmpu
2024-12-20 22:06:57,870 [ERROR] ConditionMgr:805 - Attr not supported : Dmpu
2024-12-20 22:06:57,870 [ERROR] ConditionMgr:805 - Attr not supported : Dmpu
2024-12-20 22:06:57,871 [ERROR] ConditionMgr:805 - Attr not supported : Dmpu
2024-12-20 22:06:57,871 [ERROR] ConditionMgr:805 - Attr not supported : Dmpu
2024-12-20 22:06:57,871 [ERROR] ConditionMgr:805 - Attr not supported : Dmpu
2024-12-20 22:06:57,871 [ERROR] ConditionMgr:805 - Attr not supported : Dmpu
2024-12-20 22:06:57,871 [ERROR] ConditionMgr:805 - Attr not supported : Dmpu
2024-12-20 22:06:57,872 [ERROR] ConditionMgr:805 - Attr not supported : Dmpu
2024-12-20 22:06:57,872 [ERROR] ConditionMgr:805 - Attr not supported : Dmpu
2024-12-20 22:06:57,872 [ERROR] ConditionMgr:805 - Attr not supported : Dmpu
2024-12-20 22:06:57,872 [ERROR] ConditionMgr:805 - Attr not supported : Dmpu
2024-12-20 22:06:57,872 [ERROR] ConditionMgr:805 - Attr not supported : Dmpu
2024-12-20 22:06:57,872 [ERROR] ConditionMgr:805 - Attr not supported : Dmpu
2024-12-20 22:06:57,873 [ERROR] ConditionMgr:805 - Attr not supported : Dmpu
2024-12-20 22:06:57,873 [ERROR] ConditionMgr:805 - Attr not supported : Dmpu
2024-12-20 22:06:57,873 [ERROR] ConditionMgr:805 - Attr not supported : Dmpu
2024-12-20 22:06:57,873 [ERROR] ConditionMgr:805 - Attr not supported : Dmpu
2024-12-20 22:06:57,873 [ERROR] ConditionMgr:805 - Attr not supported : Dmpu
2024-12-20 22:06:57,906 [WARN] PackLoader:240 - Cannot read IP mode file for STMicroelectronics.X-CUBE-BLEMGR.1.3.0
2024-12-20 22:06:57,942 [ERROR] Engine:466 - C:\Users\julio\.stm32cubemx\thirdparties\pdsc\STMicroelectronics.X-CUBE-TCPP.4.2.0.pdsc: PDSC version is not supported
2024-12-20 22:06:57,973 [WARN] PackLoader:240 - Cannot read IP mode file for RealThread.X-CUBE-RT-Thread_Nano.4.1.1
2024-12-20 22:06:58,000 [WARN] PackLoader:240 - Cannot read IP mode file for STMicroelectronics.FP-ATR-SIGFOX1.3.2.0
2024-12-20 22:06:58,021 [WARN] ConditionMgr:438 - getConditionDescription Invalid condition id : Cortex-A Device cause : null
2024-12-20 22:06:58,060 [WARN] ConditionMgr:1039 - genDependencies : Invalid condition id : Cortex-A Device cause : null
2024-12-20 22:06:58,060 [WARN] ConditionMgr:1039 - genDependencies : Invalid condition id : Cortex-A Device cause : null
2024-12-20 22:06:58,061 [WARN] ConditionMgr:1039 - genDependencies : Invalid condition id : Cortex-A Device cause : null
2024-12-20 22:06:58,094 [WARN] PackLoader:240 - Cannot read IP mode file for STMicroelectronics.X-CUBE-EEPRMA1.5.1.0
2024-12-20 22:06:58,251 [WARN] PackLoader:240 - Cannot read IP mode file for STMicroelectronics.X-CUBE-MEMS1.9.5.0
2024-12-20 22:06:58,560 [WARN] PackLoader:240 - Cannot read IP mode file for SEGGER.I-CUBE-embOS.1.3.1
2024-12-20 22:06:58,684 [WARN] PackLoader:240 - Cannot read IP mode file for STMicroelectronics.X-CUBE-ALGOBUILD.1.4.0
2024-12-20 22:06:58,781 [WARN] PackLoader:240 - Cannot read IP mode file for SEGGER.I-CUBE-embOS.1.3.0
2024-12-20 22:06:58,905 [WARN] PackLoader:240 - Cannot read IP mode file for STMicroelectronics.X-CUBE-AI.9.1.0
2024-12-20 22:06:58,941 [WARN] PackLoader:240 - Cannot read IP mode file for STMicroelectronics.X-CUBE-GNSS1.6.0.0
2024-12-20 22:06:59,009 [WARN] PackLoader:240 - Cannot read IP mode file for STMicroelectronics.X-CUBE-AZRTOS-F4.1.1.0
2024-12-20 22:06:59,047 [WARN] PackLoader:240 - Cannot read IP mode file for STMicroelectronics.X-CUBE-ISPU.2.1.0
2024-12-20 22:06:59,078 [WARN] PackLoader:240 - Cannot read IP mode file for STMicroelectronics.X-CUBE-FREERTOS.1.2.0
2024-12-20 22:06:59,158 [WARN] PackLoader:240 - Cannot read IP mode file for STMicroelectronics.X-CUBE-AZRTOS-L5.2.0.0
2024-12-20 22:06:59,322 [WARN] PackLoader:240 - Cannot read IP mode file for STMicroelectronics.X-CUBE-MEMS1.9.6.0
2024-12-20 22:06:59,610 [WARN] PackLoader:240 - Cannot read IP mode file for STMicroelectronics.X-CUBE-EEPRMA1.4.2.0
2024-12-20 22:06:59,651 [WARN] PackLoader:240 - Cannot read IP mode file for STMicroelectronics.X-CUBE-NFC6.3.1.0
2024-12-20 22:06:59,687 [WARN] PackLoader:240 - Cannot read IP mode file for ITTIA_DB.I-CUBE-ITTIADB.8.8.0
2024-12-20 22:06:59,721 [WARN] PackLoader:240 - Cannot read IP mode file for emotas.I-CUBE-CANOPEN.1.1.3
2024-12-20 22:06:59,755 [WARN] PackLoader:240 - Cannot read IP mode file for STMicroelectronics.X-CUBE-BLEMGR.2.0.0
2024-12-20 22:06:59,784 [WARN] PackLoader:240 - Cannot read IP mode file for STMicroelectronics.X-CUBE-DPower.1.2.0
2024-12-20 22:06:59,811 [WARN] PackLoader:240 - Cannot read IP mode file for STMicroelectronics.X-CUBE-AI.9.0.0
2024-12-20 22:06:59,863 [WARN] ConditionMgr:438 - getConditionDescription Invalid condition id : UX DEVICE CLASS RTOS Condition cause : null
2024-12-20 22:06:59,863 [WARN] ConditionMgr:438 - getConditionDescription Invalid condition id : UX DEVICE CLASS RTOS Condition cause : null
2024-12-20 22:06:59,867 [WARN] PackLoader:240 - Cannot read IP mode file for STMicroelectronics.X-CUBE-AZRTOS-H7.3.1.0
2024-12-20 22:06:59,869 [WARN] ConditionMgr:1039 - genDependencies : Invalid condition id : UX DEVICE CLASS RTOS Condition cause : null
2024-12-20 22:06:59,869 [WARN] ConditionMgr:1039 - genDependencies : Invalid condition id : UX DEVICE CLASS RTOS Condition cause : null
2024-12-20 22:06:59,871 [WARN] ConditionMgr:1039 - genDependencies : Invalid condition id : UX DEVICE CLASS RTOS Condition cause : null
2024-12-20 22:06:59,871 [WARN] ConditionMgr:1039 - genDependencies : Invalid condition id : UX DEVICE CLASS RTOS Condition cause : null
2024-12-20 22:06:59,872 [WARN] ConditionMgr:1039 - genDependencies : Invalid condition id : UX DEVICE CLASS RTOS Condition cause : null
2024-12-20 22:06:59,896 [WARN] PackLoader:240 - Cannot read IP mode file for wolfSSL.I-CUBE-wolfSSL.5.5.4
2024-12-20 22:06:59,920 [WARN] PackLoader:240 - Cannot read IP mode file for STMicroelectronics.X-CUBE-FREERTOS.1.3.0
2024-12-20 22:06:59,953 [WARN] PackLoader:240 - Cannot read IP mode file for STMicroelectronics.X-CUBE-NFC7.1.0.1
2024-12-20 22:06:59,975 [WARN] PackLoader:240 - Cannot read IP mode file for STMicroelectronics.X-CUBE-NFC7.1.0.0
2024-12-20 22:07:00,004 [WARN] PackLoader:240 - Cannot read IP mode file for wolfSSL.I-CUBE-wolfTPM.3.2.0
2024-12-20 22:07:00,047 [WARN] PackLoader:240 - Cannot read IP mode file for STMicroelectronics.X-CUBE-NFC6.3.0.0
2024-12-20 22:07:00,098 [WARN] PackLoader:240 - Cannot read IP mode file for STMicroelectronics.X-CUBE-EEPRMA1.4.1.0
2024-12-20 22:07:00,126 [WARN] PackLoader:240 - Cannot read IP mode file for STMicroelectronics.X-CUBE-AI.8.1.0
2024-12-20 22:07:00,188 [WARN] ConditionMgr:438 - getConditionDescription Invalid condition id : LAN8742 Phy interface Condition cause : null
2024-12-20 22:07:00,189 [WARN] PackLoader:240 - Cannot read IP mode file for STMicroelectronics.X-CUBE-AZRTOS-L4.2.0.0
2024-12-20 22:07:00,192 [WARN] ConditionMgr:1039 - genDependencies : Invalid condition id : LAN8742 Phy interface Condition cause : null
2024-12-20 22:07:00,192 [WARN] ConditionMgr:1039 - genDependencies : Invalid condition id : LAN8742 Phy interface Condition cause : null
2024-12-20 22:07:00,193 [WARN] ConditionMgr:1039 - genDependencies : Invalid condition id : LAN8742 Phy interface Condition cause : null
2024-12-20 22:07:00,226 [WARN] PackLoader:240 - Cannot read IP mode file for STMicroelectronics.X-CUBE-SFXS2LP1.4.0.0
2024-12-20 22:07:00,292 [WARN] PackLoader:240 - Cannot read IP mode file for STMicroelectronics.X-CUBE-AZRTOS-H7.3.0.0
2024-12-20 22:07:00,321 [WARN] PackLoader:240 - Cannot read IP mode file for STMicroelectronics.X-CUBE-ISPU.1.1.0
2024-12-20 22:07:00,372 [WARN] PackLoader:240 - Cannot read IP mode file for STMicroelectronics.X-CUBE-AZRTOS-H7.3.3.0
2024-12-20 22:07:00,400 [WARN] PackLoader:240 - Cannot read IP mode file for RoweBots.I-CUBE-UNISONRTOS.5.5.0-4
2024-12-20 22:07:00,426 [WARN] PackLoader:240 - Cannot read IP mode file for STMicroelectronics.X-CUBE-AI.8.0.0
2024-12-20 22:07:00,466 [WARN] PackLoader:240 - Cannot read IP mode file for STMicroelectronics.X-CUBE-IPS.3.0.0
2024-12-20 22:07:00,522 [WARN] ConditionMgr:438 - getConditionDescription Invalid condition id : UX DEVICE CLASS RTOS Condition cause : null
2024-12-20 22:07:00,523 [WARN] ConditionMgr:438 - getConditionDescription Invalid condition id : UX DEVICE CLASS RTOS Condition cause : null
2024-12-20 22:07:00,527 [WARN] PackLoader:240 - Cannot read IP mode file for STMicroelectronics.X-CUBE-AZRTOS-WB.2.0.0
2024-12-20 22:07:00,528 [WARN] ConditionMgr:1039 - genDependencies : Invalid condition id : UX DEVICE CLASS RTOS Condition cause : null
2024-12-20 22:07:00,529 [WARN] ConditionMgr:1039 - genDependencies : Invalid condition id : UX DEVICE CLASS RTOS Condition cause : null
2024-12-20 22:07:00,530 [WARN] ConditionMgr:1039 - genDependencies : Invalid condition id : UX DEVICE CLASS RTOS Condition cause : null
2024-12-20 22:07:00,530 [WARN] ConditionMgr:1039 - genDependencies : Invalid condition id : UX DEVICE CLASS RTOS Condition cause : null
2024-12-20 22:07:00,530 [WARN] ConditionMgr:1039 - genDependencies : Invalid condition id : UX DEVICE CLASS RTOS Condition cause : null
2024-12-20 22:07:00,556 [WARN] PackLoader:240 - Cannot read IP mode file for STMicroelectronics.X-CUBE-FREERTOS.1.0.1
2024-12-20 22:07:00,583 [WARN] PackLoader:240 - Cannot read IP mode file for STMicroelectronics.X-CUBE-GNSS1.7.0.0
2024-12-20 22:07:00,615 [WARN] PackLoader:240 - Cannot read IP mode file for STMicroelectronics.X-CUBE-GNSS1.7.0.1
2024-12-20 22:07:00,644 [WARN] PackLoader:240 - Cannot read IP mode file for STMicroelectronics.FP-SNS-STBOX1.2.0.0
2024-12-20 22:07:00,695 [WARN] PackLoader:240 - Cannot read IP mode file for STMicroelectronics.X-CUBE-AZRTOS-L5.1.1.0
2024-12-20 22:07:00,728 [WARN] PackLoader:240 - Cannot read IP mode file for STMicroelectronics.X-CUBE-SUBG2.5.0.0
2024-12-20 22:07:00,760 [WARN] PackLoader:240 - Cannot read IP mode file for Cesanta.I-CUBE-Mongoose.7.13.0
2024-12-20 22:07:00,793 [WARN] PackLoader:240 - Cannot read IP mode file for STMicroelectronics.X-CUBE-TOF1.3.3.1
2024-12-20 22:07:00,847 [WARN] PackLoader:240 - Cannot read IP mode file for STMicroelectronics.X-CUBE-AZRTOS-G4.2.0.0
2024-12-20 22:07:00,878 [WARN] PackLoader:240 - Cannot read IP mode file for STMicroelectronics.X-CUBE-TOF1.3.3.0
2024-12-20 22:07:00,907 [WARN] PackLoader:240 - Cannot read IP mode file for STMicroelectronics.FP-ATR-ASTRA1.1.1.1
2024-12-20 22:07:00,949 [WARN] PackLoader:240 - Cannot read IP mode file for Infineon.AIROC-Wi-Fi-Bluetooth-STM32.1.5.1
2024-12-20 22:07:00,994 [WARN] PackLoader:240 - Cannot read IP mode file for STMicroelectronics.X-CUBE-AZRTOS-G4.1.0.0
2024-12-20 22:07:01,030 [WARN] PackLoader:240 - Cannot read IP mode file for STMicroelectronics.X-CUBE-AZRTOS-L4.1.0.0
2024-12-20 22:07:01,048 [WARN] PackLoader:240 - Cannot read IP mode file for STMicroelectronics.X-CUBE-ISPU.2.0.0
2024-12-20 22:07:01,064 [WARN] PackLoader:240 - Cannot read IP mode file for STMicroelectronics.X-CUBE-ALS.1.0.2
2024-12-20 22:07:01,141 [WARN] PackLoader:240 - Cannot read IP mode file for STMicroelectronics.X-CUBE-MEMS1.10.0.0
2024-12-20 22:07:01,320 [WARN] PackLoader:240 - Cannot read IP mode file for STMicroelectronics.X-CUBE-FREERTOS.1.1.0
2024-12-20 22:07:01,349 [WARN] PackLoader:240 - Cannot read IP mode file for STMicroelectronics.X-CUBE-TOUCHGFX.4.24.0
2024-12-20 22:07:01,393 [WARN] PackLoader:240 - Cannot read IP mode file for STMicroelectronics.X-CUBE-AZRTOS-WL.1.0.0
2024-12-20 22:07:01,423 [WARN] PackLoader:240 - Cannot read IP mode file for STMicroelectronics.X-CUBE-TOUCHGFX.4.24.1
2024-12-20 22:07:01,451 [WARN] PackLoader:240 - Cannot read IP mode file for portGmbH.I-Cube-SoM-uGOAL.1.1.0
2024-12-20 22:07:01,480 [WARN] PackLoader:240 - Cannot read IP mode file for STMicroelectronics.X-CUBE-ALS.1.0.1
2024-12-20 22:07:01,528 [WARN] PackLoader:240 - Cannot read IP mode file for STMicroelectronics.X-CUBE-AZRTOS-WB.1.1.0
2024-12-20 22:07:01,595 [WARN] PackLoader:240 - Cannot read IP mode file for STMicroelectronics.X-CUBE-AZRTOS-H7RS.1.0.0
2024-12-20 22:07:01,621 [WARN] PackLoader:240 - Cannot read IP mode file for STMicroelectronics.FP-ATR-ASTRA1.2.0.0
2024-12-20 22:07:01,659 [WARN] PackLoader:240 - Cannot read IP mode file for STMicroelectronics.X-CUBE-TOF1.3.4.2
2024-12-20 22:07:01,696 [WARN] PackLoader:240 - Cannot read IP mode file for STMicroelectronics.X-CUBE-TOF1.3.4.1
2024-12-20 22:07:01,755 [WARN] PackLoader:240 - Cannot read IP mode file for STMicroelectronics.X-CUBE-AZRTOS-H7.3.2.0
2024-12-20 22:07:01,774 [WARN] PackLoader:240 - Cannot read IP mode file for wolfSSL.I-CUBE-wolfSSH.1.4.17
2024-12-20 22:07:01,775 [INFO] ThirdParty:978 - Integrity check success = true
2024-12-20 22:07:01,775 [INFO] IntegrityCheckThread:100 - exiting critical section [integrity check]
2024-12-20 22:07:01,775 [INFO] IntegrityCheckThread:103 - End integrity checks thread
2024-12-20 22:07:09,825 [INFO] WebApp:161 - Instantiating new browser for Auth
2024-12-20 22:07:11,042 [INFO] WebApp:779 - Register for checkConnection events
2024-12-20 22:07:11,042 [INFO] WebApp:414 - Apply proxy settings
2024-12-20 22:07:11,042 [INFO] WebApp:499 - Chromium requires no authentication
2024-12-20 22:07:11,053 [INFO] WebApp:442 - Direct internet connection detected
2024-12-20 22:07:11,366 [INFO] WebApp:192 - Starting web application
2024-12-20 22:07:11,367 [INFO] WebApp:544 - Web application path used C:\ST\STM32CubeIDE_1.11.0\STM32CubeIDE\plugins\com.st.stm32cube.common.mx_6.11.1.202404110753\db\plugins\mcufinder\reactClient1\index.html
2024-12-20 22:19:01,371 [INFO] McuFinderGlobals:63 - Set McuFinder mode to 2 (CubeIDE integrated)
2024-12-20 22:19:01,417 [INFO] MainUpdater:2873 - connection check result : 10
2024-12-20 22:19:01,426 [INFO] MainUpdater:2873 - connection check result : 10
2024-12-20 22:19:01,714 [INFO] MicroXplorer:468 - Change Database Path : 
2024-12-20 22:19:01,714 [INFO] MicroXplorer:498 - Change Database Version : DB.6.0.111
2024-12-20 22:19:01,721 [WARN] ThirdParty:871 - waiting for thirdparty lock release [close project]
2024-12-20 22:19:01,721 [INFO] ThirdParty:873 - entering critical section [close project]
2024-12-20 22:19:01,723 [INFO] ThirdParty:883 - exiting critical section [close project]
2024-12-20 22:19:01,726 [INFO] PinOutPanel:1561 - setPackage(No Configuration,No Configuration)
2024-12-20 22:19:01,732 [INFO] UtilMem:75 - Begin LoadConfig() Used Memory: 839300976 Bytes (1073741824)
2024-12-20 22:19:01,734 [INFO] MicroXplorer:468 - Change Database Path : 
2024-12-20 22:19:01,734 [INFO] MicroXplorer:498 - Change Database Version : DB.6.0.111
2024-12-20 22:19:01,734 [INFO] OpenFileManager:312 - Change cursor
2024-12-20 22:19:01,802 [INFO] Mcu:2021 - Initializing MCU STM32F407V(E-G)Tx STM32F407VGTx STM32F407VGT6
2024-12-20 22:19:06,115 [INFO] Context:663 - Trying to add GPIOservice into a context  which must be forbidden
2024-12-20 22:19:08,206 [INFO] RtosManager:555 - Registered RTOS mode: class=CMSIS, group=RTOS, mode=CMSIS_V1, owner=FREERTOS
2024-12-20 22:19:08,206 [INFO] RtosManager:555 - Registered RTOS mode: class=CMSIS, group=RTOS2, mode=CMSIS_V2, owner=FREERTOS
2024-12-20 22:19:08,206 [INFO] RtosManager:555 - Registered RTOS mode: class=RTOS, group=Core, mode=CMSIS_V1, owner=FREERTOS
2024-12-20 22:19:08,206 [INFO] RtosManager:555 - Registered RTOS mode: class=RTOS, group=Core, mode=CMSIS_V2, owner=FREERTOS
2024-12-20 22:19:08,207 [WARN] ModelIntegratedComponent:184 - Missing modes for component STMicroelectronics:FreeRTOS:0.0.1:STMicroelectronics:RTOS:FreeRTOS:Core:::10.2.0:
2024-12-20 22:19:08,221 [WARN] ModelIntegratedComponent:63 - No mode defined for component null
2024-12-20 22:19:08,221 [WARN] ModelIntegratedComponent:63 - No mode defined for component null
2024-12-20 22:19:08,221 [WARN] ModelIntegratedComponent:63 - No mode defined for component null
2024-12-20 22:19:08,221 [WARN] ModelIntegratedComponent:63 - No mode defined for component null
2024-12-20 22:19:08,221 [WARN] ModelIntegratedComponent:63 - No mode defined for component null
2024-12-20 22:19:08,221 [WARN] ModelIntegratedComponent:63 - No mode defined for component null
2024-12-20 22:19:08,221 [WARN] ModelIntegratedComponent:63 - No mode defined for component null
2024-12-20 22:19:08,222 [WARN] ModelIntegratedComponent:63 - No mode defined for component null
2024-12-20 22:19:08,222 [WARN] ModelIntegratedComponent:63 - No mode defined for component null
2024-12-20 22:19:08,222 [WARN] ModelIntegratedComponent:63 - No mode defined for component null
2024-12-20 22:19:08,222 [WARN] ModelIntegratedComponent:63 - No mode defined for component null
2024-12-20 22:19:08,222 [WARN] ModelIntegratedComponent:63 - No mode defined for component null
2024-12-20 22:19:08,222 [WARN] ModelIntegratedComponent:63 - No mode defined for component null
2024-12-20 22:19:08,222 [WARN] ModelIntegratedComponent:63 - No mode defined for component null
2024-12-20 22:19:08,223 [WARN] ModelIntegratedComponent:63 - No mode defined for component null
2024-12-20 22:19:08,223 [WARN] ModelIntegratedComponent:63 - No mode defined for component null
2024-12-20 22:19:08,223 [WARN] ModelIntegratedComponent:63 - No mode defined for component null
2024-12-20 22:19:08,223 [WARN] ModelIntegratedComponent:63 - No mode defined for component null
2024-12-20 22:19:08,223 [WARN] ModelIntegratedComponent:63 - No mode defined for component null
2024-12-20 22:19:08,223 [WARN] ModelIntegratedComponent:63 - No mode defined for component null
2024-12-20 22:19:08,223 [WARN] ModelIntegratedComponent:63 - No mode defined for component null
2024-12-20 22:19:08,224 [WARN] ModelIntegratedComponent:63 - No mode defined for component null
2024-12-20 22:19:08,224 [WARN] ModelIntegratedComponent:63 - No mode defined for component null
2024-12-20 22:19:08,224 [WARN] ModelIntegratedComponent:63 - No mode defined for component null
2024-12-20 22:19:08,224 [WARN] ModelIntegratedComponent:63 - No mode defined for component null
2024-12-20 22:19:08,224 [WARN] ModelIntegratedComponent:63 - No mode defined for component null
2024-12-20 22:19:08,224 [WARN] ModelIntegratedComponent:63 - No mode defined for component null
2024-12-20 22:19:08,224 [WARN] ModelIntegratedComponent:63 - No mode defined for component null
2024-12-20 22:19:08,224 [WARN] ModelIntegratedComponent:63 - No mode defined for component null
2024-12-20 22:19:08,225 [WARN] ModelIntegratedComponent:63 - No mode defined for component null
2024-12-20 22:19:08,225 [WARN] ModelIntegratedComponent:63 - No mode defined for component null
2024-12-20 22:19:08,225 [WARN] ModelIntegratedComponent:63 - No mode defined for component null
2024-12-20 22:19:08,225 [WARN] ModelIntegratedComponent:63 - No mode defined for component null
2024-12-20 22:19:08,225 [WARN] ModelIntegratedComponent:63 - No mode defined for component null
2024-12-20 22:19:08,860 [INFO] ThirdPartyModel:298 - Start build external matchings
2024-12-20 22:19:13,520 [INFO] ThirdPartyModel:316 - End build external matchings
2024-12-20 22:19:14,569 [INFO] ApiDb:581 - Connected to CubeFinder SQLite database (C:\Users\julio\.stmcufinder\plugins\mcufinder\mcu\cube-finder-db.db)
2024-12-20 22:19:14,714 [INFO] ApiDb:668 - CubeFinder database Data Model version=2.1
2024-12-20 22:19:14,714 [INFO] ApiDb:669 - CubeFinder database Configuration version=3.0.39
2024-12-20 22:19:14,716 [INFO] ApiDb:670 - CubeFinder database generation date=2024-06-20 (1718880634)
2024-12-20 22:19:14,716 [INFO] ApiDb:671 - CubeFinder database FW Pack versions=[FP-ATR-ASTRA1_V2.0.0, FP-SNS-FLIGHT1_V5.0.2, FP-SNS-MOTENV1_V5.0.0, FP-SNS-MOTENVWB1_V1.4.0, FP-SNS-SMARTAG2_V1.2.0, STM32Cube_FW_C0_V1.2.0, STM32Cube_FW_F4_V1.28.0, STM32Cube_FW_F7_V1.17.2, STM32Cube_FW_G0_V1.6.2, STM32Cube_FW_G4_V1.6.0, STM32Cube_FW_H5_V1.3.0, STM32Cube_FW_H7RS_V1.1.0, STM32Cube_FW_H7_V1.11.2, STM32Cube_FW_L0_V1.12.2, STM32Cube_FW_L5_V1.5.1, STM32Cube_FW_U0_V1.1.0, STM32Cube_FW_U5_V1.6.0, STM32Cube_FW_WB0_V1.0.0, STM32Cube_FW_WBA_V1.4.0, STM32Cube_FW_WB_V1.20.0, STM32Cube_FW_WL_V1.3.0, X-CUBE-ALGOBUILD_V1.4.0, X-CUBE-ALS_V1.0.2, X-CUBE-AZRTOS-F4_V1.1.0, X-CUBE-AZRTOS-F7_V1.1.0, X-CUBE-AZRTOS-G0_V1.1.0, X-CUBE-AZRTOS-G4_V2.0.0, X-CUBE-AZRTOS-H7RS_V1.0.0, X-CUBE-AZRTOS-H7_V3.2.0, X-CUBE-AZRTOS-L4_V2.0.0, X-CUBE-AZRTOS-L5_V1.1.0, X-CUBE-AZRTOS-WB_V2.0.0, X-CUBE-AZRTOS-WL_V2.0.0, X-CUBE-BLE1_V7.0.0, X-CUBE-BLE2_V3.3.0, X-CUBE-BLEMGR_V3.1.0, X-CUBE-EEPRMA1_V5.1.0, X-CUBE-FREERTOS_V1.2.0, X-CUBE-GNSS1_V6.0.0, X-CUBE-MEMS1_V10.0.0, X-CUBE-NFC4_V3.0.0, X-CUBE-NFC7_V1.0.1, X-CUBE-SFXS2LP1_V4.0.0, X-CUBE-SUBG2_V5.0.0, X-CUBE-TOF1_V3.4.1]
2024-12-20 22:19:14,995 [INFO] DbBoardsSqlite:226 - include board P-NUCLEO-WB55-NUCLEO as a kit item of type 'Nucleo-64'
2024-12-20 22:19:14,995 [INFO] DbBoardsSqlite:226 - include board P-NUCLEO-WB55-USBDONGLE as a kit item of type 'Nucleo USB Dongle'
2024-12-20 22:19:14,997 [INFO] DbBoardsSqlite:226 - include board STEVAL-IDP005V1 as a kit item of type 'Evaluation Board'
2024-12-20 22:19:14,997 [INFO] DbBoardsSqlite:226 - include board STEVAL-IDP005V2 as a kit item of type 'Evaluation Board'
2024-12-20 22:19:15,460 [INFO] ApiDb:240 - Found 483 in-development CPN: [B-G473E-ZEST1S, B-WB1M-WPAN1, B-WL5M-SUBG1, NUCLEO-C031C6, NUCLEO-H503RB, NUCLEO-H533RE, NUCLEO-H563ZI, NUCLEO-H7S3L8, NUCLEO-U031R8, NUCLEO-U083RC, NUCLEO-U545RE-Q, NUCLEO-U5A5ZJ-Q, NUCLEO-WBA52CG, NUCLEO-WBA55CG, STEVAL-PROTEUS1, STEVAL-SMARTAG2, STEVAL-STWINBX1, STM320518-EVAL, STM32C0116-DK, STM32C011D6Y3TR, STM32C011D6Y6TR, STM32C011F4P3, STM32C011F4P6, STM32C011F4U3, STM32C011F4U6TR, STM32C011F6P3, STM32C011F6P6, STM32C011F6U3, STM32C011F6U6TR, STM32C011J4M3, STM32C011J4M6, STM32C011J6M3, STM32C011J6M6, STM32C0316-DK, STM32C031C4T3, STM32C031C4T6, STM32C031C4U3, STM32C031C4U6, STM32C031C6T3, STM32C031C6T6, STM32C031C6U3, STM32C031C6U6, STM32C031F4P3, STM32C031F4P6, STM32C031F6P3, STM32C031F6P6, STM32C031G4U3, STM32C031G4U6, STM32C031G6U3, STM32C031G6U6, STM32C031K4T3, STM32C031K4T6, STM32C031K4U3, STM32C031K4U6, STM32C031K6T3, STM32C031K6T6, STM32C031K6U3, STM32C031K6U6, STM32G071K8TXN, STM32G071K8UXN, STM32G081GBU6N, STM32G081KBT6N, STM32G081KBUXN, STM32G0B1CCT6N, STM32G0B1KCT6, STM32G0B1NEY6TR, STM32G0B1RCT6N, STM32G0C1CCT6, STM32G0C1CCT6N, STM32G0C1CCU6N, STM32G0C1CET6N, STM32G0C1CEU6N, STM32G0C1KCT6, STM32G0C1NEY6TR, STM32G0C1RCI6N, STM32G0C1RCT6N, STM32G0C1REI6N, STM32G0C1RET6N, STM32G0C1VCI6, STM32G0C1VEI6, STM32G471CCT6, STM32G471CCU6, STM32G471CET3, STM32G471CET6, STM32G471CEU3, STM32G471CEU6, STM32G471MCT6, STM32G471MET3, STM32G471MET6, STM32G471MEY6TR, STM32G471QCT6, STM32G471QET3, STM32G471RCT6, STM32G471RET3, STM32G471RET6, STM32G471VCH6, STM32G471VCI6, STM32G471VCT6, STM32G471VEH3, STM32G471VEH6, STM32G471VEI3, STM32G471VEI6, STM32G471VET3, STM32G471VET6, STM32G474CCT6, STM32H503CBT6, STM32H503CBU6, STM32H503EBY6TR, STM32H503KBU6, STM32H503RBT6, STM32H523CCT6, STM32H523CCU6, STM32H523CET6, STM32H523CEU6, STM32H523HEY6TR, STM32H523RCT6, STM32H523RET6, STM32H523VCI6, STM32H523VCT6, STM32H523VEI6, STM32H523VET6, STM32H523ZCJ6, STM32H523ZCT6, STM32H523ZEJ6, STM32H523ZET6, STM32H533CET6, STM32H533CEU6, STM32H533HEY6TR, STM32H533RET6, STM32H533VEI6, STM32H533VET6, STM32H533ZEJ6, STM32H533ZET6, STM32H562AGI6, STM32H562AII6, STM32H562IGK6, STM32H562IGT6, STM32H562IIK6, STM32H562IIT6, STM32H562RGT6, STM32H562RGV6, STM32H562RIT6, STM32H562RIV6, STM32H562VGT6, STM32H562VIT6, STM32H562ZGT6, STM32H562ZIT6, STM32H563AGI6, STM32H563AII3Q, STM32H563AII6, STM32H563IGK6, STM32H563IGT6, STM32H563IIK3Q, STM32H563IIK6, STM32H563IIT3Q, STM32H563IIT6, STM32H563MIY3QTR, STM32H563RGT6, STM32H563RGV6, STM32H563RIT6, STM32H563RIV6, STM32H563VGT6, STM32H563VIT3Q, STM32H563VIT6, STM32H563ZGT6, STM32H563ZIT3Q, STM32H563ZIT6, STM32H573AII3Q, STM32H573AII6, STM32H573I-DK, STM32H573IIK3Q, STM32H573IIK6, STM32H573IIT3Q, STM32H573IIT6, STM32H573MIY3QTR, STM32H573RIT6, STM32H573RIV6, STM32H573VIT3Q, STM32H573VIT6, STM32H573ZIT3Q, STM32H573ZIT6, STM32H7R3A8I6, STM32H7R3I8K6, STM32H7R3I8T6, STM32H7R3L8H6, STM32H7R3L8H6H, STM32H7R3R8V6, STM32H7R3V8H6, STM32H7R3V8T6, STM32H7R3V8Y6, STM32H7R3Z8J6, STM32H7R3Z8T6, STM32H7R7A8I6, STM32H7R7I8K6, STM32H7R7I8T6, STM32H7R7L8H6, STM32H7R7L8H6H, STM32H7R7Z8J6, STM32H7S3A8I6, STM32H7S3I8K6, STM32H7S3I8T6, STM32H7S3L8H6, STM32H7S3L8H6H, STM32H7S3R8V6, STM32H7S3V8H6, STM32H7S3V8T6, STM32H7S3V8Y6, STM32H7S3Z8J6, STM32H7S3Z8T6, STM32H7S78-DK, STM32H7S7A8I6, STM32H7S7I8K6, STM32H7S7I8T6, STM32H7S7L8H6, STM32H7S7L8H6H, STM32H7S7Z8J6, STM32L4R5QGI6STR, STM32MP131AAE3, STM32MP131AAF3, STM32MP131AAG3, STM32MP131CAE3, STM32MP131CAF3, STM32MP131CAG3, STM32MP131DAE7, STM32MP131DAF7, STM32MP131DAG7, STM32MP131FAE7, STM32MP131FAF7, STM32MP131FAG7, STM32MP133AAE3, STM32MP133AAF3, STM32MP133AAG3, STM32MP133CAE3, STM32MP133CAF3, STM32MP133CAG3, STM32MP133DAE7, STM32MP133DAF7, STM32MP133DAG7, STM32MP133FAE7, STM32MP133FAF7, STM32MP133FAG7, STM32MP135AAE3, STM32MP135AAF3, STM32MP135AAG3, STM32MP135CAE3, STM32MP135CAF3, STM32MP135CAG3, STM32MP135DAE7, STM32MP135DAF7, STM32MP135DAG7, STM32MP135F-DK, STM32MP135FAE7, STM32MP135FAF7, STM32MP135FAF7T, STM32MP135FAF7U, STM32MP135FAG7, STM32U031C6T6, STM32U031C6U6, STM32U031C8T6, STM32U031C8U6, STM32U031F4P6, STM32U031F6P6, STM32U031F8P6, STM32U031G6Y6TR, STM32U031G8Y6TR, STM32U031K4U6, STM32U031K6U6, STM32U031K8U6, STM32U031R6I6, STM32U031R6T6, STM32U031R8I6, STM32U031R8T6, STM32U073C8T6, STM32U073C8U6, STM32U073CBT6, STM32U073CBU6, STM32U073CCT6, STM32U073CCU6, STM32U073H8Y6TR, STM32U073HBY6TR, STM32U073HCY6TR, STM32U073K8U6, STM32U073KBU6, STM32U073KCU6, STM32U073M8I6, STM32U073M8T6, STM32U073MBI6, STM32U073MBT6, STM32U073MCI6, STM32U073MCT6, STM32U073R8I6, STM32U073R8T6, STM32U073RBI6, STM32U073RBT6, STM32U073RCI6, STM32U073RCT6, STM32U083C-DK, STM32U083CCT6, STM32U083CCU6, STM32U083HCY6TR, STM32U083KCU6, STM32U083MCI6, STM32U083MCT6, STM32U083RCI6, STM32U083RCT6, STM32U535CBT6, STM32U535CBT6Q, STM32U535CBU6, STM32U535CBU6Q, STM32U535CCT6, STM32U535CCT6Q, STM32U535CCU6, STM32U535CCU6Q, STM32U535CET6, STM32U535CET6Q, STM32U535CEU6, STM32U535CEU6Q, STM32U535JEY6QTR, STM32U535NCY6QTR, STM32U535NEY6QTR, STM32U535RBI6, STM32U535RBI6Q, STM32U535RBT6, STM32U535RBT6Q, STM32U535RCI6, STM32U535RCI6Q, STM32U535RCT6, STM32U535RCT6Q, STM32U535REI6, STM32U535REI6Q, STM32U535RET6, STM32U535RET6Q, STM32U535VCI6, STM32U535VCI6Q, STM32U535VCT6, STM32U535VCT6Q, STM32U535VEI6, STM32U535VEI6Q, STM32U535VET6, STM32U535VET6Q, STM32U545CET6, STM32U545CET6Q, STM32U545CEU6, STM32U545CEU6Q, STM32U545JEY6QTR, STM32U545NEY6QTR, STM32U545REI6, STM32U545REI6Q, STM32U545RET6, STM32U545RET6Q, STM32U545VEI6, STM32U545VEI6Q, STM32U545VET6, STM32U545VET6Q, STM32U595AIH6, STM32U595AIH6Q, STM32U595AJH6, STM32U595AJH6Q, STM32U595QII6, STM32U595QII6Q, STM32U595QJI6, STM32U595QJI6Q, STM32U595RIT6, STM32U595RIT6Q, STM32U595RJT6, STM32U595RJT6Q, STM32U595VIT6, STM32U595VIT6Q, STM32U595VJT6, STM32U595VJT6Q, STM32U595ZIT6, STM32U595ZIT6Q, STM32U595ZIY6QTR, STM32U595ZJT6, STM32U595ZJT6Q, STM32U595ZJY6QTR, STM32U599BJY6QTR, STM32U599NIH6Q, STM32U599NJH6Q, STM32U599VIT6Q, STM32U599VJT6, STM32U599VJT6Q, STM32U599ZIT6Q, STM32U599ZIY6QTR, STM32U599ZJT6Q, STM32U599ZJY6QTR, STM32U5A5AJH6, STM32U5A5AJH6Q, STM32U5A5QII3Q , STM32U5A5QJI6, STM32U5A5QJI6Q, STM32U5A5RJT6, STM32U5A5RJT6Q, STM32U5A5VJT6, STM32U5A5VJT6Q, STM32U5A5ZJT6, STM32U5A5ZJT6Q, STM32U5A5ZJY6QTR, STM32U5A9BJY6QTR, STM32U5A9J-DK, STM32U5A9NJH6Q, STM32U5A9VJT6Q, STM32U5A9ZJT6Q, STM32U5A9ZJY6QTR, STM32U5F7VIT6, STM32U5F7VIT6Q, STM32U5F7VJT6, STM32U5F7VJT6Q, STM32U5F9BJY6QTR, STM32U5F9NJH6Q, STM32U5F9VIT6Q, STM32U5F9VJT6Q, STM32U5F9ZIJ6QTR, STM32U5F9ZIT6Q, STM32U5F9ZJJ6QTR, STM32U5F9ZJT6Q, STM32U5G7VJT6, STM32U5G7VJT6Q, STM32U5G9BJY6QTR, STM32U5G9J-DK1, STM32U5G9J-DK2, STM32U5G9NJH6Q, STM32U5G9VJT6Q, STM32U5G9ZJJ6QTR, STM32U5G9ZJT6Q, STM32WB1MMCH6, STM32WBA50KEU6, STM32WBA50KEU6TR, STM32WBA50KGU6, STM32WBA50KGU6TR, STM32WBA52CEU6, STM32WBA52CEU6TR, STM32WBA52CEU7, STM32WBA52CEU7TR, STM32WBA52CGU6, STM32WBA52CGU6TR, STM32WBA52CGU6U, STM32WBA52CGU7, STM32WBA52CGU7TR, STM32WBA52KEU6, STM32WBA52KEU6TR, STM32WBA52KGU6, STM32WBA52KGU6TR, STM32WBA54CEU6, STM32WBA54CEU6TR, STM32WBA54CEU7, STM32WBA54CEU7TR, STM32WBA54CGU6, STM32WBA54CGU6TR, STM32WBA54CGU7, STM32WBA54CGU7TR, STM32WBA54KEU6, STM32WBA54KEU6TR, STM32WBA54KEU7, STM32WBA54KEU7TR, STM32WBA54KGU6, STM32WBA54KGU6TR, STM32WBA54KGU7, STM32WBA54KGU7TR, STM32WBA55CEU6, STM32WBA55CEU6TR, STM32WBA55CEU7, STM32WBA55CEU7TR, STM32WBA55CGU6, STM32WBA55CGU6TR, STM32WBA55CGU6U, STM32WBA55CGU7, STM32WBA55CGU7TR, STM32WBA55G-DK1, STM32WBA55HEF6, STM32WBA55HEF7, STM32WBA55HGF6, STM32WBA55HGF7, STM32WBA55UEI6, STM32WBA55UEI6TR, STM32WBA55UEI7, STM32WBA55UEI7TR, STM32WBA55UGI6, STM32WBA55UGI6TR, STM32WBA55UGI7, STM32WBA55UGI7TR, STM32WL5MOCH6, STM32WL5MOCH6TR]
2024-12-20 22:19:15,466 [INFO] ApiDb:668 - CubeFinder database Data Model version=2.1
2024-12-20 22:19:15,466 [INFO] ApiDb:669 - CubeFinder database Configuration version=3.0.39
2024-12-20 22:19:15,466 [INFO] ApiDb:670 - CubeFinder database generation date=2024-06-20 (1718880634)
2024-12-20 22:19:15,466 [INFO] ApiDb:671 - CubeFinder database FW Pack versions=[FP-ATR-ASTRA1_V2.0.0, FP-SNS-FLIGHT1_V5.0.2, FP-SNS-MOTENV1_V5.0.0, FP-SNS-MOTENVWB1_V1.4.0, FP-SNS-SMARTAG2_V1.2.0, STM32Cube_FW_C0_V1.2.0, STM32Cube_FW_F4_V1.28.0, STM32Cube_FW_F7_V1.17.2, STM32Cube_FW_G0_V1.6.2, STM32Cube_FW_G4_V1.6.0, STM32Cube_FW_H5_V1.3.0, STM32Cube_FW_H7RS_V1.1.0, STM32Cube_FW_H7_V1.11.2, STM32Cube_FW_L0_V1.12.2, STM32Cube_FW_L5_V1.5.1, STM32Cube_FW_U0_V1.1.0, STM32Cube_FW_U5_V1.6.0, STM32Cube_FW_WB0_V1.0.0, STM32Cube_FW_WBA_V1.4.0, STM32Cube_FW_WB_V1.20.0, STM32Cube_FW_WL_V1.3.0, X-CUBE-ALGOBUILD_V1.4.0, X-CUBE-ALS_V1.0.2, X-CUBE-AZRTOS-F4_V1.1.0, X-CUBE-AZRTOS-F7_V1.1.0, X-CUBE-AZRTOS-G0_V1.1.0, X-CUBE-AZRTOS-G4_V2.0.0, X-CUBE-AZRTOS-H7RS_V1.0.0, X-CUBE-AZRTOS-H7_V3.2.0, X-CUBE-AZRTOS-L4_V2.0.0, X-CUBE-AZRTOS-L5_V1.1.0, X-CUBE-AZRTOS-WB_V2.0.0, X-CUBE-AZRTOS-WL_V2.0.0, X-CUBE-BLE1_V7.0.0, X-CUBE-BLE2_V3.3.0, X-CUBE-BLEMGR_V3.1.0, X-CUBE-EEPRMA1_V5.1.0, X-CUBE-FREERTOS_V1.2.0, X-CUBE-GNSS1_V6.0.0, X-CUBE-MEMS1_V10.0.0, X-CUBE-NFC4_V3.0.0, X-CUBE-NFC7_V1.0.1, X-CUBE-SFXS2LP1_V4.0.0, X-CUBE-SUBG2_V5.0.0, X-CUBE-TOF1_V3.4.1]
2024-12-20 22:19:18,936 [INFO] ApiDb:240 - Found 483 in-development CPN: [B-G473E-ZEST1S, B-WB1M-WPAN1, B-WL5M-SUBG1, NUCLEO-C031C6, NUCLEO-H503RB, NUCLEO-H533RE, NUCLEO-H563ZI, NUCLEO-H7S3L8, NUCLEO-U031R8, NUCLEO-U083RC, NUCLEO-U545RE-Q, NUCLEO-U5A5ZJ-Q, NUCLEO-WBA52CG, NUCLEO-WBA55CG, STEVAL-PROTEUS1, STEVAL-SMARTAG2, STEVAL-STWINBX1, STM320518-EVAL, STM32C0116-DK, STM32C011D6Y3TR, STM32C011D6Y6TR, STM32C011F4P3, STM32C011F4P6, STM32C011F4U3, STM32C011F4U6TR, STM32C011F6P3, STM32C011F6P6, STM32C011F6U3, STM32C011F6U6TR, STM32C011J4M3, STM32C011J4M6, STM32C011J6M3, STM32C011J6M6, STM32C0316-DK, STM32C031C4T3, STM32C031C4T6, STM32C031C4U3, STM32C031C4U6, STM32C031C6T3, STM32C031C6T6, STM32C031C6U3, STM32C031C6U6, STM32C031F4P3, STM32C031F4P6, STM32C031F6P3, STM32C031F6P6, STM32C031G4U3, STM32C031G4U6, STM32C031G6U3, STM32C031G6U6, STM32C031K4T3, STM32C031K4T6, STM32C031K4U3, STM32C031K4U6, STM32C031K6T3, STM32C031K6T6, STM32C031K6U3, STM32C031K6U6, STM32G071K8TXN, STM32G071K8UXN, STM32G081GBU6N, STM32G081KBT6N, STM32G081KBUXN, STM32G0B1CCT6N, STM32G0B1KCT6, STM32G0B1NEY6TR, STM32G0B1RCT6N, STM32G0C1CCT6, STM32G0C1CCT6N, STM32G0C1CCU6N, STM32G0C1CET6N, STM32G0C1CEU6N, STM32G0C1KCT6, STM32G0C1NEY6TR, STM32G0C1RCI6N, STM32G0C1RCT6N, STM32G0C1REI6N, STM32G0C1RET6N, STM32G0C1VCI6, STM32G0C1VEI6, STM32G471CCT6, STM32G471CCU6, STM32G471CET3, STM32G471CET6, STM32G471CEU3, STM32G471CEU6, STM32G471MCT6, STM32G471MET3, STM32G471MET6, STM32G471MEY6TR, STM32G471QCT6, STM32G471QET3, STM32G471RCT6, STM32G471RET3, STM32G471RET6, STM32G471VCH6, STM32G471VCI6, STM32G471VCT6, STM32G471VEH3, STM32G471VEH6, STM32G471VEI3, STM32G471VEI6, STM32G471VET3, STM32G471VET6, STM32G474CCT6, STM32H503CBT6, STM32H503CBU6, STM32H503EBY6TR, STM32H503KBU6, STM32H503RBT6, STM32H523CCT6, STM32H523CCU6, STM32H523CET6, STM32H523CEU6, STM32H523HEY6TR, STM32H523RCT6, STM32H523RET6, STM32H523VCI6, STM32H523VCT6, STM32H523VEI6, STM32H523VET6, STM32H523ZCJ6, STM32H523ZCT6, STM32H523ZEJ6, STM32H523ZET6, STM32H533CET6, STM32H533CEU6, STM32H533HEY6TR, STM32H533RET6, STM32H533VEI6, STM32H533VET6, STM32H533ZEJ6, STM32H533ZET6, STM32H562AGI6, STM32H562AII6, STM32H562IGK6, STM32H562IGT6, STM32H562IIK6, STM32H562IIT6, STM32H562RGT6, STM32H562RGV6, STM32H562RIT6, STM32H562RIV6, STM32H562VGT6, STM32H562VIT6, STM32H562ZGT6, STM32H562ZIT6, STM32H563AGI6, STM32H563AII3Q, STM32H563AII6, STM32H563IGK6, STM32H563IGT6, STM32H563IIK3Q, STM32H563IIK6, STM32H563IIT3Q, STM32H563IIT6, STM32H563MIY3QTR, STM32H563RGT6, STM32H563RGV6, STM32H563RIT6, STM32H563RIV6, STM32H563VGT6, STM32H563VIT3Q, STM32H563VIT6, STM32H563ZGT6, STM32H563ZIT3Q, STM32H563ZIT6, STM32H573AII3Q, STM32H573AII6, STM32H573I-DK, STM32H573IIK3Q, STM32H573IIK6, STM32H573IIT3Q, STM32H573IIT6, STM32H573MIY3QTR, STM32H573RIT6, STM32H573RIV6, STM32H573VIT3Q, STM32H573VIT6, STM32H573ZIT3Q, STM32H573ZIT6, STM32H7R3A8I6, STM32H7R3I8K6, STM32H7R3I8T6, STM32H7R3L8H6, STM32H7R3L8H6H, STM32H7R3R8V6, STM32H7R3V8H6, STM32H7R3V8T6, STM32H7R3V8Y6, STM32H7R3Z8J6, STM32H7R3Z8T6, STM32H7R7A8I6, STM32H7R7I8K6, STM32H7R7I8T6, STM32H7R7L8H6, STM32H7R7L8H6H, STM32H7R7Z8J6, STM32H7S3A8I6, STM32H7S3I8K6, STM32H7S3I8T6, STM32H7S3L8H6, STM32H7S3L8H6H, STM32H7S3R8V6, STM32H7S3V8H6, STM32H7S3V8T6, STM32H7S3V8Y6, STM32H7S3Z8J6, STM32H7S3Z8T6, STM32H7S78-DK, STM32H7S7A8I6, STM32H7S7I8K6, STM32H7S7I8T6, STM32H7S7L8H6, STM32H7S7L8H6H, STM32H7S7Z8J6, STM32L4R5QGI6STR, STM32MP131AAE3, STM32MP131AAF3, STM32MP131AAG3, STM32MP131CAE3, STM32MP131CAF3, STM32MP131CAG3, STM32MP131DAE7, STM32MP131DAF7, STM32MP131DAG7, STM32MP131FAE7, STM32MP131FAF7, STM32MP131FAG7, STM32MP133AAE3, STM32MP133AAF3, STM32MP133AAG3, STM32MP133CAE3, STM32MP133CAF3, STM32MP133CAG3, STM32MP133DAE7, STM32MP133DAF7, STM32MP133DAG7, STM32MP133FAE7, STM32MP133FAF7, STM32MP133FAG7, STM32MP135AAE3, STM32MP135AAF3, STM32MP135AAG3, STM32MP135CAE3, STM32MP135CAF3, STM32MP135CAG3, STM32MP135DAE7, STM32MP135DAF7, STM32MP135DAG7, STM32MP135F-DK, STM32MP135FAE7, STM32MP135FAF7, STM32MP135FAF7T, STM32MP135FAF7U, STM32MP135FAG7, STM32U031C6T6, STM32U031C6U6, STM32U031C8T6, STM32U031C8U6, STM32U031F4P6, STM32U031F6P6, STM32U031F8P6, STM32U031G6Y6TR, STM32U031G8Y6TR, STM32U031K4U6, STM32U031K6U6, STM32U031K8U6, STM32U031R6I6, STM32U031R6T6, STM32U031R8I6, STM32U031R8T6, STM32U073C8T6, STM32U073C8U6, STM32U073CBT6, STM32U073CBU6, STM32U073CCT6, STM32U073CCU6, STM32U073H8Y6TR, STM32U073HBY6TR, STM32U073HCY6TR, STM32U073K8U6, STM32U073KBU6, STM32U073KCU6, STM32U073M8I6, STM32U073M8T6, STM32U073MBI6, STM32U073MBT6, STM32U073MCI6, STM32U073MCT6, STM32U073R8I6, STM32U073R8T6, STM32U073RBI6, STM32U073RBT6, STM32U073RCI6, STM32U073RCT6, STM32U083C-DK, STM32U083CCT6, STM32U083CCU6, STM32U083HCY6TR, STM32U083KCU6, STM32U083MCI6, STM32U083MCT6, STM32U083RCI6, STM32U083RCT6, STM32U535CBT6, STM32U535CBT6Q, STM32U535CBU6, STM32U535CBU6Q, STM32U535CCT6, STM32U535CCT6Q, STM32U535CCU6, STM32U535CCU6Q, STM32U535CET6, STM32U535CET6Q, STM32U535CEU6, STM32U535CEU6Q, STM32U535JEY6QTR, STM32U535NCY6QTR, STM32U535NEY6QTR, STM32U535RBI6, STM32U535RBI6Q, STM32U535RBT6, STM32U535RBT6Q, STM32U535RCI6, STM32U535RCI6Q, STM32U535RCT6, STM32U535RCT6Q, STM32U535REI6, STM32U535REI6Q, STM32U535RET6, STM32U535RET6Q, STM32U535VCI6, STM32U535VCI6Q, STM32U535VCT6, STM32U535VCT6Q, STM32U535VEI6, STM32U535VEI6Q, STM32U535VET6, STM32U535VET6Q, STM32U545CET6, STM32U545CET6Q, STM32U545CEU6, STM32U545CEU6Q, STM32U545JEY6QTR, STM32U545NEY6QTR, STM32U545REI6, STM32U545REI6Q, STM32U545RET6, STM32U545RET6Q, STM32U545VEI6, STM32U545VEI6Q, STM32U545VET6, STM32U545VET6Q, STM32U595AIH6, STM32U595AIH6Q, STM32U595AJH6, STM32U595AJH6Q, STM32U595QII6, STM32U595QII6Q, STM32U595QJI6, STM32U595QJI6Q, STM32U595RIT6, STM32U595RIT6Q, STM32U595RJT6, STM32U595RJT6Q, STM32U595VIT6, STM32U595VIT6Q, STM32U595VJT6, STM32U595VJT6Q, STM32U595ZIT6, STM32U595ZIT6Q, STM32U595ZIY6QTR, STM32U595ZJT6, STM32U595ZJT6Q, STM32U595ZJY6QTR, STM32U599BJY6QTR, STM32U599NIH6Q, STM32U599NJH6Q, STM32U599VIT6Q, STM32U599VJT6, STM32U599VJT6Q, STM32U599ZIT6Q, STM32U599ZIY6QTR, STM32U599ZJT6Q, STM32U599ZJY6QTR, STM32U5A5AJH6, STM32U5A5AJH6Q, STM32U5A5QII3Q , STM32U5A5QJI6, STM32U5A5QJI6Q, STM32U5A5RJT6, STM32U5A5RJT6Q, STM32U5A5VJT6, STM32U5A5VJT6Q, STM32U5A5ZJT6, STM32U5A5ZJT6Q, STM32U5A5ZJY6QTR, STM32U5A9BJY6QTR, STM32U5A9J-DK, STM32U5A9NJH6Q, STM32U5A9VJT6Q, STM32U5A9ZJT6Q, STM32U5A9ZJY6QTR, STM32U5F7VIT6, STM32U5F7VIT6Q, STM32U5F7VJT6, STM32U5F7VJT6Q, STM32U5F9BJY6QTR, STM32U5F9NJH6Q, STM32U5F9VIT6Q, STM32U5F9VJT6Q, STM32U5F9ZIJ6QTR, STM32U5F9ZIT6Q, STM32U5F9ZJJ6QTR, STM32U5F9ZJT6Q, STM32U5G7VJT6, STM32U5G7VJT6Q, STM32U5G9BJY6QTR, STM32U5G9J-DK1, STM32U5G9J-DK2, STM32U5G9NJH6Q, STM32U5G9VJT6Q, STM32U5G9ZJJ6QTR, STM32U5G9ZJT6Q, STM32WB1MMCH6, STM32WBA50KEU6, STM32WBA50KEU6TR, STM32WBA50KGU6, STM32WBA50KGU6TR, STM32WBA52CEU6, STM32WBA52CEU6TR, STM32WBA52CEU7, STM32WBA52CEU7TR, STM32WBA52CGU6, STM32WBA52CGU6TR, STM32WBA52CGU6U, STM32WBA52CGU7, STM32WBA52CGU7TR, STM32WBA52KEU6, STM32WBA52KEU6TR, STM32WBA52KGU6, STM32WBA52KGU6TR, STM32WBA54CEU6, STM32WBA54CEU6TR, STM32WBA54CEU7, STM32WBA54CEU7TR, STM32WBA54CGU6, STM32WBA54CGU6TR, STM32WBA54CGU7, STM32WBA54CGU7TR, STM32WBA54KEU6, STM32WBA54KEU6TR, STM32WBA54KEU7, STM32WBA54KEU7TR, STM32WBA54KGU6, STM32WBA54KGU6TR, STM32WBA54KGU7, STM32WBA54KGU7TR, STM32WBA55CEU6, STM32WBA55CEU6TR, STM32WBA55CEU7, STM32WBA55CEU7TR, STM32WBA55CGU6, STM32WBA55CGU6TR, STM32WBA55CGU6U, STM32WBA55CGU7, STM32WBA55CGU7TR, STM32WBA55G-DK1, STM32WBA55HEF6, STM32WBA55HEF7, STM32WBA55HGF6, STM32WBA55HGF7, STM32WBA55UEI6, STM32WBA55UEI6TR, STM32WBA55UEI7, STM32WBA55UEI7TR, STM32WBA55UGI6, STM32WBA55UGI6TR, STM32WBA55UGI7, STM32WBA55UGI7TR, STM32WL5MOCH6, STM32WL5MOCH6TR]
2024-12-20 22:19:18,942 [INFO] DbMcus:218 - Found 4203 MCUs, 4203 are supported
2024-12-20 22:19:18,943 [INFO] ApiDb:423 - Load user favorites file C:\Users\julio/.stm32cubeide/favorites.mcus.txt: 0 item(s)
2024-12-20 22:19:18,944 [INFO] ApiDb:427 - User favorites MCUs=[]
2024-12-20 22:19:18,944 [INFO] DbMcus:224 - Set 0 / 0 favorites MCUs
2024-12-20 22:19:19,620 [INFO] BoardInfo:889 - No configuration file found for board P-NUCLEO-WB55
2024-12-20 22:19:19,621 [INFO] DbBoards:161 - Kit is not supported: P-NUCLEO-WB55
2024-12-20 22:19:19,627 [INFO] BoardInfo:889 - No configuration file found for board STEVAL-BFA001V1B
2024-12-20 22:19:19,627 [INFO] DbBoards:161 - Kit is not supported: STEVAL-BFA001V1B
2024-12-20 22:19:19,630 [INFO] BoardInfo:889 - No configuration file found for board STEVAL-BFA001V2B
2024-12-20 22:19:19,630 [INFO] DbBoards:161 - Kit is not supported: STEVAL-BFA001V2B
2024-12-20 22:19:19,887 [INFO] DbBoards:168 - Found 195 boards, 192 are supported
2024-12-20 22:19:19,887 [INFO] DbBoards:169 - Found 195 boards, 8 of them is supported for  Bsp
2024-12-20 22:19:19,889 [INFO] ApiDb:423 - Load user favorites file C:\Users\julio/.stm32cubeide/favorites.boards.txt: 0 item(s)
2024-12-20 22:19:19,889 [INFO] ApiDb:427 - User favorites Boards=[]
2024-12-20 22:19:19,890 [INFO] DbBoards:198 - Set 0 / 0 favorites Boards
2024-12-20 22:19:19,953 [INFO] UtilMem:75 - End LoadConfig() Used Memory: 702598352 Bytes (1073741824)
2024-12-20 22:19:20,288 [WARN] ThirdParty:833 - waiting for thirdparty lock release [change project]
2024-12-20 22:19:20,289 [INFO] ThirdParty:835 - entering critical section [change project]
2024-12-20 22:19:20,289 [INFO] ThirdParty:1030 - CMSIS Pack Vendor :STMicroelectronics USBPD 4.1
2024-12-20 22:19:20,289 [INFO] ThirdParty:1030 - CMSIS Pack Vendor :STMicroelectronics X-CUBE-GNSS1 6.0.0
2024-12-20 22:19:20,289 [INFO] ThirdParty:1030 - CMSIS Pack Vendor :STMicroelectronics USB_HOST 2.0.0
2024-12-20 22:19:20,289 [INFO] ThirdParty:1030 - CMSIS Pack Vendor :STMicroelectronics FP-SNS-MOTENVWB1 1.4.0
2024-12-20 22:19:20,289 [INFO] ThirdParty:1030 - CMSIS Pack Vendor :STMicroelectronics X-CUBE-AZRTOS-F4 1.1.0
2024-12-20 22:19:20,289 [INFO] ThirdParty:1030 - CMSIS Pack Vendor :STMicroelectronics LIBJPEG 8.0.0
2024-12-20 22:19:20,289 [INFO] ThirdParty:1030 - CMSIS Pack Vendor :STMicroelectronics FP-ATR-ASTRA1 2.0.1
2024-12-20 22:19:20,289 [INFO] ThirdParty:1030 - CMSIS Pack Vendor :STMicroelectronics X-CUBE-SMBUS 2.1.0
2024-12-20 22:19:20,290 [INFO] ThirdParty:1030 - CMSIS Pack Vendor :STMicroelectronics X-CUBE-WB05N 1.1.0
2024-12-20 22:19:20,290 [INFO] ThirdParty:1030 - CMSIS Pack Vendor :STMicroelectronics X-CUBE-ISPU 2.1.0
2024-12-20 22:19:20,290 [INFO] ThirdParty:1030 - CMSIS Pack Vendor :STMicroelectronics X-CUBE-FREERTOS 1.2.0
2024-12-20 22:19:20,290 [INFO] ThirdParty:1030 - CMSIS Pack Vendor :STMicroelectronics X-CUBE-TOUCHGFX 4.23.2
2024-12-20 22:19:20,290 [INFO] ThirdParty:1030 - CMSIS Pack Vendor :STMicroelectronics X-CUBE-AZRTOS-F7 1.1.0
2024-12-20 22:19:20,290 [INFO] ThirdParty:1030 - CMSIS Pack Vendor :STMicroelectronics X-CUBE-AZRTOS-L5 2.0.0
2024-12-20 22:19:20,290 [INFO] ThirdParty:1030 - CMSIS Pack Vendor :STMicroelectronics USB_DEVICE 2.0.0
2024-12-20 22:19:20,290 [INFO] ThirdParty:1030 - CMSIS Pack Vendor :STMicroelectronics X-CUBE-MEMS1 9.6.0
2024-12-20 22:19:20,290 [INFO] ThirdParty:1030 - CMSIS Pack Vendor :STMicroelectronics X-CUBE-EEPRMA1 4.2.0
2024-12-20 22:19:20,290 [INFO] ThirdParty:1030 - CMSIS Pack Vendor :STMicroelectronics X-CUBE-NFC6 3.1.0
2024-12-20 22:19:20,290 [INFO] ThirdParty:1030 - CMSIS Pack Vendor :ITTIA_DB I-CUBE-ITTIADB 8.8.0
2024-12-20 22:19:20,290 [INFO] ThirdParty:1030 - CMSIS Pack Vendor :STMicroelectronics FP-SNS-MOTENV1 4.3.2
2024-12-20 22:19:20,290 [INFO] ThirdParty:1030 - CMSIS Pack Vendor :STMicroelectronics X-CUBE-MEMS1 11.0.0
2024-12-20 22:19:20,290 [INFO] ThirdParty:1030 - CMSIS Pack Vendor :STMicroelectronics X-CUBE-BLE1 6.2.4
2024-12-20 22:19:20,291 [INFO] ThirdParty:1030 - CMSIS Pack Vendor :STMicroelectronics FreeRTOS 0.0.1
2024-12-20 22:19:20,291 [INFO] ThirdParty:1030 - CMSIS Pack Vendor :emotas I-CUBE-CANOPEN 1.1.3
2024-12-20 22:19:20,291 [INFO] ThirdParty:1030 - CMSIS Pack Vendor :STMicroelectronics X-CUBE-BLEMGR 2.0.0
2024-12-20 22:19:20,291 [INFO] ThirdParty:1030 - CMSIS Pack Vendor :STMicroelectronics X-CUBE-DPower 1.2.0
2024-12-20 22:19:20,291 [INFO] ThirdParty:1030 - CMSIS Pack Vendor :STMicroelectronics FP-SNS-FLIGHT1 5.0.2
2024-12-20 22:19:20,291 [INFO] ThirdParty:1030 - CMSIS Pack Vendor :STMicroelectronics X-CUBE-AI 9.0.0
2024-12-20 22:19:20,291 [INFO] ThirdParty:1030 - CMSIS Pack Vendor :STMicroelectronics X-CUBE-AZRTOS-H7 3.1.0
2024-12-20 22:19:20,291 [INFO] ThirdParty:1030 - CMSIS Pack Vendor :STMicroelectronics PDM2PCM 3.3.0
2024-12-20 22:19:20,291 [INFO] ThirdParty:1030 - CMSIS Pack Vendor :STMicroelectronics X-CUBE-DISPLAY 3.0.0
2024-12-20 22:19:20,292 [INFO] ThirdParty:1030 - CMSIS Pack Vendor :STMicroelectronics X-CUBE-BLE1 7.0.0
2024-12-20 22:19:20,292 [INFO] ThirdParty:1030 - CMSIS Pack Vendor :STMicroelectronics X-CUBE-NFC10 1.0.0
2024-12-20 22:19:20,292 [INFO] ThirdParty:1030 - CMSIS Pack Vendor :wolfSSL I-CUBE-wolfSSL 5.5.4
2024-12-20 22:19:20,292 [INFO] ThirdParty:1030 - CMSIS Pack Vendor :STMicroelectronics X-CUBE-BLEMGR 4.0.0
2024-12-20 22:19:20,292 [INFO] ThirdParty:1030 - CMSIS Pack Vendor :STMicroelectronics HAL Drivers 0.0.0
2024-12-20 22:19:20,292 [INFO] ThirdParty:1030 - CMSIS Pack Vendor :STMicroelectronics X-CUBE-FREERTOS 1.3.0
2024-12-20 22:19:20,292 [INFO] ThirdParty:1030 - CMSIS Pack Vendor :STMicroelectronics X-CUBE-TOUCHGFX 4.22.0
2024-12-20 22:19:20,292 [INFO] ThirdParty:1030 - CMSIS Pack Vendor :STMicroelectronics X-CUBE-NFC7 1.0.1
2024-12-20 22:19:20,292 [INFO] ThirdParty:1030 - CMSIS Pack Vendor :STMicroelectronics MBEDTLS 2.14.1
2024-12-20 22:19:20,292 [INFO] ThirdParty:1030 - CMSIS Pack Vendor :STMicroelectronics X-CUBE-NFC7 1.0.0
2024-12-20 22:19:20,292 [INFO] ThirdParty:1030 - CMSIS Pack Vendor :STMicroelectronics X-CUBE-TOUCHGFX 4.22.1
2024-12-20 22:19:20,292 [INFO] ThirdParty:1030 - CMSIS Pack Vendor :wolfSSL I-CUBE-wolfTPM 3.2.0
2024-12-20 22:19:20,293 [INFO] ThirdParty:1030 - CMSIS Pack Vendor :STMicroelectronics X-CUBE-NFC6 3.0.0
2024-12-20 22:19:20,293 [INFO] ThirdParty:1030 - CMSIS Pack Vendor :STMicroelectronics X-CUBE-EEPRMA1 4.1.0
2024-12-20 22:19:20,293 [INFO] ThirdParty:1030 - CMSIS Pack Vendor :STMicroelectronics X-CUBE-BLEMGR 3.1.0
2024-12-20 22:19:20,293 [INFO] ThirdParty:1030 - CMSIS Pack Vendor :STMicroelectronics FP-SNS-SMARTAG2 1.2.0
2024-12-20 22:19:20,293 [INFO] ThirdParty:1030 - CMSIS Pack Vendor :STMicroelectronics X-CUBE-MEMS1 11.1.0
2024-12-20 22:19:20,293 [INFO] ThirdParty:1030 - CMSIS Pack Vendor :STMicroelectronics X-CUBE-AZRTOS-WL 2.0.0
2024-12-20 22:19:20,293 [INFO] ThirdParty:1030 - CMSIS Pack Vendor :STMicroelectronics FP-SNS-MOTENV1 5.0.0
2024-12-20 22:19:20,293 [INFO] ThirdParty:1030 - CMSIS Pack Vendor :STMicroelectronics USB_DEVICE 1.0.0
2024-12-20 22:19:20,293 [INFO] ThirdParty:1030 - CMSIS Pack Vendor :STMicroelectronics X-CUBE-AI 8.1.0
2024-12-20 22:19:20,293 [INFO] ThirdParty:1030 - CMSIS Pack Vendor :wolfSSL I-CUBE-wolfMQTT 1.19.0
2024-12-20 22:19:20,293 [INFO] ThirdParty:1030 - CMSIS Pack Vendor :STMicroelectronics X-CUBE-AZRTOS-L4 2.0.0
2024-12-20 22:19:20,293 [INFO] ThirdParty:1030 - CMSIS Pack Vendor :STMicroelectronics ThreadX 0.0.2
2024-12-20 22:19:20,294 [INFO] ThirdParty:1030 - CMSIS Pack Vendor :WES I-CUBE-Cesium 1.3.0
2024-12-20 22:19:20,294 [INFO] ThirdParty:1030 - CMSIS Pack Vendor :STMicroelectronics lwIP 2.1.2
2024-12-20 22:19:20,294 [INFO] ThirdParty:1030 - CMSIS Pack Vendor :STMicroelectronics X-CUBE-SFXS2LP1 4.0.0
2024-12-20 22:19:20,294 [INFO] ThirdParty:1030 - CMSIS Pack Vendor :STMicroelectronics X-CUBE-BLE2 3.3.0
2024-12-20 22:19:20,294 [INFO] ThirdParty:1030 - CMSIS Pack Vendor :STMicroelectronics X-CUBE-DISPLAY 2.2.0
2024-12-20 22:19:20,294 [INFO] ThirdParty:1030 - CMSIS Pack Vendor :STMicroelectronics X-CUBE-TOF1 3.2.0
2024-12-20 22:19:20,294 [INFO] ThirdParty:1030 - CMSIS Pack Vendor :STMicroelectronics PDM2PCM 3.2.0
2024-12-20 22:19:20,294 [INFO] ThirdParty:1030 - CMSIS Pack Vendor :STMicroelectronics X-CUBE-AZRTOS-H7 3.0.0
2024-12-20 22:19:20,294 [INFO] ThirdParty:1030 - CMSIS Pack Vendor :STMicroelectronics X-CUBE-ISPU 1.1.0
2024-12-20 22:19:20,294 [INFO] ThirdParty:1030 - CMSIS Pack Vendor :STMicroelectronics X-CUBE-AZRTOS-H7 3.3.0
2024-12-20 22:19:20,294 [INFO] ThirdParty:1030 - CMSIS Pack Vendor :RoweBots I-CUBE-UNISONRTOS 5.5.0-4
2024-12-20 22:19:20,294 [INFO] ThirdParty:1030 - CMSIS Pack Vendor :STMicroelectronics X-CUBE-NFC9 1.0.0
2024-12-20 22:19:20,295 [INFO] ThirdParty:1030 - CMSIS Pack Vendor :STMicroelectronics USB_DEVICE 3.0.0
2024-12-20 22:19:20,295 [INFO] ThirdParty:1030 - CMSIS Pack Vendor :STMicroelectronics X-CUBE-TCPP 4.1.0
2024-12-20 22:19:20,295 [INFO] ThirdParty:1030 - CMSIS Pack Vendor :STMicroelectronics X-CUBE-AI 8.0.0
2024-12-20 22:19:20,295 [INFO] ThirdParty:1030 - CMSIS Pack Vendor :STMicroelectronics X-CUBE-IPS 3.0.0
2024-12-20 22:19:20,295 [INFO] ThirdParty:1030 - CMSIS Pack Vendor :STMicroelectronics X-CUBE-AZRTOS-WB 2.0.0
2024-12-20 22:19:20,295 [INFO] ThirdParty:1030 - CMSIS Pack Vendor :STMicroelectronics X-CUBE-FREERTOS 1.0.1
2024-12-20 22:19:20,295 [INFO] ThirdParty:1030 - CMSIS Pack Vendor :STMicroelectronics X-CUBE-TOUCHGFX 4.21.1
2024-12-20 22:19:20,295 [INFO] ThirdParty:1030 - CMSIS Pack Vendor :STMicroelectronics X-CUBE-GNSS1 7.0.0
2024-12-20 22:19:20,296 [INFO] ThirdParty:1030 - CMSIS Pack Vendor :STMicroelectronics X-CUBE-GNSS1 7.0.1
2024-12-20 22:19:20,296 [INFO] ThirdParty:1030 - CMSIS Pack Vendor :STMicroelectronics X-CUBE-TOUCHGFX 4.21.3
2024-12-20 22:19:20,297 [INFO] ThirdParty:1030 - CMSIS Pack Vendor :STMicroelectronics X-CUBE-MEMS1 9.4.0
2024-12-20 22:19:20,297 [INFO] ThirdParty:1030 - CMSIS Pack Vendor :STMicroelectronics X-CUBE-AI 7.3.0
2024-12-20 22:19:20,297 [INFO] ThirdParty:1030 - CMSIS Pack Vendor :STMicroelectronics FP-SNS-STBOX1 2.0.0
2024-12-20 22:19:20,298 [INFO] ThirdParty:1030 - CMSIS Pack Vendor :STMicroelectronics X-CUBE-ALGOBUILD 1.3.0
2024-12-20 22:19:20,298 [INFO] ThirdParty:1030 - CMSIS Pack Vendor :STMicroelectronics X-CUBE-AZRTOS-L5 1.1.0
2024-12-20 22:19:20,298 [INFO] ThirdParty:1030 - CMSIS Pack Vendor :STMicroelectronics X-CUBE-AZRTOS-G0 1.1.0
2024-12-20 22:19:20,298 [INFO] ThirdParty:1030 - CMSIS Pack Vendor :STMicroelectronics X-CUBE-SAFEA1 1.2.2
2024-12-20 22:19:20,298 [INFO] ThirdParty:1030 - CMSIS Pack Vendor :STMicroelectronics X-CUBE-NFC4 3.0.0
2024-12-20 22:19:20,298 [INFO] ThirdParty:1030 - CMSIS Pack Vendor :STMicroelectronics X-CUBE-SUBG2 5.0.0
2024-12-20 22:19:20,298 [INFO] ThirdParty:1030 - CMSIS Pack Vendor :STMicroelectronics STM32_WPAN 1.0.0
2024-12-20 22:19:20,298 [INFO] ThirdParty:1030 - CMSIS Pack Vendor :EmbeddedOffice I-CUBE-FS-RTOS 1.0.1
2024-12-20 22:19:20,298 [INFO] ThirdParty:1030 - CMSIS Pack Vendor :STMicroelectronics lwIP 2.0.3
2024-12-20 22:19:20,299 [INFO] ThirdParty:1030 - CMSIS Pack Vendor :Cesanta I-CUBE-Mongoose 7.13.0
2024-12-20 22:19:20,299 [INFO] ThirdParty:1030 - CMSIS Pack Vendor :STMicroelectronics USB_HOST 1.0.0
2024-12-20 22:19:20,299 [INFO] ThirdParty:1030 - CMSIS Pack Vendor :STMicroelectronics X-CUBE-TOF1 3.3.1
2024-12-20 22:19:20,299 [INFO] ThirdParty:1030 - CMSIS Pack Vendor :STMicroelectronics X-CUBE-AZRTOS-G4 2.0.0
2024-12-20 22:19:20,299 [INFO] ThirdParty:1030 - CMSIS Pack Vendor :STMicroelectronics PDM2PCM 3.1.0
2024-12-20 22:19:20,299 [INFO] ThirdParty:1030 - CMSIS Pack Vendor :STMicroelectronics X-CUBE-TOF1 3.3.0
2024-12-20 22:19:20,299 [INFO] ThirdParty:1030 - CMSIS Pack Vendor :STMicroelectronics FP-ATR-ASTRA1 1.1.1
2024-12-20 22:19:20,299 [INFO] ThirdParty:1030 - CMSIS Pack Vendor :Infineon AIROC-Wi-Fi-Bluetooth-STM32 1.5.1
2024-12-20 22:19:20,299 [INFO] ThirdParty:1030 - CMSIS Pack Vendor :STMicroelectronics X-CUBE-BLEMGR 1.3.0
2024-12-20 22:19:20,299 [INFO] ThirdParty:1030 - CMSIS Pack Vendor :RealThread X-CUBE-RT-Thread_Nano 4.1.1
2024-12-20 22:19:20,299 [INFO] ThirdParty:1030 - CMSIS Pack Vendor :STMicroelectronics FP-ATR-SIGFOX1 3.2.0
2024-12-20 22:19:20,299 [INFO] ThirdParty:1030 - CMSIS Pack Vendor :STMicroelectronics X-CUBE-AZRTOS-G4 1.0.0
2024-12-20 22:19:20,299 [INFO] ThirdParty:1030 - CMSIS Pack Vendor :STMicroelectronics X-CUBE-AZRTOS-L4 1.0.0
2024-12-20 22:19:20,300 [INFO] ThirdParty:1030 - CMSIS Pack Vendor :quantropi X-CUBE-qispace-sdk-base 1.9.3
2024-12-20 22:19:20,300 [INFO] ThirdParty:1030 - CMSIS Pack Vendor :STMicroelectronics X-CUBE-ISPU 2.0.0
2024-12-20 22:19:20,300 [INFO] ThirdParty:1030 - CMSIS Pack Vendor :STMicroelectronics X-CUBE-EEPRMA1 5.1.0
2024-12-20 22:19:20,300 [INFO] ThirdParty:1030 - CMSIS Pack Vendor :STMicroelectronics MBEDTLS 2.16.2
2024-12-20 22:19:20,300 [INFO] ThirdParty:1030 - CMSIS Pack Vendor :STMicroelectronics X-CUBE-ALS 1.0.2
2024-12-20 22:19:20,300 [INFO] ThirdParty:1030 - CMSIS Pack Vendor :STMicroelectronics X-CUBE-MEMS1 10.0.0
2024-12-20 22:19:20,300 [INFO] ThirdParty:1030 - CMSIS Pack Vendor :STMicroelectronics X-CUBE-FREERTOS 1.1.0
2024-12-20 22:19:20,300 [INFO] ThirdParty:1030 - CMSIS Pack Vendor :STMicroelectronics X-CUBE-TOUCHGFX 4.24.0
2024-12-20 22:19:20,300 [INFO] ThirdParty:1030 - CMSIS Pack Vendor :STMicroelectronics X-CUBE-AZRTOS-WL 1.0.0
2024-12-20 22:19:20,300 [INFO] ThirdParty:1030 - CMSIS Pack Vendor :STMicroelectronics X-CUBE-TOUCHGFX 4.24.1
2024-12-20 22:19:20,300 [INFO] ThirdParty:1030 - CMSIS Pack Vendor :portGmbH I-Cube-SoM-uGOAL 1.1.0
2024-12-20 22:19:20,300 [INFO] ThirdParty:1030 - CMSIS Pack Vendor :STMicroelectronics X-CUBE-ALS 1.0.1
2024-12-20 22:19:20,300 [INFO] ThirdParty:1030 - CMSIS Pack Vendor :STMicroelectronics X-CUBE-MEMS1 9.5.0
2024-12-20 22:19:20,300 [INFO] ThirdParty:1030 - CMSIS Pack Vendor :STMicroelectronics ThreadX 1.0.0
2024-12-20 22:19:20,300 [INFO] ThirdParty:1030 - CMSIS Pack Vendor :STMicroelectronics X-CUBE-AZRTOS-WB 1.1.0
2024-12-20 22:19:20,300 [INFO] ThirdParty:1030 - CMSIS Pack Vendor :SEGGER I-CUBE-embOS 1.3.1
2024-12-20 22:19:20,301 [INFO] ThirdParty:1030 - CMSIS Pack Vendor :STMicroelectronics X-CUBE-ALGOBUILD 1.4.0
2024-12-20 22:19:20,301 [INFO] ThirdParty:1030 - CMSIS Pack Vendor :SEGGER I-CUBE-embOS 1.3.0
2024-12-20 22:19:20,301 [INFO] ThirdParty:1030 - CMSIS Pack Vendor :STMicroelectronics X-CUBE-AZRTOS-H7RS 1.0.0
2024-12-20 22:19:20,301 [INFO] ThirdParty:1030 - CMSIS Pack Vendor :STMicroelectronics FP-ATR-ASTRA1 2.0.0
2024-12-20 22:19:20,301 [INFO] ThirdParty:1030 - CMSIS Pack Vendor :STMicroelectronics X-CUBE-TOF1 3.4.2
2024-12-20 22:19:20,301 [INFO] ThirdParty:1030 - CMSIS Pack Vendor :STMicroelectronics X-CUBE-AI 9.1.0
2024-12-20 22:19:20,301 [INFO] ThirdParty:1030 - CMSIS Pack Vendor :STMicroelectronics X-CUBE-TOF1 3.4.1
2024-12-20 22:19:20,301 [INFO] ThirdParty:1030 - CMSIS Pack Vendor :STMicroelectronics X-CUBE-AZRTOS-H7 3.2.0
2024-12-20 22:19:20,301 [INFO] ThirdParty:1030 - CMSIS Pack Vendor :wolfSSL I-CUBE-wolfSSH 1.4.17
2024-12-20 22:19:20,301 [INFO] ThirdParty:841 - exiting critical section [change project]
2024-12-20 22:19:21,368 [INFO] PinOutPanel:1561 - setPackage(No Configuration,No Configuration)
2024-12-20 22:19:21,370 [INFO] PinOutPanel:1561 - setPackage(STM32F407VGTx,LQFP100)
2024-12-20 22:19:22,475 [INFO] UtilMem:75 - Before build in PCC Used Memory: 709407832 Bytes (1073741824)
2024-12-20 22:19:24,249 [INFO] UtilMem:75 - After build in PCC Used Memory: 790355216 Bytes (1073741824)
2024-12-20 22:19:24,336 [INFO] IPUIPlugin:80 - create IPUIPlugin
2024-12-20 22:19:24,337 [INFO] IPUIPlugin:80 - create IPUIPlugin
2024-12-20 22:19:24,337 [INFO] IPUIPlugin:80 - create IPUIPlugin
2024-12-20 22:19:24,337 [INFO] IPUIPlugin:80 - create IPUIPlugin
2024-12-20 22:19:24,337 [INFO] IPUIPlugin:80 - create IPUIPlugin
2024-12-20 22:19:24,338 [INFO] IPUIPlugin:80 - create IPUIPlugin
2024-12-20 22:19:24,338 [INFO] IPUIPlugin:80 - create IPUIPlugin
2024-12-20 22:19:24,338 [INFO] IPUIPlugin:80 - create IPUIPlugin
2024-12-20 22:19:24,338 [INFO] IPUIPlugin:80 - create IPUIPlugin
2024-12-20 22:19:24,339 [INFO] IPUIPlugin:80 - create IPUIPlugin
2024-12-20 22:19:24,339 [INFO] IPUIPlugin:80 - create IPUIPlugin
2024-12-20 22:19:24,339 [INFO] IPUIPlugin:80 - create IPUIPlugin
2024-12-20 22:19:24,340 [INFO] IPUIPlugin:80 - create IPUIPlugin
2024-12-20 22:19:24,340 [INFO] IPUIPlugin:80 - create IPUIPlugin
2024-12-20 22:19:24,340 [INFO] IPUIPlugin:80 - create IPUIPlugin
2024-12-20 22:19:24,340 [INFO] IPUIPlugin:80 - create IPUIPlugin
2024-12-20 22:19:24,341 [INFO] IPUIPlugin:80 - create IPUIPlugin
2024-12-20 22:19:24,341 [INFO] IPUIPlugin:80 - create IPUIPlugin
2024-12-20 22:19:24,341 [INFO] IPUIPlugin:80 - create IPUIPlugin
2024-12-20 22:19:24,342 [INFO] IPUIPlugin:80 - create IPUIPlugin
2024-12-20 22:19:24,343 [INFO] IPUIPlugin:80 - create IPUIPlugin
2024-12-20 22:19:24,343 [INFO] IPUIPlugin:80 - create IPUIPlugin
2024-12-20 22:19:24,344 [INFO] IPUIPlugin:80 - create IPUIPlugin
2024-12-20 22:19:24,345 [INFO] IPUIPlugin:80 - create IPUIPlugin
2024-12-20 22:19:24,345 [INFO] IPUIPlugin:80 - create IPUIPlugin
2024-12-20 22:19:24,346 [INFO] IPUIPlugin:80 - create IPUIPlugin
2024-12-20 22:19:24,346 [INFO] IPUIPlugin:80 - create IPUIPlugin
2024-12-20 22:19:24,347 [INFO] IPUIPlugin:80 - create IPUIPlugin
2024-12-20 22:19:24,348 [INFO] IPUIPlugin:80 - create IPUIPlugin
2024-12-20 22:19:24,348 [INFO] IPUIPlugin:80 - create IPUIPlugin
2024-12-20 22:19:24,349 [INFO] IPUIPlugin:80 - create IPUIPlugin
2024-12-20 22:19:24,349 [INFO] IPUIPlugin:80 - create IPUIPlugin
2024-12-20 22:19:24,350 [INFO] IPUIPlugin:80 - create IPUIPlugin
2024-12-20 22:19:24,351 [INFO] IPUIPlugin:80 - create IPUIPlugin
2024-12-20 22:19:24,352 [INFO] IPUIPlugin:80 - create IPUIPlugin
2024-12-20 22:19:24,353 [INFO] IPUIPlugin:80 - create IPUIPlugin
2024-12-20 22:19:24,354 [INFO] IPUIPlugin:80 - create IPUIPlugin
2024-12-20 22:19:24,355 [INFO] IPUIPlugin:80 - create IPUIPlugin
2024-12-20 22:19:24,356 [INFO] IPUIPlugin:80 - create IPUIPlugin
2024-12-20 22:19:24,356 [INFO] IPUIPlugin:80 - create IPUIPlugin
2024-12-20 22:19:24,357 [INFO] IPUIPlugin:80 - create IPUIPlugin
2024-12-20 22:19:24,358 [INFO] IPUIPlugin:80 - create IPUIPlugin
2024-12-20 22:19:24,358 [INFO] IPUIPlugin:80 - create IPUIPlugin
2024-12-20 22:19:24,359 [INFO] IPUIPlugin:80 - create IPUIPlugin
2024-12-20 22:19:24,360 [INFO] IPUIPlugin:80 - create IPUIPlugin
2024-12-20 22:19:24,361 [INFO] IPUIPlugin:80 - create IPUIPlugin
2024-12-20 22:19:24,361 [INFO] IPUIPlugin:80 - create IPUIPlugin
2024-12-20 22:19:24,362 [INFO] IPUIPlugin:80 - create IPUIPlugin
2024-12-20 22:19:24,363 [INFO] IPUIPlugin:80 - create IPUIPlugin
2024-12-20 22:19:24,364 [INFO] IPUIPlugin:80 - create IPUIPlugin
2024-12-20 22:19:24,365 [INFO] IPUIPlugin:80 - create IPUIPlugin
2024-12-20 22:19:24,366 [INFO] IPUIPlugin:80 - create IPUIPlugin
2024-12-20 22:19:24,367 [INFO] IPUIPlugin:80 - create IPUIPlugin
2024-12-20 22:19:24,368 [INFO] IPUIPlugin:80 - create IPUIPlugin
2024-12-20 22:19:24,370 [INFO] IPUIPlugin:80 - create IPUIPlugin
2024-12-20 22:19:24,372 [INFO] IPUIPlugin:80 - create IPUIPlugin
2024-12-20 22:19:24,373 [INFO] IPUIPlugin:80 - create IPUIPlugin
2024-12-20 22:19:24,374 [INFO] IPUIPlugin:80 - create IPUIPlugin
2024-12-20 22:19:24,554 [INFO] ApiDbMcu:508 - Load IP Config File for PDM2PCM
2024-12-20 22:19:25,009 [INFO] CADModel:165 - CPN selected for project levelSTM32F407VGT6
2024-12-20 22:19:25,010 [INFO] CADModel:114 - Register for checkConnection events
2024-12-20 22:19:25,059 [INFO] OpenFileManager:343 - Restore cursor
2024-12-20 22:20:26,963 [INFO] Gpio:277 - dependency for GPIO [USART2]
2024-12-20 22:21:57,398 [INFO] Gpio:277 - dependency for GPIO [USART2]
2024-12-20 22:21:57,749 [INFO] Gpio:277 - dependency for GPIO [USART2]
2024-12-20 22:22:14,243 [INFO] UtilMem:75 - End SaveConfig() Used Memory: 856651296 Bytes (1073741824)
2024-12-20 22:22:17,862 [INFO] UtilMem:75 - End SaveConfig() Used Memory: 701877848 Bytes (1073741824)
2024-12-20 22:22:18,910 [INFO] BlockDiagram:2759 - set Specific Code input for plugin: SYS
2024-12-20 22:22:18,910 [INFO] BlockDiagram:2759 - set Specific Code input for plugin: RCC
2024-12-20 22:22:18,910 [INFO] BlockDiagram:2759 - set Specific Code input for plugin: NVIC
2024-12-20 22:22:18,911 [INFO] BlockDiagram:2759 - set Specific Code input for plugin: USART
2024-12-20 22:22:18,912 [INFO] BlockDiagram:2759 - set Specific Code input for plugin: GPIO
2024-12-20 22:22:18,915 [INFO] CodeGenerator:807 - code generatio: config db path: C:\ST\STM32CubeIDE_1.11.0\STM32CubeIDE\plugins\com.st.stm32cube.common.mx_6.11.1.202404110753\\db\
2024-12-20 22:22:19,396 [INFO] CodeEngine:255 - oldGeneratedFile, C:\Users\julio\Downloads\FreeRTOS_STM32F407\App_028_Example_9.2_Synchronizing Tasks_with_Event_Group\MXTmpFiles\license.tmp_save
2024-12-20 22:22:20,095 [INFO] CodeEngine:279 - Generated code: C:\Users\julio\Downloads\FreeRTOS_STM32F407\App_028_Example_9.2_Synchronizing Tasks_with_Event_Group\MXTmpFiles\license.tmp
2024-12-20 22:22:20,250 [INFO] CodeEngine:255 - oldGeneratedFile, C:\Users\julio\Downloads\FreeRTOS_STM32F407\App_028_Example_9.2_Synchronizing Tasks_with_Event_Group\MXTmpFiles\gpio.tmp_save
2024-12-20 22:22:20,600 [INFO] CodeEngine:279 - Generated code: C:\Users\julio\Downloads\FreeRTOS_STM32F407\App_028_Example_9.2_Synchronizing Tasks_with_Event_Group\MXTmpFiles\gpio.tmp
2024-12-20 22:22:20,934 [INFO] CodeEngine:255 - oldGeneratedFile, C:\Users\julio\Downloads\FreeRTOS_STM32F407\App_028_Example_9.2_Synchronizing Tasks_with_Event_Group\Core\Src\stm32f4xx_it.c_save
2024-12-20 22:22:21,274 [INFO] CodeEngine:279 - Generated code: C:\Users\julio\Downloads\FreeRTOS_STM32F407\App_028_Example_9.2_Synchronizing Tasks_with_Event_Group\Core\Src\stm32f4xx_it.c
2024-12-20 22:22:21,338 [INFO] CodeEngine:255 - oldGeneratedFile, C:\Users\julio\Downloads\FreeRTOS_STM32F407\App_028_Example_9.2_Synchronizing Tasks_with_Event_Group\Core\Inc\stm32f4xx_it.h_save
2024-12-20 22:22:21,542 [INFO] CodeEngine:279 - Generated code: C:\Users\julio\Downloads\FreeRTOS_STM32F407\App_028_Example_9.2_Synchronizing Tasks_with_Event_Group\Core\Inc\stm32f4xx_it.h
2024-12-20 22:22:21,640 [INFO] CodeEngine:255 - oldGeneratedFile, C:\Users\julio\Downloads\FreeRTOS_STM32F407\App_028_Example_9.2_Synchronizing Tasks_with_Event_Group\Core\Src\stm32f4xx_hal_msp.c_save
2024-12-20 22:22:22,070 [INFO] CodeEngine:279 - Generated code: C:\Users\julio\Downloads\FreeRTOS_STM32F407\App_028_Example_9.2_Synchronizing Tasks_with_Event_Group\Core\Src\stm32f4xx_hal_msp.c
2024-12-20 22:22:22,104 [INFO] CodeEngine:255 - oldGeneratedFile, C:\Users\julio\Downloads\FreeRTOS_STM32F407\App_028_Example_9.2_Synchronizing Tasks_with_Event_Group\MXTmpFiles\system.tmp_save
2024-12-20 22:22:22,254 [INFO] CodeEngine:279 - Generated code: C:\Users\julio\Downloads\FreeRTOS_STM32F407\App_028_Example_9.2_Synchronizing Tasks_with_Event_Group\MXTmpFiles\system.tmp
2024-12-20 22:22:22,323 [INFO] CodeEngine:255 - oldGeneratedFile, C:\Users\julio\Downloads\FreeRTOS_STM32F407\App_028_Example_9.2_Synchronizing Tasks_with_Event_Group\Core\Src\stm32f4xx_hal_timebase_tim.c_save
2024-12-20 22:22:22,492 [INFO] CodeEngine:279 - Generated code: C:\Users\julio\Downloads\FreeRTOS_STM32F407\App_028_Example_9.2_Synchronizing Tasks_with_Event_Group\Core\Src\stm32f4xx_hal_timebase_tim.c
2024-12-20 22:22:22,558 [INFO] CodeEngine:311 - oldGeneratedFile, C:\Users\julio\Downloads\FreeRTOS_STM32F407\App_028_Example_9.2_Synchronizing Tasks_with_Event_Group\Core\Inc\stm32f4xx_hal_conf.h_save
2024-12-20 22:22:22,747 [INFO] CodeEngine:335 - Generated code: C:\Users\julio\Downloads\FreeRTOS_STM32F407\App_028_Example_9.2_Synchronizing Tasks_with_Event_Group\Core\Inc\stm32f4xx_hal_conf.h
2024-12-20 22:22:22,885 [INFO] CodeEngine:255 - oldGeneratedFile, C:\Users\julio\Downloads\FreeRTOS_STM32F407\App_028_Example_9.2_Synchronizing Tasks_with_Event_Group\Core\Inc\main.h_save
2024-12-20 22:22:23,154 [INFO] CodeEngine:279 - Generated code: C:\Users\julio\Downloads\FreeRTOS_STM32F407\App_028_Example_9.2_Synchronizing Tasks_with_Event_Group\Core\Inc\main.h
2024-12-20 22:22:23,206 [INFO] CodeEngine:255 - oldGeneratedFile, C:\Users\julio\Downloads\FreeRTOS_STM32F407\App_028_Example_9.2_Synchronizing Tasks_with_Event_Group\Core\Src\main.c_save
2024-12-20 22:22:23,647 [INFO] CodeEngine:279 - Generated code: C:\Users\julio\Downloads\FreeRTOS_STM32F407\App_028_Example_9.2_Synchronizing Tasks_with_Event_Group\Core\Src\main.c
2024-12-20 22:22:24,691 [INFO] ProjectBuilder:3163 - Time for Copy HAL[1] : 497mS.
2024-12-20 22:22:24,709 [INFO] ProjectBuilder:4736 - Project Generator version: 4.3.0-B58
2024-12-20 22:22:24,989 [INFO] ConfigFileManager:1503 - The Die is : DIE413
2024-12-20 22:22:25,040 [INFO] ApiDbMcu:508 - Load IP Config File for FATFS
2024-12-20 22:22:25,076 [INFO] ApiDbMcu:508 - Load IP Config File for FREERTOS
2024-12-20 22:22:25,137 [INFO] ApiDbMcu:508 - Load IP Config File for LIBJPEG
2024-12-20 22:22:25,181 [INFO] ApiDbMcu:508 - Load IP Config File for LWIP
2024-12-20 22:22:25,217 [INFO] ApiDbMcu:508 - Load IP Config File for MBEDTLS
2024-12-20 22:22:25,259 [INFO] ApiDbMcu:508 - Load IP Config File for USB_DEVICE
2024-12-20 22:22:25,286 [INFO] ApiDbMcu:508 - Load IP Config File for USB_HOST
2024-12-20 22:22:26,542 [INFO] LogOutputStream:77 - [STDOUT_REDIRECT] 
2024-12-20 22:22:29,716 [INFO] ProjectBuilder:5002 - Time for Generating toolchain IDE Files: 5007mS.
2024-12-20 22:22:29,718 [INFO] ProjectBuilder:3034 - Time for Copy CMSIS : 1mS.
2024-12-20 22:22:29,729 [INFO] ProjectBuilder:3034 - Time for Copy CMSIS : 0mS.
