2024-10-13 19:39:54,075 [INFO] Activator:176 - 


2024-10-13 19:39:54,089 [INFO] Activator:177 - !SESSION log4j initialized
2024-10-13 19:40:06,164 [INFO] LogOutputStream:77 - [STDOUT_REDIRECT] 
2024-10-13 19:40:13,548 [INFO] ApplicationProperties:184 - Using Application install path: C:\ST\STM32CubeIDE_1.11.0\STM32CubeIDE\plugins\com.st.stm32cube.common.mx_6.11.1.202404110753
2024-10-13 19:40:13,574 [INFO] DbMcusXml:78 - Set database path to: C:\ST\STM32CubeIDE_1.11.0\STM32CubeIDE\plugins\com.st.stm32cube.common.mx_6.11.1.202404110753\\db\/mcu/
2024-10-13 19:40:13,574 [INFO] ApiDb:274 - Set plugin database path to: C:\ST\STM32CubeIDE_1.11.0\STM32CubeIDE\plugins\com.st.stm32cube.common.mx_6.11.1.202404110753\\db\/plugins/boardmanager/
2024-10-13 19:40:13,574 [WARN] ApiDb:259 - Overriding images path with different value:  => C:\ST\STM32CubeIDE_1.11.0\STM32CubeIDE\plugins\com.st.stm32cube.common.mx_6.11.1.202404110753\\db\/plugins/mcufinder/images/
2024-10-13 19:40:13,594 [INFO] ApiDb:250 - Set database path to: C:\Users\julio\.stmcufinder\plugins\mcufinder//mcu/
2024-10-13 19:40:13,595 [INFO] DbMcusAds:125 - Set database path to: C:\Users\julio\.stmcufinder\plugins\mcufinder//mcu/
2024-10-13 19:40:13,598 [INFO] CrossReferenceDbSqlite:203 - Set database path to: C:\Users\julio\.stmcufinder\plugins\mcufinder//mcu/cs/
2024-10-13 19:40:13,792 [INFO] RulesReader:64 - Compatibility file has been processed (297 Rules)
2024-10-13 19:40:13,961 [INFO] DbMcusXml:78 - Set database path to: C:\ST\STM32CubeIDE_1.11.0\STM32CubeIDE\plugins\com.st.stm32cube.common.mx_6.11.1.202404110753\\db\/mcu/
2024-10-13 19:40:13,961 [INFO] ApiDb:274 - Set plugin database path to: C:\ST\STM32CubeIDE_1.11.0\STM32CubeIDE\plugins\com.st.stm32cube.common.mx_6.11.1.202404110753\\db\/plugins/boardmanager/
2024-10-13 19:40:13,961 [INFO] ApiDb:261 - Set plugin images path to: C:\ST\STM32CubeIDE_1.11.0\STM32CubeIDE\plugins\com.st.stm32cube.common.mx_6.11.1.202404110753\\db\/plugins/mcufinder/images/
2024-10-13 19:40:13,962 [WARN] DbFile:41 - Overriding database path with different value: C:\Users\julio\.stmcufinder\plugins\mcufinder/ => C:\Users\julio\.stmcufinder\plugins\mcufinder
2024-10-13 19:40:13,962 [INFO] ApiDb:250 - Set database path to: C:\Users\julio\.stmcufinder\plugins\mcufinder//mcu/
2024-10-13 19:40:13,963 [WARN] DbFile:41 - Overriding database path with different value: C:\Users\julio\.stmcufinder\plugins\mcufinder/ => C:\Users\julio\.stmcufinder\plugins\mcufinder
2024-10-13 19:40:13,963 [INFO] DbMcusAds:125 - Set database path to: C:\Users\julio\.stmcufinder\plugins\mcufinder//mcu/
2024-10-13 19:40:13,963 [WARN] DbFile:41 - Overriding database path with different value: C:\Users\julio\.stmcufinder\plugins\mcufinder/ => C:\Users\julio\.stmcufinder\plugins\mcufinder
2024-10-13 19:40:13,963 [WARN] DbFile:41 - Overriding database path with different value: C:\Users\julio\.stmcufinder\plugins\mcufinder/ => C:\Users\julio\.stmcufinder\plugins\mcufinder
2024-10-13 19:40:13,963 [INFO] CrossReferenceDbSqlite:203 - Set database path to: C:\Users\julio\.stmcufinder\plugins\mcufinder//mcu/cs/
2024-10-13 19:40:14,118 [INFO] MainPanel:264 - HeapMemory: 268435456
2024-10-13 19:40:14,300 [INFO] DbMcusXml:78 - Set database path to: C:\ST\STM32CubeIDE_1.11.0\STM32CubeIDE\plugins\com.st.stm32cube.common.mx_6.11.1.202404110753\\db\/mcu/
2024-10-13 19:40:14,300 [INFO] ApiDb:274 - Set plugin database path to: C:\ST\STM32CubeIDE_1.11.0\STM32CubeIDE\plugins\com.st.stm32cube.common.mx_6.11.1.202404110753\\db\/plugins/boardmanager/
2024-10-13 19:40:14,300 [INFO] ApiDb:261 - Set plugin images path to: C:\ST\STM32CubeIDE_1.11.0\STM32CubeIDE\plugins\com.st.stm32cube.common.mx_6.11.1.202404110753\\db\/plugins/mcufinder/images/
2024-10-13 19:40:14,301 [WARN] DbFile:41 - Overriding database path with different value: C:\Users\julio\.stmcufinder\plugins\mcufinder/ => C:\Users\julio\.stmcufinder\plugins\mcufinder
2024-10-13 19:40:14,301 [INFO] ApiDb:250 - Set database path to: C:\Users\julio\.stmcufinder\plugins\mcufinder//mcu/
2024-10-13 19:40:14,301 [WARN] DbFile:41 - Overriding database path with different value: C:\Users\julio\.stmcufinder\plugins\mcufinder/ => C:\Users\julio\.stmcufinder\plugins\mcufinder
2024-10-13 19:40:14,302 [INFO] DbMcusAds:125 - Set database path to: C:\Users\julio\.stmcufinder\plugins\mcufinder//mcu/
2024-10-13 19:40:14,302 [WARN] DbFile:41 - Overriding database path with different value: C:\Users\julio\.stmcufinder\plugins\mcufinder/ => C:\Users\julio\.stmcufinder\plugins\mcufinder
2024-10-13 19:40:14,302 [WARN] DbFile:41 - Overriding database path with different value: C:\Users\julio\.stmcufinder\plugins\mcufinder/ => C:\Users\julio\.stmcufinder\plugins\mcufinder
2024-10-13 19:40:14,302 [INFO] CrossReferenceDbSqlite:203 - Set database path to: C:\Users\julio\.stmcufinder\plugins\mcufinder//mcu/cs/
2024-10-13 19:40:14,331 [INFO] ApplicationProperties:184 - Using Application install path: C:\ST\STM32CubeIDE_1.11.0\STM32CubeIDE\plugins\com.st.stm32cube.common.mx_6.11.1.202404110753
2024-10-13 19:40:14,333 [INFO] PluginManage:196 - Search for loadable plugins [exclusion list=, ]
2024-10-13 19:40:14,335 [INFO] PluginManage:310 - Check plugin analytics
2024-10-13 19:40:14,642 [INFO] AnalyticsPlugin:253 - Accepted Software Licenses: STM32CubeMX.6.11.1
2024-10-13 19:40:14,642 [INFO] AnalyticsPlugin:255 - Accepted CMSIS Pack Licenses: 
2024-10-13 19:40:14,643 [INFO] AnalyticsPlugin:257 - Accepted Firmware Licenses: FW.F4.1.28.0
2024-10-13 19:40:14,650 [INFO] PluginManage:359 - Loaded plugin analytics (category:tool,tabindex:-1)
2024-10-13 19:40:14,652 [INFO] PluginManage:310 - Check plugin cadmodel
2024-10-13 19:40:14,677 [INFO] CADModel:105 - Init CAD model plugin
2024-10-13 19:40:14,677 [INFO] PluginManage:359 - Loaded plugin cadmodel (category:power,tabindex:5)
2024-10-13 19:40:14,678 [INFO] PluginManage:310 - Check plugin clock
2024-10-13 19:40:14,713 [INFO] PluginManage:359 - Loaded plugin clock (category:base,tabindex:2)
2024-10-13 19:40:14,714 [INFO] PluginManage:310 - Check plugin ddr
2024-10-13 19:40:14,717 [INFO] PluginManage:359 - Loaded plugin ddr (category:tool,tabindex:6)
2024-10-13 19:40:14,717 [INFO] PluginManage:310 - Check plugin filemanager
2024-10-13 19:40:14,928 [INFO] PluginManage:359 - Loaded plugin filemanager (category:base,tabindex:10)
2024-10-13 19:40:14,928 [INFO] PluginManage:310 - Check plugin ipmanager
2024-10-13 19:40:14,937 [INFO] PluginManage:359 - Loaded plugin ipmanager (category:base,tabindex:5)
2024-10-13 19:40:14,938 [INFO] PluginManage:310 - Check plugin lpbam
2024-10-13 19:40:14,961 [INFO] PluginManage:359 - Loaded plugin lpbam (category:base,tabindex:0)
2024-10-13 19:40:14,961 [INFO] PluginManage:310 - Check plugin memorymap
2024-10-13 19:40:14,989 [INFO] PluginManage:359 - Loaded plugin memorymap (category:base,tabindex:4)
2024-10-13 19:40:14,989 [INFO] PluginManage:310 - Check plugin pinoutandconfiguration
2024-10-13 19:40:15,010 [INFO] PluginManage:359 - Loaded plugin pinoutandconfiguration (category:base,tabindex:1)
2024-10-13 19:40:15,010 [INFO] PluginManage:310 - Check plugin pinoutconfig
2024-10-13 19:40:15,153 [WARN] SupportedApi:132 - Cannot load RTOS API schema: s4s-elt-must-match.1: The content of 'definitions' must match (annotation?, (simpleType | complexType)?, (unique | key | keyref)*)). A problem was found starting at: attribute.
2024-10-13 19:40:15,394 [INFO] PluginManage:359 - Loaded plugin pinoutconfig (category:base,tabindex:0)
2024-10-13 19:40:15,399 [INFO] PluginManage:310 - Check plugin power
2024-10-13 19:40:15,428 [INFO] PluginManage:359 - Loaded plugin power (category:power,tabindex:4)
2024-10-13 19:40:15,428 [INFO] PluginManage:310 - Check plugin projectmanager
2024-10-13 19:40:15,449 [INFO] PluginManage:359 - Loaded plugin projectmanager (category:projectmanager,tabindex:3)
2024-10-13 19:40:15,449 [INFO] PluginManage:310 - Check plugin thirdparty
2024-10-13 19:40:15,898 [WARN] IntegrityCheckThread:84 - waiting for thirdparty lock release [integrity check]
2024-10-13 19:40:15,899 [INFO] IntegrityCheckThread:86 - entering critical section [integrity check]
2024-10-13 19:40:15,899 [INFO] PluginManage:359 - Loaded plugin thirdparty (category:base,tabindex:-1)
2024-10-13 19:40:15,899 [INFO] PluginManage:310 - Check plugin tools
2024-10-13 19:40:15,900 [INFO] ThirdPartyUpdaterWithRetryManager:70 - Updater plugin not ready yet. [1/15]
2024-10-13 19:40:15,956 [INFO] PluginManage:359 - Loaded plugin tools (category:base,tabindex:7)
2024-10-13 19:40:15,956 [INFO] PluginManage:310 - Check plugin tutovideos
2024-10-13 19:40:16,277 [INFO] PluginManage:359 - Loaded plugin tutovideos (category:base,tabindex:-1)
2024-10-13 19:40:16,278 [INFO] PluginManage:310 - Check plugin updater
2024-10-13 19:40:16,291 [INFO] PluginManage:359 - Loaded plugin updater (category:base,tabindex:12)
2024-10-13 19:40:16,292 [INFO] PluginManage:310 - Check plugin userauth
2024-10-13 19:40:16,297 [INFO] UserAuth:114 - Init User Auth plugin
2024-10-13 19:40:16,298 [INFO] PluginManage:359 - Loaded plugin userauth (category:base,tabindex:14)
2024-10-13 19:40:16,298 [INFO] PluginManage:283 - PluginManage : Loaded plugins [17]
2024-10-13 19:40:16,601 [INFO] PinOutPanel:1561 - setPackage(No Configuration,No Configuration)
2024-10-13 19:40:16,704 [INFO] CADModel:165 - CPN selected for project level
2024-10-13 19:40:16,704 [INFO] CADModel:114 - Register for checkConnection events
2024-10-13 19:40:16,747 [INFO] IPUIPlugin:80 - create IPUIPlugin
2024-10-13 19:40:16,748 [INFO] PluginManager:220 - loadIPPluginJar : add adc
2024-10-13 19:40:16,814 [INFO] IPUIPlugin:80 - create IPUIPlugin
2024-10-13 19:40:16,815 [INFO] PluginManager:220 - loadIPPluginJar : add aes
2024-10-13 19:40:16,906 [INFO] IPUIPlugin:80 - create IPUIPlugin
2024-10-13 19:40:16,907 [INFO] PluginManager:220 - loadIPPluginJar : add can
2024-10-13 19:40:16,953 [INFO] IPUIPlugin:80 - create IPUIPlugin
2024-10-13 19:40:16,954 [INFO] PluginManager:220 - loadIPPluginJar : add comp
2024-10-13 19:40:17,010 [INFO] IPUIPlugin:80 - create IPUIPlugin
2024-10-13 19:40:17,010 [INFO] PluginManager:220 - loadIPPluginJar : add cryp
2024-10-13 19:40:17,057 [INFO] IPUIPlugin:80 - create IPUIPlugin
2024-10-13 19:40:17,058 [INFO] PluginManager:220 - loadIPPluginJar : add dfsdm
2024-10-13 19:40:17,076 [INFO] IPUIPlugin:80 - create IPUIPlugin
2024-10-13 19:40:17,077 [INFO] PluginManager:220 - loadIPPluginJar : add dma
2024-10-13 19:40:17,139 [INFO] IPUIPlugin:80 - create IPUIPlugin
2024-10-13 19:40:17,139 [INFO] PluginManager:220 - loadIPPluginJar : add dma3
2024-10-13 19:40:17,202 [INFO] IPUIPlugin:80 - create IPUIPlugin
2024-10-13 19:40:17,203 [INFO] PluginManager:220 - loadIPPluginJar : add extmemmanager
2024-10-13 19:40:17,230 [INFO] IPUIPlugin:80 - create IPUIPlugin
2024-10-13 19:40:17,230 [INFO] PluginManager:220 - loadIPPluginJar : add fatfs
2024-10-13 19:40:17,290 [INFO] IPUIPlugin:80 - create IPUIPlugin
2024-10-13 19:40:17,290 [INFO] PluginManager:220 - loadIPPluginJar : add fmc
2024-10-13 19:40:17,307 [INFO] IPUIPlugin:80 - create IPUIPlugin
2024-10-13 19:40:17,307 [INFO] PluginManager:220 - loadIPPluginJar : add freertos
2024-10-13 19:40:17,331 [INFO] IPUIPlugin:80 - create IPUIPlugin
2024-10-13 19:40:17,331 [INFO] PluginManager:220 - loadIPPluginJar : add genericplugin
2024-10-13 19:40:17,457 [INFO] IPUIPlugin:80 - create IPUIPlugin
2024-10-13 19:40:17,457 [INFO] PluginManager:220 - loadIPPluginJar : add gfxmmu
2024-10-13 19:40:17,653 [INFO] IPUIPlugin:80 - create IPUIPlugin
2024-10-13 19:40:17,653 [INFO] PluginManager:220 - loadIPPluginJar : add gic
2024-10-13 19:40:17,677 [INFO] IPUIPlugin:80 - create IPUIPlugin
2024-10-13 19:40:17,677 [INFO] PluginManager:220 - loadIPPluginJar : add gpio
2024-10-13 19:40:17,790 [INFO] IPUIPlugin:80 - create IPUIPlugin
2024-10-13 19:40:17,790 [INFO] PluginManager:220 - loadIPPluginJar : add gtzc
2024-10-13 19:40:17,831 [INFO] IPUIPlugin:80 - create IPUIPlugin
2024-10-13 19:40:17,831 [INFO] PluginManager:220 - loadIPPluginJar : add hash
2024-10-13 19:40:17,893 [INFO] IPUIPlugin:80 - create IPUIPlugin
2024-10-13 19:40:17,894 [INFO] PluginManager:220 - loadIPPluginJar : add i2c
2024-10-13 19:40:17,956 [INFO] IPUIPlugin:80 - create IPUIPlugin
2024-10-13 19:40:17,956 [INFO] PluginManager:220 - loadIPPluginJar : add i2s
2024-10-13 19:40:18,005 [INFO] IPUIPlugin:80 - create IPUIPlugin
2024-10-13 19:40:18,005 [INFO] PluginManager:220 - loadIPPluginJar : add i3c
2024-10-13 19:40:18,146 [INFO] IPUIPlugin:80 - create IPUIPlugin
2024-10-13 19:40:18,146 [INFO] PluginManager:220 - loadIPPluginJar : add ipddr
2024-10-13 19:40:18,263 [INFO] IPUIPlugin:80 - create IPUIPlugin
2024-10-13 19:40:18,263 [INFO] PluginManager:220 - loadIPPluginJar : add linkedlist
2024-10-13 19:40:18,311 [INFO] IPUIPlugin:80 - create IPUIPlugin
2024-10-13 19:40:18,311 [INFO] PluginManager:220 - loadIPPluginJar : add lorawan
2024-10-13 19:40:18,356 [INFO] IPUIPlugin:80 - create IPUIPlugin
2024-10-13 19:40:18,356 [INFO] PluginManager:220 - loadIPPluginJar : add ltdc
2024-10-13 19:40:18,375 [INFO] IPUIPlugin:80 - create IPUIPlugin
2024-10-13 19:40:18,375 [INFO] PluginManager:220 - loadIPPluginJar : add mdma
2024-10-13 19:40:18,388 [INFO] IPUIPlugin:80 - create IPUIPlugin
2024-10-13 19:40:18,388 [INFO] PluginManager:220 - loadIPPluginJar : add nvic
2024-10-13 19:40:18,435 [INFO] IPUIPlugin:80 - create IPUIPlugin
2024-10-13 19:40:18,435 [INFO] PluginManager:220 - loadIPPluginJar : add opamp
2024-10-13 19:40:18,513 [INFO] IPUIPlugin:80 - create IPUIPlugin
2024-10-13 19:40:18,513 [INFO] PluginManager:220 - loadIPPluginJar : add openamp
2024-10-13 19:40:18,567 [INFO] IPUIPlugin:80 - create IPUIPlugin
2024-10-13 19:40:18,567 [INFO] PluginManager:220 - loadIPPluginJar : add pdm2pcm
2024-10-13 19:40:18,583 [INFO] IPUIPlugin:80 - create IPUIPlugin
2024-10-13 19:40:18,585 [INFO] PluginManager:220 - loadIPPluginJar : add plateformsettings
2024-10-13 19:40:18,610 [INFO] IPUIPlugin:80 - create IPUIPlugin
2024-10-13 19:40:18,611 [INFO] PluginManager:220 - loadIPPluginJar : add quadspi
2024-10-13 19:40:18,626 [INFO] IPUIPlugin:80 - create IPUIPlugin
2024-10-13 19:40:18,626 [INFO] PluginManager:220 - loadIPPluginJar : add resmgrutility
2024-10-13 19:40:18,696 [INFO] IPUIPlugin:80 - create IPUIPlugin
2024-10-13 19:40:18,696 [INFO] PluginManager:220 - loadIPPluginJar : add sai
2024-10-13 19:40:18,739 [INFO] IPUIPlugin:80 - create IPUIPlugin
2024-10-13 19:40:18,739 [INFO] PluginManager:220 - loadIPPluginJar : add spi
2024-10-13 19:40:18,826 [INFO] IPUIPlugin:80 - create IPUIPlugin
2024-10-13 19:40:18,826 [INFO] PluginManager:220 - loadIPPluginJar : add stm32_wpan
2024-10-13 19:40:18,853 [INFO] IPUIPlugin:80 - create IPUIPlugin
2024-10-13 19:40:18,853 [INFO] PluginManager:220 - loadIPPluginJar : add tim
2024-10-13 19:40:18,900 [INFO] ThirdPartyUpdaterWithRetryManager:70 - Updater plugin not ready yet. [2/15]
2024-10-13 19:40:18,927 [INFO] IPUIPlugin:80 - create IPUIPlugin
2024-10-13 19:40:18,928 [INFO] PluginManager:220 - loadIPPluginJar : add touchsensing
2024-10-13 19:40:18,955 [INFO] IPUIPlugin:80 - create IPUIPlugin
2024-10-13 19:40:18,955 [INFO] PluginManager:220 - loadIPPluginJar : add tracer_emb
2024-10-13 19:40:18,984 [INFO] IPUIPlugin:80 - create IPUIPlugin
2024-10-13 19:40:18,984 [INFO] PluginManager:220 - loadIPPluginJar : add ts
2024-10-13 19:40:19,011 [INFO] IPUIPlugin:80 - create IPUIPlugin
2024-10-13 19:40:19,011 [INFO] PluginManager:220 - loadIPPluginJar : add tsc
2024-10-13 19:40:19,038 [INFO] IPUIPlugin:80 - create IPUIPlugin
2024-10-13 19:40:19,038 [INFO] PluginManager:220 - loadIPPluginJar : add ucpd
2024-10-13 19:40:19,091 [INFO] IPUIPlugin:80 - create IPUIPlugin
2024-10-13 19:40:19,091 [INFO] PluginManager:220 - loadIPPluginJar : add usart
2024-10-13 19:40:19,146 [INFO] IPUIPlugin:80 - create IPUIPlugin
2024-10-13 19:40:19,146 [INFO] PluginManager:220 - loadIPPluginJar : add usbx
2024-10-13 19:40:19,296 [INFO] CADModel:165 - CPN selected for project level
2024-10-13 19:40:19,296 [INFO] CADModel:114 - Register for checkConnection events
2024-10-13 19:40:19,297 [FATAL] Updater:308 - Updater called before beeing initialized
2024-10-13 19:40:19,297 [ERROR] CADModel:125 - Updater not yet initialized, retry later 
2024-10-13 19:40:19,517 [INFO] CADModel:165 - CPN selected for project level
2024-10-13 19:40:19,518 [INFO] CADModel:114 - Register for checkConnection events
2024-10-13 19:40:19,518 [FATAL] Updater:308 - Updater called before beeing initialized
2024-10-13 19:40:19,518 [ERROR] CADModel:125 - Updater not yet initialized, retry later 
2024-10-13 19:40:19,522 [FATAL] Updater:308 - Updater called before beeing initialized
2024-10-13 19:40:19,694 [FATAL] Updater:308 - Updater called before beeing initialized
2024-10-13 19:40:19,708 [INFO] DbMcusAds:53 - JSON generation date=Thu May 16 03:22:00 CST 2024 (1715851320667)
2024-10-13 19:40:19,708 [FATAL] Updater:308 - Updater called before beeing initialized
2024-10-13 19:40:19,763 [WARN] DetailPanel:346 - Failed to get advertising image, set to default
2024-10-13 19:40:19,924 [FATAL] Updater:308 - Updater called before beeing initialized
2024-10-13 19:40:19,926 [FATAL] Updater:308 - Updater called before beeing initialized
2024-10-13 19:40:19,926 [FATAL] Updater:308 - Updater called before beeing initialized
2024-10-13 19:40:19,927 [WARN] DetailPanel:346 - Failed to get advertising image, set to default
2024-10-13 19:40:19,928 [FATAL] Updater:308 - Updater called before beeing initialized
2024-10-13 19:40:20,035 [ERROR] Updater:1120 - MainUpdater not yet initialized. External WinMGr cannot be set.
2024-10-13 19:40:20,072 [INFO] Updater:1056 - Updater Version found : 6.11.1
2024-10-13 19:40:20,101 [INFO] ApplicationProperties:184 - Using Application install path: C:\ST\STM32CubeIDE_1.11.0\STM32CubeIDE\plugins\com.st.stm32cube.common.mx_6.11.1.202404110753
2024-10-13 19:40:21,701 [ERROR] LogOutputStream:75 - [STDERR_REDIRECT] Oct 13, 2024 7:40:21 PM java.util.prefs.WindowsPreferences <init>
2024-10-13 19:40:21,703 [ERROR] LogOutputStream:75 - [STDERR_REDIRECT] WARNING: Could not open/create prefs root node Software\JavaSoft\Prefs at root 0xffffffff80000002. Windows RegCreateKeyEx(...) returned error code 5.
2024-10-13 19:40:21,703 [ERROR] LogOutputStream:75 - [STDERR_REDIRECT] 
2024-10-13 19:40:21,901 [INFO] ThirdPartyUpdaterWithRetryManager:70 - Updater plugin not ready yet. [3/15]
2024-10-13 19:40:22,305 [INFO] MainUpdater:2873 - connection check result : 10
2024-10-13 19:40:22,307 [INFO] MainUpdater:290 - Updater Check For Update Now.
2024-10-13 19:40:22,307 [INFO] MicroXplorer:498 - Change Database Version : DB.6.0.111
2024-10-13 19:40:22,349 [INFO] McuFinderGlobals:63 - Set McuFinder mode to 2 (CubeIDE integrated)
2024-10-13 19:40:22,371 [INFO] UserAuth:415 - Internet connection configuration mode: 1
2024-10-13 19:40:22,419 [INFO] JxBrowserEngine:152 - Initiate JxBrowser Engine with user profile folder
2024-10-13 19:40:22,669 [INFO] CheckServerUpdateThread:120 - End of CheckServer Thread
2024-10-13 19:40:25,278 [WARN] PackLoader:240 - Cannot read IP mode file for STMicroelectronics.FP-SNS-MOTENVWB1.1.4.0
2024-10-13 19:40:25,310 [WARN] PackLoader:240 - Cannot read IP mode file for STMicroelectronics.X-CUBE-SMBUS.2.1.0
2024-10-13 19:40:25,339 [WARN] PackLoader:240 - Cannot read IP mode file for STMicroelectronics.X-CUBE-WB05N.1.1.0
2024-10-13 19:40:25,361 [WARN] PackLoader:240 - Cannot read IP mode file for STMicroelectronics.X-CUBE-TOUCHGFX.4.23.2
2024-10-13 19:40:25,431 [WARN] PackLoader:240 - Cannot read IP mode file for STMicroelectronics.X-CUBE-AZRTOS-F7.1.1.0
2024-10-13 19:40:25,461 [WARN] PackLoader:240 - Cannot read IP mode file for STMicroelectronics.FP-SNS-MOTENV1.4.3.2
2024-10-13 19:40:25,631 [WARN] PackLoader:240 - Cannot read IP mode file for STMicroelectronics.X-CUBE-MEMS1.11.0.0
2024-10-13 19:40:25,944 [WARN] PackLoader:240 - Cannot read IP mode file for STMicroelectronics.X-CUBE-BLE1.6.2.4
2024-10-13 19:40:25,977 [WARN] PackLoader:240 - Cannot read IP mode file for STMicroelectronics.FP-SNS-FLIGHT1.5.0.2
2024-10-13 19:40:26,021 [WARN] PackLoader:240 - Cannot read IP mode file for STMicroelectronics.X-CUBE-DISPLAY.3.0.0
2024-10-13 19:40:26,065 [WARN] PackLoader:240 - Cannot read IP mode file for STMicroelectronics.X-CUBE-BLE1.7.0.0
2024-10-13 19:40:26,106 [WARN] PackLoader:240 - Cannot read IP mode file for STMicroelectronics.X-CUBE-NFC10.1.0.0
2024-10-13 19:40:26,139 [WARN] PackLoader:240 - Cannot read IP mode file for STMicroelectronics.X-CUBE-TOUCHGFX.4.22.0
2024-10-13 19:40:26,182 [WARN] PackLoader:240 - Cannot read IP mode file for STMicroelectronics.X-CUBE-TOUCHGFX.4.22.1
2024-10-13 19:40:26,228 [WARN] PackLoader:240 - Cannot read IP mode file for STMicroelectronics.X-CUBE-BLEMGR.3.1.0
2024-10-13 19:40:26,260 [WARN] PackLoader:240 - Cannot read IP mode file for STMicroelectronics.FP-SNS-SMARTAG2.1.2.0
2024-10-13 19:40:26,308 [INFO] LogOutputStream:77 - [STDOUT_REDIRECT] 1 : Invalid condition id : UX_CORESTACK_Condition cause : null
2024-10-13 19:40:26,309 [INFO] LogOutputStream:77 - [STDOUT_REDIRECT] 1 : Invalid condition id : UX_CORESTACK_Condition cause : null
2024-10-13 19:40:26,312 [INFO] LogOutputStream:77 - [STDOUT_REDIRECT] 1 : Invalid condition id : UX_CORESTACK_Condition cause : null
2024-10-13 19:40:26,315 [INFO] LogOutputStream:77 - [STDOUT_REDIRECT] 1 : Invalid condition id : UX_CORESTACK_Condition cause : null
2024-10-13 19:40:26,317 [INFO] LogOutputStream:77 - [STDOUT_REDIRECT] 1 : Invalid condition id : UX_CORESTACK_Condition cause : null
2024-10-13 19:40:26,325 [WARN] PackLoader:240 - Cannot read IP mode file for STMicroelectronics.X-CUBE-AZRTOS-WL.2.0.0
2024-10-13 19:40:26,347 [WARN] PackLoader:240 - Cannot read IP mode file for STMicroelectronics.FP-SNS-MOTENV1.5.0.0
2024-10-13 19:40:26,369 [WARN] PackLoader:240 - Cannot read IP mode file for wolfSSL.I-CUBE-wolfMQTT.1.19.0
2024-10-13 19:40:26,402 [WARN] PackLoader:240 - Cannot read IP mode file for WES.I-CUBE-Cesium.1.3.0
2024-10-13 19:40:26,426 [WARN] PackLoader:240 - Cannot read IP mode file for STMicroelectronics.X-CUBE-BLE2.3.3.0
2024-10-13 19:40:26,449 [WARN] PackLoader:240 - Cannot read IP mode file for STMicroelectronics.X-CUBE-DISPLAY.2.2.0
2024-10-13 19:40:26,499 [WARN] PackLoader:240 - Cannot read IP mode file for STMicroelectronics.X-CUBE-TOF1.3.2.0
2024-10-13 19:40:26,552 [WARN] PackLoader:240 - Cannot read IP mode file for STMicroelectronics.X-CUBE-NFC9.1.0.0
2024-10-13 19:40:26,587 [WARN] PackLoader:240 - Cannot read IP mode file for STMicroelectronics.X-CUBE-TCPP.4.1.0
2024-10-13 19:40:26,610 [WARN] PackLoader:240 - Cannot read IP mode file for STMicroelectronics.X-CUBE-TOUCHGFX.4.21.1
2024-10-13 19:40:26,630 [WARN] PackLoader:240 - Cannot read IP mode file for STMicroelectronics.X-CUBE-TOUCHGFX.4.21.3
2024-10-13 19:40:26,754 [WARN] PackLoader:240 - Cannot read IP mode file for STMicroelectronics.X-CUBE-MEMS1.9.4.0
2024-10-13 19:40:26,980 [WARN] PackLoader:240 - Cannot read IP mode file for STMicroelectronics.X-CUBE-AI.7.3.0
2024-10-13 19:40:27,006 [WARN] PackLoader:240 - Cannot read IP mode file for STMicroelectronics.X-CUBE-ALGOBUILD.1.3.0
2024-10-13 19:40:27,046 [WARN] PackLoader:240 - Cannot read IP mode file for STMicroelectronics.X-CUBE-AZRTOS-G0.1.1.0
2024-10-13 19:40:27,074 [WARN] PackLoader:240 - Cannot read IP mode file for STMicroelectronics.X-CUBE-SAFEA1.1.2.2
2024-10-13 19:40:27,105 [WARN] PackLoader:240 - Cannot read IP mode file for STMicroelectronics.X-CUBE-NFC4.3.0.0
2024-10-13 19:40:27,143 [WARN] PackLoader:240 - Cannot read IP mode file for EmbeddedOffice.I-CUBE-FS-RTOS.1.0.1
2024-10-13 19:40:27,144 [ERROR] ConditionMgr:805 - Attr not supported : Dmpu
2024-10-13 19:40:27,144 [ERROR] ConditionMgr:805 - Attr not supported : Dmpu
2024-10-13 19:40:27,144 [ERROR] ConditionMgr:805 - Attr not supported : Dmpu
2024-10-13 19:40:27,145 [ERROR] ConditionMgr:805 - Attr not supported : Dmpu
2024-10-13 19:40:27,145 [ERROR] ConditionMgr:805 - Attr not supported : Dmpu
2024-10-13 19:40:27,145 [ERROR] ConditionMgr:805 - Attr not supported : Dmpu
2024-10-13 19:40:27,145 [ERROR] ConditionMgr:805 - Attr not supported : Dmpu
2024-10-13 19:40:27,145 [ERROR] ConditionMgr:805 - Attr not supported : Dmpu
2024-10-13 19:40:27,145 [ERROR] ConditionMgr:805 - Attr not supported : Dmpu
2024-10-13 19:40:27,145 [ERROR] ConditionMgr:805 - Attr not supported : Dmpu
2024-10-13 19:40:27,146 [ERROR] ConditionMgr:805 - Attr not supported : Dmpu
2024-10-13 19:40:27,146 [ERROR] ConditionMgr:805 - Attr not supported : Dmpu
2024-10-13 19:40:27,146 [ERROR] ConditionMgr:805 - Attr not supported : Dmpu
2024-10-13 19:40:27,146 [ERROR] ConditionMgr:805 - Attr not supported : Dmpu
2024-10-13 19:40:27,146 [ERROR] ConditionMgr:805 - Attr not supported : Dmpu
2024-10-13 19:40:27,146 [ERROR] ConditionMgr:805 - Attr not supported : Dmpu
2024-10-13 19:40:27,146 [ERROR] ConditionMgr:805 - Attr not supported : Dmpu
2024-10-13 19:40:27,147 [ERROR] ConditionMgr:805 - Attr not supported : Dmpu
2024-10-13 19:40:27,147 [ERROR] ConditionMgr:805 - Attr not supported : Dmpu
2024-10-13 19:40:27,147 [ERROR] ConditionMgr:805 - Attr not supported : Dmpu
2024-10-13 19:40:27,147 [ERROR] ConditionMgr:805 - Attr not supported : Dmpu
2024-10-13 19:40:27,147 [ERROR] ConditionMgr:805 - Attr not supported : Dmpu
2024-10-13 19:40:27,147 [ERROR] ConditionMgr:805 - Attr not supported : Dmpu
2024-10-13 19:40:27,147 [ERROR] ConditionMgr:805 - Attr not supported : Dmpu
2024-10-13 19:40:27,148 [ERROR] ConditionMgr:805 - Attr not supported : Dmpu
2024-10-13 19:40:27,148 [ERROR] ConditionMgr:805 - Attr not supported : Dmpu
2024-10-13 19:40:27,148 [ERROR] ConditionMgr:805 - Attr not supported : Dmpu
2024-10-13 19:40:27,148 [ERROR] ConditionMgr:805 - Attr not supported : Dmpu
2024-10-13 19:40:27,148 [ERROR] ConditionMgr:805 - Attr not supported : Dmpu
2024-10-13 19:40:27,148 [ERROR] ConditionMgr:805 - Attr not supported : Dmpu
2024-10-13 19:40:27,148 [ERROR] ConditionMgr:805 - Attr not supported : Dmpu
2024-10-13 19:40:27,149 [ERROR] ConditionMgr:805 - Attr not supported : Dmpu
2024-10-13 19:40:27,149 [ERROR] ConditionMgr:805 - Attr not supported : Dmpu
2024-10-13 19:40:27,149 [ERROR] ConditionMgr:805 - Attr not supported : Dmpu
2024-10-13 19:40:27,149 [ERROR] ConditionMgr:805 - Attr not supported : Dmpu
2024-10-13 19:40:27,149 [ERROR] ConditionMgr:805 - Attr not supported : Dmpu
2024-10-13 19:40:27,149 [ERROR] ConditionMgr:805 - Attr not supported : Dmpu
2024-10-13 19:40:27,150 [ERROR] ConditionMgr:805 - Attr not supported : Dmpu
2024-10-13 19:40:27,150 [ERROR] ConditionMgr:805 - Attr not supported : Dmpu
2024-10-13 19:40:27,150 [ERROR] ConditionMgr:805 - Attr not supported : Dmpu
2024-10-13 19:40:27,150 [ERROR] ConditionMgr:805 - Attr not supported : Dmpu
2024-10-13 19:40:27,150 [ERROR] ConditionMgr:805 - Attr not supported : Dmpu
2024-10-13 19:40:27,150 [ERROR] ConditionMgr:805 - Attr not supported : Dmpu
2024-10-13 19:40:27,150 [ERROR] ConditionMgr:805 - Attr not supported : Dmpu
2024-10-13 19:40:27,151 [ERROR] ConditionMgr:805 - Attr not supported : Dmpu
2024-10-13 19:40:27,151 [ERROR] ConditionMgr:805 - Attr not supported : Dmpu
2024-10-13 19:40:27,151 [ERROR] ConditionMgr:805 - Attr not supported : Dmpu
2024-10-13 19:40:27,151 [ERROR] ConditionMgr:805 - Attr not supported : Dmpu
2024-10-13 19:40:27,151 [ERROR] ConditionMgr:805 - Attr not supported : Dmpu
2024-10-13 19:40:27,151 [ERROR] ConditionMgr:805 - Attr not supported : Dmpu
2024-10-13 19:40:27,152 [ERROR] ConditionMgr:805 - Attr not supported : Dmpu
2024-10-13 19:40:27,152 [ERROR] ConditionMgr:805 - Attr not supported : Dmpu
2024-10-13 19:40:27,152 [ERROR] ConditionMgr:805 - Attr not supported : Dmpu
2024-10-13 19:40:27,152 [ERROR] ConditionMgr:805 - Attr not supported : Dmpu
2024-10-13 19:40:27,152 [ERROR] ConditionMgr:805 - Attr not supported : Dmpu
2024-10-13 19:40:27,152 [ERROR] ConditionMgr:805 - Attr not supported : Dmpu
2024-10-13 19:40:27,152 [ERROR] ConditionMgr:805 - Attr not supported : Dmpu
2024-10-13 19:40:27,153 [ERROR] ConditionMgr:805 - Attr not supported : Dmpu
2024-10-13 19:40:27,153 [ERROR] ConditionMgr:805 - Attr not supported : Dmpu
2024-10-13 19:40:27,153 [ERROR] ConditionMgr:805 - Attr not supported : Dmpu
2024-10-13 19:40:27,153 [ERROR] ConditionMgr:805 - Attr not supported : Dmpu
2024-10-13 19:40:27,153 [ERROR] ConditionMgr:805 - Attr not supported : Dmpu
2024-10-13 19:40:27,153 [ERROR] ConditionMgr:805 - Attr not supported : Dmpu
2024-10-13 19:40:27,153 [ERROR] ConditionMgr:805 - Attr not supported : Dmpu
2024-10-13 19:40:27,175 [WARN] PackLoader:240 - Cannot read IP mode file for STMicroelectronics.X-CUBE-BLEMGR.1.3.0
2024-10-13 19:40:27,205 [WARN] PackLoader:240 - Cannot read IP mode file for RealThread.X-CUBE-RT-Thread_Nano.4.1.1
2024-10-13 19:40:27,246 [WARN] PackLoader:240 - Cannot read IP mode file for STMicroelectronics.FP-ATR-SIGFOX1.3.2.0
2024-10-13 19:40:27,285 [WARN] PackLoader:240 - Cannot read IP mode file for STMicroelectronics.X-CUBE-EEPRMA1.5.1.0
2024-10-13 19:40:27,459 [WARN] PackLoader:240 - Cannot read IP mode file for STMicroelectronics.X-CUBE-MEMS1.9.5.0
2024-10-13 19:40:27,829 [WARN] PackLoader:240 - Cannot read IP mode file for SEGGER.I-CUBE-embOS.1.3.1
2024-10-13 19:40:27,944 [WARN] PackLoader:240 - Cannot read IP mode file for STMicroelectronics.X-CUBE-ALGOBUILD.1.4.0
2024-10-13 19:40:28,022 [WARN] PackLoader:240 - Cannot read IP mode file for SEGGER.I-CUBE-embOS.1.3.0
2024-10-13 19:40:28,131 [WARN] PackLoader:240 - Cannot read IP mode file for STMicroelectronics.X-CUBE-AI.9.1.0
2024-10-13 19:40:28,160 [WARN] PackLoader:240 - Cannot read IP mode file for STMicroelectronics.X-CUBE-GNSS1.6.0.0
2024-10-13 19:40:28,213 [WARN] PackLoader:240 - Cannot read IP mode file for STMicroelectronics.X-CUBE-AZRTOS-F4.1.1.0
2024-10-13 19:40:28,246 [WARN] PackLoader:240 - Cannot read IP mode file for STMicroelectronics.X-CUBE-ISPU.2.1.0
2024-10-13 19:40:28,271 [WARN] PackLoader:240 - Cannot read IP mode file for STMicroelectronics.X-CUBE-FREERTOS.1.2.0
2024-10-13 19:40:28,326 [WARN] PackLoader:240 - Cannot read IP mode file for STMicroelectronics.X-CUBE-AZRTOS-L5.2.0.0
2024-10-13 19:40:28,458 [WARN] PackLoader:240 - Cannot read IP mode file for STMicroelectronics.X-CUBE-MEMS1.9.6.0
2024-10-13 19:40:28,750 [WARN] PackLoader:240 - Cannot read IP mode file for STMicroelectronics.X-CUBE-EEPRMA1.4.2.0
2024-10-13 19:40:28,786 [WARN] PackLoader:240 - Cannot read IP mode file for STMicroelectronics.X-CUBE-NFC6.3.1.0
2024-10-13 19:40:28,818 [WARN] PackLoader:240 - Cannot read IP mode file for ITTIA_DB.I-CUBE-ITTIADB.8.8.0
2024-10-13 19:40:28,846 [WARN] PackLoader:240 - Cannot read IP mode file for emotas.I-CUBE-CANOPEN.1.1.3
2024-10-13 19:40:28,876 [WARN] PackLoader:240 - Cannot read IP mode file for STMicroelectronics.X-CUBE-BLEMGR.2.0.0
2024-10-13 19:40:28,905 [WARN] PackLoader:240 - Cannot read IP mode file for STMicroelectronics.X-CUBE-DPower.1.2.0
2024-10-13 19:40:28,929 [WARN] PackLoader:240 - Cannot read IP mode file for STMicroelectronics.X-CUBE-AI.9.0.0
2024-10-13 19:40:28,985 [WARN] ConditionMgr:438 - getConditionDescription Invalid condition id : UX DEVICE CLASS RTOS Condition cause : null
2024-10-13 19:40:28,985 [WARN] ConditionMgr:438 - getConditionDescription Invalid condition id : UX DEVICE CLASS RTOS Condition cause : null
2024-10-13 19:40:28,989 [WARN] PackLoader:240 - Cannot read IP mode file for STMicroelectronics.X-CUBE-AZRTOS-H7.3.1.0
2024-10-13 19:40:28,991 [WARN] ConditionMgr:1039 - genDependencies : Invalid condition id : UX DEVICE CLASS RTOS Condition cause : null
2024-10-13 19:40:28,991 [WARN] ConditionMgr:1039 - genDependencies : Invalid condition id : UX DEVICE CLASS RTOS Condition cause : null
2024-10-13 19:40:28,992 [WARN] ConditionMgr:1039 - genDependencies : Invalid condition id : UX DEVICE CLASS RTOS Condition cause : null
2024-10-13 19:40:28,992 [WARN] ConditionMgr:1039 - genDependencies : Invalid condition id : UX DEVICE CLASS RTOS Condition cause : null
2024-10-13 19:40:28,993 [WARN] ConditionMgr:1039 - genDependencies : Invalid condition id : UX DEVICE CLASS RTOS Condition cause : null
2024-10-13 19:40:29,015 [WARN] PackLoader:240 - Cannot read IP mode file for wolfSSL.I-CUBE-wolfSSL.5.5.4
2024-10-13 19:40:29,036 [WARN] PackLoader:240 - Cannot read IP mode file for STMicroelectronics.X-CUBE-NFC7.1.0.1
2024-10-13 19:40:29,057 [WARN] PackLoader:240 - Cannot read IP mode file for STMicroelectronics.X-CUBE-NFC7.1.0.0
2024-10-13 19:40:29,082 [WARN] PackLoader:240 - Cannot read IP mode file for wolfSSL.I-CUBE-wolfTPM.3.2.0
2024-10-13 19:40:29,111 [WARN] PackLoader:240 - Cannot read IP mode file for STMicroelectronics.X-CUBE-NFC6.3.0.0
2024-10-13 19:40:29,136 [WARN] PackLoader:240 - Cannot read IP mode file for STMicroelectronics.X-CUBE-EEPRMA1.4.1.0
2024-10-13 19:40:29,164 [WARN] PackLoader:240 - Cannot read IP mode file for STMicroelectronics.X-CUBE-AI.8.1.0
2024-10-13 19:40:29,216 [WARN] ConditionMgr:438 - getConditionDescription Invalid condition id : LAN8742 Phy interface Condition cause : null
2024-10-13 19:40:29,217 [WARN] PackLoader:240 - Cannot read IP mode file for STMicroelectronics.X-CUBE-AZRTOS-L4.2.0.0
2024-10-13 19:40:29,219 [WARN] ConditionMgr:1039 - genDependencies : Invalid condition id : LAN8742 Phy interface Condition cause : null
2024-10-13 19:40:29,220 [WARN] ConditionMgr:1039 - genDependencies : Invalid condition id : LAN8742 Phy interface Condition cause : null
2024-10-13 19:40:29,221 [WARN] ConditionMgr:1039 - genDependencies : Invalid condition id : LAN8742 Phy interface Condition cause : null
2024-10-13 19:40:29,253 [WARN] PackLoader:240 - Cannot read IP mode file for STMicroelectronics.X-CUBE-SFXS2LP1.4.0.0
2024-10-13 19:40:29,329 [WARN] PackLoader:240 - Cannot read IP mode file for STMicroelectronics.X-CUBE-AZRTOS-H7.3.0.0
2024-10-13 19:40:29,359 [WARN] PackLoader:240 - Cannot read IP mode file for STMicroelectronics.X-CUBE-ISPU.1.1.0
2024-10-13 19:40:29,414 [WARN] PackLoader:240 - Cannot read IP mode file for STMicroelectronics.X-CUBE-AZRTOS-H7.3.3.0
2024-10-13 19:40:29,438 [WARN] PackLoader:240 - Cannot read IP mode file for RoweBots.I-CUBE-UNISONRTOS.5.5.0-4
2024-10-13 19:40:29,456 [WARN] PackLoader:240 - Cannot read IP mode file for STMicroelectronics.X-CUBE-AI.8.0.0
2024-10-13 19:40:29,496 [WARN] PackLoader:240 - Cannot read IP mode file for STMicroelectronics.X-CUBE-IPS.3.0.0
2024-10-13 19:40:29,542 [WARN] ConditionMgr:438 - getConditionDescription Invalid condition id : UX DEVICE CLASS RTOS Condition cause : null
2024-10-13 19:40:29,542 [WARN] ConditionMgr:438 - getConditionDescription Invalid condition id : UX DEVICE CLASS RTOS Condition cause : null
2024-10-13 19:40:29,545 [WARN] PackLoader:240 - Cannot read IP mode file for STMicroelectronics.X-CUBE-AZRTOS-WB.2.0.0
2024-10-13 19:40:29,546 [WARN] ConditionMgr:1039 - genDependencies : Invalid condition id : UX DEVICE CLASS RTOS Condition cause : null
2024-10-13 19:40:29,546 [WARN] ConditionMgr:1039 - genDependencies : Invalid condition id : UX DEVICE CLASS RTOS Condition cause : null
2024-10-13 19:40:29,547 [WARN] ConditionMgr:1039 - genDependencies : Invalid condition id : UX DEVICE CLASS RTOS Condition cause : null
2024-10-13 19:40:29,547 [WARN] ConditionMgr:1039 - genDependencies : Invalid condition id : UX DEVICE CLASS RTOS Condition cause : null
2024-10-13 19:40:29,547 [WARN] ConditionMgr:1039 - genDependencies : Invalid condition id : UX DEVICE CLASS RTOS Condition cause : null
2024-10-13 19:40:29,570 [WARN] PackLoader:240 - Cannot read IP mode file for STMicroelectronics.X-CUBE-FREERTOS.1.0.1
2024-10-13 19:40:29,598 [WARN] PackLoader:240 - Cannot read IP mode file for STMicroelectronics.X-CUBE-GNSS1.7.0.0
2024-10-13 19:40:29,624 [WARN] PackLoader:240 - Cannot read IP mode file for STMicroelectronics.FP-SNS-STBOX1.2.0.0
2024-10-13 19:40:29,667 [WARN] PackLoader:240 - Cannot read IP mode file for STMicroelectronics.X-CUBE-AZRTOS-L5.1.1.0
2024-10-13 19:40:29,702 [WARN] PackLoader:240 - Cannot read IP mode file for STMicroelectronics.X-CUBE-SUBG2.5.0.0
2024-10-13 19:40:29,724 [WARN] PackLoader:240 - Cannot read IP mode file for Cesanta.I-CUBE-Mongoose.7.13.0
2024-10-13 19:40:29,755 [WARN] PackLoader:240 - Cannot read IP mode file for STMicroelectronics.X-CUBE-TOF1.3.3.1
2024-10-13 19:40:29,797 [WARN] PackLoader:240 - Cannot read IP mode file for STMicroelectronics.X-CUBE-AZRTOS-G4.2.0.0
2024-10-13 19:40:29,828 [WARN] PackLoader:240 - Cannot read IP mode file for STMicroelectronics.X-CUBE-TOF1.3.3.0
2024-10-13 19:40:29,853 [WARN] PackLoader:240 - Cannot read IP mode file for STMicroelectronics.FP-ATR-ASTRA1.1.1.1
2024-10-13 19:40:29,914 [WARN] PackLoader:240 - Cannot read IP mode file for Infineon.AIROC-Wi-Fi-Bluetooth-STM32.1.5.1
2024-10-13 19:40:29,959 [WARN] PackLoader:240 - Cannot read IP mode file for STMicroelectronics.X-CUBE-AZRTOS-G4.1.0.0
2024-10-13 19:40:30,011 [WARN] PackLoader:240 - Cannot read IP mode file for STMicroelectronics.X-CUBE-AZRTOS-L4.1.0.0
2024-10-13 19:40:30,033 [WARN] PackLoader:240 - Cannot read IP mode file for STMicroelectronics.X-CUBE-ISPU.2.0.0
2024-10-13 19:40:30,051 [WARN] PackLoader:240 - Cannot read IP mode file for STMicroelectronics.X-CUBE-ALS.1.0.2
2024-10-13 19:40:30,130 [WARN] PackLoader:240 - Cannot read IP mode file for STMicroelectronics.X-CUBE-MEMS1.10.0.0
2024-10-13 19:40:30,371 [WARN] PackLoader:240 - Cannot read IP mode file for STMicroelectronics.X-CUBE-FREERTOS.1.1.0
2024-10-13 19:40:30,396 [WARN] PackLoader:240 - Cannot read IP mode file for STMicroelectronics.X-CUBE-TOUCHGFX.4.24.0
2024-10-13 19:40:30,435 [WARN] PackLoader:240 - Cannot read IP mode file for STMicroelectronics.X-CUBE-AZRTOS-WL.1.0.0
2024-10-13 19:40:30,460 [WARN] PackLoader:240 - Cannot read IP mode file for STMicroelectronics.X-CUBE-TOUCHGFX.4.24.1
2024-10-13 19:40:30,486 [WARN] PackLoader:240 - Cannot read IP mode file for portGmbH.I-Cube-SoM-uGOAL.1.1.0
2024-10-13 19:40:30,509 [WARN] PackLoader:240 - Cannot read IP mode file for STMicroelectronics.X-CUBE-ALS.1.0.1
2024-10-13 19:40:30,558 [WARN] PackLoader:240 - Cannot read IP mode file for STMicroelectronics.X-CUBE-AZRTOS-WB.1.1.0
2024-10-13 19:40:30,620 [WARN] PackLoader:240 - Cannot read IP mode file for STMicroelectronics.X-CUBE-AZRTOS-H7RS.1.0.0
2024-10-13 19:40:30,648 [WARN] PackLoader:240 - Cannot read IP mode file for STMicroelectronics.FP-ATR-ASTRA1.2.0.0
2024-10-13 19:40:30,683 [WARN] PackLoader:240 - Cannot read IP mode file for STMicroelectronics.X-CUBE-TOF1.3.4.2
2024-10-13 19:40:30,744 [WARN] PackLoader:240 - Cannot read IP mode file for STMicroelectronics.X-CUBE-TOF1.3.4.1
2024-10-13 19:40:30,814 [WARN] PackLoader:240 - Cannot read IP mode file for STMicroelectronics.X-CUBE-AZRTOS-H7.3.2.0
2024-10-13 19:40:30,840 [WARN] PackLoader:240 - Cannot read IP mode file for wolfSSL.I-CUBE-wolfSSH.1.4.17
2024-10-13 19:40:30,841 [INFO] ThirdParty:978 - Integrity check success = true
2024-10-13 19:40:30,841 [INFO] IntegrityCheckThread:100 - exiting critical section [integrity check]
2024-10-13 19:40:30,841 [INFO] IntegrityCheckThread:103 - End integrity checks thread
2024-10-13 19:40:36,519 [INFO] WebApp:161 - Instantiating new browser for Auth
2024-10-13 19:40:37,868 [INFO] WebApp:779 - Register for checkConnection events
2024-10-13 19:40:37,868 [INFO] WebApp:414 - Apply proxy settings
2024-10-13 19:40:37,869 [INFO] WebApp:499 - Chromium requires no authentication
2024-10-13 19:40:37,885 [INFO] WebApp:442 - Direct internet connection detected
2024-10-13 19:40:38,171 [INFO] WebApp:192 - Starting web application
2024-10-13 19:40:38,171 [INFO] WebApp:544 - Web application path used C:\ST\STM32CubeIDE_1.11.0\STM32CubeIDE\plugins\com.st.stm32cube.common.mx_6.11.1.202404110753\db\plugins\mcufinder\reactClient1\index.html
2024-10-13 22:20:00,581 [ERROR] LogOutputStream:75 - [STDERR_REDIRECT] 
2024-10-13 22:20:00,583 [ERROR] LogOutputStream:75 - [STDERR_REDIRECT] 
