2024-12-13 18:48:40,389 [INFO] Activator:176 - 


2024-12-13 18:48:40,399 [INFO] Activator:177 - !SESSION log4j initialized
2024-12-13 18:48:56,298 [INFO] LogOutputStream:77 - [STDOUT_REDIRECT] 
2024-12-13 18:48:59,156 [INFO] ApplicationProperties:184 - Using Application install path: C:\ST\STM32CubeIDE_1.11.0\STM32CubeIDE\plugins\com.st.stm32cube.common.mx_6.11.1.202404110753
2024-12-13 18:48:59,193 [INFO] DbMcusXml:78 - Set database path to: C:\ST\STM32CubeIDE_1.11.0\STM32CubeIDE\plugins\com.st.stm32cube.common.mx_6.11.1.202404110753\\db\/mcu/
2024-12-13 18:48:59,193 [INFO] ApiDb:274 - Set plugin database path to: C:\ST\STM32CubeIDE_1.11.0\STM32CubeIDE\plugins\com.st.stm32cube.common.mx_6.11.1.202404110753\\db\/plugins/boardmanager/
2024-12-13 18:48:59,194 [WARN] ApiDb:259 - Overriding images path with different value:  => C:\ST\STM32CubeIDE_1.11.0\STM32CubeIDE\plugins\com.st.stm32cube.common.mx_6.11.1.202404110753\\db\/plugins/mcufinder/images/
2024-12-13 18:48:59,220 [INFO] ApiDb:250 - Set database path to: C:\Users\julio\.stmcufinder\plugins\mcufinder//mcu/
2024-12-13 18:48:59,222 [INFO] DbMcusAds:125 - Set database path to: C:\Users\julio\.stmcufinder\plugins\mcufinder//mcu/
2024-12-13 18:48:59,229 [INFO] CrossReferenceDbSqlite:203 - Set database path to: C:\Users\julio\.stmcufinder\plugins\mcufinder//mcu/cs/
2024-12-13 18:48:59,470 [INFO] RulesReader:64 - Compatibility file has been processed (297 Rules)
2024-12-13 18:48:59,619 [INFO] DbMcusXml:78 - Set database path to: C:\ST\STM32CubeIDE_1.11.0\STM32CubeIDE\plugins\com.st.stm32cube.common.mx_6.11.1.202404110753\\db\/mcu/
2024-12-13 18:48:59,619 [INFO] ApiDb:274 - Set plugin database path to: C:\ST\STM32CubeIDE_1.11.0\STM32CubeIDE\plugins\com.st.stm32cube.common.mx_6.11.1.202404110753\\db\/plugins/boardmanager/
2024-12-13 18:48:59,619 [INFO] ApiDb:261 - Set plugin images path to: C:\ST\STM32CubeIDE_1.11.0\STM32CubeIDE\plugins\com.st.stm32cube.common.mx_6.11.1.202404110753\\db\/plugins/mcufinder/images/
2024-12-13 18:48:59,620 [WARN] DbFile:41 - Overriding database path with different value: C:\Users\julio\.stmcufinder\plugins\mcufinder/ => C:\Users\julio\.stmcufinder\plugins\mcufinder
2024-12-13 18:48:59,620 [INFO] ApiDb:250 - Set database path to: C:\Users\julio\.stmcufinder\plugins\mcufinder//mcu/
2024-12-13 18:48:59,620 [WARN] DbFile:41 - Overriding database path with different value: C:\Users\julio\.stmcufinder\plugins\mcufinder/ => C:\Users\julio\.stmcufinder\plugins\mcufinder
2024-12-13 18:48:59,620 [INFO] DbMcusAds:125 - Set database path to: C:\Users\julio\.stmcufinder\plugins\mcufinder//mcu/
2024-12-13 18:48:59,621 [WARN] DbFile:41 - Overriding database path with different value: C:\Users\julio\.stmcufinder\plugins\mcufinder/ => C:\Users\julio\.stmcufinder\plugins\mcufinder
2024-12-13 18:48:59,621 [WARN] DbFile:41 - Overriding database path with different value: C:\Users\julio\.stmcufinder\plugins\mcufinder/ => C:\Users\julio\.stmcufinder\plugins\mcufinder
2024-12-13 18:48:59,621 [INFO] CrossReferenceDbSqlite:203 - Set database path to: C:\Users\julio\.stmcufinder\plugins\mcufinder//mcu/cs/
2024-12-13 18:48:59,756 [INFO] MainPanel:264 - HeapMemory: 268435456
2024-12-13 18:48:59,956 [INFO] DbMcusXml:78 - Set database path to: C:\ST\STM32CubeIDE_1.11.0\STM32CubeIDE\plugins\com.st.stm32cube.common.mx_6.11.1.202404110753\\db\/mcu/
2024-12-13 18:48:59,957 [INFO] ApiDb:274 - Set plugin database path to: C:\ST\STM32CubeIDE_1.11.0\STM32CubeIDE\plugins\com.st.stm32cube.common.mx_6.11.1.202404110753\\db\/plugins/boardmanager/
2024-12-13 18:48:59,957 [INFO] ApiDb:261 - Set plugin images path to: C:\ST\STM32CubeIDE_1.11.0\STM32CubeIDE\plugins\com.st.stm32cube.common.mx_6.11.1.202404110753\\db\/plugins/mcufinder/images/
2024-12-13 18:48:59,957 [WARN] DbFile:41 - Overriding database path with different value: C:\Users\julio\.stmcufinder\plugins\mcufinder/ => C:\Users\julio\.stmcufinder\plugins\mcufinder
2024-12-13 18:48:59,958 [INFO] ApiDb:250 - Set database path to: C:\Users\julio\.stmcufinder\plugins\mcufinder//mcu/
2024-12-13 18:48:59,958 [WARN] DbFile:41 - Overriding database path with different value: C:\Users\julio\.stmcufinder\plugins\mcufinder/ => C:\Users\julio\.stmcufinder\plugins\mcufinder
2024-12-13 18:48:59,958 [INFO] DbMcusAds:125 - Set database path to: C:\Users\julio\.stmcufinder\plugins\mcufinder//mcu/
2024-12-13 18:48:59,958 [WARN] DbFile:41 - Overriding database path with different value: C:\Users\julio\.stmcufinder\plugins\mcufinder/ => C:\Users\julio\.stmcufinder\plugins\mcufinder
2024-12-13 18:48:59,958 [WARN] DbFile:41 - Overriding database path with different value: C:\Users\julio\.stmcufinder\plugins\mcufinder/ => C:\Users\julio\.stmcufinder\plugins\mcufinder
2024-12-13 18:48:59,959 [INFO] CrossReferenceDbSqlite:203 - Set database path to: C:\Users\julio\.stmcufinder\plugins\mcufinder//mcu/cs/
2024-12-13 18:48:59,992 [INFO] ApplicationProperties:184 - Using Application install path: C:\ST\STM32CubeIDE_1.11.0\STM32CubeIDE\plugins\com.st.stm32cube.common.mx_6.11.1.202404110753
2024-12-13 18:48:59,996 [INFO] PluginManage:196 - Search for loadable plugins [exclusion list=, ]
2024-12-13 18:48:59,998 [INFO] PluginManage:310 - Check plugin analytics
2024-12-13 18:49:00,306 [INFO] AnalyticsPlugin:253 - Accepted Software Licenses: STM32CubeMX.6.11.1
2024-12-13 18:49:00,307 [INFO] AnalyticsPlugin:255 - Accepted CMSIS Pack Licenses: 
2024-12-13 18:49:00,307 [INFO] AnalyticsPlugin:257 - Accepted Firmware Licenses: FW.F4.1.28.0
2024-12-13 18:49:00,311 [INFO] PluginManage:359 - Loaded plugin analytics (category:tool,tabindex:-1)
2024-12-13 18:49:00,312 [INFO] PluginManage:310 - Check plugin cadmodel
2024-12-13 18:49:00,341 [INFO] CADModel:105 - Init CAD model plugin
2024-12-13 18:49:00,341 [INFO] PluginManage:359 - Loaded plugin cadmodel (category:power,tabindex:5)
2024-12-13 18:49:00,342 [INFO] PluginManage:310 - Check plugin clock
2024-12-13 18:49:00,375 [INFO] PluginManage:359 - Loaded plugin clock (category:base,tabindex:2)
2024-12-13 18:49:00,375 [INFO] PluginManage:310 - Check plugin ddr
2024-12-13 18:49:00,378 [INFO] PluginManage:359 - Loaded plugin ddr (category:tool,tabindex:6)
2024-12-13 18:49:00,378 [INFO] PluginManage:310 - Check plugin filemanager
2024-12-13 18:49:00,597 [INFO] PluginManage:359 - Loaded plugin filemanager (category:base,tabindex:10)
2024-12-13 18:49:00,598 [INFO] PluginManage:310 - Check plugin ipmanager
2024-12-13 18:49:00,610 [INFO] PluginManage:359 - Loaded plugin ipmanager (category:base,tabindex:5)
2024-12-13 18:49:00,611 [INFO] PluginManage:310 - Check plugin lpbam
2024-12-13 18:49:00,639 [INFO] PluginManage:359 - Loaded plugin lpbam (category:base,tabindex:0)
2024-12-13 18:49:00,640 [INFO] PluginManage:310 - Check plugin memorymap
2024-12-13 18:49:00,678 [INFO] PluginManage:359 - Loaded plugin memorymap (category:base,tabindex:4)
2024-12-13 18:49:00,678 [INFO] PluginManage:310 - Check plugin pinoutandconfiguration
2024-12-13 18:49:00,709 [INFO] PluginManage:359 - Loaded plugin pinoutandconfiguration (category:base,tabindex:1)
2024-12-13 18:49:00,710 [INFO] PluginManage:310 - Check plugin pinoutconfig
2024-12-13 18:49:00,896 [WARN] SupportedApi:132 - Cannot load RTOS API schema: s4s-elt-must-match.1: The content of 'definitions' must match (annotation?, (simpleType | complexType)?, (unique | key | keyref)*)). A problem was found starting at: attribute.
2024-12-13 18:49:01,146 [INFO] PluginManage:359 - Loaded plugin pinoutconfig (category:base,tabindex:0)
2024-12-13 18:49:01,147 [INFO] PluginManage:310 - Check plugin power
2024-12-13 18:49:01,184 [INFO] PluginManage:359 - Loaded plugin power (category:power,tabindex:4)
2024-12-13 18:49:01,184 [INFO] PluginManage:310 - Check plugin projectmanager
2024-12-13 18:49:01,210 [INFO] PluginManage:359 - Loaded plugin projectmanager (category:projectmanager,tabindex:3)
2024-12-13 18:49:01,210 [INFO] PluginManage:310 - Check plugin thirdparty
2024-12-13 18:49:01,723 [INFO] PluginManage:359 - Loaded plugin thirdparty (category:base,tabindex:-1)
2024-12-13 18:49:01,723 [WARN] IntegrityCheckThread:84 - waiting for thirdparty lock release [integrity check]
2024-12-13 18:49:01,723 [INFO] IntegrityCheckThread:86 - entering critical section [integrity check]
2024-12-13 18:49:01,723 [INFO] PluginManage:310 - Check plugin tools
2024-12-13 18:49:01,724 [INFO] ThirdPartyUpdaterWithRetryManager:70 - Updater plugin not ready yet. [1/15]
2024-12-13 18:49:01,791 [INFO] PluginManage:359 - Loaded plugin tools (category:base,tabindex:7)
2024-12-13 18:49:01,791 [INFO] PluginManage:310 - Check plugin tutovideos
2024-12-13 18:49:02,202 [INFO] PluginManage:359 - Loaded plugin tutovideos (category:base,tabindex:-1)
2024-12-13 18:49:02,203 [INFO] PluginManage:310 - Check plugin updater
2024-12-13 18:49:02,221 [INFO] PluginManage:359 - Loaded plugin updater (category:base,tabindex:12)
2024-12-13 18:49:02,221 [INFO] PluginManage:310 - Check plugin userauth
2024-12-13 18:49:02,230 [INFO] UserAuth:114 - Init User Auth plugin
2024-12-13 18:49:02,230 [INFO] PluginManage:359 - Loaded plugin userauth (category:base,tabindex:14)
2024-12-13 18:49:02,231 [INFO] PluginManage:283 - PluginManage : Loaded plugins [17]
2024-12-13 18:49:02,657 [INFO] PinOutPanel:1561 - setPackage(No Configuration,No Configuration)
2024-12-13 18:49:02,799 [INFO] CADModel:165 - CPN selected for project level
2024-12-13 18:49:02,799 [INFO] CADModel:114 - Register for checkConnection events
2024-12-13 18:49:02,838 [INFO] IPUIPlugin:80 - create IPUIPlugin
2024-12-13 18:49:02,839 [INFO] PluginManager:220 - loadIPPluginJar : add adc
2024-12-13 18:49:02,909 [INFO] IPUIPlugin:80 - create IPUIPlugin
2024-12-13 18:49:02,909 [INFO] PluginManager:220 - loadIPPluginJar : add aes
2024-12-13 18:49:02,983 [INFO] IPUIPlugin:80 - create IPUIPlugin
2024-12-13 18:49:02,983 [INFO] PluginManager:220 - loadIPPluginJar : add can
2024-12-13 18:49:03,026 [INFO] IPUIPlugin:80 - create IPUIPlugin
2024-12-13 18:49:03,026 [INFO] PluginManager:220 - loadIPPluginJar : add comp
2024-12-13 18:49:03,091 [INFO] IPUIPlugin:80 - create IPUIPlugin
2024-12-13 18:49:03,091 [INFO] PluginManager:220 - loadIPPluginJar : add cryp
2024-12-13 18:49:03,160 [INFO] IPUIPlugin:80 - create IPUIPlugin
2024-12-13 18:49:03,160 [INFO] PluginManager:220 - loadIPPluginJar : add dfsdm
2024-12-13 18:49:03,186 [INFO] IPUIPlugin:80 - create IPUIPlugin
2024-12-13 18:49:03,187 [INFO] PluginManager:220 - loadIPPluginJar : add dma
2024-12-13 18:49:03,272 [INFO] IPUIPlugin:80 - create IPUIPlugin
2024-12-13 18:49:03,273 [INFO] PluginManager:220 - loadIPPluginJar : add dma3
2024-12-13 18:49:03,357 [INFO] IPUIPlugin:80 - create IPUIPlugin
2024-12-13 18:49:03,357 [INFO] PluginManager:220 - loadIPPluginJar : add extmemmanager
2024-12-13 18:49:03,394 [INFO] IPUIPlugin:80 - create IPUIPlugin
2024-12-13 18:49:03,394 [INFO] PluginManager:220 - loadIPPluginJar : add fatfs
2024-12-13 18:49:03,477 [INFO] IPUIPlugin:80 - create IPUIPlugin
2024-12-13 18:49:03,477 [INFO] PluginManager:220 - loadIPPluginJar : add fmc
2024-12-13 18:49:03,500 [INFO] IPUIPlugin:80 - create IPUIPlugin
2024-12-13 18:49:03,501 [INFO] PluginManager:220 - loadIPPluginJar : add freertos
2024-12-13 18:49:03,534 [INFO] IPUIPlugin:80 - create IPUIPlugin
2024-12-13 18:49:03,534 [INFO] PluginManager:220 - loadIPPluginJar : add genericplugin
2024-12-13 18:49:03,684 [INFO] IPUIPlugin:80 - create IPUIPlugin
2024-12-13 18:49:03,684 [INFO] PluginManager:220 - loadIPPluginJar : add gfxmmu
2024-12-13 18:49:03,923 [INFO] IPUIPlugin:80 - create IPUIPlugin
2024-12-13 18:49:03,923 [INFO] PluginManager:220 - loadIPPluginJar : add gic
2024-12-13 18:49:03,948 [INFO] IPUIPlugin:80 - create IPUIPlugin
2024-12-13 18:49:03,948 [INFO] PluginManager:220 - loadIPPluginJar : add gpio
2024-12-13 18:49:04,089 [INFO] IPUIPlugin:80 - create IPUIPlugin
2024-12-13 18:49:04,089 [INFO] PluginManager:220 - loadIPPluginJar : add gtzc
2024-12-13 18:49:04,144 [INFO] IPUIPlugin:80 - create IPUIPlugin
2024-12-13 18:49:04,145 [INFO] PluginManager:220 - loadIPPluginJar : add hash
2024-12-13 18:49:04,223 [INFO] IPUIPlugin:80 - create IPUIPlugin
2024-12-13 18:49:04,223 [INFO] PluginManager:220 - loadIPPluginJar : add i2c
2024-12-13 18:49:04,291 [INFO] IPUIPlugin:80 - create IPUIPlugin
2024-12-13 18:49:04,291 [INFO] PluginManager:220 - loadIPPluginJar : add i2s
2024-12-13 18:49:04,352 [INFO] IPUIPlugin:80 - create IPUIPlugin
2024-12-13 18:49:04,352 [INFO] PluginManager:220 - loadIPPluginJar : add i3c
2024-12-13 18:49:04,523 [INFO] IPUIPlugin:80 - create IPUIPlugin
2024-12-13 18:49:04,524 [INFO] PluginManager:220 - loadIPPluginJar : add ipddr
2024-12-13 18:49:04,668 [INFO] IPUIPlugin:80 - create IPUIPlugin
2024-12-13 18:49:04,668 [INFO] PluginManager:220 - loadIPPluginJar : add linkedlist
2024-12-13 18:49:04,724 [INFO] IPUIPlugin:80 - create IPUIPlugin
2024-12-13 18:49:04,724 [INFO] PluginManager:220 - loadIPPluginJar : add lorawan
2024-12-13 18:49:04,726 [INFO] ThirdPartyUpdaterWithRetryManager:70 - Updater plugin not ready yet. [2/15]
2024-12-13 18:49:04,785 [INFO] IPUIPlugin:80 - create IPUIPlugin
2024-12-13 18:49:04,786 [INFO] PluginManager:220 - loadIPPluginJar : add ltdc
2024-12-13 18:49:04,808 [INFO] IPUIPlugin:80 - create IPUIPlugin
2024-12-13 18:49:04,808 [INFO] PluginManager:220 - loadIPPluginJar : add mdma
2024-12-13 18:49:04,826 [INFO] IPUIPlugin:80 - create IPUIPlugin
2024-12-13 18:49:04,826 [INFO] PluginManager:220 - loadIPPluginJar : add nvic
2024-12-13 18:49:04,877 [INFO] IPUIPlugin:80 - create IPUIPlugin
2024-12-13 18:49:04,877 [INFO] PluginManager:220 - loadIPPluginJar : add opamp
2024-12-13 18:49:04,974 [INFO] IPUIPlugin:80 - create IPUIPlugin
2024-12-13 18:49:04,974 [INFO] PluginManager:220 - loadIPPluginJar : add openamp
2024-12-13 18:49:05,082 [INFO] IPUIPlugin:80 - create IPUIPlugin
2024-12-13 18:49:05,082 [INFO] PluginManager:220 - loadIPPluginJar : add pdm2pcm
2024-12-13 18:49:05,112 [INFO] IPUIPlugin:80 - create IPUIPlugin
2024-12-13 18:49:05,115 [INFO] PluginManager:220 - loadIPPluginJar : add plateformsettings
2024-12-13 18:49:05,162 [INFO] IPUIPlugin:80 - create IPUIPlugin
2024-12-13 18:49:05,162 [INFO] PluginManager:220 - loadIPPluginJar : add quadspi
2024-12-13 18:49:05,192 [INFO] IPUIPlugin:80 - create IPUIPlugin
2024-12-13 18:49:05,192 [INFO] PluginManager:220 - loadIPPluginJar : add resmgrutility
2024-12-13 18:49:05,265 [INFO] IPUIPlugin:80 - create IPUIPlugin
2024-12-13 18:49:05,265 [INFO] PluginManager:220 - loadIPPluginJar : add sai
2024-12-13 18:49:05,323 [INFO] IPUIPlugin:80 - create IPUIPlugin
2024-12-13 18:49:05,323 [INFO] PluginManager:220 - loadIPPluginJar : add spi
2024-12-13 18:49:05,446 [INFO] IPUIPlugin:80 - create IPUIPlugin
2024-12-13 18:49:05,446 [INFO] PluginManager:220 - loadIPPluginJar : add stm32_wpan
2024-12-13 18:49:05,483 [INFO] IPUIPlugin:80 - create IPUIPlugin
2024-12-13 18:49:05,483 [INFO] PluginManager:220 - loadIPPluginJar : add tim
2024-12-13 18:49:05,574 [INFO] IPUIPlugin:80 - create IPUIPlugin
2024-12-13 18:49:05,574 [INFO] PluginManager:220 - loadIPPluginJar : add touchsensing
2024-12-13 18:49:05,608 [INFO] IPUIPlugin:80 - create IPUIPlugin
2024-12-13 18:49:05,608 [INFO] PluginManager:220 - loadIPPluginJar : add tracer_emb
2024-12-13 18:49:05,643 [INFO] IPUIPlugin:80 - create IPUIPlugin
2024-12-13 18:49:05,644 [INFO] PluginManager:220 - loadIPPluginJar : add ts
2024-12-13 18:49:05,683 [INFO] IPUIPlugin:80 - create IPUIPlugin
2024-12-13 18:49:05,683 [INFO] PluginManager:220 - loadIPPluginJar : add tsc
2024-12-13 18:49:05,715 [INFO] IPUIPlugin:80 - create IPUIPlugin
2024-12-13 18:49:05,716 [INFO] PluginManager:220 - loadIPPluginJar : add ucpd
2024-12-13 18:49:05,779 [INFO] IPUIPlugin:80 - create IPUIPlugin
2024-12-13 18:49:05,779 [INFO] PluginManager:220 - loadIPPluginJar : add usart
2024-12-13 18:49:05,846 [INFO] IPUIPlugin:80 - create IPUIPlugin
2024-12-13 18:49:05,846 [INFO] PluginManager:220 - loadIPPluginJar : add usbx
2024-12-13 18:49:06,005 [INFO] CADModel:165 - CPN selected for project level
2024-12-13 18:49:06,006 [INFO] CADModel:114 - Register for checkConnection events
2024-12-13 18:49:06,006 [FATAL] Updater:308 - Updater called before beeing initialized
2024-12-13 18:49:06,006 [ERROR] CADModel:125 - Updater not yet initialized, retry later 
2024-12-13 18:49:06,238 [INFO] CADModel:165 - CPN selected for project level
2024-12-13 18:49:06,238 [INFO] CADModel:114 - Register for checkConnection events
2024-12-13 18:49:06,238 [FATAL] Updater:308 - Updater called before beeing initialized
2024-12-13 18:49:06,238 [ERROR] CADModel:125 - Updater not yet initialized, retry later 
2024-12-13 18:49:06,242 [FATAL] Updater:308 - Updater called before beeing initialized
2024-12-13 18:49:06,436 [FATAL] Updater:308 - Updater called before beeing initialized
2024-12-13 18:49:06,455 [INFO] DbMcusAds:53 - JSON generation date=Fri Sep 20 07:04:23 CST 2024 (1726837463113)
2024-12-13 18:49:06,455 [FATAL] Updater:308 - Updater called before beeing initialized
2024-12-13 18:49:06,512 [WARN] DetailPanel:346 - Failed to get advertising image, set to default
2024-12-13 18:49:06,650 [FATAL] Updater:308 - Updater called before beeing initialized
2024-12-13 18:49:06,654 [FATAL] Updater:308 - Updater called before beeing initialized
2024-12-13 18:49:06,654 [FATAL] Updater:308 - Updater called before beeing initialized
2024-12-13 18:49:06,654 [WARN] DetailPanel:346 - Failed to get advertising image, set to default
2024-12-13 18:49:06,655 [FATAL] Updater:308 - Updater called before beeing initialized
2024-12-13 18:49:06,787 [ERROR] Updater:1120 - MainUpdater not yet initialized. External WinMGr cannot be set.
2024-12-13 18:49:06,811 [INFO] Updater:1056 - Updater Version found : 6.11.1
2024-12-13 18:49:06,845 [INFO] ApplicationProperties:184 - Using Application install path: C:\ST\STM32CubeIDE_1.11.0\STM32CubeIDE\plugins\com.st.stm32cube.common.mx_6.11.1.202404110753
2024-12-13 18:49:07,729 [INFO] ThirdPartyUpdaterWithRetryManager:70 - Updater plugin not ready yet. [3/15]
2024-12-13 18:49:08,450 [ERROR] LogOutputStream:75 - [STDERR_REDIRECT] Dec 13, 2024 6:49:08 PM java.util.prefs.WindowsPreferences <init>
2024-12-13 18:49:08,453 [ERROR] LogOutputStream:75 - [STDERR_REDIRECT] WARNING: Could not open/create prefs root node Software\JavaSoft\Prefs at root 0xffffffff80000002. Windows RegCreateKeyEx(...) returned error code 5.
2024-12-13 18:49:08,453 [ERROR] LogOutputStream:75 - [STDERR_REDIRECT] 
2024-12-13 18:49:09,531 [INFO] MainUpdater:2873 - connection check result : 10
2024-12-13 18:49:09,532 [INFO] MainUpdater:3567 - Updater definition file requires update
2024-12-13 18:49:09,533 [INFO] MainUpdater:290 - Updater Check For Update Now.
2024-12-13 18:49:09,533 [INFO] MicroXplorer:498 - Change Database Version : DB.6.0.111
2024-12-13 18:49:09,570 [INFO] McuFinderGlobals:63 - Set McuFinder mode to 2 (CubeIDE integrated)
2024-12-13 18:49:09,587 [INFO] UserAuth:415 - Internet connection configuration mode: 1
2024-12-13 18:49:09,627 [INFO] JxBrowserEngine:152 - Initiate JxBrowser Engine with user profile folder
2024-12-13 18:49:10,612 [INFO] ServerAccessManage:473 - Download File updaters.zip
2024-12-13 18:49:10,730 [WARN] MainUpdater:1194 - Updater busy. Cannot search thirdparties
2024-12-13 18:49:10,730 [INFO] ThirdPartyUpdaterWithRetryManager:96 - Updater plugin is busy. [1/15]
2024-12-13 18:49:12,190 [INFO] FileExtend:240 - Unzip File : updaters.zip
2024-12-13 18:49:12,194 [INFO] FileExtend:255 - Standard Zip Deflate
2024-12-13 18:49:13,741 [WARN] MainUpdater:1194 - Updater busy. Cannot search thirdparties
2024-12-13 18:49:13,741 [INFO] ThirdPartyUpdaterWithRetryManager:96 - Updater plugin is busy. [2/15]
2024-12-13 18:49:14,813 [INFO] ServerAccessManage:473 - Download File PacksControlFlags.xml
2024-12-13 18:49:15,966 [INFO] ServerAccessManage:473 - Download File cubemx.pidx
2024-12-13 18:49:16,744 [WARN] MainUpdater:1194 - Updater busy. Cannot search thirdparties
2024-12-13 18:49:16,744 [INFO] ThirdPartyUpdaterWithRetryManager:96 - Updater plugin is busy. [3/15]
2024-12-13 18:49:19,372 [INFO] ServerAccessManage:473 - Download File STMicroelectronics.X-CUBE-BLEMGR.pdsc
2024-12-13 18:49:19,745 [WARN] MainUpdater:1194 - Updater busy. Cannot search thirdparties
2024-12-13 18:49:19,745 [INFO] ThirdPartyUpdaterWithRetryManager:96 - Updater plugin is busy. [4/15]
2024-12-13 18:49:20,523 [ERROR] ServerAccessManage:1089 - Problem, file not found on Server
2024-12-13 18:49:22,746 [WARN] MainUpdater:1194 - Updater busy. Cannot search thirdparties
2024-12-13 18:49:22,746 [INFO] ThirdPartyUpdaterWithRetryManager:96 - Updater plugin is busy. [5/15]
2024-12-13 18:49:23,374 [INFO] ServerAccessManage:473 - Download File STMicroelectronics.X-CUBE-FREERTOS.pdsc
2024-12-13 18:49:25,749 [WARN] MainUpdater:1194 - Updater busy. Cannot search thirdparties
2024-12-13 18:49:25,749 [INFO] ThirdPartyUpdaterWithRetryManager:96 - Updater plugin is busy. [6/15]
2024-12-13 18:49:26,246 [INFO] ServerAccessManage:473 - Download File STMicroelectronics.X-CUBE-TCPP.pdsc
2024-12-13 18:49:28,614 [WARN] PackLoader:240 - Cannot read IP mode file for STMicroelectronics.X-CUBE-BLEMGR.4.0.0
2024-12-13 18:49:28,653 [WARN] PackLoader:240 - Cannot read IP mode file for STMicroelectronics.X-CUBE-FREERTOS.1.3.0
2024-12-13 18:49:28,664 [WARN] PopulateThirdPartyThread:106 - Error when creating pack: C:/Users/julio/.stm32cubemx/thirdparties/pdsc/STMicroelectronics.X-CUBE-TCPP.pdsc
2024-12-13 18:49:28,664 [INFO] PopulateThirdPartyThread:66 - Ending populate Thread
2024-12-13 18:49:28,666 [INFO] ThirdParty:1030 - CMSIS Pack Vendor :STMicroelectronics X-CUBE-BLEMGR 4.0.0
2024-12-13 18:49:28,666 [INFO] ThirdParty:1030 - CMSIS Pack Vendor :STMicroelectronics X-CUBE-FREERTOS 1.3.0
2024-12-13 18:49:28,667 [INFO] LoadServerUpdatesThread:375 - End of LoadServerUpdate Thread
2024-12-13 18:49:28,751 [WARN] MainUpdater:1194 - Updater busy. Cannot search thirdparties
2024-12-13 18:49:28,751 [INFO] ThirdPartyUpdaterWithRetryManager:96 - Updater plugin is busy. [7/15]
2024-12-13 18:49:28,898 [INFO] CheckServerUpdateThread:120 - End of CheckServer Thread
2024-12-13 18:49:30,978 [INFO] WebApp:161 - Instantiating new browser for Auth
2024-12-13 18:49:32,158 [INFO] WebApp:779 - Register for checkConnection events
2024-12-13 18:49:32,159 [INFO] WebApp:414 - Apply proxy settings
2024-12-13 18:49:32,159 [INFO] WebApp:499 - Chromium requires no authentication
2024-12-13 18:49:32,176 [INFO] WebApp:442 - Direct internet connection detected
2024-12-13 18:49:32,197 [WARN] PackLoader:240 - Cannot read IP mode file for STMicroelectronics.FP-SNS-MOTENVWB1.1.4.0
2024-12-13 18:49:32,207 [WARN] PackLoader:240 - Cannot read IP mode file for STMicroelectronics.FP-ATR-ASTRA1.2.0.1
2024-12-13 18:49:32,232 [WARN] PackLoader:240 - Cannot read IP mode file for STMicroelectronics.X-CUBE-SMBUS.2.1.0
2024-12-13 18:49:32,262 [WARN] PackLoader:240 - Cannot read IP mode file for STMicroelectronics.X-CUBE-WB05N.1.1.0
2024-12-13 18:49:32,285 [WARN] PackLoader:240 - Cannot read IP mode file for STMicroelectronics.X-CUBE-TOUCHGFX.4.23.2
2024-12-13 18:49:32,340 [WARN] PackLoader:240 - Cannot read IP mode file for STMicroelectronics.X-CUBE-AZRTOS-F7.1.1.0
2024-12-13 18:49:32,377 [WARN] PackLoader:240 - Cannot read IP mode file for STMicroelectronics.FP-SNS-MOTENV1.4.3.2
2024-12-13 18:49:32,559 [WARN] PackLoader:240 - Cannot read IP mode file for STMicroelectronics.X-CUBE-MEMS1.11.0.0
2024-12-13 18:49:32,605 [INFO] WebApp:192 - Starting web application
2024-12-13 18:49:32,605 [INFO] WebApp:544 - Web application path used C:\ST\STM32CubeIDE_1.11.0\STM32CubeIDE\plugins\com.st.stm32cube.common.mx_6.11.1.202404110753\db\plugins\mcufinder\reactClient1\index.html
2024-12-13 18:49:32,992 [WARN] PackLoader:240 - Cannot read IP mode file for STMicroelectronics.X-CUBE-BLE1.6.2.4
2024-12-13 18:49:33,003 [WARN] PackLoader:240 - Cannot read IP mode file for STMicroelectronics.FP-SNS-FLIGHT1.5.0.2
2024-12-13 18:49:33,039 [WARN] PackLoader:240 - Cannot read IP mode file for STMicroelectronics.X-CUBE-DISPLAY.3.0.0
2024-12-13 18:49:33,097 [WARN] PackLoader:240 - Cannot read IP mode file for STMicroelectronics.X-CUBE-BLE1.7.0.0
2024-12-13 18:49:33,138 [WARN] PackLoader:240 - Cannot read IP mode file for STMicroelectronics.X-CUBE-NFC10.1.0.0
2024-12-13 18:49:33,165 [WARN] PackLoader:240 - Cannot read IP mode file for STMicroelectronics.X-CUBE-BLEMGR.4.0.0
2024-12-13 18:49:33,207 [WARN] PackLoader:240 - Cannot read IP mode file for STMicroelectronics.X-CUBE-TOUCHGFX.4.22.0
2024-12-13 18:49:33,240 [WARN] PackLoader:240 - Cannot read IP mode file for STMicroelectronics.X-CUBE-TOUCHGFX.4.22.1
2024-12-13 18:49:33,285 [WARN] PackLoader:240 - Cannot read IP mode file for STMicroelectronics.X-CUBE-BLEMGR.3.1.0
2024-12-13 18:49:33,323 [WARN] PackLoader:240 - Cannot read IP mode file for STMicroelectronics.FP-SNS-SMARTAG2.1.2.0
2024-12-13 18:49:33,371 [INFO] LogOutputStream:77 - [STDOUT_REDIRECT] 1 : Invalid condition id : UX_CORESTACK_Condition cause : null
2024-12-13 18:49:33,372 [INFO] LogOutputStream:77 - [STDOUT_REDIRECT] 1 : Invalid condition id : UX_CORESTACK_Condition cause : null
2024-12-13 18:49:33,376 [INFO] LogOutputStream:77 - [STDOUT_REDIRECT] 1 : Invalid condition id : UX_CORESTACK_Condition cause : null
2024-12-13 18:49:33,379 [INFO] LogOutputStream:77 - [STDOUT_REDIRECT] 1 : Invalid condition id : UX_CORESTACK_Condition cause : null
2024-12-13 18:49:33,381 [INFO] LogOutputStream:77 - [STDOUT_REDIRECT] 1 : Invalid condition id : UX_CORESTACK_Condition cause : null
2024-12-13 18:49:33,389 [WARN] PackLoader:240 - Cannot read IP mode file for STMicroelectronics.X-CUBE-AZRTOS-WL.2.0.0
2024-12-13 18:49:33,434 [WARN] PackLoader:240 - Cannot read IP mode file for STMicroelectronics.FP-SNS-MOTENV1.5.0.0
2024-12-13 18:49:33,446 [WARN] PackLoader:240 - Cannot read IP mode file for wolfSSL.I-CUBE-wolfMQTT.1.19.0
2024-12-13 18:49:33,484 [WARN] PackLoader:240 - Cannot read IP mode file for WES.I-CUBE-Cesium.1.3.0
2024-12-13 18:49:33,521 [WARN] PackLoader:240 - Cannot read IP mode file for STMicroelectronics.X-CUBE-BLE2.3.3.0
2024-12-13 18:49:33,553 [WARN] PackLoader:240 - Cannot read IP mode file for STMicroelectronics.X-CUBE-DISPLAY.2.2.0
2024-12-13 18:49:33,594 [WARN] PackLoader:240 - Cannot read IP mode file for STMicroelectronics.X-CUBE-TOF1.3.2.0
2024-12-13 18:49:33,643 [WARN] PackLoader:240 - Cannot read IP mode file for STMicroelectronics.X-CUBE-NFC9.1.0.0
2024-12-13 18:49:33,676 [WARN] PackLoader:240 - Cannot read IP mode file for STMicroelectronics.X-CUBE-TCPP.4.1.0
2024-12-13 18:49:33,708 [WARN] PackLoader:240 - Cannot read IP mode file for STMicroelectronics.X-CUBE-TOUCHGFX.4.21.1
2024-12-13 18:49:33,738 [WARN] PackLoader:240 - Cannot read IP mode file for STMicroelectronics.X-CUBE-TOUCHGFX.4.21.3
2024-12-13 18:49:33,842 [WARN] PackLoader:240 - Cannot read IP mode file for STMicroelectronics.X-CUBE-MEMS1.9.4.0
2024-12-13 18:49:34,141 [WARN] PackLoader:240 - Cannot read IP mode file for STMicroelectronics.X-CUBE-AI.7.3.0
2024-12-13 18:49:34,177 [WARN] PackLoader:240 - Cannot read IP mode file for STMicroelectronics.X-CUBE-ALGOBUILD.1.3.0
2024-12-13 18:49:34,239 [WARN] PackLoader:240 - Cannot read IP mode file for STMicroelectronics.X-CUBE-AZRTOS-G0.1.1.0
2024-12-13 18:49:34,270 [WARN] PackLoader:240 - Cannot read IP mode file for STMicroelectronics.X-CUBE-SAFEA1.1.2.2
2024-12-13 18:49:34,301 [WARN] PackLoader:240 - Cannot read IP mode file for STMicroelectronics.X-CUBE-NFC4.3.0.0
2024-12-13 18:49:34,337 [WARN] PackLoader:240 - Cannot read IP mode file for EmbeddedOffice.I-CUBE-FS-RTOS.1.0.1
2024-12-13 18:49:34,338 [ERROR] ConditionMgr:805 - Attr not supported : Dmpu
2024-12-13 18:49:34,338 [ERROR] ConditionMgr:805 - Attr not supported : Dmpu
2024-12-13 18:49:34,338 [ERROR] ConditionMgr:805 - Attr not supported : Dmpu
2024-12-13 18:49:34,339 [ERROR] ConditionMgr:805 - Attr not supported : Dmpu
2024-12-13 18:49:34,339 [ERROR] ConditionMgr:805 - Attr not supported : Dmpu
2024-12-13 18:49:34,339 [ERROR] ConditionMgr:805 - Attr not supported : Dmpu
2024-12-13 18:49:34,339 [ERROR] ConditionMgr:805 - Attr not supported : Dmpu
2024-12-13 18:49:34,339 [ERROR] ConditionMgr:805 - Attr not supported : Dmpu
2024-12-13 18:49:34,339 [ERROR] ConditionMgr:805 - Attr not supported : Dmpu
2024-12-13 18:49:34,339 [ERROR] ConditionMgr:805 - Attr not supported : Dmpu
2024-12-13 18:49:34,340 [ERROR] ConditionMgr:805 - Attr not supported : Dmpu
2024-12-13 18:49:34,340 [ERROR] ConditionMgr:805 - Attr not supported : Dmpu
2024-12-13 18:49:34,340 [ERROR] ConditionMgr:805 - Attr not supported : Dmpu
2024-12-13 18:49:34,340 [ERROR] ConditionMgr:805 - Attr not supported : Dmpu
2024-12-13 18:49:34,340 [ERROR] ConditionMgr:805 - Attr not supported : Dmpu
2024-12-13 18:49:34,340 [ERROR] ConditionMgr:805 - Attr not supported : Dmpu
2024-12-13 18:49:34,340 [ERROR] ConditionMgr:805 - Attr not supported : Dmpu
2024-12-13 18:49:34,341 [ERROR] ConditionMgr:805 - Attr not supported : Dmpu
2024-12-13 18:49:34,341 [ERROR] ConditionMgr:805 - Attr not supported : Dmpu
2024-12-13 18:49:34,341 [ERROR] ConditionMgr:805 - Attr not supported : Dmpu
2024-12-13 18:49:34,341 [ERROR] ConditionMgr:805 - Attr not supported : Dmpu
2024-12-13 18:49:34,341 [ERROR] ConditionMgr:805 - Attr not supported : Dmpu
2024-12-13 18:49:34,341 [ERROR] ConditionMgr:805 - Attr not supported : Dmpu
2024-12-13 18:49:34,341 [ERROR] ConditionMgr:805 - Attr not supported : Dmpu
2024-12-13 18:49:34,342 [ERROR] ConditionMgr:805 - Attr not supported : Dmpu
2024-12-13 18:49:34,342 [ERROR] ConditionMgr:805 - Attr not supported : Dmpu
2024-12-13 18:49:34,342 [ERROR] ConditionMgr:805 - Attr not supported : Dmpu
2024-12-13 18:49:34,342 [ERROR] ConditionMgr:805 - Attr not supported : Dmpu
2024-12-13 18:49:34,342 [ERROR] ConditionMgr:805 - Attr not supported : Dmpu
2024-12-13 18:49:34,342 [ERROR] ConditionMgr:805 - Attr not supported : Dmpu
2024-12-13 18:49:34,342 [ERROR] ConditionMgr:805 - Attr not supported : Dmpu
2024-12-13 18:49:34,342 [ERROR] ConditionMgr:805 - Attr not supported : Dmpu
2024-12-13 18:49:34,343 [ERROR] ConditionMgr:805 - Attr not supported : Dmpu
2024-12-13 18:49:34,343 [ERROR] ConditionMgr:805 - Attr not supported : Dmpu
2024-12-13 18:49:34,343 [ERROR] ConditionMgr:805 - Attr not supported : Dmpu
2024-12-13 18:49:34,343 [ERROR] ConditionMgr:805 - Attr not supported : Dmpu
2024-12-13 18:49:34,343 [ERROR] ConditionMgr:805 - Attr not supported : Dmpu
2024-12-13 18:49:34,343 [ERROR] ConditionMgr:805 - Attr not supported : Dmpu
2024-12-13 18:49:34,343 [ERROR] ConditionMgr:805 - Attr not supported : Dmpu
2024-12-13 18:49:34,344 [ERROR] ConditionMgr:805 - Attr not supported : Dmpu
2024-12-13 18:49:34,344 [ERROR] ConditionMgr:805 - Attr not supported : Dmpu
2024-12-13 18:49:34,344 [ERROR] ConditionMgr:805 - Attr not supported : Dmpu
2024-12-13 18:49:34,344 [ERROR] ConditionMgr:805 - Attr not supported : Dmpu
2024-12-13 18:49:34,344 [ERROR] ConditionMgr:805 - Attr not supported : Dmpu
2024-12-13 18:49:34,344 [ERROR] ConditionMgr:805 - Attr not supported : Dmpu
2024-12-13 18:49:34,345 [ERROR] ConditionMgr:805 - Attr not supported : Dmpu
2024-12-13 18:49:34,345 [ERROR] ConditionMgr:805 - Attr not supported : Dmpu
2024-12-13 18:49:34,345 [ERROR] ConditionMgr:805 - Attr not supported : Dmpu
2024-12-13 18:49:34,345 [ERROR] ConditionMgr:805 - Attr not supported : Dmpu
2024-12-13 18:49:34,345 [ERROR] ConditionMgr:805 - Attr not supported : Dmpu
2024-12-13 18:49:34,345 [ERROR] ConditionMgr:805 - Attr not supported : Dmpu
2024-12-13 18:49:34,345 [ERROR] ConditionMgr:805 - Attr not supported : Dmpu
2024-12-13 18:49:34,346 [ERROR] ConditionMgr:805 - Attr not supported : Dmpu
2024-12-13 18:49:34,346 [ERROR] ConditionMgr:805 - Attr not supported : Dmpu
2024-12-13 18:49:34,346 [ERROR] ConditionMgr:805 - Attr not supported : Dmpu
2024-12-13 18:49:34,346 [ERROR] ConditionMgr:805 - Attr not supported : Dmpu
2024-12-13 18:49:34,346 [ERROR] ConditionMgr:805 - Attr not supported : Dmpu
2024-12-13 18:49:34,347 [ERROR] ConditionMgr:805 - Attr not supported : Dmpu
2024-12-13 18:49:34,347 [ERROR] ConditionMgr:805 - Attr not supported : Dmpu
2024-12-13 18:49:34,347 [ERROR] ConditionMgr:805 - Attr not supported : Dmpu
2024-12-13 18:49:34,347 [ERROR] ConditionMgr:805 - Attr not supported : Dmpu
2024-12-13 18:49:34,348 [ERROR] ConditionMgr:805 - Attr not supported : Dmpu
2024-12-13 18:49:34,348 [ERROR] ConditionMgr:805 - Attr not supported : Dmpu
2024-12-13 18:49:34,349 [ERROR] ConditionMgr:805 - Attr not supported : Dmpu
2024-12-13 18:49:34,381 [WARN] PackLoader:240 - Cannot read IP mode file for STMicroelectronics.X-CUBE-BLEMGR.1.3.0
2024-12-13 18:49:34,389 [ERROR] Engine:466 - C:\Users\julio\.stm32cubemx\thirdparties\pdsc\STMicroelectronics.X-CUBE-TCPP.4.2.0.pdsc: PDSC version is not supported
2024-12-13 18:49:34,422 [WARN] PackLoader:240 - Cannot read IP mode file for RealThread.X-CUBE-RT-Thread_Nano.4.1.1
2024-12-13 18:49:34,429 [WARN] PackLoader:240 - Cannot read IP mode file for STMicroelectronics.FP-ATR-SIGFOX1.3.2.0
2024-12-13 18:49:34,439 [WARN] ConditionMgr:438 - getConditionDescription Invalid condition id : Cortex-A Device cause : null
2024-12-13 18:49:34,484 [WARN] ConditionMgr:1039 - genDependencies : Invalid condition id : Cortex-A Device cause : null
2024-12-13 18:49:34,484 [WARN] ConditionMgr:1039 - genDependencies : Invalid condition id : Cortex-A Device cause : null
2024-12-13 18:49:34,484 [WARN] ConditionMgr:1039 - genDependencies : Invalid condition id : Cortex-A Device cause : null
2024-12-13 18:49:34,519 [WARN] PackLoader:240 - Cannot read IP mode file for STMicroelectronics.X-CUBE-EEPRMA1.5.1.0
2024-12-13 18:49:34,629 [WARN] PackLoader:240 - Cannot read IP mode file for STMicroelectronics.X-CUBE-MEMS1.9.5.0
2024-12-13 18:49:35,071 [WARN] PackLoader:240 - Cannot read IP mode file for SEGGER.I-CUBE-embOS.1.3.1
2024-12-13 18:49:35,188 [WARN] PackLoader:240 - Cannot read IP mode file for STMicroelectronics.X-CUBE-ALGOBUILD.1.4.0
2024-12-13 18:49:35,279 [WARN] PackLoader:240 - Cannot read IP mode file for SEGGER.I-CUBE-embOS.1.3.0
2024-12-13 18:49:35,379 [WARN] PackLoader:240 - Cannot read IP mode file for STMicroelectronics.X-CUBE-AI.9.1.0
2024-12-13 18:49:35,419 [WARN] PackLoader:240 - Cannot read IP mode file for STMicroelectronics.X-CUBE-GNSS1.6.0.0
2024-12-13 18:49:35,493 [WARN] PackLoader:240 - Cannot read IP mode file for STMicroelectronics.X-CUBE-AZRTOS-F4.1.1.0
2024-12-13 18:49:35,527 [WARN] PackLoader:240 - Cannot read IP mode file for STMicroelectronics.X-CUBE-ISPU.2.1.0
2024-12-13 18:49:35,560 [WARN] PackLoader:240 - Cannot read IP mode file for STMicroelectronics.X-CUBE-FREERTOS.1.2.0
2024-12-13 18:49:35,623 [WARN] PackLoader:240 - Cannot read IP mode file for STMicroelectronics.X-CUBE-AZRTOS-L5.2.0.0
2024-12-13 18:49:35,780 [WARN] PackLoader:240 - Cannot read IP mode file for STMicroelectronics.X-CUBE-MEMS1.9.6.0
2024-12-13 18:49:36,176 [WARN] PackLoader:240 - Cannot read IP mode file for STMicroelectronics.X-CUBE-EEPRMA1.4.2.0
2024-12-13 18:49:36,237 [WARN] PackLoader:240 - Cannot read IP mode file for STMicroelectronics.X-CUBE-NFC6.3.1.0
2024-12-13 18:49:36,285 [WARN] PackLoader:240 - Cannot read IP mode file for ITTIA_DB.I-CUBE-ITTIADB.8.8.0
2024-12-13 18:49:36,330 [WARN] PackLoader:240 - Cannot read IP mode file for emotas.I-CUBE-CANOPEN.1.1.3
2024-12-13 18:49:36,362 [WARN] PackLoader:240 - Cannot read IP mode file for STMicroelectronics.X-CUBE-BLEMGR.2.0.0
2024-12-13 18:49:36,395 [WARN] PackLoader:240 - Cannot read IP mode file for STMicroelectronics.X-CUBE-DPower.1.2.0
2024-12-13 18:49:36,428 [WARN] PackLoader:240 - Cannot read IP mode file for STMicroelectronics.X-CUBE-AI.9.0.0
2024-12-13 18:49:36,494 [WARN] ConditionMgr:438 - getConditionDescription Invalid condition id : UX DEVICE CLASS RTOS Condition cause : null
2024-12-13 18:49:36,494 [WARN] ConditionMgr:438 - getConditionDescription Invalid condition id : UX DEVICE CLASS RTOS Condition cause : null
2024-12-13 18:49:36,500 [WARN] PackLoader:240 - Cannot read IP mode file for STMicroelectronics.X-CUBE-AZRTOS-H7.3.1.0
2024-12-13 18:49:36,501 [WARN] ConditionMgr:1039 - genDependencies : Invalid condition id : UX DEVICE CLASS RTOS Condition cause : null
2024-12-13 18:49:36,502 [WARN] ConditionMgr:1039 - genDependencies : Invalid condition id : UX DEVICE CLASS RTOS Condition cause : null
2024-12-13 18:49:36,502 [WARN] ConditionMgr:1039 - genDependencies : Invalid condition id : UX DEVICE CLASS RTOS Condition cause : null
2024-12-13 18:49:36,503 [WARN] ConditionMgr:1039 - genDependencies : Invalid condition id : UX DEVICE CLASS RTOS Condition cause : null
2024-12-13 18:49:36,503 [WARN] ConditionMgr:1039 - genDependencies : Invalid condition id : UX DEVICE CLASS RTOS Condition cause : null
2024-12-13 18:49:36,527 [WARN] PackLoader:240 - Cannot read IP mode file for wolfSSL.I-CUBE-wolfSSL.5.5.4
2024-12-13 18:49:36,534 [WARN] PackLoader:240 - Cannot read IP mode file for STMicroelectronics.X-CUBE-FREERTOS.1.3.0
2024-12-13 18:49:36,562 [WARN] PackLoader:240 - Cannot read IP mode file for STMicroelectronics.X-CUBE-NFC7.1.0.1
2024-12-13 18:49:36,595 [WARN] PackLoader:240 - Cannot read IP mode file for STMicroelectronics.X-CUBE-NFC7.1.0.0
2024-12-13 18:49:36,603 [WARN] PackLoader:240 - Cannot read IP mode file for wolfSSL.I-CUBE-wolfTPM.3.2.0
2024-12-13 18:49:36,642 [WARN] PackLoader:240 - Cannot read IP mode file for STMicroelectronics.X-CUBE-NFC6.3.0.0
2024-12-13 18:49:36,681 [WARN] PackLoader:240 - Cannot read IP mode file for STMicroelectronics.X-CUBE-EEPRMA1.4.1.0
2024-12-13 18:49:36,716 [WARN] PackLoader:240 - Cannot read IP mode file for STMicroelectronics.X-CUBE-AI.8.1.0
2024-12-13 18:49:36,785 [WARN] ConditionMgr:438 - getConditionDescription Invalid condition id : LAN8742 Phy interface Condition cause : null
2024-12-13 18:49:36,787 [WARN] PackLoader:240 - Cannot read IP mode file for STMicroelectronics.X-CUBE-AZRTOS-L4.2.0.0
2024-12-13 18:49:36,789 [WARN] ConditionMgr:1039 - genDependencies : Invalid condition id : LAN8742 Phy interface Condition cause : null
2024-12-13 18:49:36,790 [WARN] ConditionMgr:1039 - genDependencies : Invalid condition id : LAN8742 Phy interface Condition cause : null
2024-12-13 18:49:36,791 [WARN] ConditionMgr:1039 - genDependencies : Invalid condition id : LAN8742 Phy interface Condition cause : null
2024-12-13 18:49:36,834 [WARN] PackLoader:240 - Cannot read IP mode file for STMicroelectronics.X-CUBE-SFXS2LP1.4.0.0
2024-12-13 18:49:36,910 [WARN] PackLoader:240 - Cannot read IP mode file for STMicroelectronics.X-CUBE-AZRTOS-H7.3.0.0
2024-12-13 18:49:36,957 [WARN] PackLoader:240 - Cannot read IP mode file for STMicroelectronics.X-CUBE-ISPU.1.1.0
2024-12-13 18:49:37,036 [WARN] PackLoader:240 - Cannot read IP mode file for STMicroelectronics.X-CUBE-AZRTOS-H7.3.3.0
2024-12-13 18:49:37,080 [WARN] PackLoader:240 - Cannot read IP mode file for RoweBots.I-CUBE-UNISONRTOS.5.5.0-4
2024-12-13 18:49:37,112 [WARN] PackLoader:240 - Cannot read IP mode file for STMicroelectronics.X-CUBE-AI.8.0.0
2024-12-13 18:49:37,155 [WARN] PackLoader:240 - Cannot read IP mode file for STMicroelectronics.X-CUBE-IPS.3.0.0
2024-12-13 18:49:37,216 [WARN] ConditionMgr:438 - getConditionDescription Invalid condition id : UX DEVICE CLASS RTOS Condition cause : null
2024-12-13 18:49:37,216 [WARN] ConditionMgr:438 - getConditionDescription Invalid condition id : UX DEVICE CLASS RTOS Condition cause : null
2024-12-13 18:49:37,221 [WARN] PackLoader:240 - Cannot read IP mode file for STMicroelectronics.X-CUBE-AZRTOS-WB.2.0.0
2024-12-13 18:49:37,223 [WARN] ConditionMgr:1039 - genDependencies : Invalid condition id : UX DEVICE CLASS RTOS Condition cause : null
2024-12-13 18:49:37,223 [WARN] ConditionMgr:1039 - genDependencies : Invalid condition id : UX DEVICE CLASS RTOS Condition cause : null
2024-12-13 18:49:37,224 [WARN] ConditionMgr:1039 - genDependencies : Invalid condition id : UX DEVICE CLASS RTOS Condition cause : null
2024-12-13 18:49:37,224 [WARN] ConditionMgr:1039 - genDependencies : Invalid condition id : UX DEVICE CLASS RTOS Condition cause : null
2024-12-13 18:49:37,225 [WARN] ConditionMgr:1039 - genDependencies : Invalid condition id : UX DEVICE CLASS RTOS Condition cause : null
2024-12-13 18:49:37,253 [WARN] PackLoader:240 - Cannot read IP mode file for STMicroelectronics.X-CUBE-FREERTOS.1.0.1
2024-12-13 18:49:37,288 [WARN] PackLoader:240 - Cannot read IP mode file for STMicroelectronics.X-CUBE-GNSS1.7.0.0
2024-12-13 18:49:37,322 [WARN] PackLoader:240 - Cannot read IP mode file for STMicroelectronics.FP-SNS-STBOX1.2.0.0
2024-12-13 18:49:37,384 [WARN] PackLoader:240 - Cannot read IP mode file for STMicroelectronics.X-CUBE-AZRTOS-L5.1.1.0
2024-12-13 18:49:37,433 [WARN] PackLoader:240 - Cannot read IP mode file for STMicroelectronics.X-CUBE-SUBG2.5.0.0
2024-12-13 18:49:37,450 [WARN] PackLoader:240 - Cannot read IP mode file for Cesanta.I-CUBE-Mongoose.7.13.0
2024-12-13 18:49:37,483 [WARN] PackLoader:240 - Cannot read IP mode file for STMicroelectronics.X-CUBE-TOF1.3.3.1
2024-12-13 18:49:37,542 [WARN] PackLoader:240 - Cannot read IP mode file for STMicroelectronics.X-CUBE-AZRTOS-G4.2.0.0
2024-12-13 18:49:37,578 [WARN] PackLoader:240 - Cannot read IP mode file for STMicroelectronics.X-CUBE-TOF1.3.3.0
2024-12-13 18:49:37,612 [WARN] PackLoader:240 - Cannot read IP mode file for STMicroelectronics.FP-ATR-ASTRA1.1.1.1
2024-12-13 18:49:37,664 [WARN] PackLoader:240 - Cannot read IP mode file for Infineon.AIROC-Wi-Fi-Bluetooth-STM32.1.5.1
2024-12-13 18:49:37,715 [WARN] PackLoader:240 - Cannot read IP mode file for STMicroelectronics.X-CUBE-AZRTOS-G4.1.0.0
2024-12-13 18:49:37,779 [WARN] PackLoader:240 - Cannot read IP mode file for STMicroelectronics.X-CUBE-AZRTOS-L4.1.0.0
2024-12-13 18:49:37,811 [WARN] PackLoader:240 - Cannot read IP mode file for STMicroelectronics.X-CUBE-ISPU.2.0.0
2024-12-13 18:49:37,842 [WARN] PackLoader:240 - Cannot read IP mode file for STMicroelectronics.X-CUBE-ALS.1.0.2
2024-12-13 18:49:37,971 [WARN] PackLoader:240 - Cannot read IP mode file for STMicroelectronics.X-CUBE-MEMS1.10.0.0
2024-12-13 18:49:38,261 [WARN] PackLoader:240 - Cannot read IP mode file for STMicroelectronics.X-CUBE-FREERTOS.1.1.0
2024-12-13 18:49:38,291 [WARN] PackLoader:240 - Cannot read IP mode file for STMicroelectronics.X-CUBE-TOUCHGFX.4.24.0
2024-12-13 18:49:38,341 [WARN] PackLoader:240 - Cannot read IP mode file for STMicroelectronics.X-CUBE-AZRTOS-WL.1.0.0
2024-12-13 18:49:38,373 [WARN] PackLoader:240 - Cannot read IP mode file for STMicroelectronics.X-CUBE-TOUCHGFX.4.24.1
2024-12-13 18:49:38,404 [WARN] PackLoader:240 - Cannot read IP mode file for portGmbH.I-Cube-SoM-uGOAL.1.1.0
2024-12-13 18:49:38,432 [WARN] PackLoader:240 - Cannot read IP mode file for STMicroelectronics.X-CUBE-ALS.1.0.1
2024-12-13 18:49:38,481 [WARN] PackLoader:240 - Cannot read IP mode file for STMicroelectronics.X-CUBE-AZRTOS-WB.1.1.0
2024-12-13 18:49:38,552 [WARN] PackLoader:240 - Cannot read IP mode file for STMicroelectronics.X-CUBE-AZRTOS-H7RS.1.0.0
2024-12-13 18:49:38,594 [WARN] PackLoader:240 - Cannot read IP mode file for STMicroelectronics.FP-ATR-ASTRA1.2.0.0
2024-12-13 18:49:38,641 [WARN] PackLoader:240 - Cannot read IP mode file for STMicroelectronics.X-CUBE-TOF1.3.4.2
2024-12-13 18:49:38,711 [WARN] PackLoader:240 - Cannot read IP mode file for STMicroelectronics.X-CUBE-TOF1.3.4.1
2024-12-13 18:49:38,806 [WARN] PackLoader:240 - Cannot read IP mode file for STMicroelectronics.X-CUBE-AZRTOS-H7.3.2.0
2024-12-13 18:49:38,823 [WARN] PackLoader:240 - Cannot read IP mode file for wolfSSL.I-CUBE-wolfSSH.1.4.17
2024-12-13 18:49:38,824 [INFO] ThirdParty:978 - Integrity check success = true
2024-12-13 18:49:38,824 [INFO] IntegrityCheckThread:100 - exiting critical section [integrity check]
2024-12-13 18:49:38,824 [INFO] IntegrityCheckThread:103 - End integrity checks thread
2024-12-13 20:29:35,721 [ERROR] LogOutputStream:75 - [STDERR_REDIRECT] 
2024-12-13 20:29:35,722 [ERROR] LogOutputStream:75 - [STDERR_REDIRECT] 
