2024-11-13 00:04:29,759 [ERROR] LogOutputStream:75 - [STDERR_REDIRECT] 
2024-11-13 07:41:32,239 [INFO] Activator:176 - 


2024-11-13 07:41:32,243 [INFO] Activator:177 - !SESSION log4j initialized
2024-11-13 07:41:45,618 [INFO] LogOutputStream:77 - [STDOUT_REDIRECT] 
2024-11-13 07:42:04,004 [INFO] ApplicationProperties:184 - Using Application install path: C:\ST\STM32CubeIDE_1.11.0\STM32CubeIDE\plugins\com.st.stm32cube.common.mx_6.11.1.202404110753
2024-11-13 07:42:04,056 [INFO] DbMcusXml:78 - Set database path to: C:\ST\STM32CubeIDE_1.11.0\STM32CubeIDE\plugins\com.st.stm32cube.common.mx_6.11.1.202404110753\\db\/mcu/
2024-11-13 07:42:04,059 [INFO] ApiDb:274 - Set plugin database path to: C:\ST\STM32CubeIDE_1.11.0\STM32CubeIDE\plugins\com.st.stm32cube.common.mx_6.11.1.202404110753\\db\/plugins/boardmanager/
2024-11-13 07:42:04,059 [WARN] ApiDb:259 - Overriding images path with different value:  => C:\ST\STM32CubeIDE_1.11.0\STM32CubeIDE\plugins\com.st.stm32cube.common.mx_6.11.1.202404110753\\db\/plugins/mcufinder/images/
2024-11-13 07:42:04,094 [INFO] ApiDb:250 - Set database path to: C:\Users\julio\.stmcufinder\plugins\mcufinder//mcu/
2024-11-13 07:42:04,096 [INFO] DbMcusAds:125 - Set database path to: C:\Users\julio\.stmcufinder\plugins\mcufinder//mcu/
2024-11-13 07:42:04,498 [INFO] CrossReferenceDbSqlite:203 - Set database path to: C:\Users\julio\.stmcufinder\plugins\mcufinder//mcu/cs/
2024-11-13 07:42:04,717 [INFO] RulesReader:64 - Compatibility file has been processed (297 Rules)
2024-11-13 07:42:04,852 [INFO] DbMcusXml:78 - Set database path to: C:\ST\STM32CubeIDE_1.11.0\STM32CubeIDE\plugins\com.st.stm32cube.common.mx_6.11.1.202404110753\\db\/mcu/
2024-11-13 07:42:04,852 [INFO] ApiDb:274 - Set plugin database path to: C:\ST\STM32CubeIDE_1.11.0\STM32CubeIDE\plugins\com.st.stm32cube.common.mx_6.11.1.202404110753\\db\/plugins/boardmanager/
2024-11-13 07:42:04,852 [INFO] ApiDb:261 - Set plugin images path to: C:\ST\STM32CubeIDE_1.11.0\STM32CubeIDE\plugins\com.st.stm32cube.common.mx_6.11.1.202404110753\\db\/plugins/mcufinder/images/
2024-11-13 07:42:04,853 [WARN] DbFile:41 - Overriding database path with different value: C:\Users\julio\.stmcufinder\plugins\mcufinder/ => C:\Users\julio\.stmcufinder\plugins\mcufinder
2024-11-13 07:42:04,853 [INFO] ApiDb:250 - Set database path to: C:\Users\julio\.stmcufinder\plugins\mcufinder//mcu/
2024-11-13 07:42:04,853 [WARN] DbFile:41 - Overriding database path with different value: C:\Users\julio\.stmcufinder\plugins\mcufinder/ => C:\Users\julio\.stmcufinder\plugins\mcufinder
2024-11-13 07:42:04,854 [INFO] DbMcusAds:125 - Set database path to: C:\Users\julio\.stmcufinder\plugins\mcufinder//mcu/
2024-11-13 07:42:04,854 [WARN] DbFile:41 - Overriding database path with different value: C:\Users\julio\.stmcufinder\plugins\mcufinder/ => C:\Users\julio\.stmcufinder\plugins\mcufinder
2024-11-13 07:42:04,854 [WARN] DbFile:41 - Overriding database path with different value: C:\Users\julio\.stmcufinder\plugins\mcufinder/ => C:\Users\julio\.stmcufinder\plugins\mcufinder
2024-11-13 07:42:04,854 [INFO] CrossReferenceDbSqlite:203 - Set database path to: C:\Users\julio\.stmcufinder\plugins\mcufinder//mcu/cs/
2024-11-13 07:42:04,993 [INFO] MainPanel:264 - HeapMemory: 268435456
2024-11-13 07:42:05,140 [INFO] DbMcusXml:78 - Set database path to: C:\ST\STM32CubeIDE_1.11.0\STM32CubeIDE\plugins\com.st.stm32cube.common.mx_6.11.1.202404110753\\db\/mcu/
2024-11-13 07:42:05,140 [INFO] ApiDb:274 - Set plugin database path to: C:\ST\STM32CubeIDE_1.11.0\STM32CubeIDE\plugins\com.st.stm32cube.common.mx_6.11.1.202404110753\\db\/plugins/boardmanager/
2024-11-13 07:42:05,140 [INFO] ApiDb:261 - Set plugin images path to: C:\ST\STM32CubeIDE_1.11.0\STM32CubeIDE\plugins\com.st.stm32cube.common.mx_6.11.1.202404110753\\db\/plugins/mcufinder/images/
2024-11-13 07:42:05,141 [WARN] DbFile:41 - Overriding database path with different value: C:\Users\julio\.stmcufinder\plugins\mcufinder/ => C:\Users\julio\.stmcufinder\plugins\mcufinder
2024-11-13 07:42:05,141 [INFO] ApiDb:250 - Set database path to: C:\Users\julio\.stmcufinder\plugins\mcufinder//mcu/
2024-11-13 07:42:05,141 [WARN] DbFile:41 - Overriding database path with different value: C:\Users\julio\.stmcufinder\plugins\mcufinder/ => C:\Users\julio\.stmcufinder\plugins\mcufinder
2024-11-13 07:42:05,141 [INFO] DbMcusAds:125 - Set database path to: C:\Users\julio\.stmcufinder\plugins\mcufinder//mcu/
2024-11-13 07:42:05,141 [WARN] DbFile:41 - Overriding database path with different value: C:\Users\julio\.stmcufinder\plugins\mcufinder/ => C:\Users\julio\.stmcufinder\plugins\mcufinder
2024-11-13 07:42:05,142 [WARN] DbFile:41 - Overriding database path with different value: C:\Users\julio\.stmcufinder\plugins\mcufinder/ => C:\Users\julio\.stmcufinder\plugins\mcufinder
2024-11-13 07:42:05,142 [INFO] CrossReferenceDbSqlite:203 - Set database path to: C:\Users\julio\.stmcufinder\plugins\mcufinder//mcu/cs/
2024-11-13 07:42:05,171 [INFO] ApplicationProperties:184 - Using Application install path: C:\ST\STM32CubeIDE_1.11.0\STM32CubeIDE\plugins\com.st.stm32cube.common.mx_6.11.1.202404110753
2024-11-13 07:42:05,173 [INFO] PluginManage:196 - Search for loadable plugins [exclusion list=, ]
2024-11-13 07:42:05,175 [INFO] PluginManage:310 - Check plugin analytics
2024-11-13 07:42:05,439 [INFO] AnalyticsPlugin:253 - Accepted Software Licenses: STM32CubeMX.6.11.1
2024-11-13 07:42:05,440 [INFO] AnalyticsPlugin:255 - Accepted CMSIS Pack Licenses: 
2024-11-13 07:42:05,440 [INFO] AnalyticsPlugin:257 - Accepted Firmware Licenses: FW.F4.1.28.0
2024-11-13 07:42:05,445 [INFO] PluginManage:359 - Loaded plugin analytics (category:tool,tabindex:-1)
2024-11-13 07:42:05,446 [INFO] PluginManage:310 - Check plugin cadmodel
2024-11-13 07:42:05,478 [INFO] CADModel:105 - Init CAD model plugin
2024-11-13 07:42:05,479 [INFO] PluginManage:359 - Loaded plugin cadmodel (category:power,tabindex:5)
2024-11-13 07:42:05,480 [INFO] PluginManage:310 - Check plugin clock
2024-11-13 07:42:05,515 [INFO] PluginManage:359 - Loaded plugin clock (category:base,tabindex:2)
2024-11-13 07:42:05,516 [INFO] PluginManage:310 - Check plugin ddr
2024-11-13 07:42:05,519 [INFO] PluginManage:359 - Loaded plugin ddr (category:tool,tabindex:6)
2024-11-13 07:42:05,519 [INFO] PluginManage:310 - Check plugin filemanager
2024-11-13 07:42:05,765 [INFO] PluginManage:359 - Loaded plugin filemanager (category:base,tabindex:10)
2024-11-13 07:42:05,766 [INFO] PluginManage:310 - Check plugin ipmanager
2024-11-13 07:42:05,777 [INFO] PluginManage:359 - Loaded plugin ipmanager (category:base,tabindex:5)
2024-11-13 07:42:05,778 [INFO] PluginManage:310 - Check plugin lpbam
2024-11-13 07:42:05,808 [INFO] PluginManage:359 - Loaded plugin lpbam (category:base,tabindex:0)
2024-11-13 07:42:05,808 [INFO] PluginManage:310 - Check plugin memorymap
2024-11-13 07:42:05,846 [INFO] PluginManage:359 - Loaded plugin memorymap (category:base,tabindex:4)
2024-11-13 07:42:05,846 [INFO] PluginManage:310 - Check plugin pinoutandconfiguration
2024-11-13 07:42:05,873 [INFO] PluginManage:359 - Loaded plugin pinoutandconfiguration (category:base,tabindex:1)
2024-11-13 07:42:05,873 [INFO] PluginManage:310 - Check plugin pinoutconfig
2024-11-13 07:42:06,051 [WARN] SupportedApi:132 - Cannot load RTOS API schema: s4s-elt-must-match.1: The content of 'definitions' must match (annotation?, (simpleType | complexType)?, (unique | key | keyref)*)). A problem was found starting at: attribute.
2024-11-13 07:42:06,298 [INFO] PluginManage:359 - Loaded plugin pinoutconfig (category:base,tabindex:0)
2024-11-13 07:42:06,299 [INFO] PluginManage:310 - Check plugin power
2024-11-13 07:42:06,342 [INFO] PluginManage:359 - Loaded plugin power (category:power,tabindex:4)
2024-11-13 07:42:06,342 [INFO] PluginManage:310 - Check plugin projectmanager
2024-11-13 07:42:06,370 [INFO] PluginManage:359 - Loaded plugin projectmanager (category:projectmanager,tabindex:3)
2024-11-13 07:42:06,370 [INFO] PluginManage:310 - Check plugin thirdparty
2024-11-13 07:42:06,821 [INFO] PluginManage:359 - Loaded plugin thirdparty (category:base,tabindex:-1)
2024-11-13 07:42:06,822 [INFO] PluginManage:310 - Check plugin tools
2024-11-13 07:42:06,821 [WARN] IntegrityCheckThread:84 - waiting for thirdparty lock release [integrity check]
2024-11-13 07:42:06,822 [INFO] IntegrityCheckThread:86 - entering critical section [integrity check]
2024-11-13 07:42:06,823 [INFO] ThirdPartyUpdaterWithRetryManager:70 - Updater plugin not ready yet. [1/15]
2024-11-13 07:42:06,872 [INFO] PluginManage:359 - Loaded plugin tools (category:base,tabindex:7)
2024-11-13 07:42:06,872 [INFO] PluginManage:310 - Check plugin tutovideos
2024-11-13 07:42:07,183 [INFO] PluginManage:359 - Loaded plugin tutovideos (category:base,tabindex:-1)
2024-11-13 07:42:07,183 [INFO] PluginManage:310 - Check plugin updater
2024-11-13 07:42:07,203 [INFO] PluginManage:359 - Loaded plugin updater (category:base,tabindex:12)
2024-11-13 07:42:07,204 [INFO] PluginManage:310 - Check plugin userauth
2024-11-13 07:42:07,211 [INFO] UserAuth:114 - Init User Auth plugin
2024-11-13 07:42:07,211 [INFO] PluginManage:359 - Loaded plugin userauth (category:base,tabindex:14)
2024-11-13 07:42:07,211 [INFO] PluginManage:283 - PluginManage : Loaded plugins [17]
2024-11-13 07:42:07,595 [INFO] PinOutPanel:1561 - setPackage(No Configuration,No Configuration)
2024-11-13 07:42:07,710 [INFO] CADModel:165 - CPN selected for project level
2024-11-13 07:42:07,710 [INFO] CADModel:114 - Register for checkConnection events
2024-11-13 07:42:07,746 [INFO] IPUIPlugin:80 - create IPUIPlugin
2024-11-13 07:42:07,746 [INFO] PluginManager:220 - loadIPPluginJar : add adc
2024-11-13 07:42:07,796 [INFO] IPUIPlugin:80 - create IPUIPlugin
2024-11-13 07:42:07,796 [INFO] PluginManager:220 - loadIPPluginJar : add aes
2024-11-13 07:42:07,852 [INFO] IPUIPlugin:80 - create IPUIPlugin
2024-11-13 07:42:07,852 [INFO] PluginManager:220 - loadIPPluginJar : add can
2024-11-13 07:42:07,885 [INFO] IPUIPlugin:80 - create IPUIPlugin
2024-11-13 07:42:07,885 [INFO] PluginManager:220 - loadIPPluginJar : add comp
2024-11-13 07:42:07,930 [INFO] IPUIPlugin:80 - create IPUIPlugin
2024-11-13 07:42:07,931 [INFO] PluginManager:220 - loadIPPluginJar : add cryp
2024-11-13 07:42:07,979 [INFO] IPUIPlugin:80 - create IPUIPlugin
2024-11-13 07:42:07,979 [INFO] PluginManager:220 - loadIPPluginJar : add dfsdm
2024-11-13 07:42:08,001 [INFO] IPUIPlugin:80 - create IPUIPlugin
2024-11-13 07:42:08,003 [INFO] PluginManager:220 - loadIPPluginJar : add dma
2024-11-13 07:42:08,072 [INFO] IPUIPlugin:80 - create IPUIPlugin
2024-11-13 07:42:08,072 [INFO] PluginManager:220 - loadIPPluginJar : add dma3
2024-11-13 07:42:08,136 [INFO] IPUIPlugin:80 - create IPUIPlugin
2024-11-13 07:42:08,136 [INFO] PluginManager:220 - loadIPPluginJar : add extmemmanager
2024-11-13 07:42:08,163 [INFO] IPUIPlugin:80 - create IPUIPlugin
2024-11-13 07:42:08,163 [INFO] PluginManager:220 - loadIPPluginJar : add fatfs
2024-11-13 07:42:08,228 [INFO] IPUIPlugin:80 - create IPUIPlugin
2024-11-13 07:42:08,229 [INFO] PluginManager:220 - loadIPPluginJar : add fmc
2024-11-13 07:42:08,246 [INFO] IPUIPlugin:80 - create IPUIPlugin
2024-11-13 07:42:08,246 [INFO] PluginManager:220 - loadIPPluginJar : add freertos
2024-11-13 07:42:08,275 [INFO] IPUIPlugin:80 - create IPUIPlugin
2024-11-13 07:42:08,275 [INFO] PluginManager:220 - loadIPPluginJar : add genericplugin
2024-11-13 07:42:08,406 [INFO] IPUIPlugin:80 - create IPUIPlugin
2024-11-13 07:42:08,407 [INFO] PluginManager:220 - loadIPPluginJar : add gfxmmu
2024-11-13 07:42:08,601 [INFO] IPUIPlugin:80 - create IPUIPlugin
2024-11-13 07:42:08,602 [INFO] PluginManager:220 - loadIPPluginJar : add gic
2024-11-13 07:42:08,618 [INFO] IPUIPlugin:80 - create IPUIPlugin
2024-11-13 07:42:08,619 [INFO] PluginManager:220 - loadIPPluginJar : add gpio
2024-11-13 07:42:08,743 [INFO] IPUIPlugin:80 - create IPUIPlugin
2024-11-13 07:42:08,743 [INFO] PluginManager:220 - loadIPPluginJar : add gtzc
2024-11-13 07:42:08,788 [INFO] IPUIPlugin:80 - create IPUIPlugin
2024-11-13 07:42:08,788 [INFO] PluginManager:220 - loadIPPluginJar : add hash
2024-11-13 07:42:08,863 [INFO] IPUIPlugin:80 - create IPUIPlugin
2024-11-13 07:42:08,863 [INFO] PluginManager:220 - loadIPPluginJar : add i2c
2024-11-13 07:42:08,912 [INFO] IPUIPlugin:80 - create IPUIPlugin
2024-11-13 07:42:08,912 [INFO] PluginManager:220 - loadIPPluginJar : add i2s
2024-11-13 07:42:08,965 [INFO] IPUIPlugin:80 - create IPUIPlugin
2024-11-13 07:42:08,966 [INFO] PluginManager:220 - loadIPPluginJar : add i3c
2024-11-13 07:42:09,124 [INFO] IPUIPlugin:80 - create IPUIPlugin
2024-11-13 07:42:09,124 [INFO] PluginManager:220 - loadIPPluginJar : add ipddr
2024-11-13 07:42:09,327 [INFO] IPUIPlugin:80 - create IPUIPlugin
2024-11-13 07:42:09,328 [INFO] PluginManager:220 - loadIPPluginJar : add linkedlist
2024-11-13 07:42:09,386 [INFO] IPUIPlugin:80 - create IPUIPlugin
2024-11-13 07:42:09,386 [INFO] PluginManager:220 - loadIPPluginJar : add lorawan
2024-11-13 07:42:09,436 [INFO] IPUIPlugin:80 - create IPUIPlugin
2024-11-13 07:42:09,437 [INFO] PluginManager:220 - loadIPPluginJar : add ltdc
2024-11-13 07:42:09,455 [INFO] IPUIPlugin:80 - create IPUIPlugin
2024-11-13 07:42:09,455 [INFO] PluginManager:220 - loadIPPluginJar : add mdma
2024-11-13 07:42:09,469 [INFO] IPUIPlugin:80 - create IPUIPlugin
2024-11-13 07:42:09,470 [INFO] PluginManager:220 - loadIPPluginJar : add nvic
2024-11-13 07:42:09,516 [INFO] IPUIPlugin:80 - create IPUIPlugin
2024-11-13 07:42:09,517 [INFO] PluginManager:220 - loadIPPluginJar : add opamp
2024-11-13 07:42:09,603 [INFO] IPUIPlugin:80 - create IPUIPlugin
2024-11-13 07:42:09,603 [INFO] PluginManager:220 - loadIPPluginJar : add openamp
2024-11-13 07:42:09,661 [INFO] IPUIPlugin:80 - create IPUIPlugin
2024-11-13 07:42:09,661 [INFO] PluginManager:220 - loadIPPluginJar : add pdm2pcm
2024-11-13 07:42:09,680 [INFO] IPUIPlugin:80 - create IPUIPlugin
2024-11-13 07:42:09,683 [INFO] PluginManager:220 - loadIPPluginJar : add plateformsettings
2024-11-13 07:42:09,711 [INFO] IPUIPlugin:80 - create IPUIPlugin
2024-11-13 07:42:09,711 [INFO] PluginManager:220 - loadIPPluginJar : add quadspi
2024-11-13 07:42:09,725 [INFO] IPUIPlugin:80 - create IPUIPlugin
2024-11-13 07:42:09,725 [INFO] PluginManager:220 - loadIPPluginJar : add resmgrutility
2024-11-13 07:42:09,794 [INFO] IPUIPlugin:80 - create IPUIPlugin
2024-11-13 07:42:09,794 [INFO] PluginManager:220 - loadIPPluginJar : add sai
2024-11-13 07:42:09,826 [INFO] ThirdPartyUpdaterWithRetryManager:70 - Updater plugin not ready yet. [2/15]
2024-11-13 07:42:09,844 [INFO] IPUIPlugin:80 - create IPUIPlugin
2024-11-13 07:42:09,844 [INFO] PluginManager:220 - loadIPPluginJar : add spi
2024-11-13 07:42:09,949 [INFO] IPUIPlugin:80 - create IPUIPlugin
2024-11-13 07:42:09,949 [INFO] PluginManager:220 - loadIPPluginJar : add stm32_wpan
2024-11-13 07:42:09,983 [INFO] IPUIPlugin:80 - create IPUIPlugin
2024-11-13 07:42:09,984 [INFO] PluginManager:220 - loadIPPluginJar : add tim
2024-11-13 07:42:10,068 [INFO] IPUIPlugin:80 - create IPUIPlugin
2024-11-13 07:42:10,068 [INFO] PluginManager:220 - loadIPPluginJar : add touchsensing
2024-11-13 07:42:10,099 [INFO] IPUIPlugin:80 - create IPUIPlugin
2024-11-13 07:42:10,099 [INFO] PluginManager:220 - loadIPPluginJar : add tracer_emb
2024-11-13 07:42:10,129 [INFO] IPUIPlugin:80 - create IPUIPlugin
2024-11-13 07:42:10,129 [INFO] PluginManager:220 - loadIPPluginJar : add ts
2024-11-13 07:42:10,160 [INFO] IPUIPlugin:80 - create IPUIPlugin
2024-11-13 07:42:10,160 [INFO] PluginManager:220 - loadIPPluginJar : add tsc
2024-11-13 07:42:10,189 [INFO] IPUIPlugin:80 - create IPUIPlugin
2024-11-13 07:42:10,190 [INFO] PluginManager:220 - loadIPPluginJar : add ucpd
2024-11-13 07:42:10,247 [INFO] IPUIPlugin:80 - create IPUIPlugin
2024-11-13 07:42:10,247 [INFO] PluginManager:220 - loadIPPluginJar : add usart
2024-11-13 07:42:10,304 [INFO] IPUIPlugin:80 - create IPUIPlugin
2024-11-13 07:42:10,304 [INFO] PluginManager:220 - loadIPPluginJar : add usbx
2024-11-13 07:42:10,461 [INFO] CADModel:165 - CPN selected for project level
2024-11-13 07:42:10,462 [INFO] CADModel:114 - Register for checkConnection events
2024-11-13 07:42:10,462 [FATAL] Updater:308 - Updater called before beeing initialized
2024-11-13 07:42:10,463 [ERROR] CADModel:125 - Updater not yet initialized, retry later 
2024-11-13 07:42:10,692 [INFO] CADModel:165 - CPN selected for project level
2024-11-13 07:42:10,692 [INFO] CADModel:114 - Register for checkConnection events
2024-11-13 07:42:10,692 [FATAL] Updater:308 - Updater called before beeing initialized
2024-11-13 07:42:10,692 [ERROR] CADModel:125 - Updater not yet initialized, retry later 
2024-11-13 07:42:10,697 [FATAL] Updater:308 - Updater called before beeing initialized
2024-11-13 07:42:10,873 [FATAL] Updater:308 - Updater called before beeing initialized
2024-11-13 07:42:10,889 [INFO] DbMcusAds:53 - JSON generation date=Thu May 16 03:22:00 CST 2024 (1715851320667)
2024-11-13 07:42:10,889 [FATAL] Updater:308 - Updater called before beeing initialized
2024-11-13 07:42:10,954 [WARN] DetailPanel:346 - Failed to get advertising image, set to default
2024-11-13 07:42:11,104 [FATAL] Updater:308 - Updater called before beeing initialized
2024-11-13 07:42:11,108 [FATAL] Updater:308 - Updater called before beeing initialized
2024-11-13 07:42:11,108 [FATAL] Updater:308 - Updater called before beeing initialized
2024-11-13 07:42:11,108 [WARN] DetailPanel:346 - Failed to get advertising image, set to default
2024-11-13 07:42:11,109 [FATAL] Updater:308 - Updater called before beeing initialized
2024-11-13 07:42:11,211 [ERROR] Updater:1120 - MainUpdater not yet initialized. External WinMGr cannot be set.
2024-11-13 07:42:11,226 [INFO] Updater:1056 - Updater Version found : 6.11.1
2024-11-13 07:42:11,251 [INFO] ApplicationProperties:184 - Using Application install path: C:\ST\STM32CubeIDE_1.11.0\STM32CubeIDE\plugins\com.st.stm32cube.common.mx_6.11.1.202404110753
2024-11-13 07:42:12,826 [INFO] ThirdPartyUpdaterWithRetryManager:70 - Updater plugin not ready yet. [3/15]
2024-11-13 07:42:12,848 [ERROR] LogOutputStream:75 - [STDERR_REDIRECT] Nov 13, 2024 7:42:12 AM java.util.prefs.WindowsPreferences <init>
2024-11-13 07:42:12,851 [ERROR] LogOutputStream:75 - [STDERR_REDIRECT] WARNING: Could not open/create prefs root node Software\JavaSoft\Prefs at root 0xffffffff80000002. Windows RegCreateKeyEx(...) returned error code 5.
2024-11-13 07:42:12,851 [ERROR] LogOutputStream:75 - [STDERR_REDIRECT] 
2024-11-13 07:42:14,080 [INFO] MainUpdater:2873 - connection check result : 10
2024-11-13 07:42:14,081 [INFO] MainUpdater:290 - Updater Check For Update Now.
2024-11-13 07:42:14,082 [INFO] MicroXplorer:498 - Change Database Version : DB.6.0.111
2024-11-13 07:42:14,117 [INFO] McuFinderGlobals:63 - Set McuFinder mode to 2 (CubeIDE integrated)
2024-11-13 07:42:14,142 [INFO] UserAuth:415 - Internet connection configuration mode: 1
2024-11-13 07:42:14,184 [INFO] JxBrowserEngine:152 - Initiate JxBrowser Engine with user profile folder
2024-11-13 07:42:14,530 [INFO] CheckServerUpdateThread:120 - End of CheckServer Thread
2024-11-13 07:42:16,200 [WARN] PackLoader:240 - Cannot read IP mode file for STMicroelectronics.FP-SNS-MOTENVWB1.1.4.0
2024-11-13 07:42:16,230 [WARN] PackLoader:240 - Cannot read IP mode file for STMicroelectronics.X-CUBE-SMBUS.2.1.0
2024-11-13 07:42:16,259 [WARN] PackLoader:240 - Cannot read IP mode file for STMicroelectronics.X-CUBE-WB05N.1.1.0
2024-11-13 07:42:16,288 [WARN] PackLoader:240 - Cannot read IP mode file for STMicroelectronics.X-CUBE-TOUCHGFX.4.23.2
2024-11-13 07:42:16,368 [WARN] PackLoader:240 - Cannot read IP mode file for STMicroelectronics.X-CUBE-AZRTOS-F7.1.1.0
2024-11-13 07:42:16,405 [WARN] PackLoader:240 - Cannot read IP mode file for STMicroelectronics.FP-SNS-MOTENV1.4.3.2
2024-11-13 07:42:16,569 [WARN] PackLoader:240 - Cannot read IP mode file for STMicroelectronics.X-CUBE-MEMS1.11.0.0
2024-11-13 07:42:17,020 [WARN] PackLoader:240 - Cannot read IP mode file for STMicroelectronics.X-CUBE-BLE1.6.2.4
2024-11-13 07:42:17,044 [WARN] PackLoader:240 - Cannot read IP mode file for STMicroelectronics.FP-SNS-FLIGHT1.5.0.2
2024-11-13 07:42:17,078 [WARN] PackLoader:240 - Cannot read IP mode file for STMicroelectronics.X-CUBE-DISPLAY.3.0.0
2024-11-13 07:42:17,105 [WARN] PackLoader:240 - Cannot read IP mode file for STMicroelectronics.X-CUBE-BLE1.7.0.0
2024-11-13 07:42:17,133 [WARN] PackLoader:240 - Cannot read IP mode file for STMicroelectronics.X-CUBE-NFC10.1.0.0
2024-11-13 07:42:17,158 [WARN] PackLoader:240 - Cannot read IP mode file for STMicroelectronics.X-CUBE-TOUCHGFX.4.22.0
2024-11-13 07:42:17,195 [WARN] PackLoader:240 - Cannot read IP mode file for STMicroelectronics.X-CUBE-TOUCHGFX.4.22.1
2024-11-13 07:42:17,225 [WARN] PackLoader:240 - Cannot read IP mode file for STMicroelectronics.X-CUBE-BLEMGR.3.1.0
2024-11-13 07:42:17,249 [WARN] PackLoader:240 - Cannot read IP mode file for STMicroelectronics.FP-SNS-SMARTAG2.1.2.0
2024-11-13 07:42:17,283 [INFO] LogOutputStream:77 - [STDOUT_REDIRECT] 1 : Invalid condition id : UX_CORESTACK_Condition cause : null
2024-11-13 07:42:17,284 [INFO] LogOutputStream:77 - [STDOUT_REDIRECT] 1 : Invalid condition id : UX_CORESTACK_Condition cause : null
2024-11-13 07:42:17,287 [INFO] LogOutputStream:77 - [STDOUT_REDIRECT] 1 : Invalid condition id : UX_CORESTACK_Condition cause : null
2024-11-13 07:42:17,289 [INFO] LogOutputStream:77 - [STDOUT_REDIRECT] 1 : Invalid condition id : UX_CORESTACK_Condition cause : null
2024-11-13 07:42:17,291 [INFO] LogOutputStream:77 - [STDOUT_REDIRECT] 1 : Invalid condition id : UX_CORESTACK_Condition cause : null
2024-11-13 07:42:17,295 [WARN] PackLoader:240 - Cannot read IP mode file for STMicroelectronics.X-CUBE-AZRTOS-WL.2.0.0
2024-11-13 07:42:17,324 [WARN] PackLoader:240 - Cannot read IP mode file for STMicroelectronics.FP-SNS-MOTENV1.5.0.0
2024-11-13 07:42:17,350 [WARN] PackLoader:240 - Cannot read IP mode file for wolfSSL.I-CUBE-wolfMQTT.1.19.0
2024-11-13 07:42:17,375 [WARN] PackLoader:240 - Cannot read IP mode file for WES.I-CUBE-Cesium.1.3.0
2024-11-13 07:42:17,396 [WARN] PackLoader:240 - Cannot read IP mode file for STMicroelectronics.X-CUBE-BLE2.3.3.0
2024-11-13 07:42:17,425 [WARN] PackLoader:240 - Cannot read IP mode file for STMicroelectronics.X-CUBE-DISPLAY.2.2.0
2024-11-13 07:42:17,474 [WARN] PackLoader:240 - Cannot read IP mode file for STMicroelectronics.X-CUBE-TOF1.3.2.0
2024-11-13 07:42:17,525 [WARN] PackLoader:240 - Cannot read IP mode file for STMicroelectronics.X-CUBE-NFC9.1.0.0
2024-11-13 07:42:17,549 [WARN] PackLoader:240 - Cannot read IP mode file for STMicroelectronics.X-CUBE-TCPP.4.1.0
2024-11-13 07:42:17,572 [WARN] PackLoader:240 - Cannot read IP mode file for STMicroelectronics.X-CUBE-TOUCHGFX.4.21.1
2024-11-13 07:42:17,593 [WARN] PackLoader:240 - Cannot read IP mode file for STMicroelectronics.X-CUBE-TOUCHGFX.4.21.3
2024-11-13 07:42:17,713 [WARN] PackLoader:240 - Cannot read IP mode file for STMicroelectronics.X-CUBE-MEMS1.9.4.0
2024-11-13 07:42:17,968 [WARN] PackLoader:240 - Cannot read IP mode file for STMicroelectronics.X-CUBE-AI.7.3.0
2024-11-13 07:42:17,998 [WARN] PackLoader:240 - Cannot read IP mode file for STMicroelectronics.X-CUBE-ALGOBUILD.1.3.0
2024-11-13 07:42:18,050 [WARN] PackLoader:240 - Cannot read IP mode file for STMicroelectronics.X-CUBE-AZRTOS-G0.1.1.0
2024-11-13 07:42:18,086 [WARN] PackLoader:240 - Cannot read IP mode file for STMicroelectronics.X-CUBE-SAFEA1.1.2.2
2024-11-13 07:42:18,118 [WARN] PackLoader:240 - Cannot read IP mode file for STMicroelectronics.X-CUBE-NFC4.3.0.0
2024-11-13 07:42:18,157 [WARN] PackLoader:240 - Cannot read IP mode file for EmbeddedOffice.I-CUBE-FS-RTOS.1.0.1
2024-11-13 07:42:18,158 [ERROR] ConditionMgr:805 - Attr not supported : Dmpu
2024-11-13 07:42:18,158 [ERROR] ConditionMgr:805 - Attr not supported : Dmpu
2024-11-13 07:42:18,158 [ERROR] ConditionMgr:805 - Attr not supported : Dmpu
2024-11-13 07:42:18,158 [ERROR] ConditionMgr:805 - Attr not supported : Dmpu
2024-11-13 07:42:18,158 [ERROR] ConditionMgr:805 - Attr not supported : Dmpu
2024-11-13 07:42:18,158 [ERROR] ConditionMgr:805 - Attr not supported : Dmpu
2024-11-13 07:42:18,158 [ERROR] ConditionMgr:805 - Attr not supported : Dmpu
2024-11-13 07:42:18,159 [ERROR] ConditionMgr:805 - Attr not supported : Dmpu
2024-11-13 07:42:18,159 [ERROR] ConditionMgr:805 - Attr not supported : Dmpu
2024-11-13 07:42:18,159 [ERROR] ConditionMgr:805 - Attr not supported : Dmpu
2024-11-13 07:42:18,159 [ERROR] ConditionMgr:805 - Attr not supported : Dmpu
2024-11-13 07:42:18,159 [ERROR] ConditionMgr:805 - Attr not supported : Dmpu
2024-11-13 07:42:18,159 [ERROR] ConditionMgr:805 - Attr not supported : Dmpu
2024-11-13 07:42:18,160 [ERROR] ConditionMgr:805 - Attr not supported : Dmpu
2024-11-13 07:42:18,160 [ERROR] ConditionMgr:805 - Attr not supported : Dmpu
2024-11-13 07:42:18,160 [ERROR] ConditionMgr:805 - Attr not supported : Dmpu
2024-11-13 07:42:18,160 [ERROR] ConditionMgr:805 - Attr not supported : Dmpu
2024-11-13 07:42:18,160 [ERROR] ConditionMgr:805 - Attr not supported : Dmpu
2024-11-13 07:42:18,160 [ERROR] ConditionMgr:805 - Attr not supported : Dmpu
2024-11-13 07:42:18,160 [ERROR] ConditionMgr:805 - Attr not supported : Dmpu
2024-11-13 07:42:18,161 [ERROR] ConditionMgr:805 - Attr not supported : Dmpu
2024-11-13 07:42:18,161 [ERROR] ConditionMgr:805 - Attr not supported : Dmpu
2024-11-13 07:42:18,161 [ERROR] ConditionMgr:805 - Attr not supported : Dmpu
2024-11-13 07:42:18,161 [ERROR] ConditionMgr:805 - Attr not supported : Dmpu
2024-11-13 07:42:18,161 [ERROR] ConditionMgr:805 - Attr not supported : Dmpu
2024-11-13 07:42:18,161 [ERROR] ConditionMgr:805 - Attr not supported : Dmpu
2024-11-13 07:42:18,162 [ERROR] ConditionMgr:805 - Attr not supported : Dmpu
2024-11-13 07:42:18,162 [ERROR] ConditionMgr:805 - Attr not supported : Dmpu
2024-11-13 07:42:18,162 [ERROR] ConditionMgr:805 - Attr not supported : Dmpu
2024-11-13 07:42:18,162 [ERROR] ConditionMgr:805 - Attr not supported : Dmpu
2024-11-13 07:42:18,162 [ERROR] ConditionMgr:805 - Attr not supported : Dmpu
2024-11-13 07:42:18,162 [ERROR] ConditionMgr:805 - Attr not supported : Dmpu
2024-11-13 07:42:18,162 [ERROR] ConditionMgr:805 - Attr not supported : Dmpu
2024-11-13 07:42:18,162 [ERROR] ConditionMgr:805 - Attr not supported : Dmpu
2024-11-13 07:42:18,163 [ERROR] ConditionMgr:805 - Attr not supported : Dmpu
2024-11-13 07:42:18,163 [ERROR] ConditionMgr:805 - Attr not supported : Dmpu
2024-11-13 07:42:18,163 [ERROR] ConditionMgr:805 - Attr not supported : Dmpu
2024-11-13 07:42:18,163 [ERROR] ConditionMgr:805 - Attr not supported : Dmpu
2024-11-13 07:42:18,164 [ERROR] ConditionMgr:805 - Attr not supported : Dmpu
2024-11-13 07:42:18,164 [ERROR] ConditionMgr:805 - Attr not supported : Dmpu
2024-11-13 07:42:18,164 [ERROR] ConditionMgr:805 - Attr not supported : Dmpu
2024-11-13 07:42:18,164 [ERROR] ConditionMgr:805 - Attr not supported : Dmpu
2024-11-13 07:42:18,164 [ERROR] ConditionMgr:805 - Attr not supported : Dmpu
2024-11-13 07:42:18,164 [ERROR] ConditionMgr:805 - Attr not supported : Dmpu
2024-11-13 07:42:18,164 [ERROR] ConditionMgr:805 - Attr not supported : Dmpu
2024-11-13 07:42:18,165 [ERROR] ConditionMgr:805 - Attr not supported : Dmpu
2024-11-13 07:42:18,165 [ERROR] ConditionMgr:805 - Attr not supported : Dmpu
2024-11-13 07:42:18,165 [ERROR] ConditionMgr:805 - Attr not supported : Dmpu
2024-11-13 07:42:18,170 [ERROR] ConditionMgr:805 - Attr not supported : Dmpu
2024-11-13 07:42:18,170 [ERROR] ConditionMgr:805 - Attr not supported : Dmpu
2024-11-13 07:42:18,170 [ERROR] ConditionMgr:805 - Attr not supported : Dmpu
2024-11-13 07:42:18,170 [ERROR] ConditionMgr:805 - Attr not supported : Dmpu
2024-11-13 07:42:18,171 [ERROR] ConditionMgr:805 - Attr not supported : Dmpu
2024-11-13 07:42:18,171 [ERROR] ConditionMgr:805 - Attr not supported : Dmpu
2024-11-13 07:42:18,171 [ERROR] ConditionMgr:805 - Attr not supported : Dmpu
2024-11-13 07:42:18,171 [ERROR] ConditionMgr:805 - Attr not supported : Dmpu
2024-11-13 07:42:18,171 [ERROR] ConditionMgr:805 - Attr not supported : Dmpu
2024-11-13 07:42:18,171 [ERROR] ConditionMgr:805 - Attr not supported : Dmpu
2024-11-13 07:42:18,172 [ERROR] ConditionMgr:805 - Attr not supported : Dmpu
2024-11-13 07:42:18,172 [ERROR] ConditionMgr:805 - Attr not supported : Dmpu
2024-11-13 07:42:18,172 [ERROR] ConditionMgr:805 - Attr not supported : Dmpu
2024-11-13 07:42:18,172 [ERROR] ConditionMgr:805 - Attr not supported : Dmpu
2024-11-13 07:42:18,172 [ERROR] ConditionMgr:805 - Attr not supported : Dmpu
2024-11-13 07:42:18,172 [ERROR] ConditionMgr:805 - Attr not supported : Dmpu
2024-11-13 07:42:18,204 [WARN] PackLoader:240 - Cannot read IP mode file for STMicroelectronics.X-CUBE-BLEMGR.1.3.0
2024-11-13 07:42:18,238 [WARN] PackLoader:240 - Cannot read IP mode file for RealThread.X-CUBE-RT-Thread_Nano.4.1.1
2024-11-13 07:42:18,265 [WARN] PackLoader:240 - Cannot read IP mode file for STMicroelectronics.FP-ATR-SIGFOX1.3.2.0
2024-11-13 07:42:18,290 [WARN] ConditionMgr:438 - getConditionDescription Invalid condition id : Cortex-A Device cause : null
2024-11-13 07:42:18,345 [WARN] ConditionMgr:1039 - genDependencies : Invalid condition id : Cortex-A Device cause : null
2024-11-13 07:42:18,345 [WARN] ConditionMgr:1039 - genDependencies : Invalid condition id : Cortex-A Device cause : null
2024-11-13 07:42:18,345 [WARN] ConditionMgr:1039 - genDependencies : Invalid condition id : Cortex-A Device cause : null
2024-11-13 07:42:18,380 [WARN] PackLoader:240 - Cannot read IP mode file for STMicroelectronics.X-CUBE-EEPRMA1.5.1.0
2024-11-13 07:42:18,494 [WARN] PackLoader:240 - Cannot read IP mode file for STMicroelectronics.X-CUBE-MEMS1.9.5.0
2024-11-13 07:42:18,777 [WARN] PackLoader:240 - Cannot read IP mode file for SEGGER.I-CUBE-embOS.1.3.1
2024-11-13 07:42:18,882 [WARN] PackLoader:240 - Cannot read IP mode file for STMicroelectronics.X-CUBE-ALGOBUILD.1.4.0
2024-11-13 07:42:18,956 [WARN] PackLoader:240 - Cannot read IP mode file for SEGGER.I-CUBE-embOS.1.3.0
2024-11-13 07:42:19,043 [WARN] PackLoader:240 - Cannot read IP mode file for STMicroelectronics.X-CUBE-AI.9.1.0
2024-11-13 07:42:19,073 [WARN] PackLoader:240 - Cannot read IP mode file for STMicroelectronics.X-CUBE-GNSS1.6.0.0
2024-11-13 07:42:19,128 [WARN] PackLoader:240 - Cannot read IP mode file for STMicroelectronics.X-CUBE-AZRTOS-F4.1.1.0
2024-11-13 07:42:19,152 [WARN] PackLoader:240 - Cannot read IP mode file for STMicroelectronics.X-CUBE-ISPU.2.1.0
2024-11-13 07:42:19,172 [WARN] PackLoader:240 - Cannot read IP mode file for STMicroelectronics.X-CUBE-FREERTOS.1.2.0
2024-11-13 07:42:19,224 [WARN] PackLoader:240 - Cannot read IP mode file for STMicroelectronics.X-CUBE-AZRTOS-L5.2.0.0
2024-11-13 07:42:19,364 [WARN] PackLoader:240 - Cannot read IP mode file for STMicroelectronics.X-CUBE-MEMS1.9.6.0
2024-11-13 07:42:19,729 [WARN] PackLoader:240 - Cannot read IP mode file for STMicroelectronics.X-CUBE-EEPRMA1.4.2.0
2024-11-13 07:42:19,760 [WARN] PackLoader:240 - Cannot read IP mode file for STMicroelectronics.X-CUBE-NFC6.3.1.0
2024-11-13 07:42:19,794 [WARN] PackLoader:240 - Cannot read IP mode file for ITTIA_DB.I-CUBE-ITTIADB.8.8.0
2024-11-13 07:42:19,826 [WARN] PackLoader:240 - Cannot read IP mode file for emotas.I-CUBE-CANOPEN.1.1.3
2024-11-13 07:42:19,859 [WARN] PackLoader:240 - Cannot read IP mode file for STMicroelectronics.X-CUBE-BLEMGR.2.0.0
2024-11-13 07:42:19,885 [WARN] PackLoader:240 - Cannot read IP mode file for STMicroelectronics.X-CUBE-DPower.1.2.0
2024-11-13 07:42:19,915 [WARN] PackLoader:240 - Cannot read IP mode file for STMicroelectronics.X-CUBE-AI.9.0.0
2024-11-13 07:42:19,962 [WARN] ConditionMgr:438 - getConditionDescription Invalid condition id : UX DEVICE CLASS RTOS Condition cause : null
2024-11-13 07:42:19,963 [WARN] ConditionMgr:438 - getConditionDescription Invalid condition id : UX DEVICE CLASS RTOS Condition cause : null
2024-11-13 07:42:19,969 [WARN] PackLoader:240 - Cannot read IP mode file for STMicroelectronics.X-CUBE-AZRTOS-H7.3.1.0
2024-11-13 07:42:19,970 [WARN] ConditionMgr:1039 - genDependencies : Invalid condition id : UX DEVICE CLASS RTOS Condition cause : null
2024-11-13 07:42:19,971 [WARN] ConditionMgr:1039 - genDependencies : Invalid condition id : UX DEVICE CLASS RTOS Condition cause : null
2024-11-13 07:42:19,977 [WARN] ConditionMgr:1039 - genDependencies : Invalid condition id : UX DEVICE CLASS RTOS Condition cause : null
2024-11-13 07:42:19,978 [WARN] ConditionMgr:1039 - genDependencies : Invalid condition id : UX DEVICE CLASS RTOS Condition cause : null
2024-11-13 07:42:19,978 [WARN] ConditionMgr:1039 - genDependencies : Invalid condition id : UX DEVICE CLASS RTOS Condition cause : null
2024-11-13 07:42:19,999 [WARN] PackLoader:240 - Cannot read IP mode file for wolfSSL.I-CUBE-wolfSSL.5.5.4
2024-11-13 07:42:20,025 [WARN] PackLoader:240 - Cannot read IP mode file for STMicroelectronics.X-CUBE-NFC7.1.0.1
2024-11-13 07:42:20,055 [WARN] PackLoader:240 - Cannot read IP mode file for STMicroelectronics.X-CUBE-NFC7.1.0.0
2024-11-13 07:42:20,082 [WARN] PackLoader:240 - Cannot read IP mode file for wolfSSL.I-CUBE-wolfTPM.3.2.0
2024-11-13 07:42:20,111 [WARN] PackLoader:240 - Cannot read IP mode file for STMicroelectronics.X-CUBE-NFC6.3.0.0
2024-11-13 07:42:20,143 [WARN] PackLoader:240 - Cannot read IP mode file for STMicroelectronics.X-CUBE-EEPRMA1.4.1.0
2024-11-13 07:42:20,175 [WARN] PackLoader:240 - Cannot read IP mode file for STMicroelectronics.X-CUBE-AI.8.1.0
2024-11-13 07:42:20,226 [WARN] ConditionMgr:438 - getConditionDescription Invalid condition id : LAN8742 Phy interface Condition cause : null
2024-11-13 07:42:20,227 [WARN] PackLoader:240 - Cannot read IP mode file for STMicroelectronics.X-CUBE-AZRTOS-L4.2.0.0
2024-11-13 07:42:20,229 [WARN] ConditionMgr:1039 - genDependencies : Invalid condition id : LAN8742 Phy interface Condition cause : null
2024-11-13 07:42:20,230 [WARN] ConditionMgr:1039 - genDependencies : Invalid condition id : LAN8742 Phy interface Condition cause : null
2024-11-13 07:42:20,231 [WARN] ConditionMgr:1039 - genDependencies : Invalid condition id : LAN8742 Phy interface Condition cause : null
2024-11-13 07:42:20,256 [WARN] PackLoader:240 - Cannot read IP mode file for STMicroelectronics.X-CUBE-SFXS2LP1.4.0.0
2024-11-13 07:42:20,305 [WARN] PackLoader:240 - Cannot read IP mode file for STMicroelectronics.X-CUBE-AZRTOS-H7.3.0.0
2024-11-13 07:42:20,333 [WARN] PackLoader:240 - Cannot read IP mode file for STMicroelectronics.X-CUBE-ISPU.1.1.0
2024-11-13 07:42:20,388 [WARN] PackLoader:240 - Cannot read IP mode file for STMicroelectronics.X-CUBE-AZRTOS-H7.3.3.0
2024-11-13 07:42:20,417 [WARN] PackLoader:240 - Cannot read IP mode file for RoweBots.I-CUBE-UNISONRTOS.5.5.0-4
2024-11-13 07:42:20,440 [WARN] PackLoader:240 - Cannot read IP mode file for STMicroelectronics.X-CUBE-AI.8.0.0
2024-11-13 07:42:20,472 [WARN] PackLoader:240 - Cannot read IP mode file for STMicroelectronics.X-CUBE-IPS.3.0.0
2024-11-13 07:42:20,520 [WARN] ConditionMgr:438 - getConditionDescription Invalid condition id : UX DEVICE CLASS RTOS Condition cause : null
2024-11-13 07:42:20,520 [WARN] ConditionMgr:438 - getConditionDescription Invalid condition id : UX DEVICE CLASS RTOS Condition cause : null
2024-11-13 07:42:20,523 [WARN] PackLoader:240 - Cannot read IP mode file for STMicroelectronics.X-CUBE-AZRTOS-WB.2.0.0
2024-11-13 07:42:20,524 [WARN] ConditionMgr:1039 - genDependencies : Invalid condition id : UX DEVICE CLASS RTOS Condition cause : null
2024-11-13 07:42:20,524 [WARN] ConditionMgr:1039 - genDependencies : Invalid condition id : UX DEVICE CLASS RTOS Condition cause : null
2024-11-13 07:42:20,524 [WARN] ConditionMgr:1039 - genDependencies : Invalid condition id : UX DEVICE CLASS RTOS Condition cause : null
2024-11-13 07:42:20,525 [WARN] ConditionMgr:1039 - genDependencies : Invalid condition id : UX DEVICE CLASS RTOS Condition cause : null
2024-11-13 07:42:20,525 [WARN] ConditionMgr:1039 - genDependencies : Invalid condition id : UX DEVICE CLASS RTOS Condition cause : null
2024-11-13 07:42:20,543 [WARN] PackLoader:240 - Cannot read IP mode file for STMicroelectronics.X-CUBE-FREERTOS.1.0.1
2024-11-13 07:42:20,565 [WARN] PackLoader:240 - Cannot read IP mode file for STMicroelectronics.X-CUBE-GNSS1.7.0.0
2024-11-13 07:42:20,587 [WARN] PackLoader:240 - Cannot read IP mode file for STMicroelectronics.FP-SNS-STBOX1.2.0.0
2024-11-13 07:42:20,624 [WARN] PackLoader:240 - Cannot read IP mode file for STMicroelectronics.X-CUBE-AZRTOS-L5.1.1.0
2024-11-13 07:42:20,652 [WARN] PackLoader:240 - Cannot read IP mode file for STMicroelectronics.X-CUBE-SUBG2.5.0.0
2024-11-13 07:42:20,673 [WARN] PackLoader:240 - Cannot read IP mode file for Cesanta.I-CUBE-Mongoose.7.13.0
2024-11-13 07:42:20,698 [WARN] PackLoader:240 - Cannot read IP mode file for STMicroelectronics.X-CUBE-TOF1.3.3.1
2024-11-13 07:42:20,743 [WARN] PackLoader:240 - Cannot read IP mode file for STMicroelectronics.X-CUBE-AZRTOS-G4.2.0.0
2024-11-13 07:42:20,773 [WARN] PackLoader:240 - Cannot read IP mode file for STMicroelectronics.X-CUBE-TOF1.3.3.0
2024-11-13 07:42:20,795 [WARN] PackLoader:240 - Cannot read IP mode file for STMicroelectronics.FP-ATR-ASTRA1.1.1.1
2024-11-13 07:42:20,839 [WARN] PackLoader:240 - Cannot read IP mode file for Infineon.AIROC-Wi-Fi-Bluetooth-STM32.1.5.1
2024-11-13 07:42:20,886 [WARN] PackLoader:240 - Cannot read IP mode file for STMicroelectronics.X-CUBE-AZRTOS-G4.1.0.0
2024-11-13 07:42:20,929 [WARN] PackLoader:240 - Cannot read IP mode file for STMicroelectronics.X-CUBE-AZRTOS-L4.1.0.0
2024-11-13 07:42:20,955 [WARN] PackLoader:240 - Cannot read IP mode file for STMicroelectronics.X-CUBE-ISPU.2.0.0
2024-11-13 07:42:20,972 [WARN] PackLoader:240 - Cannot read IP mode file for STMicroelectronics.X-CUBE-ALS.1.0.2
2024-11-13 07:42:21,045 [WARN] PackLoader:240 - Cannot read IP mode file for STMicroelectronics.X-CUBE-MEMS1.10.0.0
2024-11-13 07:42:21,220 [WARN] PackLoader:240 - Cannot read IP mode file for STMicroelectronics.X-CUBE-FREERTOS.1.1.0
2024-11-13 07:42:21,241 [WARN] PackLoader:240 - Cannot read IP mode file for STMicroelectronics.X-CUBE-TOUCHGFX.4.24.0
2024-11-13 07:42:21,271 [WARN] PackLoader:240 - Cannot read IP mode file for STMicroelectronics.X-CUBE-AZRTOS-WL.1.0.0
2024-11-13 07:42:21,287 [WARN] PackLoader:240 - Cannot read IP mode file for STMicroelectronics.X-CUBE-TOUCHGFX.4.24.1
2024-11-13 07:42:21,304 [WARN] PackLoader:240 - Cannot read IP mode file for portGmbH.I-Cube-SoM-uGOAL.1.1.0
2024-11-13 07:42:21,319 [WARN] PackLoader:240 - Cannot read IP mode file for STMicroelectronics.X-CUBE-ALS.1.0.1
2024-11-13 07:42:21,343 [WARN] PackLoader:240 - Cannot read IP mode file for STMicroelectronics.X-CUBE-AZRTOS-WB.1.1.0
2024-11-13 07:42:21,382 [WARN] PackLoader:240 - Cannot read IP mode file for STMicroelectronics.X-CUBE-AZRTOS-H7RS.1.0.0
2024-11-13 07:42:21,398 [WARN] PackLoader:240 - Cannot read IP mode file for STMicroelectronics.FP-ATR-ASTRA1.2.0.0
2024-11-13 07:42:21,423 [WARN] PackLoader:240 - Cannot read IP mode file for STMicroelectronics.X-CUBE-TOF1.3.4.2
2024-11-13 07:42:21,459 [WARN] PackLoader:240 - Cannot read IP mode file for STMicroelectronics.X-CUBE-TOF1.3.4.1
2024-11-13 07:42:21,508 [WARN] PackLoader:240 - Cannot read IP mode file for STMicroelectronics.X-CUBE-AZRTOS-H7.3.2.0
2024-11-13 07:42:21,528 [WARN] PackLoader:240 - Cannot read IP mode file for wolfSSL.I-CUBE-wolfSSH.1.4.17
2024-11-13 07:42:21,528 [INFO] ThirdParty:978 - Integrity check success = true
2024-11-13 07:42:21,529 [INFO] IntegrityCheckThread:100 - exiting critical section [integrity check]
2024-11-13 07:42:21,529 [INFO] IntegrityCheckThread:103 - End integrity checks thread
2024-11-13 07:42:26,993 [INFO] WebApp:161 - Instantiating new browser for Auth
2024-11-13 07:42:28,252 [INFO] WebApp:779 - Register for checkConnection events
2024-11-13 07:42:28,253 [INFO] WebApp:414 - Apply proxy settings
2024-11-13 07:42:28,253 [INFO] WebApp:499 - Chromium requires no authentication
2024-11-13 07:42:28,266 [INFO] WebApp:442 - Direct internet connection detected
2024-11-13 07:42:28,532 [INFO] WebApp:192 - Starting web application
2024-11-13 07:42:28,533 [INFO] WebApp:544 - Web application path used C:\ST\STM32CubeIDE_1.11.0\STM32CubeIDE\plugins\com.st.stm32cube.common.mx_6.11.1.202404110753\db\plugins\mcufinder\reactClient1\index.html
2024-11-13 09:05:22,844 [ERROR] LogOutputStream:75 - [STDERR_REDIRECT] 
2024-11-13 09:05:22,845 [ERROR] LogOutputStream:75 - [STDERR_REDIRECT] 
