2024-10-18 17:23:49,099 [INFO] Activator:176 - 


2024-10-18 17:23:49,117 [INFO] Activator:177 - !SESSION log4j initialized
2024-10-18 17:24:03,692 [INFO] LogOutputStream:77 - [STDOUT_REDIRECT] 
2024-10-18 17:24:11,049 [INFO] ApplicationProperties:184 - Using Application install path: C:\ST\STM32CubeIDE_1.11.0\STM32CubeIDE\plugins\com.st.stm32cube.common.mx_6.11.1.202404110753
2024-10-18 17:24:11,076 [INFO] DbMcusXml:78 - Set database path to: C:\ST\STM32CubeIDE_1.11.0\STM32CubeIDE\plugins\com.st.stm32cube.common.mx_6.11.1.202404110753\\db\/mcu/
2024-10-18 17:24:11,077 [INFO] ApiDb:274 - Set plugin database path to: C:\ST\STM32CubeIDE_1.11.0\STM32CubeIDE\plugins\com.st.stm32cube.common.mx_6.11.1.202404110753\\db\/plugins/boardmanager/
2024-10-18 17:24:11,077 [WARN] ApiDb:259 - Overriding images path with different value:  => C:\ST\STM32CubeIDE_1.11.0\STM32CubeIDE\plugins\com.st.stm32cube.common.mx_6.11.1.202404110753\\db\/plugins/mcufinder/images/
2024-10-18 17:24:11,098 [INFO] ApiDb:250 - Set database path to: C:\Users\julio\.stmcufinder\plugins\mcufinder//mcu/
2024-10-18 17:24:11,100 [INFO] DbMcusAds:125 - Set database path to: C:\Users\julio\.stmcufinder\plugins\mcufinder//mcu/
2024-10-18 17:24:11,102 [INFO] CrossReferenceDbSqlite:203 - Set database path to: C:\Users\julio\.stmcufinder\plugins\mcufinder//mcu/cs/
2024-10-18 17:24:11,294 [INFO] RulesReader:64 - Compatibility file has been processed (297 Rules)
2024-10-18 17:24:11,477 [INFO] DbMcusXml:78 - Set database path to: C:\ST\STM32CubeIDE_1.11.0\STM32CubeIDE\plugins\com.st.stm32cube.common.mx_6.11.1.202404110753\\db\/mcu/
2024-10-18 17:24:11,478 [INFO] ApiDb:274 - Set plugin database path to: C:\ST\STM32CubeIDE_1.11.0\STM32CubeIDE\plugins\com.st.stm32cube.common.mx_6.11.1.202404110753\\db\/plugins/boardmanager/
2024-10-18 17:24:11,478 [INFO] ApiDb:261 - Set plugin images path to: C:\ST\STM32CubeIDE_1.11.0\STM32CubeIDE\plugins\com.st.stm32cube.common.mx_6.11.1.202404110753\\db\/plugins/mcufinder/images/
2024-10-18 17:24:11,479 [WARN] DbFile:41 - Overriding database path with different value: C:\Users\julio\.stmcufinder\plugins\mcufinder/ => C:\Users\julio\.stmcufinder\plugins\mcufinder
2024-10-18 17:24:11,479 [INFO] ApiDb:250 - Set database path to: C:\Users\julio\.stmcufinder\plugins\mcufinder//mcu/
2024-10-18 17:24:11,479 [WARN] DbFile:41 - Overriding database path with different value: C:\Users\julio\.stmcufinder\plugins\mcufinder/ => C:\Users\julio\.stmcufinder\plugins\mcufinder
2024-10-18 17:24:11,480 [INFO] DbMcusAds:125 - Set database path to: C:\Users\julio\.stmcufinder\plugins\mcufinder//mcu/
2024-10-18 17:24:11,480 [WARN] DbFile:41 - Overriding database path with different value: C:\Users\julio\.stmcufinder\plugins\mcufinder/ => C:\Users\julio\.stmcufinder\plugins\mcufinder
2024-10-18 17:24:11,480 [WARN] DbFile:41 - Overriding database path with different value: C:\Users\julio\.stmcufinder\plugins\mcufinder/ => C:\Users\julio\.stmcufinder\plugins\mcufinder
2024-10-18 17:24:11,480 [INFO] CrossReferenceDbSqlite:203 - Set database path to: C:\Users\julio\.stmcufinder\plugins\mcufinder//mcu/cs/
2024-10-18 17:24:11,623 [INFO] MainPanel:264 - HeapMemory: 268435456
2024-10-18 17:24:11,772 [INFO] DbMcusXml:78 - Set database path to: C:\ST\STM32CubeIDE_1.11.0\STM32CubeIDE\plugins\com.st.stm32cube.common.mx_6.11.1.202404110753\\db\/mcu/
2024-10-18 17:24:11,772 [INFO] ApiDb:274 - Set plugin database path to: C:\ST\STM32CubeIDE_1.11.0\STM32CubeIDE\plugins\com.st.stm32cube.common.mx_6.11.1.202404110753\\db\/plugins/boardmanager/
2024-10-18 17:24:11,772 [INFO] ApiDb:261 - Set plugin images path to: C:\ST\STM32CubeIDE_1.11.0\STM32CubeIDE\plugins\com.st.stm32cube.common.mx_6.11.1.202404110753\\db\/plugins/mcufinder/images/
2024-10-18 17:24:11,773 [WARN] DbFile:41 - Overriding database path with different value: C:\Users\julio\.stmcufinder\plugins\mcufinder/ => C:\Users\julio\.stmcufinder\plugins\mcufinder
2024-10-18 17:24:11,773 [INFO] ApiDb:250 - Set database path to: C:\Users\julio\.stmcufinder\plugins\mcufinder//mcu/
2024-10-18 17:24:11,773 [WARN] DbFile:41 - Overriding database path with different value: C:\Users\julio\.stmcufinder\plugins\mcufinder/ => C:\Users\julio\.stmcufinder\plugins\mcufinder
2024-10-18 17:24:11,773 [INFO] DbMcusAds:125 - Set database path to: C:\Users\julio\.stmcufinder\plugins\mcufinder//mcu/
2024-10-18 17:24:11,773 [WARN] DbFile:41 - Overriding database path with different value: C:\Users\julio\.stmcufinder\plugins\mcufinder/ => C:\Users\julio\.stmcufinder\plugins\mcufinder
2024-10-18 17:24:11,773 [WARN] DbFile:41 - Overriding database path with different value: C:\Users\julio\.stmcufinder\plugins\mcufinder/ => C:\Users\julio\.stmcufinder\plugins\mcufinder
2024-10-18 17:24:11,774 [INFO] CrossReferenceDbSqlite:203 - Set database path to: C:\Users\julio\.stmcufinder\plugins\mcufinder//mcu/cs/
2024-10-18 17:24:11,799 [INFO] ApplicationProperties:184 - Using Application install path: C:\ST\STM32CubeIDE_1.11.0\STM32CubeIDE\plugins\com.st.stm32cube.common.mx_6.11.1.202404110753
2024-10-18 17:24:11,801 [INFO] PluginManage:196 - Search for loadable plugins [exclusion list=, ]
2024-10-18 17:24:11,803 [INFO] PluginManage:310 - Check plugin analytics
2024-10-18 17:24:12,067 [INFO] AnalyticsPlugin:253 - Accepted Software Licenses: STM32CubeMX.6.11.1
2024-10-18 17:24:12,067 [INFO] AnalyticsPlugin:255 - Accepted CMSIS Pack Licenses: 
2024-10-18 17:24:12,067 [INFO] AnalyticsPlugin:257 - Accepted Firmware Licenses: FW.F4.1.28.0
2024-10-18 17:24:12,074 [INFO] PluginManage:359 - Loaded plugin analytics (category:tool,tabindex:-1)
2024-10-18 17:24:12,074 [INFO] PluginManage:310 - Check plugin cadmodel
2024-10-18 17:24:12,094 [INFO] CADModel:105 - Init CAD model plugin
2024-10-18 17:24:12,094 [INFO] PluginManage:359 - Loaded plugin cadmodel (category:power,tabindex:5)
2024-10-18 17:24:12,095 [INFO] PluginManage:310 - Check plugin clock
2024-10-18 17:24:12,126 [INFO] PluginManage:359 - Loaded plugin clock (category:base,tabindex:2)
2024-10-18 17:24:12,127 [INFO] PluginManage:310 - Check plugin ddr
2024-10-18 17:24:12,129 [INFO] PluginManage:359 - Loaded plugin ddr (category:tool,tabindex:6)
2024-10-18 17:24:12,130 [INFO] PluginManage:310 - Check plugin filemanager
2024-10-18 17:24:12,330 [INFO] PluginManage:359 - Loaded plugin filemanager (category:base,tabindex:10)
2024-10-18 17:24:12,330 [INFO] PluginManage:310 - Check plugin ipmanager
2024-10-18 17:24:12,342 [INFO] PluginManage:359 - Loaded plugin ipmanager (category:base,tabindex:5)
2024-10-18 17:24:12,342 [INFO] PluginManage:310 - Check plugin lpbam
2024-10-18 17:24:12,364 [INFO] PluginManage:359 - Loaded plugin lpbam (category:base,tabindex:0)
2024-10-18 17:24:12,364 [INFO] PluginManage:310 - Check plugin memorymap
2024-10-18 17:24:12,389 [INFO] PluginManage:359 - Loaded plugin memorymap (category:base,tabindex:4)
2024-10-18 17:24:12,389 [INFO] PluginManage:310 - Check plugin pinoutandconfiguration
2024-10-18 17:24:12,411 [INFO] PluginManage:359 - Loaded plugin pinoutandconfiguration (category:base,tabindex:1)
2024-10-18 17:24:12,411 [INFO] PluginManage:310 - Check plugin pinoutconfig
2024-10-18 17:24:12,565 [WARN] SupportedApi:132 - Cannot load RTOS API schema: s4s-elt-must-match.1: The content of 'definitions' must match (annotation?, (simpleType | complexType)?, (unique | key | keyref)*)). A problem was found starting at: attribute.
2024-10-18 17:24:12,813 [INFO] PluginManage:359 - Loaded plugin pinoutconfig (category:base,tabindex:0)
2024-10-18 17:24:12,813 [INFO] PluginManage:310 - Check plugin power
2024-10-18 17:24:12,845 [INFO] PluginManage:359 - Loaded plugin power (category:power,tabindex:4)
2024-10-18 17:24:12,846 [INFO] PluginManage:310 - Check plugin projectmanager
2024-10-18 17:24:12,875 [INFO] PluginManage:359 - Loaded plugin projectmanager (category:projectmanager,tabindex:3)
2024-10-18 17:24:12,875 [INFO] PluginManage:310 - Check plugin thirdparty
2024-10-18 17:24:13,323 [INFO] PluginManage:359 - Loaded plugin thirdparty (category:base,tabindex:-1)
2024-10-18 17:24:13,323 [WARN] IntegrityCheckThread:84 - waiting for thirdparty lock release [integrity check]
2024-10-18 17:24:13,323 [INFO] PluginManage:310 - Check plugin tools
2024-10-18 17:24:13,324 [INFO] IntegrityCheckThread:86 - entering critical section [integrity check]
2024-10-18 17:24:13,324 [INFO] ThirdPartyUpdaterWithRetryManager:70 - Updater plugin not ready yet. [1/15]
2024-10-18 17:24:13,367 [INFO] PluginManage:359 - Loaded plugin tools (category:base,tabindex:7)
2024-10-18 17:24:13,368 [INFO] PluginManage:310 - Check plugin tutovideos
2024-10-18 17:24:13,674 [INFO] PluginManage:359 - Loaded plugin tutovideos (category:base,tabindex:-1)
2024-10-18 17:24:13,674 [INFO] PluginManage:310 - Check plugin updater
2024-10-18 17:24:13,697 [INFO] PluginManage:359 - Loaded plugin updater (category:base,tabindex:12)
2024-10-18 17:24:13,697 [INFO] PluginManage:310 - Check plugin userauth
2024-10-18 17:24:13,707 [INFO] UserAuth:114 - Init User Auth plugin
2024-10-18 17:24:13,707 [INFO] PluginManage:359 - Loaded plugin userauth (category:base,tabindex:14)
2024-10-18 17:24:13,708 [INFO] PluginManage:283 - PluginManage : Loaded plugins [17]
2024-10-18 17:24:14,090 [INFO] PinOutPanel:1561 - setPackage(No Configuration,No Configuration)
2024-10-18 17:24:14,197 [INFO] CADModel:165 - CPN selected for project level
2024-10-18 17:24:14,198 [INFO] CADModel:114 - Register for checkConnection events
2024-10-18 17:24:14,233 [INFO] IPUIPlugin:80 - create IPUIPlugin
2024-10-18 17:24:14,233 [INFO] PluginManager:220 - loadIPPluginJar : add adc
2024-10-18 17:24:14,281 [INFO] IPUIPlugin:80 - create IPUIPlugin
2024-10-18 17:24:14,281 [INFO] PluginManager:220 - loadIPPluginJar : add aes
2024-10-18 17:24:14,333 [INFO] IPUIPlugin:80 - create IPUIPlugin
2024-10-18 17:24:14,333 [INFO] PluginManager:220 - loadIPPluginJar : add can
2024-10-18 17:24:14,358 [INFO] IPUIPlugin:80 - create IPUIPlugin
2024-10-18 17:24:14,358 [INFO] PluginManager:220 - loadIPPluginJar : add comp
2024-10-18 17:24:14,396 [INFO] IPUIPlugin:80 - create IPUIPlugin
2024-10-18 17:24:14,397 [INFO] PluginManager:220 - loadIPPluginJar : add cryp
2024-10-18 17:24:14,442 [INFO] IPUIPlugin:80 - create IPUIPlugin
2024-10-18 17:24:14,442 [INFO] PluginManager:220 - loadIPPluginJar : add dfsdm
2024-10-18 17:24:14,461 [INFO] IPUIPlugin:80 - create IPUIPlugin
2024-10-18 17:24:14,462 [INFO] PluginManager:220 - loadIPPluginJar : add dma
2024-10-18 17:24:14,521 [INFO] IPUIPlugin:80 - create IPUIPlugin
2024-10-18 17:24:14,521 [INFO] PluginManager:220 - loadIPPluginJar : add dma3
2024-10-18 17:24:14,576 [INFO] IPUIPlugin:80 - create IPUIPlugin
2024-10-18 17:24:14,576 [INFO] PluginManager:220 - loadIPPluginJar : add extmemmanager
2024-10-18 17:24:14,596 [INFO] IPUIPlugin:80 - create IPUIPlugin
2024-10-18 17:24:14,596 [INFO] PluginManager:220 - loadIPPluginJar : add fatfs
2024-10-18 17:24:14,651 [INFO] IPUIPlugin:80 - create IPUIPlugin
2024-10-18 17:24:14,652 [INFO] PluginManager:220 - loadIPPluginJar : add fmc
2024-10-18 17:24:14,669 [INFO] IPUIPlugin:80 - create IPUIPlugin
2024-10-18 17:24:14,670 [INFO] PluginManager:220 - loadIPPluginJar : add freertos
2024-10-18 17:24:14,691 [INFO] IPUIPlugin:80 - create IPUIPlugin
2024-10-18 17:24:14,691 [INFO] PluginManager:220 - loadIPPluginJar : add genericplugin
2024-10-18 17:24:14,807 [INFO] IPUIPlugin:80 - create IPUIPlugin
2024-10-18 17:24:14,808 [INFO] PluginManager:220 - loadIPPluginJar : add gfxmmu
2024-10-18 17:24:14,979 [INFO] IPUIPlugin:80 - create IPUIPlugin
2024-10-18 17:24:14,979 [INFO] PluginManager:220 - loadIPPluginJar : add gic
2024-10-18 17:24:14,992 [INFO] IPUIPlugin:80 - create IPUIPlugin
2024-10-18 17:24:14,993 [INFO] PluginManager:220 - loadIPPluginJar : add gpio
2024-10-18 17:24:15,097 [INFO] IPUIPlugin:80 - create IPUIPlugin
2024-10-18 17:24:15,097 [INFO] PluginManager:220 - loadIPPluginJar : add gtzc
2024-10-18 17:24:15,134 [INFO] IPUIPlugin:80 - create IPUIPlugin
2024-10-18 17:24:15,134 [INFO] PluginManager:220 - loadIPPluginJar : add hash
2024-10-18 17:24:15,192 [INFO] IPUIPlugin:80 - create IPUIPlugin
2024-10-18 17:24:15,192 [INFO] PluginManager:220 - loadIPPluginJar : add i2c
2024-10-18 17:24:15,242 [INFO] IPUIPlugin:80 - create IPUIPlugin
2024-10-18 17:24:15,242 [INFO] PluginManager:220 - loadIPPluginJar : add i2s
2024-10-18 17:24:15,287 [INFO] IPUIPlugin:80 - create IPUIPlugin
2024-10-18 17:24:15,287 [INFO] PluginManager:220 - loadIPPluginJar : add i3c
2024-10-18 17:24:15,422 [INFO] IPUIPlugin:80 - create IPUIPlugin
2024-10-18 17:24:15,423 [INFO] PluginManager:220 - loadIPPluginJar : add ipddr
2024-10-18 17:24:15,528 [INFO] IPUIPlugin:80 - create IPUIPlugin
2024-10-18 17:24:15,528 [INFO] PluginManager:220 - loadIPPluginJar : add linkedlist
2024-10-18 17:24:15,567 [INFO] IPUIPlugin:80 - create IPUIPlugin
2024-10-18 17:24:15,568 [INFO] PluginManager:220 - loadIPPluginJar : add lorawan
2024-10-18 17:24:15,607 [INFO] IPUIPlugin:80 - create IPUIPlugin
2024-10-18 17:24:15,607 [INFO] PluginManager:220 - loadIPPluginJar : add ltdc
2024-10-18 17:24:15,624 [INFO] IPUIPlugin:80 - create IPUIPlugin
2024-10-18 17:24:15,624 [INFO] PluginManager:220 - loadIPPluginJar : add mdma
2024-10-18 17:24:15,637 [INFO] IPUIPlugin:80 - create IPUIPlugin
2024-10-18 17:24:15,637 [INFO] PluginManager:220 - loadIPPluginJar : add nvic
2024-10-18 17:24:15,677 [INFO] IPUIPlugin:80 - create IPUIPlugin
2024-10-18 17:24:15,678 [INFO] PluginManager:220 - loadIPPluginJar : add opamp
2024-10-18 17:24:15,751 [INFO] IPUIPlugin:80 - create IPUIPlugin
2024-10-18 17:24:15,751 [INFO] PluginManager:220 - loadIPPluginJar : add openamp
2024-10-18 17:24:15,798 [INFO] IPUIPlugin:80 - create IPUIPlugin
2024-10-18 17:24:15,798 [INFO] PluginManager:220 - loadIPPluginJar : add pdm2pcm
2024-10-18 17:24:15,815 [INFO] IPUIPlugin:80 - create IPUIPlugin
2024-10-18 17:24:15,817 [INFO] PluginManager:220 - loadIPPluginJar : add plateformsettings
2024-10-18 17:24:15,846 [INFO] IPUIPlugin:80 - create IPUIPlugin
2024-10-18 17:24:15,846 [INFO] PluginManager:220 - loadIPPluginJar : add quadspi
2024-10-18 17:24:15,860 [INFO] IPUIPlugin:80 - create IPUIPlugin
2024-10-18 17:24:15,861 [INFO] PluginManager:220 - loadIPPluginJar : add resmgrutility
2024-10-18 17:24:15,932 [INFO] IPUIPlugin:80 - create IPUIPlugin
2024-10-18 17:24:15,933 [INFO] PluginManager:220 - loadIPPluginJar : add sai
2024-10-18 17:24:15,973 [INFO] IPUIPlugin:80 - create IPUIPlugin
2024-10-18 17:24:15,973 [INFO] PluginManager:220 - loadIPPluginJar : add spi
2024-10-18 17:24:16,050 [INFO] IPUIPlugin:80 - create IPUIPlugin
2024-10-18 17:24:16,050 [INFO] PluginManager:220 - loadIPPluginJar : add stm32_wpan
2024-10-18 17:24:16,076 [INFO] IPUIPlugin:80 - create IPUIPlugin
2024-10-18 17:24:16,076 [INFO] PluginManager:220 - loadIPPluginJar : add tim
2024-10-18 17:24:16,147 [INFO] IPUIPlugin:80 - create IPUIPlugin
2024-10-18 17:24:16,147 [INFO] PluginManager:220 - loadIPPluginJar : add touchsensing
2024-10-18 17:24:16,172 [INFO] IPUIPlugin:80 - create IPUIPlugin
2024-10-18 17:24:16,172 [INFO] PluginManager:220 - loadIPPluginJar : add tracer_emb
2024-10-18 17:24:16,201 [INFO] IPUIPlugin:80 - create IPUIPlugin
2024-10-18 17:24:16,201 [INFO] PluginManager:220 - loadIPPluginJar : add ts
2024-10-18 17:24:16,231 [INFO] IPUIPlugin:80 - create IPUIPlugin
2024-10-18 17:24:16,231 [INFO] PluginManager:220 - loadIPPluginJar : add tsc
2024-10-18 17:24:16,253 [INFO] IPUIPlugin:80 - create IPUIPlugin
2024-10-18 17:24:16,254 [INFO] PluginManager:220 - loadIPPluginJar : add ucpd
2024-10-18 17:24:16,302 [INFO] IPUIPlugin:80 - create IPUIPlugin
2024-10-18 17:24:16,302 [INFO] PluginManager:220 - loadIPPluginJar : add usart
2024-10-18 17:24:16,326 [INFO] ThirdPartyUpdaterWithRetryManager:70 - Updater plugin not ready yet. [2/15]
2024-10-18 17:24:16,349 [INFO] IPUIPlugin:80 - create IPUIPlugin
2024-10-18 17:24:16,349 [INFO] PluginManager:220 - loadIPPluginJar : add usbx
2024-10-18 17:24:16,503 [INFO] CADModel:165 - CPN selected for project level
2024-10-18 17:24:16,503 [INFO] CADModel:114 - Register for checkConnection events
2024-10-18 17:24:16,503 [FATAL] Updater:308 - Updater called before beeing initialized
2024-10-18 17:24:16,503 [ERROR] CADModel:125 - Updater not yet initialized, retry later 
2024-10-18 17:24:16,780 [INFO] CADModel:165 - CPN selected for project level
2024-10-18 17:24:16,780 [INFO] CADModel:114 - Register for checkConnection events
2024-10-18 17:24:16,780 [FATAL] Updater:308 - Updater called before beeing initialized
2024-10-18 17:24:16,780 [ERROR] CADModel:125 - Updater not yet initialized, retry later 
2024-10-18 17:24:16,785 [FATAL] Updater:308 - Updater called before beeing initialized
2024-10-18 17:24:16,977 [FATAL] Updater:308 - Updater called before beeing initialized
2024-10-18 17:24:16,992 [INFO] DbMcusAds:53 - JSON generation date=Thu May 16 03:22:00 CST 2024 (1715851320667)
2024-10-18 17:24:16,992 [FATAL] Updater:308 - Updater called before beeing initialized
2024-10-18 17:24:17,089 [WARN] DetailPanel:346 - Failed to get advertising image, set to default
2024-10-18 17:24:17,230 [FATAL] Updater:308 - Updater called before beeing initialized
2024-10-18 17:24:17,233 [FATAL] Updater:308 - Updater called before beeing initialized
2024-10-18 17:24:17,233 [FATAL] Updater:308 - Updater called before beeing initialized
2024-10-18 17:24:17,233 [WARN] DetailPanel:346 - Failed to get advertising image, set to default
2024-10-18 17:24:17,234 [FATAL] Updater:308 - Updater called before beeing initialized
2024-10-18 17:24:17,341 [ERROR] Updater:1120 - MainUpdater not yet initialized. External WinMGr cannot be set.
2024-10-18 17:24:17,360 [INFO] Updater:1056 - Updater Version found : 6.11.1
2024-10-18 17:24:17,384 [INFO] ApplicationProperties:184 - Using Application install path: C:\ST\STM32CubeIDE_1.11.0\STM32CubeIDE\plugins\com.st.stm32cube.common.mx_6.11.1.202404110753
2024-10-18 17:24:19,014 [ERROR] LogOutputStream:75 - [STDERR_REDIRECT] Oct 18, 2024 5:24:19 PM java.util.prefs.WindowsPreferences <init>
2024-10-18 17:24:19,018 [ERROR] LogOutputStream:75 - [STDERR_REDIRECT] WARNING: Could not open/create prefs root node Software\JavaSoft\Prefs at root 0xffffffff80000002. Windows RegCreateKeyEx(...) returned error code 5.
2024-10-18 17:24:19,018 [ERROR] LogOutputStream:75 - [STDERR_REDIRECT] 
2024-10-18 17:24:19,327 [INFO] ThirdPartyUpdaterWithRetryManager:70 - Updater plugin not ready yet. [3/15]
2024-10-18 17:24:19,624 [INFO] MainUpdater:2873 - connection check result : 10
2024-10-18 17:24:19,625 [INFO] MainUpdater:3567 - Updater definition file requires update
2024-10-18 17:24:19,627 [INFO] MainUpdater:290 - Updater Check For Update Now.
2024-10-18 17:24:19,627 [INFO] MicroXplorer:498 - Change Database Version : DB.6.0.111
2024-10-18 17:24:19,667 [INFO] McuFinderGlobals:63 - Set McuFinder mode to 2 (CubeIDE integrated)
2024-10-18 17:24:19,684 [INFO] UserAuth:415 - Internet connection configuration mode: 1
2024-10-18 17:24:19,724 [INFO] JxBrowserEngine:152 - Initiate JxBrowser Engine with user profile folder
2024-10-18 17:24:19,978 [INFO] ServerAccessManage:473 - Download File updaters.zip
2024-10-18 17:24:20,220 [INFO] FileExtend:240 - Unzip File : updaters.zip
2024-10-18 17:24:20,220 [INFO] FileExtend:255 - Standard Zip Deflate
2024-10-18 17:24:22,136 [INFO] ServerAccessManage:473 - Download File PacksControlFlags.xml
2024-10-18 17:24:22,327 [WARN] MainUpdater:1194 - Updater busy. Cannot search thirdparties
2024-10-18 17:24:22,328 [INFO] ThirdPartyUpdaterWithRetryManager:96 - Updater plugin is busy. [1/15]
2024-10-18 17:24:22,941 [INFO] ServerAccessManage:473 - Download File cubemx.pidx
2024-10-18 17:24:23,157 [INFO] LoadServerUpdatesThread:375 - End of LoadServerUpdate Thread
2024-10-18 17:24:23,447 [INFO] CheckServerUpdateThread:120 - End of CheckServer Thread
2024-10-18 17:24:25,755 [WARN] PackLoader:240 - Cannot read IP mode file for STMicroelectronics.FP-SNS-MOTENVWB1.1.4.0
2024-10-18 17:24:25,792 [WARN] PackLoader:240 - Cannot read IP mode file for STMicroelectronics.X-CUBE-SMBUS.2.1.0
2024-10-18 17:24:25,822 [WARN] PackLoader:240 - Cannot read IP mode file for STMicroelectronics.X-CUBE-WB05N.1.1.0
2024-10-18 17:24:25,845 [WARN] PackLoader:240 - Cannot read IP mode file for STMicroelectronics.X-CUBE-TOUCHGFX.4.23.2
2024-10-18 17:24:25,936 [WARN] PackLoader:240 - Cannot read IP mode file for STMicroelectronics.X-CUBE-AZRTOS-F7.1.1.0
2024-10-18 17:24:25,977 [WARN] PackLoader:240 - Cannot read IP mode file for STMicroelectronics.FP-SNS-MOTENV1.4.3.2
2024-10-18 17:24:26,157 [WARN] PackLoader:240 - Cannot read IP mode file for STMicroelectronics.X-CUBE-MEMS1.11.0.0
2024-10-18 17:24:26,538 [WARN] PackLoader:240 - Cannot read IP mode file for STMicroelectronics.X-CUBE-BLE1.6.2.4
2024-10-18 17:24:26,565 [WARN] PackLoader:240 - Cannot read IP mode file for STMicroelectronics.FP-SNS-FLIGHT1.5.0.2
2024-10-18 17:24:26,597 [WARN] PackLoader:240 - Cannot read IP mode file for STMicroelectronics.X-CUBE-DISPLAY.3.0.0
2024-10-18 17:24:26,629 [WARN] PackLoader:240 - Cannot read IP mode file for STMicroelectronics.X-CUBE-BLE1.7.0.0
2024-10-18 17:24:26,664 [WARN] PackLoader:240 - Cannot read IP mode file for STMicroelectronics.X-CUBE-NFC10.1.0.0
2024-10-18 17:24:26,687 [WARN] PackLoader:240 - Cannot read IP mode file for STMicroelectronics.X-CUBE-TOUCHGFX.4.22.0
2024-10-18 17:24:26,705 [WARN] PackLoader:240 - Cannot read IP mode file for STMicroelectronics.X-CUBE-TOUCHGFX.4.22.1
2024-10-18 17:24:26,743 [WARN] PackLoader:240 - Cannot read IP mode file for STMicroelectronics.X-CUBE-BLEMGR.3.1.0
2024-10-18 17:24:26,775 [WARN] PackLoader:240 - Cannot read IP mode file for STMicroelectronics.FP-SNS-SMARTAG2.1.2.0
2024-10-18 17:24:26,815 [INFO] LogOutputStream:77 - [STDOUT_REDIRECT] 1 : Invalid condition id : UX_CORESTACK_Condition cause : null
2024-10-18 17:24:26,816 [INFO] LogOutputStream:77 - [STDOUT_REDIRECT] 1 : Invalid condition id : UX_CORESTACK_Condition cause : null
2024-10-18 17:24:26,819 [INFO] LogOutputStream:77 - [STDOUT_REDIRECT] 1 : Invalid condition id : UX_CORESTACK_Condition cause : null
2024-10-18 17:24:26,822 [INFO] LogOutputStream:77 - [STDOUT_REDIRECT] 1 : Invalid condition id : UX_CORESTACK_Condition cause : null
2024-10-18 17:24:26,825 [INFO] LogOutputStream:77 - [STDOUT_REDIRECT] 1 : Invalid condition id : UX_CORESTACK_Condition cause : null
2024-10-18 17:24:26,831 [WARN] PackLoader:240 - Cannot read IP mode file for STMicroelectronics.X-CUBE-AZRTOS-WL.2.0.0
2024-10-18 17:24:26,858 [WARN] PackLoader:240 - Cannot read IP mode file for STMicroelectronics.FP-SNS-MOTENV1.5.0.0
2024-10-18 17:24:26,882 [WARN] PackLoader:240 - Cannot read IP mode file for wolfSSL.I-CUBE-wolfMQTT.1.19.0
2024-10-18 17:24:26,914 [WARN] PackLoader:240 - Cannot read IP mode file for WES.I-CUBE-Cesium.1.3.0
2024-10-18 17:24:26,944 [WARN] PackLoader:240 - Cannot read IP mode file for STMicroelectronics.X-CUBE-BLE2.3.3.0
2024-10-18 17:24:26,972 [WARN] PackLoader:240 - Cannot read IP mode file for STMicroelectronics.X-CUBE-DISPLAY.2.2.0
2024-10-18 17:24:27,017 [WARN] PackLoader:240 - Cannot read IP mode file for STMicroelectronics.X-CUBE-TOF1.3.2.0
2024-10-18 17:24:27,063 [WARN] PackLoader:240 - Cannot read IP mode file for STMicroelectronics.X-CUBE-NFC9.1.0.0
2024-10-18 17:24:27,094 [WARN] PackLoader:240 - Cannot read IP mode file for STMicroelectronics.X-CUBE-TCPP.4.1.0
2024-10-18 17:24:27,126 [WARN] PackLoader:240 - Cannot read IP mode file for STMicroelectronics.X-CUBE-TOUCHGFX.4.21.1
2024-10-18 17:24:27,154 [WARN] PackLoader:240 - Cannot read IP mode file for STMicroelectronics.X-CUBE-TOUCHGFX.4.21.3
2024-10-18 17:24:27,341 [WARN] PackLoader:240 - Cannot read IP mode file for STMicroelectronics.X-CUBE-MEMS1.9.4.0
2024-10-18 17:24:27,628 [WARN] PackLoader:240 - Cannot read IP mode file for STMicroelectronics.X-CUBE-AI.7.3.0
2024-10-18 17:24:27,660 [WARN] PackLoader:240 - Cannot read IP mode file for STMicroelectronics.X-CUBE-ALGOBUILD.1.3.0
2024-10-18 17:24:27,725 [WARN] PackLoader:240 - Cannot read IP mode file for STMicroelectronics.X-CUBE-AZRTOS-G0.1.1.0
2024-10-18 17:24:27,760 [WARN] PackLoader:240 - Cannot read IP mode file for STMicroelectronics.X-CUBE-SAFEA1.1.2.2
2024-10-18 17:24:27,796 [WARN] PackLoader:240 - Cannot read IP mode file for STMicroelectronics.X-CUBE-NFC4.3.0.0
2024-10-18 17:24:27,836 [WARN] PackLoader:240 - Cannot read IP mode file for EmbeddedOffice.I-CUBE-FS-RTOS.1.0.1
2024-10-18 17:24:27,836 [ERROR] ConditionMgr:805 - Attr not supported : Dmpu
2024-10-18 17:24:27,837 [ERROR] ConditionMgr:805 - Attr not supported : Dmpu
2024-10-18 17:24:27,837 [ERROR] ConditionMgr:805 - Attr not supported : Dmpu
2024-10-18 17:24:27,837 [ERROR] ConditionMgr:805 - Attr not supported : Dmpu
2024-10-18 17:24:27,837 [ERROR] ConditionMgr:805 - Attr not supported : Dmpu
2024-10-18 17:24:27,837 [ERROR] ConditionMgr:805 - Attr not supported : Dmpu
2024-10-18 17:24:27,837 [ERROR] ConditionMgr:805 - Attr not supported : Dmpu
2024-10-18 17:24:27,838 [ERROR] ConditionMgr:805 - Attr not supported : Dmpu
2024-10-18 17:24:27,838 [ERROR] ConditionMgr:805 - Attr not supported : Dmpu
2024-10-18 17:24:27,838 [ERROR] ConditionMgr:805 - Attr not supported : Dmpu
2024-10-18 17:24:27,838 [ERROR] ConditionMgr:805 - Attr not supported : Dmpu
2024-10-18 17:24:27,838 [ERROR] ConditionMgr:805 - Attr not supported : Dmpu
2024-10-18 17:24:27,838 [ERROR] ConditionMgr:805 - Attr not supported : Dmpu
2024-10-18 17:24:27,839 [ERROR] ConditionMgr:805 - Attr not supported : Dmpu
2024-10-18 17:24:27,839 [ERROR] ConditionMgr:805 - Attr not supported : Dmpu
2024-10-18 17:24:27,839 [ERROR] ConditionMgr:805 - Attr not supported : Dmpu
2024-10-18 17:24:27,839 [ERROR] ConditionMgr:805 - Attr not supported : Dmpu
2024-10-18 17:24:27,840 [ERROR] ConditionMgr:805 - Attr not supported : Dmpu
2024-10-18 17:24:27,840 [ERROR] ConditionMgr:805 - Attr not supported : Dmpu
2024-10-18 17:24:27,840 [ERROR] ConditionMgr:805 - Attr not supported : Dmpu
2024-10-18 17:24:27,840 [ERROR] ConditionMgr:805 - Attr not supported : Dmpu
2024-10-18 17:24:27,840 [ERROR] ConditionMgr:805 - Attr not supported : Dmpu
2024-10-18 17:24:27,840 [ERROR] ConditionMgr:805 - Attr not supported : Dmpu
2024-10-18 17:24:27,841 [ERROR] ConditionMgr:805 - Attr not supported : Dmpu
2024-10-18 17:24:27,841 [ERROR] ConditionMgr:805 - Attr not supported : Dmpu
2024-10-18 17:24:27,841 [ERROR] ConditionMgr:805 - Attr not supported : Dmpu
2024-10-18 17:24:27,841 [ERROR] ConditionMgr:805 - Attr not supported : Dmpu
2024-10-18 17:24:27,841 [ERROR] ConditionMgr:805 - Attr not supported : Dmpu
2024-10-18 17:24:27,841 [ERROR] ConditionMgr:805 - Attr not supported : Dmpu
2024-10-18 17:24:27,841 [ERROR] ConditionMgr:805 - Attr not supported : Dmpu
2024-10-18 17:24:27,842 [ERROR] ConditionMgr:805 - Attr not supported : Dmpu
2024-10-18 17:24:27,842 [ERROR] ConditionMgr:805 - Attr not supported : Dmpu
2024-10-18 17:24:27,842 [ERROR] ConditionMgr:805 - Attr not supported : Dmpu
2024-10-18 17:24:27,842 [ERROR] ConditionMgr:805 - Attr not supported : Dmpu
2024-10-18 17:24:27,842 [ERROR] ConditionMgr:805 - Attr not supported : Dmpu
2024-10-18 17:24:27,842 [ERROR] ConditionMgr:805 - Attr not supported : Dmpu
2024-10-18 17:24:27,843 [ERROR] ConditionMgr:805 - Attr not supported : Dmpu
2024-10-18 17:24:27,843 [ERROR] ConditionMgr:805 - Attr not supported : Dmpu
2024-10-18 17:24:27,843 [ERROR] ConditionMgr:805 - Attr not supported : Dmpu
2024-10-18 17:24:27,843 [ERROR] ConditionMgr:805 - Attr not supported : Dmpu
2024-10-18 17:24:27,843 [ERROR] ConditionMgr:805 - Attr not supported : Dmpu
2024-10-18 17:24:27,843 [ERROR] ConditionMgr:805 - Attr not supported : Dmpu
2024-10-18 17:24:27,844 [ERROR] ConditionMgr:805 - Attr not supported : Dmpu
2024-10-18 17:24:27,844 [ERROR] ConditionMgr:805 - Attr not supported : Dmpu
2024-10-18 17:24:27,844 [ERROR] ConditionMgr:805 - Attr not supported : Dmpu
2024-10-18 17:24:27,844 [ERROR] ConditionMgr:805 - Attr not supported : Dmpu
2024-10-18 17:24:27,844 [ERROR] ConditionMgr:805 - Attr not supported : Dmpu
2024-10-18 17:24:27,844 [ERROR] ConditionMgr:805 - Attr not supported : Dmpu
2024-10-18 17:24:27,845 [ERROR] ConditionMgr:805 - Attr not supported : Dmpu
2024-10-18 17:24:27,845 [ERROR] ConditionMgr:805 - Attr not supported : Dmpu
2024-10-18 17:24:27,845 [ERROR] ConditionMgr:805 - Attr not supported : Dmpu
2024-10-18 17:24:27,845 [ERROR] ConditionMgr:805 - Attr not supported : Dmpu
2024-10-18 17:24:27,845 [ERROR] ConditionMgr:805 - Attr not supported : Dmpu
2024-10-18 17:24:27,845 [ERROR] ConditionMgr:805 - Attr not supported : Dmpu
2024-10-18 17:24:27,846 [ERROR] ConditionMgr:805 - Attr not supported : Dmpu
2024-10-18 17:24:27,846 [ERROR] ConditionMgr:805 - Attr not supported : Dmpu
2024-10-18 17:24:27,846 [ERROR] ConditionMgr:805 - Attr not supported : Dmpu
2024-10-18 17:24:27,846 [ERROR] ConditionMgr:805 - Attr not supported : Dmpu
2024-10-18 17:24:27,846 [ERROR] ConditionMgr:805 - Attr not supported : Dmpu
2024-10-18 17:24:27,846 [ERROR] ConditionMgr:805 - Attr not supported : Dmpu
2024-10-18 17:24:27,847 [ERROR] ConditionMgr:805 - Attr not supported : Dmpu
2024-10-18 17:24:27,847 [ERROR] ConditionMgr:805 - Attr not supported : Dmpu
2024-10-18 17:24:27,847 [ERROR] ConditionMgr:805 - Attr not supported : Dmpu
2024-10-18 17:24:27,847 [ERROR] ConditionMgr:805 - Attr not supported : Dmpu
2024-10-18 17:24:27,880 [WARN] PackLoader:240 - Cannot read IP mode file for STMicroelectronics.X-CUBE-BLEMGR.1.3.0
2024-10-18 17:24:27,909 [WARN] PackLoader:240 - Cannot read IP mode file for RealThread.X-CUBE-RT-Thread_Nano.4.1.1
2024-10-18 17:24:27,933 [WARN] PackLoader:240 - Cannot read IP mode file for STMicroelectronics.FP-ATR-SIGFOX1.3.2.0
2024-10-18 17:24:27,960 [WARN] PackLoader:240 - Cannot read IP mode file for STMicroelectronics.X-CUBE-EEPRMA1.5.1.0
2024-10-18 17:24:28,096 [WARN] PackLoader:240 - Cannot read IP mode file for STMicroelectronics.X-CUBE-MEMS1.9.5.0
2024-10-18 17:24:28,353 [WARN] PackLoader:240 - Cannot read IP mode file for SEGGER.I-CUBE-embOS.1.3.1
2024-10-18 17:24:28,468 [WARN] PackLoader:240 - Cannot read IP mode file for STMicroelectronics.X-CUBE-ALGOBUILD.1.4.0
2024-10-18 17:24:28,535 [WARN] PackLoader:240 - Cannot read IP mode file for SEGGER.I-CUBE-embOS.1.3.0
2024-10-18 17:24:28,625 [WARN] PackLoader:240 - Cannot read IP mode file for STMicroelectronics.X-CUBE-AI.9.1.0
2024-10-18 17:24:28,650 [WARN] PackLoader:240 - Cannot read IP mode file for STMicroelectronics.X-CUBE-GNSS1.6.0.0
2024-10-18 17:24:28,705 [WARN] PackLoader:240 - Cannot read IP mode file for STMicroelectronics.X-CUBE-AZRTOS-F4.1.1.0
2024-10-18 17:24:28,732 [WARN] PackLoader:240 - Cannot read IP mode file for STMicroelectronics.X-CUBE-ISPU.2.1.0
2024-10-18 17:24:28,757 [WARN] PackLoader:240 - Cannot read IP mode file for STMicroelectronics.X-CUBE-FREERTOS.1.2.0
2024-10-18 17:24:28,815 [WARN] PackLoader:240 - Cannot read IP mode file for STMicroelectronics.X-CUBE-AZRTOS-L5.2.0.0
2024-10-18 17:24:28,936 [WARN] PackLoader:240 - Cannot read IP mode file for STMicroelectronics.X-CUBE-MEMS1.9.6.0
2024-10-18 17:24:29,183 [WARN] PackLoader:240 - Cannot read IP mode file for STMicroelectronics.X-CUBE-EEPRMA1.4.2.0
2024-10-18 17:24:29,220 [WARN] PackLoader:240 - Cannot read IP mode file for STMicroelectronics.X-CUBE-NFC6.3.1.0
2024-10-18 17:24:29,249 [WARN] PackLoader:240 - Cannot read IP mode file for ITTIA_DB.I-CUBE-ITTIADB.8.8.0
2024-10-18 17:24:29,275 [WARN] PackLoader:240 - Cannot read IP mode file for emotas.I-CUBE-CANOPEN.1.1.3
2024-10-18 17:24:29,302 [WARN] PackLoader:240 - Cannot read IP mode file for STMicroelectronics.X-CUBE-BLEMGR.2.0.0
2024-10-18 17:24:29,326 [WARN] PackLoader:240 - Cannot read IP mode file for STMicroelectronics.X-CUBE-DPower.1.2.0
2024-10-18 17:24:29,348 [WARN] PackLoader:240 - Cannot read IP mode file for STMicroelectronics.X-CUBE-AI.9.0.0
2024-10-18 17:24:29,404 [WARN] ConditionMgr:438 - getConditionDescription Invalid condition id : UX DEVICE CLASS RTOS Condition cause : null
2024-10-18 17:24:29,405 [WARN] ConditionMgr:438 - getConditionDescription Invalid condition id : UX DEVICE CLASS RTOS Condition cause : null
2024-10-18 17:24:29,412 [WARN] PackLoader:240 - Cannot read IP mode file for STMicroelectronics.X-CUBE-AZRTOS-H7.3.1.0
2024-10-18 17:24:29,414 [WARN] ConditionMgr:1039 - genDependencies : Invalid condition id : UX DEVICE CLASS RTOS Condition cause : null
2024-10-18 17:24:29,414 [WARN] ConditionMgr:1039 - genDependencies : Invalid condition id : UX DEVICE CLASS RTOS Condition cause : null
2024-10-18 17:24:29,415 [WARN] ConditionMgr:1039 - genDependencies : Invalid condition id : UX DEVICE CLASS RTOS Condition cause : null
2024-10-18 17:24:29,416 [WARN] ConditionMgr:1039 - genDependencies : Invalid condition id : UX DEVICE CLASS RTOS Condition cause : null
2024-10-18 17:24:29,417 [WARN] ConditionMgr:1039 - genDependencies : Invalid condition id : UX DEVICE CLASS RTOS Condition cause : null
2024-10-18 17:24:29,440 [WARN] PackLoader:240 - Cannot read IP mode file for wolfSSL.I-CUBE-wolfSSL.5.5.4
2024-10-18 17:24:29,465 [WARN] PackLoader:240 - Cannot read IP mode file for STMicroelectronics.X-CUBE-NFC7.1.0.1
2024-10-18 17:24:29,489 [WARN] PackLoader:240 - Cannot read IP mode file for STMicroelectronics.X-CUBE-NFC7.1.0.0
2024-10-18 17:24:29,508 [WARN] PackLoader:240 - Cannot read IP mode file for wolfSSL.I-CUBE-wolfTPM.3.2.0
2024-10-18 17:24:29,532 [WARN] PackLoader:240 - Cannot read IP mode file for STMicroelectronics.X-CUBE-NFC6.3.0.0
2024-10-18 17:24:29,560 [WARN] PackLoader:240 - Cannot read IP mode file for STMicroelectronics.X-CUBE-EEPRMA1.4.1.0
2024-10-18 17:24:29,585 [WARN] PackLoader:240 - Cannot read IP mode file for STMicroelectronics.X-CUBE-AI.8.1.0
2024-10-18 17:24:29,638 [WARN] ConditionMgr:438 - getConditionDescription Invalid condition id : LAN8742 Phy interface Condition cause : null
2024-10-18 17:24:29,639 [WARN] PackLoader:240 - Cannot read IP mode file for STMicroelectronics.X-CUBE-AZRTOS-L4.2.0.0
2024-10-18 17:24:29,641 [WARN] ConditionMgr:1039 - genDependencies : Invalid condition id : LAN8742 Phy interface Condition cause : null
2024-10-18 17:24:29,641 [WARN] ConditionMgr:1039 - genDependencies : Invalid condition id : LAN8742 Phy interface Condition cause : null
2024-10-18 17:24:29,642 [WARN] ConditionMgr:1039 - genDependencies : Invalid condition id : LAN8742 Phy interface Condition cause : null
2024-10-18 17:24:29,672 [WARN] PackLoader:240 - Cannot read IP mode file for STMicroelectronics.X-CUBE-SFXS2LP1.4.0.0
2024-10-18 17:24:29,730 [WARN] PackLoader:240 - Cannot read IP mode file for STMicroelectronics.X-CUBE-AZRTOS-H7.3.0.0
2024-10-18 17:24:29,756 [WARN] PackLoader:240 - Cannot read IP mode file for STMicroelectronics.X-CUBE-ISPU.1.1.0
2024-10-18 17:24:29,809 [WARN] PackLoader:240 - Cannot read IP mode file for STMicroelectronics.X-CUBE-AZRTOS-H7.3.3.0
2024-10-18 17:24:29,835 [WARN] PackLoader:240 - Cannot read IP mode file for RoweBots.I-CUBE-UNISONRTOS.5.5.0-4
2024-10-18 17:24:29,859 [WARN] PackLoader:240 - Cannot read IP mode file for STMicroelectronics.X-CUBE-AI.8.0.0
2024-10-18 17:24:29,913 [WARN] PackLoader:240 - Cannot read IP mode file for STMicroelectronics.X-CUBE-IPS.3.0.0
2024-10-18 17:24:29,965 [WARN] ConditionMgr:438 - getConditionDescription Invalid condition id : UX DEVICE CLASS RTOS Condition cause : null
2024-10-18 17:24:29,965 [WARN] ConditionMgr:438 - getConditionDescription Invalid condition id : UX DEVICE CLASS RTOS Condition cause : null
2024-10-18 17:24:29,969 [WARN] PackLoader:240 - Cannot read IP mode file for STMicroelectronics.X-CUBE-AZRTOS-WB.2.0.0
2024-10-18 17:24:29,970 [WARN] ConditionMgr:1039 - genDependencies : Invalid condition id : UX DEVICE CLASS RTOS Condition cause : null
2024-10-18 17:24:29,970 [WARN] ConditionMgr:1039 - genDependencies : Invalid condition id : UX DEVICE CLASS RTOS Condition cause : null
2024-10-18 17:24:29,971 [WARN] ConditionMgr:1039 - genDependencies : Invalid condition id : UX DEVICE CLASS RTOS Condition cause : null
2024-10-18 17:24:29,972 [WARN] ConditionMgr:1039 - genDependencies : Invalid condition id : UX DEVICE CLASS RTOS Condition cause : null
2024-10-18 17:24:29,973 [WARN] ConditionMgr:1039 - genDependencies : Invalid condition id : UX DEVICE CLASS RTOS Condition cause : null
2024-10-18 17:24:29,997 [WARN] PackLoader:240 - Cannot read IP mode file for STMicroelectronics.X-CUBE-FREERTOS.1.0.1
2024-10-18 17:24:30,022 [WARN] PackLoader:240 - Cannot read IP mode file for STMicroelectronics.X-CUBE-GNSS1.7.0.0
2024-10-18 17:24:30,046 [WARN] PackLoader:240 - Cannot read IP mode file for STMicroelectronics.FP-SNS-STBOX1.2.0.0
2024-10-18 17:24:30,091 [WARN] PackLoader:240 - Cannot read IP mode file for STMicroelectronics.X-CUBE-AZRTOS-L5.1.1.0
2024-10-18 17:24:30,124 [WARN] PackLoader:240 - Cannot read IP mode file for STMicroelectronics.X-CUBE-SUBG2.5.0.0
2024-10-18 17:24:30,153 [WARN] PackLoader:240 - Cannot read IP mode file for Cesanta.I-CUBE-Mongoose.7.13.0
2024-10-18 17:24:30,182 [WARN] PackLoader:240 - Cannot read IP mode file for STMicroelectronics.X-CUBE-TOF1.3.3.1
2024-10-18 17:24:30,242 [WARN] PackLoader:240 - Cannot read IP mode file for STMicroelectronics.X-CUBE-AZRTOS-G4.2.0.0
2024-10-18 17:24:30,281 [WARN] PackLoader:240 - Cannot read IP mode file for STMicroelectronics.X-CUBE-TOF1.3.3.0
2024-10-18 17:24:30,306 [WARN] PackLoader:240 - Cannot read IP mode file for STMicroelectronics.FP-ATR-ASTRA1.1.1.1
2024-10-18 17:24:30,351 [WARN] PackLoader:240 - Cannot read IP mode file for Infineon.AIROC-Wi-Fi-Bluetooth-STM32.1.5.1
2024-10-18 17:24:30,401 [WARN] PackLoader:240 - Cannot read IP mode file for STMicroelectronics.X-CUBE-AZRTOS-G4.1.0.0
2024-10-18 17:24:30,447 [WARN] PackLoader:240 - Cannot read IP mode file for STMicroelectronics.X-CUBE-AZRTOS-L4.1.0.0
2024-10-18 17:24:30,475 [WARN] PackLoader:240 - Cannot read IP mode file for STMicroelectronics.X-CUBE-ISPU.2.0.0
2024-10-18 17:24:30,498 [WARN] PackLoader:240 - Cannot read IP mode file for STMicroelectronics.X-CUBE-ALS.1.0.2
2024-10-18 17:24:30,597 [WARN] PackLoader:240 - Cannot read IP mode file for STMicroelectronics.X-CUBE-MEMS1.10.0.0
2024-10-18 17:24:30,803 [WARN] PackLoader:240 - Cannot read IP mode file for STMicroelectronics.X-CUBE-FREERTOS.1.1.0
2024-10-18 17:24:30,826 [WARN] PackLoader:240 - Cannot read IP mode file for STMicroelectronics.X-CUBE-TOUCHGFX.4.24.0
2024-10-18 17:24:30,866 [WARN] PackLoader:240 - Cannot read IP mode file for STMicroelectronics.X-CUBE-AZRTOS-WL.1.0.0
2024-10-18 17:24:30,892 [WARN] PackLoader:240 - Cannot read IP mode file for STMicroelectronics.X-CUBE-TOUCHGFX.4.24.1
2024-10-18 17:24:30,919 [WARN] PackLoader:240 - Cannot read IP mode file for portGmbH.I-Cube-SoM-uGOAL.1.1.0
2024-10-18 17:24:30,940 [WARN] PackLoader:240 - Cannot read IP mode file for STMicroelectronics.X-CUBE-ALS.1.0.1
2024-10-18 17:24:30,986 [WARN] PackLoader:240 - Cannot read IP mode file for STMicroelectronics.X-CUBE-AZRTOS-WB.1.1.0
2024-10-18 17:24:31,030 [WARN] PackLoader:240 - Cannot read IP mode file for STMicroelectronics.X-CUBE-AZRTOS-H7RS.1.0.0
2024-10-18 17:24:31,054 [WARN] PackLoader:240 - Cannot read IP mode file for STMicroelectronics.FP-ATR-ASTRA1.2.0.0
2024-10-18 17:24:31,087 [WARN] PackLoader:240 - Cannot read IP mode file for STMicroelectronics.X-CUBE-TOF1.3.4.2
2024-10-18 17:24:31,130 [WARN] PackLoader:240 - Cannot read IP mode file for STMicroelectronics.X-CUBE-TOF1.3.4.1
2024-10-18 17:24:31,194 [WARN] PackLoader:240 - Cannot read IP mode file for STMicroelectronics.X-CUBE-AZRTOS-H7.3.2.0
2024-10-18 17:24:31,223 [WARN] PackLoader:240 - Cannot read IP mode file for wolfSSL.I-CUBE-wolfSSH.1.4.17
2024-10-18 17:24:31,224 [INFO] ThirdParty:978 - Integrity check success = true
2024-10-18 17:24:31,225 [INFO] IntegrityCheckThread:100 - exiting critical section [integrity check]
2024-10-18 17:24:31,225 [INFO] IntegrityCheckThread:103 - End integrity checks thread
2024-10-18 17:24:36,043 [INFO] WebApp:161 - Instantiating new browser for Auth
2024-10-18 17:24:37,519 [INFO] WebApp:779 - Register for checkConnection events
2024-10-18 17:24:37,519 [INFO] WebApp:414 - Apply proxy settings
2024-10-18 17:24:37,520 [INFO] WebApp:499 - Chromium requires no authentication
2024-10-18 17:24:37,531 [INFO] WebApp:442 - Direct internet connection detected
2024-10-18 17:24:37,889 [INFO] WebApp:192 - Starting web application
2024-10-18 17:24:37,889 [INFO] WebApp:544 - Web application path used C:\ST\STM32CubeIDE_1.11.0\STM32CubeIDE\plugins\com.st.stm32cube.common.mx_6.11.1.202404110753\db\plugins\mcufinder\reactClient1\index.html
2024-10-18 21:24:24,526 [ERROR] LogOutputStream:75 - [STDERR_REDIRECT] 
