2024-10-12 20:31:32,688 [INFO] Activator:176 - 


2024-10-12 20:31:32,696 [INFO] Activator:177 - !SESSION log4j initialized
2024-10-12 20:31:42,204 [INFO] LogOutputStream:77 - [STDOUT_REDIRECT] 
2024-10-12 20:31:43,863 [INFO] ApplicationProperties:184 - Using Application install path: C:\ST\STM32CubeIDE_1.11.0\STM32CubeIDE\plugins\com.st.stm32cube.common.mx_6.11.1.202404110753
2024-10-12 20:31:43,882 [INFO] DbMcusXml:78 - Set database path to: C:\ST\STM32CubeIDE_1.11.0\STM32CubeIDE\plugins\com.st.stm32cube.common.mx_6.11.1.202404110753\\db\/mcu/
2024-10-12 20:31:43,882 [INFO] ApiDb:274 - Set plugin database path to: C:\ST\STM32CubeIDE_1.11.0\STM32CubeIDE\plugins\com.st.stm32cube.common.mx_6.11.1.202404110753\\db\/plugins/boardmanager/
2024-10-12 20:31:43,882 [WARN] ApiDb:259 - Overriding images path with different value:  => C:\ST\STM32CubeIDE_1.11.0\STM32CubeIDE\plugins\com.st.stm32cube.common.mx_6.11.1.202404110753\\db\/plugins/mcufinder/images/
2024-10-12 20:31:43,898 [INFO] ApiDb:250 - Set database path to: C:\Users\julio\.stmcufinder\plugins\mcufinder//mcu/
2024-10-12 20:31:43,898 [INFO] DbMcusAds:125 - Set database path to: C:\Users\julio\.stmcufinder\plugins\mcufinder//mcu/
2024-10-12 20:31:43,902 [INFO] CrossReferenceDbSqlite:203 - Set database path to: C:\Users\julio\.stmcufinder\plugins\mcufinder//mcu/cs/
2024-10-12 20:31:44,041 [INFO] RulesReader:64 - Compatibility file has been processed (297 Rules)
2024-10-12 20:31:44,136 [INFO] DbMcusXml:78 - Set database path to: C:\ST\STM32CubeIDE_1.11.0\STM32CubeIDE\plugins\com.st.stm32cube.common.mx_6.11.1.202404110753\\db\/mcu/
2024-10-12 20:31:44,138 [INFO] ApiDb:274 - Set plugin database path to: C:\ST\STM32CubeIDE_1.11.0\STM32CubeIDE\plugins\com.st.stm32cube.common.mx_6.11.1.202404110753\\db\/plugins/boardmanager/
2024-10-12 20:31:44,138 [INFO] ApiDb:261 - Set plugin images path to: C:\ST\STM32CubeIDE_1.11.0\STM32CubeIDE\plugins\com.st.stm32cube.common.mx_6.11.1.202404110753\\db\/plugins/mcufinder/images/
2024-10-12 20:31:44,138 [WARN] DbFile:41 - Overriding database path with different value: C:\Users\julio\.stmcufinder\plugins\mcufinder/ => C:\Users\julio\.stmcufinder\plugins\mcufinder
2024-10-12 20:31:44,138 [INFO] ApiDb:250 - Set database path to: C:\Users\julio\.stmcufinder\plugins\mcufinder//mcu/
2024-10-12 20:31:44,138 [WARN] DbFile:41 - Overriding database path with different value: C:\Users\julio\.stmcufinder\plugins\mcufinder/ => C:\Users\julio\.stmcufinder\plugins\mcufinder
2024-10-12 20:31:44,138 [INFO] DbMcusAds:125 - Set database path to: C:\Users\julio\.stmcufinder\plugins\mcufinder//mcu/
2024-10-12 20:31:44,138 [WARN] DbFile:41 - Overriding database path with different value: C:\Users\julio\.stmcufinder\plugins\mcufinder/ => C:\Users\julio\.stmcufinder\plugins\mcufinder
2024-10-12 20:31:44,138 [WARN] DbFile:41 - Overriding database path with different value: C:\Users\julio\.stmcufinder\plugins\mcufinder/ => C:\Users\julio\.stmcufinder\plugins\mcufinder
2024-10-12 20:31:44,138 [INFO] CrossReferenceDbSqlite:203 - Set database path to: C:\Users\julio\.stmcufinder\plugins\mcufinder//mcu/cs/
2024-10-12 20:31:44,242 [INFO] MainPanel:264 - HeapMemory: 268435456
2024-10-12 20:31:44,369 [INFO] DbMcusXml:78 - Set database path to: C:\ST\STM32CubeIDE_1.11.0\STM32CubeIDE\plugins\com.st.stm32cube.common.mx_6.11.1.202404110753\\db\/mcu/
2024-10-12 20:31:44,369 [INFO] ApiDb:274 - Set plugin database path to: C:\ST\STM32CubeIDE_1.11.0\STM32CubeIDE\plugins\com.st.stm32cube.common.mx_6.11.1.202404110753\\db\/plugins/boardmanager/
2024-10-12 20:31:44,369 [INFO] ApiDb:261 - Set plugin images path to: C:\ST\STM32CubeIDE_1.11.0\STM32CubeIDE\plugins\com.st.stm32cube.common.mx_6.11.1.202404110753\\db\/plugins/mcufinder/images/
2024-10-12 20:31:44,369 [WARN] DbFile:41 - Overriding database path with different value: C:\Users\julio\.stmcufinder\plugins\mcufinder/ => C:\Users\julio\.stmcufinder\plugins\mcufinder
2024-10-12 20:31:44,369 [INFO] ApiDb:250 - Set database path to: C:\Users\julio\.stmcufinder\plugins\mcufinder//mcu/
2024-10-12 20:31:44,369 [WARN] DbFile:41 - Overriding database path with different value: C:\Users\julio\.stmcufinder\plugins\mcufinder/ => C:\Users\julio\.stmcufinder\plugins\mcufinder
2024-10-12 20:31:44,369 [INFO] DbMcusAds:125 - Set database path to: C:\Users\julio\.stmcufinder\plugins\mcufinder//mcu/
2024-10-12 20:31:44,369 [WARN] DbFile:41 - Overriding database path with different value: C:\Users\julio\.stmcufinder\plugins\mcufinder/ => C:\Users\julio\.stmcufinder\plugins\mcufinder
2024-10-12 20:31:44,369 [WARN] DbFile:41 - Overriding database path with different value: C:\Users\julio\.stmcufinder\plugins\mcufinder/ => C:\Users\julio\.stmcufinder\plugins\mcufinder
2024-10-12 20:31:44,369 [INFO] CrossReferenceDbSqlite:203 - Set database path to: C:\Users\julio\.stmcufinder\plugins\mcufinder//mcu/cs/
2024-10-12 20:31:44,390 [INFO] ApplicationProperties:184 - Using Application install path: C:\ST\STM32CubeIDE_1.11.0\STM32CubeIDE\plugins\com.st.stm32cube.common.mx_6.11.1.202404110753
2024-10-12 20:31:44,394 [INFO] PluginManage:196 - Search for loadable plugins [exclusion list=, ]
2024-10-12 20:31:44,396 [INFO] PluginManage:310 - Check plugin analytics
2024-10-12 20:31:44,603 [INFO] AnalyticsPlugin:253 - Accepted Software Licenses: STM32CubeMX.6.11.1
2024-10-12 20:31:44,603 [INFO] AnalyticsPlugin:255 - Accepted CMSIS Pack Licenses: 
2024-10-12 20:31:44,604 [INFO] AnalyticsPlugin:257 - Accepted Firmware Licenses: FW.F4.1.28.0
2024-10-12 20:31:44,606 [INFO] PluginManage:359 - Loaded plugin analytics (category:tool,tabindex:-1)
2024-10-12 20:31:44,606 [INFO] PluginManage:310 - Check plugin cadmodel
2024-10-12 20:31:44,623 [INFO] CADModel:105 - Init CAD model plugin
2024-10-12 20:31:44,623 [INFO] PluginManage:359 - Loaded plugin cadmodel (category:power,tabindex:5)
2024-10-12 20:31:44,623 [INFO] PluginManage:310 - Check plugin clock
2024-10-12 20:31:44,644 [INFO] PluginManage:359 - Loaded plugin clock (category:base,tabindex:2)
2024-10-12 20:31:44,644 [INFO] PluginManage:310 - Check plugin ddr
2024-10-12 20:31:44,650 [INFO] PluginManage:359 - Loaded plugin ddr (category:tool,tabindex:6)
2024-10-12 20:31:44,650 [INFO] PluginManage:310 - Check plugin filemanager
2024-10-12 20:31:44,806 [INFO] PluginManage:359 - Loaded plugin filemanager (category:base,tabindex:10)
2024-10-12 20:31:44,806 [INFO] PluginManage:310 - Check plugin ipmanager
2024-10-12 20:31:44,814 [INFO] PluginManage:359 - Loaded plugin ipmanager (category:base,tabindex:5)
2024-10-12 20:31:44,815 [INFO] PluginManage:310 - Check plugin lpbam
2024-10-12 20:31:44,837 [INFO] PluginManage:359 - Loaded plugin lpbam (category:base,tabindex:0)
2024-10-12 20:31:44,837 [INFO] PluginManage:310 - Check plugin memorymap
2024-10-12 20:31:44,866 [INFO] PluginManage:359 - Loaded plugin memorymap (category:base,tabindex:4)
2024-10-12 20:31:44,867 [INFO] PluginManage:310 - Check plugin pinoutandconfiguration
2024-10-12 20:31:44,886 [INFO] PluginManage:359 - Loaded plugin pinoutandconfiguration (category:base,tabindex:1)
2024-10-12 20:31:44,886 [INFO] PluginManage:310 - Check plugin pinoutconfig
2024-10-12 20:31:45,001 [WARN] SupportedApi:132 - Cannot load RTOS API schema: s4s-elt-must-match.1: The content of 'definitions' must match (annotation?, (simpleType | complexType)?, (unique | key | keyref)*)). A problem was found starting at: attribute.
2024-10-12 20:31:45,168 [INFO] PluginManage:359 - Loaded plugin pinoutconfig (category:base,tabindex:0)
2024-10-12 20:31:45,168 [INFO] PluginManage:310 - Check plugin power
2024-10-12 20:31:45,191 [INFO] PluginManage:359 - Loaded plugin power (category:power,tabindex:4)
2024-10-12 20:31:45,191 [INFO] PluginManage:310 - Check plugin projectmanager
2024-10-12 20:31:45,210 [INFO] PluginManage:359 - Loaded plugin projectmanager (category:projectmanager,tabindex:3)
2024-10-12 20:31:45,211 [INFO] PluginManage:310 - Check plugin thirdparty
2024-10-12 20:31:45,567 [INFO] PluginManage:359 - Loaded plugin thirdparty (category:base,tabindex:-1)
2024-10-12 20:31:45,567 [WARN] IntegrityCheckThread:84 - waiting for thirdparty lock release [integrity check]
2024-10-12 20:31:45,567 [INFO] PluginManage:310 - Check plugin tools
2024-10-12 20:31:45,568 [INFO] IntegrityCheckThread:86 - entering critical section [integrity check]
2024-10-12 20:31:45,569 [INFO] ThirdPartyUpdaterWithRetryManager:70 - Updater plugin not ready yet. [1/15]
2024-10-12 20:31:45,612 [INFO] PluginManage:359 - Loaded plugin tools (category:base,tabindex:7)
2024-10-12 20:31:45,612 [INFO] PluginManage:310 - Check plugin tutovideos
2024-10-12 20:31:45,845 [INFO] PluginManage:359 - Loaded plugin tutovideos (category:base,tabindex:-1)
2024-10-12 20:31:45,846 [INFO] PluginManage:310 - Check plugin updater
2024-10-12 20:31:45,857 [INFO] PluginManage:359 - Loaded plugin updater (category:base,tabindex:12)
2024-10-12 20:31:45,857 [INFO] PluginManage:310 - Check plugin userauth
2024-10-12 20:31:45,862 [INFO] UserAuth:114 - Init User Auth plugin
2024-10-12 20:31:45,862 [INFO] PluginManage:359 - Loaded plugin userauth (category:base,tabindex:14)
2024-10-12 20:31:45,863 [INFO] PluginManage:283 - PluginManage : Loaded plugins [17]
2024-10-12 20:31:46,114 [INFO] PinOutPanel:1561 - setPackage(No Configuration,No Configuration)
2024-10-12 20:31:46,202 [INFO] CADModel:165 - CPN selected for project level
2024-10-12 20:31:46,202 [INFO] CADModel:114 - Register for checkConnection events
2024-10-12 20:31:46,230 [INFO] IPUIPlugin:80 - create IPUIPlugin
2024-10-12 20:31:46,230 [INFO] PluginManager:220 - loadIPPluginJar : add adc
2024-10-12 20:31:46,284 [INFO] IPUIPlugin:80 - create IPUIPlugin
2024-10-12 20:31:46,284 [INFO] PluginManager:220 - loadIPPluginJar : add aes
2024-10-12 20:31:46,352 [INFO] IPUIPlugin:80 - create IPUIPlugin
2024-10-12 20:31:46,352 [INFO] PluginManager:220 - loadIPPluginJar : add can
2024-10-12 20:31:46,389 [INFO] IPUIPlugin:80 - create IPUIPlugin
2024-10-12 20:31:46,389 [INFO] PluginManager:220 - loadIPPluginJar : add comp
2024-10-12 20:31:46,442 [INFO] IPUIPlugin:80 - create IPUIPlugin
2024-10-12 20:31:46,442 [INFO] PluginManager:220 - loadIPPluginJar : add cryp
2024-10-12 20:31:46,492 [INFO] IPUIPlugin:80 - create IPUIPlugin
2024-10-12 20:31:46,492 [INFO] PluginManager:220 - loadIPPluginJar : add dfsdm
2024-10-12 20:31:46,509 [INFO] IPUIPlugin:80 - create IPUIPlugin
2024-10-12 20:31:46,509 [INFO] PluginManager:220 - loadIPPluginJar : add dma
2024-10-12 20:31:46,579 [INFO] IPUIPlugin:80 - create IPUIPlugin
2024-10-12 20:31:46,579 [INFO] PluginManager:220 - loadIPPluginJar : add dma3
2024-10-12 20:31:46,647 [INFO] IPUIPlugin:80 - create IPUIPlugin
2024-10-12 20:31:46,647 [INFO] PluginManager:220 - loadIPPluginJar : add extmemmanager
2024-10-12 20:31:46,663 [INFO] IPUIPlugin:80 - create IPUIPlugin
2024-10-12 20:31:46,663 [INFO] PluginManager:220 - loadIPPluginJar : add fatfs
2024-10-12 20:31:46,747 [INFO] IPUIPlugin:80 - create IPUIPlugin
2024-10-12 20:31:46,747 [INFO] PluginManager:220 - loadIPPluginJar : add fmc
2024-10-12 20:31:46,767 [INFO] IPUIPlugin:80 - create IPUIPlugin
2024-10-12 20:31:46,767 [INFO] PluginManager:220 - loadIPPluginJar : add freertos
2024-10-12 20:31:46,800 [INFO] IPUIPlugin:80 - create IPUIPlugin
2024-10-12 20:31:46,800 [INFO] PluginManager:220 - loadIPPluginJar : add genericplugin
2024-10-12 20:31:46,976 [INFO] IPUIPlugin:80 - create IPUIPlugin
2024-10-12 20:31:46,976 [INFO] PluginManager:220 - loadIPPluginJar : add gfxmmu
2024-10-12 20:31:47,197 [INFO] IPUIPlugin:80 - create IPUIPlugin
2024-10-12 20:31:47,197 [INFO] PluginManager:220 - loadIPPluginJar : add gic
2024-10-12 20:31:47,225 [INFO] IPUIPlugin:80 - create IPUIPlugin
2024-10-12 20:31:47,225 [INFO] PluginManager:220 - loadIPPluginJar : add gpio
2024-10-12 20:31:47,371 [INFO] IPUIPlugin:80 - create IPUIPlugin
2024-10-12 20:31:47,371 [INFO] PluginManager:220 - loadIPPluginJar : add gtzc
2024-10-12 20:31:47,434 [INFO] IPUIPlugin:80 - create IPUIPlugin
2024-10-12 20:31:47,434 [INFO] PluginManager:220 - loadIPPluginJar : add hash
2024-10-12 20:31:47,551 [INFO] IPUIPlugin:80 - create IPUIPlugin
2024-10-12 20:31:47,552 [INFO] PluginManager:220 - loadIPPluginJar : add i2c
2024-10-12 20:31:47,621 [INFO] IPUIPlugin:80 - create IPUIPlugin
2024-10-12 20:31:47,621 [INFO] PluginManager:220 - loadIPPluginJar : add i2s
2024-10-12 20:31:47,696 [INFO] IPUIPlugin:80 - create IPUIPlugin
2024-10-12 20:31:47,696 [INFO] PluginManager:220 - loadIPPluginJar : add i3c
2024-10-12 20:31:47,865 [INFO] IPUIPlugin:80 - create IPUIPlugin
2024-10-12 20:31:47,865 [INFO] PluginManager:220 - loadIPPluginJar : add ipddr
2024-10-12 20:31:48,014 [INFO] IPUIPlugin:80 - create IPUIPlugin
2024-10-12 20:31:48,014 [INFO] PluginManager:220 - loadIPPluginJar : add linkedlist
2024-10-12 20:31:48,069 [INFO] IPUIPlugin:80 - create IPUIPlugin
2024-10-12 20:31:48,070 [INFO] PluginManager:220 - loadIPPluginJar : add lorawan
2024-10-12 20:31:48,129 [INFO] IPUIPlugin:80 - create IPUIPlugin
2024-10-12 20:31:48,129 [INFO] PluginManager:220 - loadIPPluginJar : add ltdc
2024-10-12 20:31:48,149 [INFO] IPUIPlugin:80 - create IPUIPlugin
2024-10-12 20:31:48,149 [INFO] PluginManager:220 - loadIPPluginJar : add mdma
2024-10-12 20:31:48,164 [INFO] IPUIPlugin:80 - create IPUIPlugin
2024-10-12 20:31:48,164 [INFO] PluginManager:220 - loadIPPluginJar : add nvic
2024-10-12 20:31:48,212 [INFO] IPUIPlugin:80 - create IPUIPlugin
2024-10-12 20:31:48,212 [INFO] PluginManager:220 - loadIPPluginJar : add opamp
2024-10-12 20:31:48,306 [INFO] IPUIPlugin:80 - create IPUIPlugin
2024-10-12 20:31:48,306 [INFO] PluginManager:220 - loadIPPluginJar : add openamp
2024-10-12 20:31:48,375 [INFO] IPUIPlugin:80 - create IPUIPlugin
2024-10-12 20:31:48,375 [INFO] PluginManager:220 - loadIPPluginJar : add pdm2pcm
2024-10-12 20:31:48,391 [INFO] IPUIPlugin:80 - create IPUIPlugin
2024-10-12 20:31:48,395 [INFO] PluginManager:220 - loadIPPluginJar : add plateformsettings
2024-10-12 20:31:48,424 [INFO] IPUIPlugin:80 - create IPUIPlugin
2024-10-12 20:31:48,425 [INFO] PluginManager:220 - loadIPPluginJar : add quadspi
2024-10-12 20:31:48,440 [INFO] IPUIPlugin:80 - create IPUIPlugin
2024-10-12 20:31:48,440 [INFO] PluginManager:220 - loadIPPluginJar : add resmgrutility
2024-10-12 20:31:48,509 [INFO] IPUIPlugin:80 - create IPUIPlugin
2024-10-12 20:31:48,509 [INFO] PluginManager:220 - loadIPPluginJar : add sai
2024-10-12 20:31:48,564 [INFO] IPUIPlugin:80 - create IPUIPlugin
2024-10-12 20:31:48,564 [INFO] PluginManager:220 - loadIPPluginJar : add spi
2024-10-12 20:31:48,579 [INFO] ThirdPartyUpdaterWithRetryManager:70 - Updater plugin not ready yet. [2/15]
2024-10-12 20:31:48,674 [INFO] IPUIPlugin:80 - create IPUIPlugin
2024-10-12 20:31:48,674 [INFO] PluginManager:220 - loadIPPluginJar : add stm32_wpan
2024-10-12 20:31:48,706 [INFO] IPUIPlugin:80 - create IPUIPlugin
2024-10-12 20:31:48,706 [INFO] PluginManager:220 - loadIPPluginJar : add tim
2024-10-12 20:31:48,800 [INFO] IPUIPlugin:80 - create IPUIPlugin
2024-10-12 20:31:48,800 [INFO] PluginManager:220 - loadIPPluginJar : add touchsensing
2024-10-12 20:31:48,847 [INFO] IPUIPlugin:80 - create IPUIPlugin
2024-10-12 20:31:48,847 [INFO] PluginManager:220 - loadIPPluginJar : add tracer_emb
2024-10-12 20:31:48,894 [INFO] IPUIPlugin:80 - create IPUIPlugin
2024-10-12 20:31:48,894 [INFO] PluginManager:220 - loadIPPluginJar : add ts
2024-10-12 20:31:48,925 [INFO] IPUIPlugin:80 - create IPUIPlugin
2024-10-12 20:31:48,925 [INFO] PluginManager:220 - loadIPPluginJar : add tsc
2024-10-12 20:31:48,968 [INFO] IPUIPlugin:80 - create IPUIPlugin
2024-10-12 20:31:48,968 [INFO] PluginManager:220 - loadIPPluginJar : add ucpd
2024-10-12 20:31:49,028 [INFO] IPUIPlugin:80 - create IPUIPlugin
2024-10-12 20:31:49,028 [INFO] PluginManager:220 - loadIPPluginJar : add usart
2024-10-12 20:31:49,090 [INFO] IPUIPlugin:80 - create IPUIPlugin
2024-10-12 20:31:49,090 [INFO] PluginManager:220 - loadIPPluginJar : add usbx
2024-10-12 20:31:49,230 [INFO] CADModel:165 - CPN selected for project level
2024-10-12 20:31:49,230 [INFO] CADModel:114 - Register for checkConnection events
2024-10-12 20:31:49,230 [FATAL] Updater:308 - Updater called before beeing initialized
2024-10-12 20:31:49,230 [ERROR] CADModel:125 - Updater not yet initialized, retry later 
2024-10-12 20:31:49,438 [INFO] CADModel:165 - CPN selected for project level
2024-10-12 20:31:49,438 [INFO] CADModel:114 - Register for checkConnection events
2024-10-12 20:31:49,438 [FATAL] Updater:308 - Updater called before beeing initialized
2024-10-12 20:31:49,438 [ERROR] CADModel:125 - Updater not yet initialized, retry later 
2024-10-12 20:31:49,442 [FATAL] Updater:308 - Updater called before beeing initialized
2024-10-12 20:31:49,578 [FATAL] Updater:308 - Updater called before beeing initialized
2024-10-12 20:31:49,578 [INFO] DbMcusAds:53 - JSON generation date=Thu May 16 03:22:00 CST 2024 (1715851320667)
2024-10-12 20:31:49,578 [FATAL] Updater:308 - Updater called before beeing initialized
2024-10-12 20:31:49,641 [WARN] DetailPanel:346 - Failed to get advertising image, set to default
2024-10-12 20:31:49,729 [FATAL] Updater:308 - Updater called before beeing initialized
2024-10-12 20:31:49,733 [FATAL] Updater:308 - Updater called before beeing initialized
2024-10-12 20:31:49,733 [FATAL] Updater:308 - Updater called before beeing initialized
2024-10-12 20:31:49,733 [WARN] DetailPanel:346 - Failed to get advertising image, set to default
2024-10-12 20:31:49,733 [FATAL] Updater:308 - Updater called before beeing initialized
2024-10-12 20:31:49,798 [ERROR] Updater:1120 - MainUpdater not yet initialized. External WinMGr cannot be set.
2024-10-12 20:31:49,811 [INFO] Updater:1056 - Updater Version found : 6.11.1
2024-10-12 20:31:49,834 [INFO] ApplicationProperties:184 - Using Application install path: C:\ST\STM32CubeIDE_1.11.0\STM32CubeIDE\plugins\com.st.stm32cube.common.mx_6.11.1.202404110753
2024-10-12 20:31:51,454 [ERROR] LogOutputStream:75 - [STDERR_REDIRECT] Oct 12, 2024 8:31:51 PM java.util.prefs.WindowsPreferences <init>
2024-10-12 20:31:51,457 [ERROR] LogOutputStream:75 - [STDERR_REDIRECT] WARNING: Could not open/create prefs root node Software\JavaSoft\Prefs at root 0xffffffff80000002. Windows RegCreateKeyEx(...) returned error code 5.
2024-10-12 20:31:51,458 [ERROR] LogOutputStream:75 - [STDERR_REDIRECT] 
2024-10-12 20:31:51,593 [INFO] ThirdPartyUpdaterWithRetryManager:70 - Updater plugin not ready yet. [3/15]
2024-10-12 20:31:52,797 [INFO] MainUpdater:2873 - connection check result : 10
2024-10-12 20:31:52,797 [INFO] MainUpdater:3567 - Updater definition file requires update
2024-10-12 20:31:52,800 [INFO] MainUpdater:290 - Updater Check For Update Now.
2024-10-12 20:31:52,800 [INFO] MicroXplorer:498 - Change Database Version : DB.6.0.111
2024-10-12 20:31:52,833 [INFO] McuFinderGlobals:63 - Set McuFinder mode to 2 (CubeIDE integrated)
2024-10-12 20:31:52,849 [INFO] UserAuth:415 - Internet connection configuration mode: 1
2024-10-12 20:31:52,879 [INFO] JxBrowserEngine:152 - Initiate JxBrowser Engine with user profile folder
2024-10-12 20:31:53,002 [INFO] ServerAccessManage:473 - Download File updaters.zip
2024-10-12 20:31:53,092 [INFO] FileExtend:240 - Unzip File : updaters.zip
2024-10-12 20:31:53,092 [INFO] FileExtend:255 - Standard Zip Deflate
2024-10-12 20:31:53,905 [INFO] ServerAccessManage:473 - Download File PacksControlFlags.xml
2024-10-12 20:31:54,264 [INFO] ServerAccessManage:473 - Download File cubemx.pidx
2024-10-12 20:31:54,604 [WARN] MainUpdater:1194 - Updater busy. Cannot search thirdparties
2024-10-12 20:31:54,604 [INFO] ThirdPartyUpdaterWithRetryManager:96 - Updater plugin is busy. [1/15]
2024-10-12 20:31:55,582 [INFO] ServerAccessManage:473 - Download File STMicroelectronics.X-CUBE-AI.pdsc
2024-10-12 20:31:57,606 [WARN] MainUpdater:1194 - Updater busy. Cannot search thirdparties
2024-10-12 20:31:57,606 [INFO] ThirdPartyUpdaterWithRetryManager:96 - Updater plugin is busy. [2/15]
2024-10-12 20:32:00,608 [WARN] MainUpdater:1194 - Updater busy. Cannot search thirdparties
2024-10-12 20:32:00,608 [INFO] ThirdPartyUpdaterWithRetryManager:96 - Updater plugin is busy. [3/15]
2024-10-12 20:32:03,620 [WARN] MainUpdater:1194 - Updater busy. Cannot search thirdparties
2024-10-12 20:32:03,620 [INFO] ThirdPartyUpdaterWithRetryManager:96 - Updater plugin is busy. [4/15]
2024-10-12 20:32:05,391 [INFO] WebApp:161 - Instantiating new browser for Auth
2024-10-12 20:32:06,253 [INFO] WebApp:779 - Register for checkConnection events
2024-10-12 20:32:06,253 [INFO] WebApp:414 - Apply proxy settings
2024-10-12 20:32:06,253 [INFO] WebApp:499 - Chromium requires no authentication
2024-10-12 20:32:06,261 [INFO] WebApp:442 - Direct internet connection detected
2024-10-12 20:32:06,462 [INFO] WebApp:192 - Starting web application
2024-10-12 20:32:06,462 [INFO] WebApp:544 - Web application path used C:\ST\STM32CubeIDE_1.11.0\STM32CubeIDE\plugins\com.st.stm32cube.common.mx_6.11.1.202404110753\db\plugins\mcufinder\reactClient1\index.html
2024-10-12 20:32:06,625 [WARN] MainUpdater:1194 - Updater busy. Cannot search thirdparties
2024-10-12 20:32:06,625 [INFO] ThirdPartyUpdaterWithRetryManager:96 - Updater plugin is busy. [5/15]
2024-10-12 20:32:09,279 [INFO] ServerAccessManage:473 - Download File STMicroelectronics.X-CUBE-GNSS1.pdsc
2024-10-12 20:32:09,639 [WARN] MainUpdater:1194 - Updater busy. Cannot search thirdparties
2024-10-12 20:32:09,639 [INFO] ThirdPartyUpdaterWithRetryManager:96 - Updater plugin is busy. [6/15]
2024-10-12 20:32:12,639 [WARN] MainUpdater:1194 - Updater busy. Cannot search thirdparties
2024-10-12 20:32:12,639 [INFO] ThirdPartyUpdaterWithRetryManager:96 - Updater plugin is busy. [7/15]
2024-10-12 20:32:15,641 [WARN] MainUpdater:1194 - Updater busy. Cannot search thirdparties
2024-10-12 20:32:15,641 [INFO] ThirdPartyUpdaterWithRetryManager:96 - Updater plugin is busy. [8/15]
2024-10-12 20:32:17,000 [ERROR] ServerAccessManage:1089 - Problem, file not found on Server
2024-10-12 20:32:17,911 [ERROR] ServerAccessManage:1089 - Problem, file not found on Server
2024-10-12 20:32:18,642 [WARN] MainUpdater:1194 - Updater busy. Cannot search thirdparties
2024-10-12 20:32:18,642 [INFO] ThirdPartyUpdaterWithRetryManager:96 - Updater plugin is busy. [9/15]
2024-10-12 20:32:18,852 [ERROR] ServerAccessManage:1089 - Problem, file not found on Server
2024-10-12 20:32:19,792 [ERROR] ServerAccessManage:1089 - Problem, file not found on Server
2024-10-12 20:32:20,422 [ERROR] ServerAccessManage:1089 - Problem, file not found on Server
2024-10-12 20:32:21,350 [ERROR] ServerAccessManage:1089 - Problem, file not found on Server
2024-10-12 20:32:21,644 [WARN] MainUpdater:1194 - Updater busy. Cannot search thirdparties
2024-10-12 20:32:21,644 [INFO] ThirdPartyUpdaterWithRetryManager:96 - Updater plugin is busy. [10/15]
2024-10-12 20:32:22,312 [INFO] ServerAccessManage:473 - Download File STMicroelectronics.X-CUBE-ISPU.pdsc
2024-10-12 20:32:24,645 [WARN] MainUpdater:1194 - Updater busy. Cannot search thirdparties
2024-10-12 20:32:24,645 [INFO] ThirdPartyUpdaterWithRetryManager:96 - Updater plugin is busy. [11/15]
2024-10-12 20:32:25,835 [INFO] ServerAccessManage:473 - Download File STMicroelectronics.X-CUBE-IPS.pdsc
2024-10-12 20:32:26,874 [INFO] ServerAccessManage:473 - Download File STMicroelectronics.X-CUBE-NFC9.pdsc
2024-10-12 20:32:27,652 [WARN] MainUpdater:1194 - Updater busy. Cannot search thirdparties
2024-10-12 20:32:27,652 [INFO] ThirdPartyUpdaterWithRetryManager:96 - Updater plugin is busy. [12/15]
2024-10-12 20:32:28,658 [INFO] ServerAccessManage:473 - Download File STMicroelectronics.X-CUBE-NFC10.pdsc
2024-10-12 20:32:30,463 [INFO] ServerAccessManage:473 - Download File STMicroelectronics.X-CUBE-TOUCHGFX.pdsc
2024-10-12 20:32:30,667 [WARN] MainUpdater:1194 - Updater busy. Cannot search thirdparties
2024-10-12 20:32:30,667 [INFO] ThirdPartyUpdaterWithRetryManager:96 - Updater plugin is busy. [13/15]
2024-10-12 20:32:33,669 [WARN] MainUpdater:1194 - Updater busy. Cannot search thirdparties
2024-10-12 20:32:33,669 [INFO] ThirdPartyUpdaterWithRetryManager:96 - Updater plugin is busy. [14/15]
2024-10-12 20:32:36,670 [WARN] MainUpdater:1194 - Updater busy. Cannot search thirdparties
2024-10-12 20:32:36,670 [INFO] ThirdPartyUpdaterWithRetryManager:96 - Updater plugin is busy. [15/15]
2024-10-12 20:32:36,670 [ERROR] IntegrityCheckThread:130 - Cannot retrieve database content from updater: error -1
2024-10-12 20:32:36,671 [INFO] ThirdParty:978 - Integrity check success = false
2024-10-12 20:32:36,671 [INFO] IntegrityCheckThread:100 - exiting critical section [integrity check]
2024-10-12 20:32:36,671 [INFO] IntegrityCheckThread:103 - End integrity checks thread
2024-10-12 20:32:44,207 [INFO] ServerAccessManage:473 - Download File STMicroelectronics.X-CUBE-WB05N.pdsc
2024-10-12 20:32:45,006 [WARN] PackLoader:240 - Cannot read IP mode file for STMicroelectronics.X-CUBE-AI.9.1.0
2024-10-12 20:32:45,022 [WARN] PackLoader:240 - Cannot read IP mode file for STMicroelectronics.X-CUBE-GNSS1.7.0.0
2024-10-12 20:32:45,039 [WARN] PackLoader:240 - Cannot read IP mode file for STMicroelectronics.X-CUBE-ISPU.2.1.0
2024-10-12 20:32:45,074 [WARN] PackLoader:240 - Cannot read IP mode file for STMicroelectronics.X-CUBE-IPS.3.0.0
2024-10-12 20:32:45,107 [WARN] PackLoader:240 - Cannot read IP mode file for STMicroelectronics.X-CUBE-NFC9.1.0.0
2024-10-12 20:32:45,125 [WARN] PackLoader:240 - Cannot read IP mode file for STMicroelectronics.X-CUBE-NFC10.1.0.0
2024-10-12 20:32:45,140 [WARN] PackLoader:240 - Cannot read IP mode file for STMicroelectronics.X-CUBE-TOUCHGFX.4.24.1
2024-10-12 20:32:45,140 [WARN] PackLoader:240 - Cannot read IP mode file for STMicroelectronics.X-CUBE-WB05N.1.1.0
2024-10-12 20:32:45,155 [INFO] PopulateThirdPartyThread:66 - Ending populate Thread
2024-10-12 20:32:45,158 [INFO] ThirdParty:1030 - CMSIS Pack Vendor :STMicroelectronics X-CUBE-IPS 3.0.0
2024-10-12 20:32:45,158 [INFO] ThirdParty:1030 - CMSIS Pack Vendor :STMicroelectronics X-CUBE-GNSS1 7.0.0
2024-10-12 20:32:45,158 [INFO] ThirdParty:1030 - CMSIS Pack Vendor :STMicroelectronics X-CUBE-NFC9 1.0.0
2024-10-12 20:32:45,158 [INFO] ThirdParty:1030 - CMSIS Pack Vendor :STMicroelectronics X-CUBE-AI 9.1.0
2024-10-12 20:32:45,158 [INFO] ThirdParty:1030 - CMSIS Pack Vendor :STMicroelectronics X-CUBE-NFC10 1.0.0
2024-10-12 20:32:45,158 [INFO] ThirdParty:1030 - CMSIS Pack Vendor :STMicroelectronics X-CUBE-TOUCHGFX 4.24.1
2024-10-12 20:32:45,158 [INFO] ThirdParty:1030 - CMSIS Pack Vendor :STMicroelectronics X-CUBE-WB05N 1.1.0
2024-10-12 20:32:45,158 [INFO] ThirdParty:1030 - CMSIS Pack Vendor :STMicroelectronics X-CUBE-ISPU 2.1.0
2024-10-12 20:32:45,158 [INFO] LoadServerUpdatesThread:375 - End of LoadServerUpdate Thread
2024-10-12 20:32:45,289 [INFO] CheckServerUpdateThread:120 - End of CheckServer Thread
2024-10-12 22:36:12,410 [ERROR] LogOutputStream:75 - [STDERR_REDIRECT] 
